{"EventTime":"2021-10-02T18:41:40.074596+05:45","Hostname":"ACC01.prod.corp.local","Keywords":"36028797018963968","EventType":"INFO","SeverityValue":2,"Severity":"INFO","EventID":1001,"SourceName":"Windows Error Reporting","Version":0,"TaskValue":0,"OpcodeValue":0,"RecordNumber":161752,"ExecutionProcessID":0,"ExecutionThreadID":0,"Channel":"Application","Message":"Fault bucket , type 0\r\nEvent Name: StoreAgentScanForUpdatesFailure0\r\nResponse: Not available\r\nCab Id: 0\r\n\r\nProblem signature:\r\nP1: Update;\r\nP2: 80072f8f\r\nP3: 19042\r\nP4: 685\r\nP5: Windows.Desktop\r\nP6: \r\nP7: \r\nP8: \r\nP9: \r\nP10: \r\n\r\nAttached files:\r\n\\\\?\\C:\\ProgramData\\Microsoft\\Windows\\WER\\Temp\\WER2493.tmp.WERInternalMetadata.xml\r\n\r\nThese files may be available here:\r\n\\\\?\\C:\\ProgramData\\Microsoft\\Windows\\WER\\ReportQueue\\NonCritical_Update;_89a4bf0b82c8e65905826d66248b275798ae419_00000000_a1f856a3-9fe5-463e-baf4-3f2a2e2c7514\r\n\r\nAnalysis symbol: \r\nRechecking for solution: 0\r\nReport Id: a1f856a3-9fe5-463e-baf4-3f2a2e2c7514\r\nReport Status: 524388\r\nHashed bucket: \r\nCab Guid: 0","Opcode":"Info","Data":"0","Data_1":"StoreAgentScanForUpdatesFailure0","Data_2":"Not available","Data_3":"0","Data_4":"Update;","Data_5":"80072f8f","Data_6":"19042","Data_7":"685","Data_8":"Windows.Desktop","Data_9":"\n\\\\?\\C:\\ProgramData\\Microsoft\\Windows\\WER\\Temp\\WER2493.tmp.WERInternalMetadata.xml","Data_10":"\\\\?\\C:\\ProgramData\\Microsoft\\Windows\\WER\\ReportQueue\\NonCritical_Update;_89a4bf0b82c8e65905826d66248b275798ae419_00000000_a1f856a3-9fe5-463e-baf4-3f2a2e2c7514","Data_11":"0","Data_12":"a1f856a3-9fe5-463e-baf4-3f2a2e2c7514","Data_13":"524388","Data_14":"0","EventReceivedTime":"2021-10-02T18:41:40.293333+05:45","SourceModuleName":"in_win","SourceModuleType":"im_msvistalog"}
{"EventTime":"2021-10-02T18:59:56.732971+05:45","Hostname":"IT02.corp.local","Keywords":"9232379236109516800","EventType":"AUDIT_SUCCESS","SeverityValue":2,"Severity":"INFO","EventID":4735,"SourceName":"Microsoft-Windows-Security-Auditing","ProviderGuid":"{54849625-5478-4994-A5BA-3E3B0328C30D}","Version":0,"TaskValue":13826,"OpcodeValue":0,"RecordNumber":18995519,"ActivityID":"{7870D080-A924-0001-B9D0-707824A9D701}","ExecutionProcessID":724,"ExecutionThreadID":6812,"Channel":"Security","Message":"A security-enabled local group was changed.\r\n\r\nSubject:\r\n\tSecurity ID:\t\tS-1-5-18\r\n\tAccount Name:\t\tIT02$\r\n\tAccount Domain:\t\tCORP\r\n\tLogon ID:\t\t0x3E7\r\n\r\nGroup:\r\n\tSecurity ID:\t\tS-1-5-32-544\r\n\tGroup Name:\t\tAdministrators\r\n\tGroup Domain:\t\tBuiltin\r\n\r\nChanged Attributes:\r\n\tSAM Account Name:\t-\r\n\tSID History:\t\t-\r\n\r\nAdditional Information:\r\n\tPrivileges:\t\t-","Category":"Security Group Management","Opcode":"Info","TargetUserName":"Administrators","TargetDomainName":"Builtin","TargetSid":"S-1-5-32-544","SubjectUserSid":"S-1-5-18","SubjectUserName":"IT02$","SubjectDomainName":"CORP","SubjectLogonId":"0x3e7","PrivilegeList":"-","SamAccountName":"-","SidHistory":"-","EventReceivedTime":"2021-10-02T18:59:58.024952+05:45","SourceModuleName":"in_win","SourceModuleType":"im_msvistalog"}
{"EventTime":"2021-10-02T18:59:57.420599+05:45","Hostname":"IT02.corp.local","Keywords":"9223372036854775808","EventType":"INFO","SeverityValue":2,"Severity":"INFO","EventID":1500,"SourceName":"Microsoft-Windows-GroupPolicy","ProviderGuid":"{AEA1B4FA-97D1-45F2-A64C-4D69FFFD92C9}","Version":0,"TaskValue":0,"OpcodeValue":1,"RecordNumber":82792,"ActivityID":"{EA13959B-F208-4396-8C6D-FAA8FE827CF8}","ExecutionProcessID":4688,"ExecutionThreadID":9024,"Channel":"System","Domain":"NT AUTHORITY","AccountName":"SYSTEM","UserID":"S-1-5-18","AccountType":"User","Message":"The Group Policy settings for the computer were processed successfully. There were no changes detected since the last successful processing of Group Policy.","Opcode":"Start","SupportInfo1":"1","SupportInfo2":"4292","ProcessingMode":"0","ProcessingTimeInMilliseconds":"3047","DCName":"\\\\DC01.corp.local","EventReceivedTime":"2021-10-02T18:59:59.046195+05:45","SourceModuleName":"in_win","SourceModuleType":"im_msvistalog"}
{"EventTime":"2021-10-02T17:00:58.262835+05:45","Hostname":"IT02.corp.local","Keywords":"36028797018963968","EventType":"INFO","SeverityValue":2,"Severity":"INFO","EventID":1704,"SourceName":"SceCli","Version":0,"TaskValue":0,"OpcodeValue":0,"RecordNumber":70112,"ExecutionProcessID":0,"ExecutionThreadID":0,"Channel":"Application","Message":"Security policy in the Group policy objects has been applied successfully.","EventReceivedTime":"2021-10-02T17:00:58.790833+05:45","SourceModuleName":"in_win","SourceModuleType":"im_msvistalog"}
{"EventTime":"2021-10-02T17:23:43.892646+05:45","Hostname":"ACC01.prod.corp.local","Keywords":"9223372036854775808","EventType":"ERROR","SeverityValue":4,"Severity":"ERROR","EventID":1129,"SourceName":"Microsoft-Windows-GroupPolicy","ProviderGuid":"{AEA1B4FA-97D1-45F2-A64C-4D69FFFD92C9}","Version":0,"TaskValue":0,"OpcodeValue":0,"RecordNumber":56667,"ActivityID":"{042766DA-7079-4ED7-A643-06E16A42D4AC}","ExecutionProcessID":540,"ExecutionThreadID":5472,"Channel":"System","Domain":"NT AUTHORITY","AccountName":"SYSTEM","UserID":"S-1-5-18","AccountType":"User","Message":"The processing of Group Policy failed because of lack of network connectivity to a domain controller. This may be a transient condition. A success message would be generated once the machine gets connected to the domain controller and Group Policy has successfully processed. If you do not see a success message for several hours, then contact your administrator.","Opcode":"Info","SupportInfo1":"1","SupportInfo2":"2049","ProcessingMode":"0","ProcessingTimeInMilliseconds":"235","ErrorCode":"1222","ErrorDescription":"The network is not present or not started. ","EventReceivedTime":"2021-10-02T17:23:45.474251+05:45","SourceModuleName":"in_win","SourceModuleType":"im_msvistalog"}
{"EventTime":"2021-10-02T11:35:42.313991+05:45","Hostname":"IT02.corp.local","Keywords":"9232379236109516800","EventType":"AUDIT_SUCCESS","SeverityValue":2,"Severity":"INFO","EventID":4660,"SourceName":"Microsoft-Windows-Security-Auditing","ProviderGuid":"{54849625-5478-4994-A5BA-3E3B0328C30D}","Version":0,"TaskValue":12801,"OpcodeValue":0,"RecordNumber":18995189,"ExecutionProcessID":4,"ExecutionThreadID":7072,"Channel":"Security","Message":"An object was deleted.\r\n\r\nSubject:\r\n\tSecurity ID:\t\tS-1-5-18\r\n\tAccount Name:\t\tIT02$\r\n\tAccount Domain:\t\tCORP\r\n\tLogon ID:\t\t0x3E7\r\n\r\nObject:\r\n\tObject Server:\tSecurity\r\n\tHandle ID:\t0x1d4\r\n\r\nProcess Information:\r\n\tProcess ID:\t0x1f2c\r\n\tProcess Name:\tC:\\Windows\\System32\\wevtutil.exe\r\n\tTransaction ID:\t{00000000-0000-0000-0000-000000000000}","Category":"Registry","Opcode":"Info","SubjectUserSid":"S-1-5-18","SubjectUserName":"IT02$","SubjectDomainName":"CORP","SubjectLogonId":"0x3e7","ObjectServer":"Security","HandleId":"0x1d4","ProcessId":"0x1f2c","ProcessName":"C:\\Windows\\System32\\wevtutil.exe","TransactionId":"{00000000-0000-0000-0000-000000000000}","EventReceivedTime":"2021-10-02T11:35:46.494159+05:45","SourceModuleName":"in_win","SourceModuleType":"im_msvistalog"}
{"EventTime":"2021-10-02T17:13:30.250988+05:45","Hostname":"ACC01.prod.corp.local","Keywords":"9232379236109516800","EventType":"AUDIT_SUCCESS","SeverityValue":2,"Severity":"INFO","EventID":4663,"SourceName":"Microsoft-Windows-Security-Auditing","ProviderGuid":"{54849625-5478-4994-A5BA-3E3B0328C30D}","Version":1,"TaskValue":12812,"OpcodeValue":0,"RecordNumber":896525,"ExecutionProcessID":4,"ExecutionThreadID":5876,"Channel":"Security","Message":"An attempt was made to access an object.\r\n\r\nSubject:\r\n\tSecurity ID:\t\tS-1-5-18\r\n\tAccount Name:\t\tACC01$\r\n\tAccount Domain:\t\tPROD\r\n\tLogon ID:\t\t0x3E7\r\n\r\nObject:\r\n\tObject Server:\t\tSecurity\r\n\tObject Type:\t\tFile\r\n\tObject Name:\t\t\\Device\\HarddiskVolume3\r\n\tHandle ID:\t\t0x17dc\r\n\tResource Attributes:\tS:\r\n\r\nProcess Information:\r\n\tProcess ID:\t\t0x9b4\r\n\tProcess Name:\t\tC:\\ProgramData\\Microsoft\\Windows Defender\\Platform\\4.18.2011.6-0\\MsMpEng.exe\r\n\r\nAccess Request Information:\r\n\tAccesses:\t\tReadData (or ListDirectory)\r\n\t\t\t\t\r\n\tAccess Mask:\t\t0x1","Category":"Removable Storage","Opcode":"Info","SubjectUserSid":"S-1-5-18","SubjectUserName":"ACC01$","SubjectDomainName":"PROD","SubjectLogonId":"0x3e7","ObjectServer":"Security","ObjectType":"File","ObjectName":"\\Device\\HarddiskVolume3","HandleId":"0x17dc","AccessList":"%%4416\n\t\t\t\t","AccessMask":"0x1","ProcessId":"0x9b4","ProcessName":"C:\\ProgramData\\Microsoft\\Windows Defender\\Platform\\4.18.2011.6-0\\MsMpEng.exe","ResourceAttributes":"S:","EventReceivedTime":"2021-10-02T17:13:32.094570+05:45","SourceModuleName":"in_win","SourceModuleType":"im_msvistalog"}
{"EventTime":"2021-10-02T11:35:45.873034+05:45","Hostname":"IT02.corp.local","Keywords":"9232379236109516800","EventType":"AUDIT_SUCCESS","SeverityValue":2,"Severity":"INFO","EventID":4657,"SourceName":"Microsoft-Windows-Security-Auditing","ProviderGuid":"{54849625-5478-4994-A5BA-3E3B0328C30D}","Version":0,"TaskValue":12801,"OpcodeValue":0,"RecordNumber":18995193,"ExecutionProcessID":4,"ExecutionThreadID":3148,"Channel":"Security","Message":"A registry value was modified.\r\n\r\nSubject:\r\n\tSecurity ID:\t\tS-1-5-18\r\n\tAccount Name:\t\tIT02$\r\n\tAccount Domain:\t\tCORP\r\n\tLogon ID:\t\t0x3E7\r\n\r\nObject:\r\n\tObject Name:\t\t\\REGISTRY\\MACHINE\\SYSTEM\\ControlSet001\\Control\\WMI\\Autologger\\EventLog-System\\{11cd958a-c507-4ef3-b3f2-5fd9dfbd2c78}\r\n\tObject Value Name:\tMatchAnyKeyword\r\n\tHandle ID:\t\t0x1fc\r\n\tOperation Type:\t\tExisting registry value modified\r\n\r\nProcess Information:\r\n\tProcess ID:\t\t0x1868\r\n\tProcess Name:\t\tC:\\Windows\\System32\\wevtutil.exe\r\n\r\nChange Information:\r\n\tOld Value Type:\t\tREG_QWORD\r\n\tOld Value:\t\t0x8000000000000000\r\n\tNew Value Type:\t\tREG_QWORD\r\n\tNew Value:\t\t0xC000000000000000","Category":"Registry","Opcode":"Info","SubjectUserSid":"S-1-5-18","SubjectUserName":"IT02$","SubjectDomainName":"CORP","SubjectLogonId":"0x3e7","ObjectName":"\\REGISTRY\\MACHINE\\SYSTEM\\ControlSet001\\Control\\WMI\\Autologger\\EventLog-System\\{11cd958a-c507-4ef3-b3f2-5fd9dfbd2c78}","ObjectValueName":"MatchAnyKeyword","HandleId":"0x1fc","OperationType":"%%1905","OldValueType":"%%1883","OldValue":"0x8000000000000000","NewValueType":"%%1883","NewValue":"0xC000000000000000","ProcessId":"0x1868","ProcessName":"C:\\Windows\\System32\\wevtutil.exe","EventReceivedTime":"2021-10-02T11:35:47.536882+05:45","SourceModuleName":"in_win","SourceModuleType":"im_msvistalog"}
{"EventTime":"2021-10-02T17:12:48.932759+05:45","Hostname":"ACC01.prod.corp.local","Keywords":"9232379236109516800","EventType":"AUDIT_SUCCESS","SeverityValue":2,"Severity":"INFO","EventID":4946,"SourceName":"Microsoft-Windows-Security-Auditing","ProviderGuid":"{54849625-5478-4994-A5BA-3E3B0328C30D}","Version":0,"TaskValue":13571,"OpcodeValue":0,"RecordNumber":896513,"ActivityID":"{63A5CF36-AEB8-0000-A6CF-A563B8AED701}","ExecutionProcessID":672,"ExecutionThreadID":1524,"Channel":"Security","Message":"A change was made to the Windows Firewall exception list. A rule was added.\r\n\t\r\nProfile Changed:\tAll\r\n\r\nAdded Rule:\r\n\tRule ID:\t{A46D3672-7F06-4D39-8A6D-F1AC1DF3A2D1}\r\n\tRule Name:\tWinDefend Outbound for TCP","Category":"MPSSVC Rule-Level Policy Change","Opcode":"Info","ProfileChanged":"All","RuleId":"{A46D3672-7F06-4D39-8A6D-F1AC1DF3A2D1}","RuleName":"WinDefend Outbound for TCP","EventReceivedTime":"2021-10-02T17:12:49.778527+05:45","SourceModuleName":"in_win","SourceModuleType":"im_msvistalog"}
{"EventTime":"2021-10-02T17:12:48.916911+05:45","Hostname":"ACC01.prod.corp.local","Keywords":"9223374235878031360","EventType":"INFO","SeverityValue":2,"Severity":"INFO","EventID":2004,"SourceName":"Microsoft-Windows-Windows Firewall With Advanced Security","ProviderGuid":"{D1BC9AFF-2ABF-4D71-9146-ECB2A986EB85}","Version":0,"TaskValue":0,"OpcodeValue":0,"RecordNumber":4831,"ExecutionProcessID":1732,"ExecutionThreadID":3968,"Channel":"Microsoft-Windows-Windows Firewall With Advanced Security/Firewall","Domain":"NT AUTHORITY","AccountName":"LOCAL SERVICE","UserID":"S-1-5-19","AccountType":"Well Known Group","Message":"A rule has been added to the Windows Defender Firewall exception list.\r\n\r\nAdded Rule:\r\n\tRule ID:\td60efa47-03cd-4c43-8d19-c4caae270a32\r\n\tRule Name:\tInbound service restriction rule for WinDefend\r\n\tOrigin:\tLocal\r\n\tActive:\tYes\r\n\tDirection:\tInbound\r\n\tProfiles:\tPrivate,Domain, Public\r\n\tAction:\tBlock\r\n\tApplication Path:\tC:\\ProgramData\\Microsoft\\Windows Defender\\platform\\4.18.2011.6-0\\MsMpEng.exe\r\n\tService Name:\tWinDefend\r\n\tProtocol:\tAny\r\n\tSecurity Options:\tNone\r\n\tEdge Traversal:\tNone\r\n\tModifying User:\tS-1-5-18\r\n\tModifying Application:\tC:\\ProgramData\\Microsoft\\Windows Defender\\Platform\\4.18.2011.6-0\\MsMpEng.exe","Opcode":"Info","RuleId":"d60efa47-03cd-4c43-8d19-c4caae270a32","RuleName":"Inbound service restriction rule for WinDefend","Origin":"1","ApplicationPath":"C:\\ProgramData\\Microsoft\\Windows Defender\\platform\\4.18.2011.6-0\\MsMpEng.exe","ServiceName":"WinDefend","Direction":"1","Protocol":"256","Action":"2","Profiles":"2147483647","LocalAddresses":"*","RemoteAddresses":"*","Flags":"1","Active":"1","EdgeTraversal":"0","LooseSourceMapped":"0","SecurityOptions":"0","ModifyingUser":"S-1-5-18","ModifyingApplication":"C:\\ProgramData\\Microsoft\\Windows Defender\\Platform\\4.18.2011.6-0\\MsMpEng.exe","SchemaVersion":"542","RuleStatus":"65536","LocalOnlyMapped":"0","EventReceivedTime":"2021-10-02T17:12:49.778527+05:45","SourceModuleName":"in_win","SourceModuleType":"im_msvistalog"}
{"EventTime":"2021-10-02T17:12:48.879652+05:45","Hostname":"ACC01.prod.corp.local","Keywords":"9223374235878031360","EventType":"INFO","SeverityValue":2,"Severity":"INFO","EventID":2006,"SourceName":"Microsoft-Windows-Windows Firewall With Advanced Security","ProviderGuid":"{D1BC9AFF-2ABF-4D71-9146-ECB2A986EB85}","Version":0,"TaskValue":0,"OpcodeValue":0,"RecordNumber":4829,"ExecutionProcessID":1732,"ExecutionThreadID":6784,"Channel":"Microsoft-Windows-Windows Firewall With Advanced Security/Firewall","Domain":"NT AUTHORITY","AccountName":"LOCAL SERVICE","UserID":"S-1-5-19","AccountType":"Well Known Group","Message":"A rule has been deleted in the Windows Defender Firewall exception list.\r\n\r\nDeleted Rule:\r\n\tRule ID:\ta9451017-7b7b-4b5d-8e01-e7eeca12fdab\r\n\tRule Name:\tInbound service restriction rule for WinDefend\r\n\tModifying User:\tS-1-5-18\r\n\tModifying Application:\tC:\\ProgramData\\Microsoft\\Windows Defender\\Platform\\4.18.2011.6-0\\MsMpEng.exe","Opcode":"Info","RuleId":"a9451017-7b7b-4b5d-8e01-e7eeca12fdab","RuleName":"Inbound service restriction rule for WinDefend","ModifyingUser":"S-1-5-18","ModifyingApplication":"C:\\ProgramData\\Microsoft\\Windows Defender\\Platform\\4.18.2011.6-0\\MsMpEng.exe","EventReceivedTime":"2021-10-02T17:12:49.778527+05:45","SourceModuleName":"in_win","SourceModuleType":"im_msvistalog"}
{"EventTime":"2021-10-02T17:12:48.925751+05:45","Hostname":"ACC01.prod.corp.local","Keywords":"9232379236109516800","EventType":"AUDIT_SUCCESS","SeverityValue":2,"Severity":"INFO","EventID":4948,"SourceName":"Microsoft-Windows-Security-Auditing","ProviderGuid":"{54849625-5478-4994-A5BA-3E3B0328C30D}","Version":0,"TaskValue":13571,"OpcodeValue":0,"RecordNumber":896512,"ActivityID":"{63A5CF36-AEB8-0000-A6CF-A563B8AED701}","ExecutionProcessID":672,"ExecutionThreadID":1524,"Channel":"Security","Message":"A change was made to the Windows Firewall exception list. A rule was deleted.\r\n\t\r\nProfile Changed:\tAll\r\n\r\nDeleted Rule:\r\n\tRule ID:\t{AF5FBDA2-BFD4-4140-8E75-FDE40ABCFBA1}\r\n\tRule Name:\tWinDefend Outbound for TCP","Category":"MPSSVC Rule-Level Policy Change","Opcode":"Info","ProfileChanged":"All","RuleId":"{AF5FBDA2-BFD4-4140-8E75-FDE40ABCFBA1}","RuleName":"WinDefend Outbound for TCP","EventReceivedTime":"2021-10-02T17:12:49.778527+05:45","SourceModuleName":"in_win","SourceModuleType":"im_msvistalog"}
{"EventTime":"2021-10-02T17:12:57.227169+05:45","Hostname":"ACC01.prod.corp.local","Keywords":"36028797018963968","EventType":"ERROR","SeverityValue":4,"Severity":"ERROR","EventID":5719,"SourceName":"NETLOGON","Version":0,"TaskValue":0,"OpcodeValue":0,"RecordNumber":56664,"ExecutionProcessID":0,"ExecutionThreadID":0,"Channel":"System","Message":"This computer was not able to set up a secure session with a domain controller in domain PROD due to the following: \r\nWe can't sign you in with this credential because your domain isn't available. Make sure your device is connected to your organization's network and try again. If you previously signed in on this device with another credential, you can sign in with that credential. \r\nThis may lead to authentication problems. Make sure that this computer is connected to the network. If the problem persists, please contact your domain administrator.  \r\n\r\nADDITIONAL INFO \r\nIf this computer is a domain controller for the specified domain, it sets up the secure session to the primary domain controller emulator in the specified domain. Otherwise, this computer sets up the secure session to any domain controller in the specified domain.","Opcode":"Info","Data":"PROD","Data_1":"%%1311","EventData.Binary":"5E0000C0","EventReceivedTime":"2021-10-02T17:12:57.820781+05:45","SourceModuleName":"in_win","SourceModuleType":"im_msvistalog"}
{"EventTime":"2021-10-02T08:37:48.529981+05:45","Hostname":"IT01.corp.local","Keywords":"9232379236109516800","EventType":"AUDIT_SUCCESS","SeverityValue":2,"Severity":"INFO","EventID":4698,"SourceName":"Microsoft-Windows-Security-Auditing","ProviderGuid":"{54849625-5478-4994-A5BA-3E3B0328C30D}","Version":1,"TaskValue":12804,"OpcodeValue":0,"RecordNumber":4065304,"ActivityID":"{1861A8E2-AEB2-0000-61A9-6118B2AED701}","ExecutionProcessID":640,"ExecutionThreadID":1636,"Channel":"Security","Message":"A scheduled task was created.\r\n\r\nSubject:\r\n\tSecurity ID:\t\tS-1-5-18\r\n\tAccount Name:\t\tIT01$\r\n\tAccount Domain:\t\tCORP\r\n\tLogon ID:\t\t0x3E7\r\n\r\nTask Information:\r\n\tTask Name: \t\t\\Microsoft\\Windows\\UpdateOrchestrator\\Universal Orchestrator Start\r\n\tTask Content: \t\t<?xml version=\"1.0\" encoding=\"UTF-16\"?>\r\n<Task version=\"1.2\" xmlns=\"http://schemas.microsoft.com/windows/2004/02/mit/task\">\r\n  <RegistrationInfo>\r\n    <URI>\\Microsoft\\Windows\\UpdateOrchestrator\\Universal Orchestrator Start</URI>\r\n    <SecurityDescriptor>D:P(A;;FA;;;SY)(A;;FRFX;;;LS)(A;;FRFX;;;BA)</SecurityDescriptor>\r\n  </RegistrationInfo>\r\n  <Triggers>\r\n    <TimeTrigger>\r\n      <StartBoundary>2021-10-02T11:23:00.000Z</StartBoundary>\r\n      <Enabled>true</Enabled>\r\n    </TimeTrigger>\r\n  </Triggers>\r\n  <Settings>\r\n    <MultipleInstancesPolicy>IgnoreNew</MultipleInstancesPolicy>\r\n    <DisallowStartIfOnBatteries>true</DisallowStartIfOnBatteries>\r\n    <StopIfGoingOnBatteries>false</StopIfGoingOnBatteries>\r\n    <AllowHardTerminate>true</AllowHardTerminate>\r\n    <StartWhenAvailable>false</StartWhenAvailable>\r\n    <RunOnlyIfNetworkAvailable>false</RunOnlyIfNetworkAvailable>\r\n    <IdleSettings>\r\n      <Duration>PT10M</Duration>\r\n      <WaitTimeout>PT1H</WaitTimeout>\r\n      <StopOnIdleEnd>true</StopOnIdleEnd>\r\n      <RestartOnIdle>false</RestartOnIdle>\r\n    </IdleSettings>\r\n    <AllowStartOnDemand>true</AllowStartOnDemand>\r\n    <Enabled>true</Enabled>\r\n    <Hidden>false</Hidden>\r\n    <RunOnlyIfIdle>false</RunOnlyIfIdle>\r\n    <WakeToRun>false</WakeToRun>\r\n    <ExecutionTimeLimit>PT72H</ExecutionTimeLimit>\r\n    <Priority>7</Priority>\r\n  </Settings>\r\n  <Actions Context=\"Author\">\r\n    <Exec>\r\n      <Command>%systemroot%\\system32\\usoclient.exe</Command>\r\n      <Arguments>StartUWork</Arguments>\r\n    </Exec>\r\n  </Actions>\r\n  <Principals>\r\n    <Principal id=\"Author\">\r\n      <UserId>S-1-5-18</UserId>\r\n      <RunLevel>LeastPrivilege</RunLevel>\r\n    </Principal>\r\n  </Principals>\r\n</Task>\r\n\r\nOther Information:\r\n\tProcessCreationTime: \t\t5066549580791828\r\n\tClientProcessId: \t\t\t356\r\n\tParentProcessId: \t\t\t604\r\n\tFQDN: \t\t0\r\n\t","Category":"Other Object Access Events","Opcode":"Info","SubjectUserSid":"S-1-5-18","SubjectUserName":"IT01$","SubjectDomainName":"CORP","SubjectLogonId":"0x3e7","TaskName":"\\Microsoft\\Windows\\UpdateOrchestrator\\Universal Orchestrator Start","TaskContent":"<?xml version=\"1.0\" encoding=\"UTF-16\"?>\n<Task version=\"1.2\" xmlns=\"http://schemas.microsoft.com/windows/2004/02/mit/task\">\n  <RegistrationInfo>\n    <URI>\\Microsoft\\Windows\\UpdateOrchestrator\\Universal Orchestrator Start</URI>\n    <SecurityDescriptor>D:P(A;;FA;;;SY)(A;;FRFX;;;LS)(A;;FRFX;;;BA)</SecurityDescriptor>\n  </RegistrationInfo>\n  <Triggers>\n    <TimeTrigger>\n      <StartBoundary>2021-10-02T11:23:00.000Z</StartBoundary>\n      <Enabled>true</Enabled>\n    </TimeTrigger>\n  </Triggers>\n  <Settings>\n    <MultipleInstancesPolicy>IgnoreNew</MultipleInstancesPolicy>\n    <DisallowStartIfOnBatteries>true</DisallowStartIfOnBatteries>\n    <StopIfGoingOnBatteries>false</StopIfGoingOnBatteries>\n    <AllowHardTerminate>true</AllowHardTerminate>\n    <StartWhenAvailable>false</StartWhenAvailable>\n    <RunOnlyIfNetworkAvailable>false</RunOnlyIfNetworkAvailable>\n    <IdleSettings>\n      <Duration>PT10M</Duration>\n      <WaitTimeout>PT1H</WaitTimeout>\n      <StopOnIdleEnd>true</StopOnIdleEnd>\n      <RestartOnIdle>false</RestartOnIdle>\n    </IdleSettings>\n    <AllowStartOnDemand>true</AllowStartOnDemand>\n    <Enabled>true</Enabled>\n    <Hidden>false</Hidden>\n    <RunOnlyIfIdle>false</RunOnlyIfIdle>\n    <WakeToRun>false</WakeToRun>\n    <ExecutionTimeLimit>PT72H</ExecutionTimeLimit>\n    <Priority>7</Priority>\n  </Settings>\n  <Actions Context=\"Author\">\n    <Exec>\n      <Command>%systemroot%\\system32\\usoclient.exe</Command>\n      <Arguments>StartUWork</Arguments>\n    </Exec>\n  </Actions>\n  <Principals>\n    <Principal id=\"Author\">\n      <UserId>S-1-5-18</UserId>\n      <RunLevel>LeastPrivilege</RunLevel>\n    </Principal>\n  </Principals>\n</Task>","ClientProcessStartKey":"5066549580791828","ClientProcessId":"356","ParentProcessId":"604","RpcCallClientLocality":"0","FQDN":"IT01.corp.local","EventReceivedTime":"2021-10-02T08:37:50.444983+05:45","SourceModuleName":"in_win","SourceModuleType":"im_msvistalog"}
{"EventTime":"2021-10-02T12:25:41.472058+05:45","Hostname":"IT01.corp.local","Keywords":"9223372036854784004","EventType":"INFO","SeverityValue":2,"Severity":"INFO","EventID":44,"SourceName":"Microsoft-Windows-WindowsUpdateClient","ProviderGuid":"{945A8954-C147-4ACD-923F-40C45405A658}","Version":1,"TaskValue":1,"OpcodeValue":12,"RecordNumber":26200,"ActivityID":"{1861A8E2-AEB2-0001-C704-6518B2AED701}","ExecutionProcessID":356,"ExecutionThreadID":3472,"Channel":"System","Domain":"NT AUTHORITY","AccountName":"SYSTEM","UserID":"S-1-5-18","AccountType":"User","Message":"Windows Update started downloading an update.","Category":"Windows Update Agent","Opcode":"Download","updateTitle":"Security Intelligence Update for Microsoft Defender Antivirus - KB2267602 (Version 1.349.1764.0)","updateGuid":"{ff308918-dc38-46af-b26b-84c0adffca8d}","updateRevisionNumber":"200","EventReceivedTime":"2021-10-02T12:25:43.418694+05:45","SourceModuleName":"in_win","SourceModuleType":"im_msvistalog"}
{"EventTime":"2021-10-02T09:07:17.003217+05:45","Hostname":"IT01.corp.local","Keywords":"9232379236109516800","EventType":"AUDIT_SUCCESS","SeverityValue":2,"Severity":"INFO","EventID":4664,"SourceName":"Microsoft-Windows-Security-Auditing","ProviderGuid":"{54849625-5478-4994-A5BA-3E3B0328C30D}","Version":0,"TaskValue":12800,"OpcodeValue":0,"RecordNumber":4066284,"ExecutionProcessID":4,"ExecutionThreadID":5956,"Channel":"Security","Message":"An attempt was made to create a hard link.\r\n\r\nSubject:\r\n\tAccount Name:\t\tS-1-5-18\r\n\tAccount Name:\t\tIT01$\r\n\tAccount Domain:\t\tCORP\r\n\tLogon ID:\t\t0x3E7\r\n\r\nLink Information:\r\n\tFile Name:\tC:\\Program Files\\WindowsApps\\Microsoft.Windows.Photos_2021.21070.22007.0_x64__8wekyb3d8bbwe\\Assets\\VideoEditor\\contrast-white\\VideoEditorWideTile.scale-200_contrast-white.png\r\n\tLink Name:\tC:\\Program Files\\WindowsApps\\Microsoft.Windows.Photos_2021.21090.10007.0_neutral_split.scale-100_8wekyb3d8bbwe\\Assets\\VideoEditor\\contrast-white\\VideoEditorSplashScreen.scale-100_contrast-white.png\r\n\tTransaction ID:\t{00000000-0000-0000-0000-000000000000}","Category":"File System","Opcode":"Info","SubjectUserSid":"S-1-5-18","SubjectUserName":"IT01$","SubjectDomainName":"CORP","SubjectLogonId":"0x3e7","FileName":"C:\\Program Files\\WindowsApps\\Microsoft.Windows.Photos_2021.21070.22007.0_x64__8wekyb3d8bbwe\\Assets\\VideoEditor\\contrast-white\\VideoEditorWideTile.scale-200_contrast-white.png","LinkName":"C:\\Program Files\\WindowsApps\\Microsoft.Windows.Photos_2021.21090.10007.0_neutral_split.scale-100_8wekyb3d8bbwe\\Assets\\VideoEditor\\contrast-white\\VideoEditorSplashScreen.scale-100_contrast-white.png","TransactionId":"{00000000-0000-0000-0000-000000000000}","EventReceivedTime":"2021-10-02T09:07:18.629682+05:45","SourceModuleName":"in_win","SourceModuleType":"im_msvistalog"}
{"EventTime":"2021-10-02T09:09:00.973984+05:45","Hostname":"IT01.corp.local","Keywords":"9223372036854775808","EventType":"INFO","SeverityValue":2,"Severity":"INFO","EventID":16,"SourceName":"Microsoft-Windows-Kernel-General","ProviderGuid":"{A68CA8B7-004F-D7B6-A698-07E2DE0F1F5D}","Version":0,"TaskValue":0,"OpcodeValue":0,"RecordNumber":26195,"ExecutionProcessID":348,"ExecutionThreadID":6384,"Channel":"System","Domain":"NT AUTHORITY","AccountName":"SYSTEM","UserID":"S-1-5-18","AccountType":"User","Message":"The access history in hive \\??\\C:\\ProgramData\\Microsoft\\Windows\\AppRepository\\Packages\\Microsoft.Windows.Photos_2021.21090.10007.0_x64__8wekyb3d8bbwe\\ActivationStore.dat was cleared updating 0 keys and creating 0 modified pages.","Opcode":"Info","HiveNameLength":"142","HiveName":"\\??\\C:\\ProgramData\\Microsoft\\Windows\\AppRepository\\Packages\\Microsoft.Windows.Photos_2021.21090.10007.0_x64__8wekyb3d8bbwe\\ActivationStore.dat","KeysUpdated":"0","DirtyPages":"0","EventReceivedTime":"2021-10-02T09:09:02.921487+05:45","SourceModuleName":"in_win","SourceModuleType":"im_msvistalog"}
{"EventTime":"2021-10-02T09:09:03.055334+05:45","Hostname":"IT01.corp.local","Keywords":"9232379236109516800","EventType":"AUDIT_SUCCESS","SeverityValue":2,"Severity":"INFO","EventID":4699,"SourceName":"Microsoft-Windows-Security-Auditing","ProviderGuid":"{54849625-5478-4994-A5BA-3E3B0328C30D}","Version":1,"TaskValue":12804,"OpcodeValue":0,"RecordNumber":4066291,"ActivityID":"{1861A8E2-AEB2-0000-61A9-6118B2AED701}","ExecutionProcessID":640,"ExecutionThreadID":6332,"Channel":"Security","Message":"A scheduled task was deleted.\r\n\r\nSubject:\r\n\tSecurity ID:\t\tS-1-5-18\r\n\tAccount Name:\t\tIT01$\r\n\tAccount Domain:\t\tCORP\r\n\tLogon ID:\t\t0x3E7\r\n\r\nTask Information:\r\n\tTask Name: \t\t\\Microsoft\\Windows\\UpdateOrchestrator\\Universal Orchestrator Start\r\n\tTask Content: \t\t\r\n\r\nOther Information:\r\n\tProcessCreationTime: \t\t5066549580791828\r\n\tClientProcessId: \t\t\t356\r\n\tParentProcessId: \t\t\t604\r\n\tFQDN: \t\t0\r\n\t","Category":"Other Object Access Events","Opcode":"Info","SubjectUserSid":"S-1-5-18","SubjectUserName":"IT01$","SubjectDomainName":"CORP","SubjectLogonId":"0x3e7","TaskName":"\\Microsoft\\Windows\\UpdateOrchestrator\\Universal Orchestrator Start","ClientProcessStartKey":"5066549580791828","ClientProcessId":"356","ParentProcessId":"604","RpcCallClientLocality":"0","FQDN":"IT01.corp.local","EventReceivedTime":"2021-10-02T09:09:04.930427+05:45","SourceModuleName":"in_win","SourceModuleType":"im_msvistalog"}
{"EventTime":"2021-10-02T14:44:25.708715+05:45","Hostname":"IT03.corp.local","Keywords":"36028797018963968","EventType":"INFO","SeverityValue":2,"Severity":"INFO","EventID":0,"SourceName":"gupdate","TaskValue":0,"RecordNumber":30291,"ExecutionProcessID":0,"ExecutionThreadID":0,"Channel":"Application","ERROR_EVT_UNRESOLVED":true,"Message":"Service stopped","EventData":"<Data>Service stopped</Data>","EventReceivedTime":"2021-10-02T14:44:26.708752+05:45","SourceModuleName":"in_win","SourceModuleType":"im_msvistalog"}
{"EventTime":"2021-10-02T18:58:54.124703+05:45","Hostname":"IT03.corp.local","Keywords":"4611686018427387904","EventType":"ERROR","SeverityValue":4,"Severity":"ERROR","EventID":5858,"SourceName":"Microsoft-Windows-WMI-Activity","ProviderGuid":"{1418EF04-B0B4-4623-BF7E-D74AB47BBDAA}","Version":0,"TaskValue":0,"OpcodeValue":0,"RecordNumber":20310,"ActivityID":"{C4CABCCB-A926-0001-EBB8-CCC426A9D701}","ExecutionProcessID":1904,"ExecutionThreadID":2744,"Channel":"Microsoft-Windows-WMI-Activity/Operational","Domain":"NT AUTHORITY","AccountName":"SYSTEM","UserID":"S-1-5-18","AccountType":"User","Message":"Id = {C4CABCCB-A926-0001-EBB8-CCC426A9D701}; ClientMachine = IT03; User = NT AUTHORITY\\SYSTEM; ClientProcessId = 3408; Component = Unknown; Operation = Start IWbemServices::ExecNotificationQuery - ROOT\\CIMV2 : SELECT * FROM Win32_ProcessStartTrace WHERE ProcessName = 'wsmprovhost.exe'; ResultCode = 0x80041032; PossibleCause = Unknown","Opcode":"Info","UserData":"<Operation_ClientFailure xmlns='http://manifests.microsoft.com/win/2006/windows/WMI'><Id>{C4CABCCB-A926-0001-EBB8-CCC426A9D701}</Id><ClientMachine>IT03</ClientMachine><User>NT AUTHORITY\\SYSTEM</User><ClientProcessId>3408</ClientProcessId><Component>Unknown</Component><Operation>Start IWbemServices::ExecNotificationQuery - ROOT\\CIMV2 : SELECT * FROM Win32_ProcessStartTrace WHERE ProcessName = 'wsmprovhost.exe'</Operation><ResultCode>0x80041032</ResultCode><PossibleCause>Unknown</PossibleCause></Operation_ClientFailure>","EventReceivedTime":"2021-10-02T18:58:55.737674+05:45","SourceModuleName":"in_win","SourceModuleType":"im_msvistalog"}
{"EventTime":"2021-10-02T18:56:17.262480+05:45","Hostname":"DC01.corp.local","Keywords":"9232379236109516800","EventType":"AUDIT_SUCCESS","SeverityValue":2,"Severity":"INFO","EventID":4768,"SourceName":"Microsoft-Windows-Security-Auditing","ProviderGuid":"{54849625-5478-4994-A5BA-3E3B0328C30D}","Version":0,"TaskValue":14339,"OpcodeValue":0,"RecordNumber":190902186,"ExecutionProcessID":512,"ExecutionThreadID":4140,"Channel":"Security","Message":"A Kerberos authentication ticket (TGT) was requested.\r\n\r\nAccount Information:\r\n\tAccount Name:\t\tIT03$\r\n\tSupplied Realm Name:\tcorp.local\r\n\tUser ID:\t\t\tS-1-5-21-2569713578-3403938347-3732993993-1140\r\n\r\nService Information:\r\n\tService Name:\t\tkrbtgt\r\n\tService ID:\t\tS-1-5-21-2569713578-3403938347-3732993993-502\r\n\r\nNetwork Information:\r\n\tClient Address:\t\t::ffff:192.168.2.108\r\n\tClient Port:\t\t10586\r\n\r\nAdditional Information:\r\n\tTicket Options:\t\t0x40810010\r\n\tResult Code:\t\t0x0\r\n\tTicket Encryption Type:\t0x12\r\n\tPre-Authentication Type:\t2\r\n\r\nCertificate Information:\r\n\tCertificate Issuer Name:\t\t\r\n\tCertificate Serial Number:\t\r\n\tCertificate Thumbprint:\t\t\r\n\r\nCertificate information is only provided if a certificate was used for pre-authentication.\r\n\r\nPre-authentication types, ticket options, encryption types and result codes are defined in RFC 4120.","Category":"Kerberos Authentication Service","Opcode":"Info","TargetUserName":"IT03$","TargetDomainName":"corp.local","TargetSid":"S-1-5-21-2569713578-3403938347-3732993993-1140","ServiceName":"krbtgt","ServiceSid":"S-1-5-21-2569713578-3403938347-3732993993-502","TicketOptions":"0x40810010","Status":"0x0","TicketEncryptionType":"0x12","PreAuthType":"2","IpAddress":"::ffff:192.168.2.108","IpPort":"10586","EventReceivedTime":"2021-10-02T18:56:19.012510+05:45","SourceModuleName":"in_win","SourceModuleType":"im_msvistalog"}
{"EventTime":"2021-10-02T12:25:41.472062+05:45","Hostname":"IT01.corp.local","Keywords":"9223372036854784008","EventType":"INFO","SeverityValue":2,"Severity":"INFO","EventID":43,"SourceName":"Microsoft-Windows-WindowsUpdateClient","ProviderGuid":"{945A8954-C147-4ACD-923F-40C45405A658}","Version":1,"TaskValue":1,"OpcodeValue":13,"RecordNumber":26201,"ActivityID":"{1861A8E2-AEB2-0001-C704-6518B2AED701}","ExecutionProcessID":356,"ExecutionThreadID":3472,"Channel":"System","Domain":"NT AUTHORITY","AccountName":"SYSTEM","UserID":"S-1-5-18","AccountType":"User","Message":"Installation Started: Windows has started installing the following update: Security Intelligence Update for Microsoft Defender Antivirus - KB2267602 (Version 1.349.1764.0)","Category":"Windows Update Agent","Opcode":"Installation","updateTitle":"Security Intelligence Update for Microsoft Defender Antivirus - KB2267602 (Version 1.349.1764.0)","updateGuid":"{ff308918-dc38-46af-b26b-84c0adffca8d}","updateRevisionNumber":"200","EventReceivedTime":"2021-10-02T12:25:43.418694+05:45","SourceModuleName":"in_win","SourceModuleType":"im_msvistalog"}
{"EventTime":"2021-10-02T10:55:57.888365+05:45","Hostname":"IT02.corp.local","Keywords":"9223372036854775808","EventType":"INFO","SeverityValue":2,"Severity":"INFO","EventID":2011,"SourceName":"Microsoft-Windows-Windows Defender","ProviderGuid":"{11CD958A-C507-4EF3-B3F2-5FD9DFBD2C78}","Version":0,"TaskValue":0,"OpcodeValue":0,"RecordNumber":22722,"ExecutionProcessID":2080,"ExecutionThreadID":1200,"Channel":"Microsoft-Windows-Windows Defender/Operational","Domain":"NT AUTHORITY","AccountName":"SYSTEM","UserID":"S-1-5-18","AccountType":"User","Message":"Microsoft Defender Antivirus used Dynamic security intelligence Service to discard obsolete security intelligence updates.\r\n \tCurrent security intelligence Version: 1.349.1764.0\r\n \tSecurity intelligence Type: AntiVirus\r\n \tCurrent Engine Version: 1.1.18500.10\r\n \tDynamic security intelligence Type: Security intelligence update\r\n \tPersistence Path: C:\\ProgramData\\Microsoft\\Windows Defender\\Scans\\RtSigs\\data\\66a0feba8fedd32c86ad1770e052c7e33931412c\r\n \tDynamic security intelligence Version: 0.0.0.0\r\n \tDynamic security intelligence Compilation Timestamp: 9/1/2021 10:15:42 AM\r\n \tRemoval Reason: Automatic\r\n \tPersistence Limit Type: Duration\r\n \tPersistence Limit: 150196224","Opcode":"Info","Product Name":"Microsoft Defender Antivirus","Product Version":"4.18.2108.7","Current security intelligence Version":"1.349.1764.0","Security intelligence Type Index":"1","Security intelligence Type":"AntiVirus","Current Engine Version":"1.1.18500.10","Dynamic security intelligence Type Index":"1","Dynamic security intelligence Type":"Security intelligence update","Persistence Path":"C:\\ProgramData\\Microsoft\\Windows Defender\\Scans\\RtSigs\\data\\66a0feba8fedd32c86ad1770e052c7e33931412c","Dynamic security intelligence Version":"0.0.0.0","Dynamic security intelligence Compilation Timestamp":"9/1/2021 10:15:42 AM","Persistence Limit Type Index":"2","Persistence Limit Type":"Duration","Persistence Limit Value":"150196224","Removal Reason Index":"2","Removal Reason Value":"Automatic","EventReceivedTime":"2021-10-02T10:55:58.956132+05:45","SourceModuleName":"in_win","SourceModuleType":"im_msvistalog"}
{"EventTime":"2021-10-02T12:25:59.004214+05:45","Hostname":"IT01.corp.local","Keywords":"9223372036854775808","EventType":"INFO","SeverityValue":2,"Severity":"INFO","EventID":2000,"SourceName":"Microsoft-Windows-Windows Defender","ProviderGuid":"{11CD958A-C507-4EF3-B3F2-5FD9DFBD2C78}","Version":0,"TaskValue":0,"OpcodeValue":0,"RecordNumber":16491,"ExecutionProcessID":2508,"ExecutionThreadID":2252,"Channel":"Microsoft-Windows-Windows Defender/Operational","Domain":"NT AUTHORITY","AccountName":"SYSTEM","UserID":"S-1-5-18","AccountType":"User","Message":"Microsoft Defender Antivirus Security intelligence version has been updated.\r\n \tCurrent security intelligence Version: 1.349.1764.0\r\n \tPrevious security intelligence Version: 1.349.1731.0\r\n \tSecurity intelligence Type: AntiVirus\r\n \tUpdate Type: Delta\r\n \tUser: NT AUTHORITY\\SYSTEM\r\n \tCurrent Engine Version: 1.1.18500.10\r\n \tPrevious Engine Version: 1.1.18500.10","Opcode":"Info","Product Name":"Microsoft Defender Antivirus","Product Version":"4.18.2108.7","Current security intelligence Version":"1.349.1764.0","Previous security intelligence Version":"1.349.1731.0","User":"SYSTEM","SID":"S-1-5-18","Security intelligence Type Index":"1","Security intelligence Type":"AntiVirus","Update Type Index":"2","Update Type":"Delta","Current Engine Version":"1.1.18500.10","Previous Engine Version":"1.1.18500.10","EventReceivedTime":"2021-10-02T12:26:00.643350+05:45","SourceModuleName":"in_win","SourceModuleType":"im_msvistalog"}
{"EventTime":"2021-10-02T12:26:04.505800+05:45","Hostname":"IT01.corp.local","Keywords":"9223372036854775832","EventType":"INFO","SeverityValue":2,"Severity":"INFO","EventID":19,"SourceName":"Microsoft-Windows-WindowsUpdateClient","ProviderGuid":"{945A8954-C147-4ACD-923F-40C45405A658}","Version":1,"TaskValue":1,"OpcodeValue":13,"RecordNumber":26202,"ActivityID":"{1861A8E2-AEB2-0001-C704-6518B2AED701}","ExecutionProcessID":356,"ExecutionThreadID":3472,"Channel":"System","Domain":"NT AUTHORITY","AccountName":"SYSTEM","UserID":"S-1-5-18","AccountType":"User","Message":"Installation Successful: Windows successfully installed the following update: Security Intelligence Update for Microsoft Defender Antivirus - KB2267602 (Version 1.349.1764.0)","Category":"Windows Update Agent","Opcode":"Installation","updateTitle":"Security Intelligence Update for Microsoft Defender Antivirus - KB2267602 (Version 1.349.1764.0)","updateGuid":"{ff308918-dc38-46af-b26b-84c0adffca8d}","updateRevisionNumber":"200","serviceGuid":"{9482f4b4-e343-43b6-b170-9a65bc822c77}","EventReceivedTime":"2021-10-02T12:26:05.768272+05:45","SourceModuleName":"in_win","SourceModuleType":"im_msvistalog"}
{"EventTime":"2021-10-02T17:13:32.254042+05:45","Hostname":"ACC01.prod.corp.local","Keywords":"36028797018963968","EventType":"INFO","SeverityValue":2,"Severity":"INFO","EventID":15,"SourceName":"SecurityCenter","Version":0,"TaskValue":0,"OpcodeValue":0,"RecordNumber":161650,"ExecutionProcessID":0,"ExecutionThreadID":0,"Channel":"Application","Message":"Updated Windows Defender status successfully to SECURITY_PRODUCT_STATE_ON.","Opcode":"Info","Data":"Windows Defender","Data_1":"SECURITY_PRODUCT_STATE_ON","EventReceivedTime":"2021-10-02T17:13:33.098819+05:45","SourceModuleName":"in_win","SourceModuleType":"im_msvistalog"}
{"EventTime":"2021-10-02T15:21:05.673512+05:45","Hostname":"DC01.corp.local","Keywords":"9232379236109516800","EventType":"AUDIT_SUCCESS","SeverityValue":2,"Severity":"INFO","EventID":4770,"SourceName":"Microsoft-Windows-Security-Auditing","ProviderGuid":"{54849625-5478-4994-A5BA-3E3B0328C30D}","Version":0,"TaskValue":14337,"OpcodeValue":0,"RecordNumber":190899141,"ExecutionProcessID":512,"ExecutionThreadID":3308,"Channel":"Security","Message":"A Kerberos service ticket was renewed.\r\n\r\nAccount Information:\r\n\tAccount Name:\t\tIT02$@corp.local\r\n\tAccount Domain:\t\tcorp.local\r\n\r\nService Information:\r\n\tService Name:\t\tkrbtgt\r\n\tService ID:\t\tS-1-5-21-2569713578-3403938347-3732993993-502\r\n\r\nNetwork Information:\r\n\tClient Address:\t\t::ffff:192.168.2.54\r\n\tClient Port:\t\t55396\r\n\r\nAdditional Information:\r\n\tTicket Options:\t\t0x10002\r\n\tTicket Encryption Type:\t0x12\r\n\r\nTicket options and encryption types are defined in RFC 4120.","Category":"Kerberos Service Ticket Operations","Opcode":"Info","TargetUserName":"IT02$@corp.local","TargetDomainName":"corp.local","ServiceName":"krbtgt","ServiceSid":"S-1-5-21-2569713578-3403938347-3732993993-502","TicketOptions":"0x10002","TicketEncryptionType":"0x12","IpAddress":"::ffff:192.168.2.54","IpPort":"55396","EventReceivedTime":"2021-10-02T15:21:07.361002+05:45","SourceModuleName":"in_win","SourceModuleType":"im_msvistalog"}
{"EventTime":"2021-10-02T11:10:05.735209+05:45","Hostname":"DC01.corp.local","Keywords":"4620693217682128896","EventType":"ERROR","SeverityValue":4,"Severity":"ERROR","EventID":1108,"SourceName":"Microsoft-Windows-Eventlog","ProviderGuid":"{FC65DDD8-D6EF-4962-83D5-6E5CFE9CE148}","Version":0,"TaskValue":101,"OpcodeValue":0,"RecordNumber":190895547,"ExecutionProcessID":888,"ExecutionThreadID":4896,"Channel":"Security","Message":"The event logging service encountered an error while processing an incoming event published from Microsoft-Windows-Security-Auditing.","Category":"Event processing","Opcode":"Info","UserData":"<EventProcessingFailure xmlns='http://manifests.microsoft.com/win/2004/08/windows/eventlog'><Error Code='15005'/><EventID>0</EventID><PublisherID>Microsoft-Windows-Security-Auditing</PublisherID></EventProcessingFailure>","EventReceivedTime":"2021-10-02T11:10:05.828984+05:45","SourceModuleName":"in_win","SourceModuleType":"im_msvistalog"}
{"EventTime":"2021-10-02T17:12:48.856021+05:45","Hostname":"ACC01.prod.corp.local","Keywords":"9223372036854775808","EventType":"INFO","SeverityValue":2,"Severity":"INFO","EventID":1000,"SourceName":"Microsoft-Windows-Windows Defender","ProviderGuid":"{11CD958A-C507-4EF3-B3F2-5FD9DFBD2C78}","Version":0,"TaskValue":0,"OpcodeValue":0,"RecordNumber":11648,"ExecutionProcessID":2484,"ExecutionThreadID":6484,"Channel":"Microsoft-Windows-Windows Defender/Operational","Domain":"NT AUTHORITY","AccountName":"SYSTEM","UserID":"S-1-5-18","AccountType":"User","Message":"Microsoft Defender Antivirus scan has started.\r\n \tScan ID: {49BDA8E1-EC5E-428B-86C6-09AAB271778C}\r\n \tScan Type: Antimalware\r\n \tScan Parameters: Quick Scan\r\n \tScan Resources: \r\n \tUser: NT AUTHORITY\\SYSTEM","Opcode":"Info","Product Name":"Microsoft Defender Antivirus","Product Version":"4.18.2011.6","Scan ID":"{49BDA8E1-EC5E-428B-86C6-09AAB271778C}","Scan Type Index":"1","Scan Type":"Antimalware","Scan Parameters Index":"1","Scan Parameters":"Quick Scan","User":"SYSTEM","SID":"S-1-5-18","EventReceivedTime":"2021-10-02T17:12:50.778527+05:45","SourceModuleName":"in_win","SourceModuleType":"im_msvistalog"}
{"EventTime":"2021-10-02T11:35:40.515153+05:45","Hostname":"IT02.corp.local","Keywords":"9223372036854775808","EventType":"WARNING","SeverityValue":3,"Severity":"WARNING","EventID":1002,"SourceName":"Microsoft-Windows-Windows Defender","ProviderGuid":"{11CD958A-C507-4EF3-B3F2-5FD9DFBD2C78}","Version":0,"TaskValue":0,"OpcodeValue":0,"RecordNumber":22727,"ExecutionProcessID":2080,"ExecutionThreadID":7392,"Channel":"Microsoft-Windows-Windows Defender/Operational","Domain":"NT AUTHORITY","AccountName":"SYSTEM","UserID":"S-1-5-18","AccountType":"User","Message":"Microsoft Defender Antivirus scan has been stopped before completion.\r\n \tScan ID: {5B64D6BD-6C43-4ACD-952A-C35E28CC637F}\r\n \tScan Type: Antimalware\r\n \tScan Parameters: Quick Scan\r\n  \tUser: NT AUTHORITY\\SYSTEM","Opcode":"Info","Product Name":"Microsoft Defender Antivirus","Product Version":"4.18.2108.7","Scan ID":"{5B64D6BD-6C43-4ACD-952A-C35E28CC637F}","Scan Type Index":"1","Scan Type":"Antimalware","Scan Parameters Index":"1","Scan Parameters":"Quick Scan","User":"SYSTEM","SID":"S-1-5-18","EventReceivedTime":"2021-10-02T11:35:42.087020+05:45","SourceModuleName":"in_win","SourceModuleType":"im_msvistalog"}
{"EventTime":"2021-10-02T12:00:03.222568+05:45","Hostname":"IT03.corp.local","Keywords":"36028797018963968","EventType":"INFO","SeverityValue":2,"Severity":"INFO","EventID":6013,"SourceName":"EventLog","TaskValue":0,"RecordNumber":111200,"ExecutionProcessID":0,"ExecutionThreadID":0,"Channel":"System","Message":"The system uptime is 1559095 seconds.","EventData":"<Data></Data><Data></Data><Data></Data><Data></Data><Data>1559095</Data><Data>60</Data><Data>-345 Nepal Standard Time</Data><Binary>31002E003100000030000000570069006E0064006F007700730020005300650072007600650072002000320030003100390020005300740061006E00640061007200640020004500760061006C0075006100740069006F006E000000310030002E0030002E003100370037003600330020004200750069006C0064002000310037003700360033002000200000004D0075006C0074006900700072006F0063006500730073006F007200200046007200650065000000310037003700360033002E007200730035005F00720065006C0065006100730065002E003100380030003900310034002D00310034003300340000003500650032003500350039003600350000004E006F007400200041007600610069006C00610062006C00650000004E006F007400200041007600610069006C00610062006C0065000000390000003200000034003000390036000000340030003900000041006D006F0073002E006B006E006F0077006C00650064006700650062006100730065002E006C006F00630061006C0000000000</Binary>","EventReceivedTime":"2021-10-02T12:00:03.816218+05:45","SourceModuleName":"in_win","SourceModuleType":"im_msvistalog"}
{"EventTime":"2021-10-02T12:11:09.457145+05:45","Hostname":"ACC01.prod.corp.local","Keywords":"9223372036854775808","EventType":"WARNING","SeverityValue":3,"Severity":"WARNING","EventID":36,"SourceName":"Microsoft-Windows-Time-Service","ProviderGuid":"{06EDCFEB-0FD0-4E53-ACCA-A6F8BBF81BCB}","Version":0,"TaskValue":0,"OpcodeValue":0,"RecordNumber":56655,"ExecutionProcessID":1212,"ExecutionThreadID":1372,"Channel":"System","Domain":"NT AUTHORITY","AccountName":"LOCAL SERVICE","UserID":"S-1-5-19","AccountType":"Well Known Group","Message":"The time service has not synchronized the system time for the last 86400 seconds because none of the time service providers provided a usable time stamp. The time service will not update the local system time until it is able to synchronize with a time source. If the local system is configured to act as a time server for clients, it will stop advertising as a time source to clients after 0 seconds. The time service will continue to retry and sync time with its time sources. Check system event log for other W32time events for more details. Run 'w32tm /resync' to force an instant time synchronization. You can control the frequency of the time source rediscovery using ClockHoldoverPeriod W32time config setting. Modify the EventLogFlags W32time config setting if you wish to disable this message.","Opcode":"Info","EventData.Name":"TMP_EVENT_TIME_SOURCE_NONE","UnsynchronizedTimeSeconds":"86400","TimeRemainingToSetLocalClockFreeRunningSeconds":"0","EventReceivedTime":"2021-10-02T12:11:10.410966+05:45","SourceModuleName":"in_win","SourceModuleType":"im_msvistalog"}
{"EventTime":"2021-10-02T13:07:02.170965+05:45","Hostname":"ACC01.prod.corp.local","Keywords":"36028797018963968","EventType":"INFO","SeverityValue":2,"Severity":"INFO","EventID":12288,"SourceName":"Microsoft-Windows-Security-SPP","ProviderGuid":"{E23B33B0-C8C9-472C-A5F9-F2BDFEA0F156}","Version":0,"TaskValue":0,"OpcodeValue":0,"RecordNumber":161539,"ExecutionProcessID":0,"ExecutionThreadID":0,"Channel":"Application","Message":"The client has sent an activation request to the key management service machine.\r\nInfo:\r\n0xC0020017, 0x00000000, :1688, efc25641-ea64-4338-a3a6-a870c4022da4, 2021/10/02 07:21, 1, 5, 0, 2de67392-b7a7-462a-b1ca-108dd189f588, 25","Data":"0xC0020017, 0x00000000, :1688, efc25641-ea64-4338-a3a6-a870c4022da4, 2021/10/02 07:21, 1, 5, 0, 2de67392-b7a7-462a-b1ca-108dd189f588, 25","EventData.Binary":"0000060042594648CA2AA1C65F9668A948DE2D4AF1A8C64AB7E8684ED98E7A96D3699B23E668FDD40BE144C0A54531040EFEB636FB3B36AF7590575296488654FCC3A677235F89A594C766D0DA92391F3AF3A03AF20D33E5E94F1F7AB6ACB46D1202F88D49F4EE9BCB4E8AF96AAF2F96F703EDF78EC1A7A7D1ACC7B818AA00AE1A6830DD657A31F35EBCF1EEE6A07CDCBE7B7FD16CC10EF1E29C9F219D3F661FCA22FAE4C44A7083116D42251D447EED1294867509B579B66896F2C037BDDF832585DC0639706A34F74683FDE88D6EA585EE78B8FF7E7FC015538842C34BC5D1F0ECEC06ED4B55178DD88370C4F284F37A263C2B1430DF02443139A087A8EC25EDC4826F","EventReceivedTime":"2021-10-02T13:07:03.170889+05:45","SourceModuleName":"in_win","SourceModuleType":"im_msvistalog"}
{"EventTime":"2021-10-02T12:25:53.922645+05:45","Hostname":"IT01.corp.local","Keywords":"9223372036854775808","EventType":"INFO","SeverityValue":2,"Severity":"INFO","EventID":5007,"SourceName":"Microsoft-Windows-Windows Defender","ProviderGuid":"{11CD958A-C507-4EF3-B3F2-5FD9DFBD2C78}","Version":0,"TaskValue":0,"OpcodeValue":0,"RecordNumber":16489,"ExecutionProcessID":2508,"ExecutionThreadID":5800,"Channel":"Microsoft-Windows-Windows Defender/Operational","Domain":"NT AUTHORITY","AccountName":"SYSTEM","UserID":"S-1-5-18","AccountType":"User","Message":"Microsoft Defender Antivirus Configuration has changed. If this is an unexpected event you should review the settings as this may be the result of malware.\r\n \tOld value: \r\n \tNew value: HKLM\\SOFTWARE\\Microsoft\\Windows Defender\\MpEngine\\MpCampRing = 0x4","Opcode":"Info","Product Name":"Microsoft Defender Antivirus","Product Version":"4.18.2108.7","New Value":"HKLM\\SOFTWARE\\Microsoft\\Windows Defender\\MpEngine\\MpCampRing = 0x4","EventReceivedTime":"2021-10-02T12:25:55.577829+05:45","SourceModuleName":"in_win","SourceModuleType":"im_msvistalog"}
{"EventTime":"2021-10-02T12:50:15.120793+05:45","Hostname":"ACC01.prod.corp.local","Keywords":"36028797018963968","EventType":"WARNING","SeverityValue":3,"Severity":"WARNING","EventID":1067,"SourceName":"Microsoft-Windows-TerminalServices-RemoteConnectionManager","ProviderGuid":"{C76BAA63-AE81-421C-B425-340B4B24157F}","Version":0,"TaskValue":0,"OpcodeValue":0,"RecordNumber":56659,"ExecutionProcessID":0,"ExecutionThreadID":0,"Channel":"System","Message":"The RD Session Host server cannot register 'TERMSRV' Service Principal Name to be used for server authentication. The following error occured: The specified domain either does not exist or could not be contacted.\r\n.","Data":"The specified domain either does not exist or could not be contacted.\n","EventReceivedTime":"2021-10-02T12:50:15.809396+05:45","SourceModuleName":"in_win","SourceModuleType":"im_msvistalog"}
