{"EventTime":"2021-09-29T19:39:52.439542+05:45","Hostname":"IT03.corp.local","Keywords":"2305843009213759488","EventType":"INFO","SeverityValue":2,"Severity":"INFO","EventID":28018,"SourceName":"Microsoft-Windows-Shell-Core","ProviderGuid":"{30336ED4-E327-447C-9DE0-51B652C86108}","Version":0,"TaskValue":28177,"OpcodeValue":2,"RecordNumber":7593,"ExecutionProcessID":4488,"ExecutionThreadID":6272,"Channel":"Microsoft-Windows-Shell-Core/Operational","Domain":"IT03","AccountName":"Administrator","UserID":"S-1-5-21-3281079745-558096271-899791025-500","AccountType":"User","Message":"AppResolver Scan Stopped.","Opcode":"Stop","EventData":"","EventReceivedTime":"2021-09-29T19:39:54.330464+05:45","SourceModuleName":"in_win","SourceModuleType":"im_msvistalog"}
{"EventTime":"2021-09-29T19:39:52.381765+05:45","Hostname":"IT03.corp.local","Keywords":"2305843009213759488","EventType":"INFO","SeverityValue":2,"Severity":"INFO","EventID":28117,"SourceName":"Microsoft-Windows-Shell-Core","ProviderGuid":"{30336ED4-E327-447C-9DE0-51B652C86108}","Version":0,"TaskValue":28143,"OpcodeValue":0,"RecordNumber":7592,"ExecutionProcessID":4488,"ExecutionThreadID":6272,"Channel":"Microsoft-Windows-Shell-Core/Operational","Domain":"IT03","AccountName":"Administrator","UserID":"S-1-5-21-3281079745-558096271-899791025-500","AccountType":"User","Message":"Shortcut for application Google Chrome with ID Chrome and flags 0x31 is updated in app resolver cache.","Opcode":"Info","Name":"Google Chrome","AppID":"Chrome","Flags":"49","EventReceivedTime":"2021-09-29T19:39:54.330464+05:45","SourceModuleName":"in_win","SourceModuleType":"im_msvistalog"}
{"EventTime":"2021-09-29T19:39:52.445153+05:45","Hostname":"IT03.corp.local","Keywords":"2305843009213759488","EventType":"INFO","SeverityValue":2,"Severity":"INFO","EventID":28019,"SourceName":"Microsoft-Windows-Shell-Core","ProviderGuid":"{30336ED4-E327-447C-9DE0-51B652C86108}","Version":0,"TaskValue":28179,"OpcodeValue":0,"RecordNumber":7594,"ExecutionProcessID":4488,"ExecutionThreadID":6272,"Channel":"Microsoft-Windows-Shell-Core/Operational","Domain":"IT03","AccountName":"Administrator","UserID":"S-1-5-21-3281079745-558096271-899791025-500","AccountType":"User","Message":"AppResolver Cache Committed.","Opcode":"Info","EventData":"","EventReceivedTime":"2021-09-29T19:39:54.330464+05:45","SourceModuleName":"in_win","SourceModuleType":"im_msvistalog"}
{"EventTime":"2021-09-29T19:39:52.349673+05:45","Hostname":"IT03.corp.local","Keywords":"2305843009213759488","EventType":"INFO","SeverityValue":2,"Severity":"INFO","EventID":28017,"SourceName":"Microsoft-Windows-Shell-Core","ProviderGuid":"{30336ED4-E327-447C-9DE0-51B652C86108}","Version":0,"TaskValue":28177,"OpcodeValue":1,"RecordNumber":7590,"ExecutionProcessID":4488,"ExecutionThreadID":6272,"Channel":"Microsoft-Windows-Shell-Core/Operational","Domain":"IT03","AccountName":"Administrator","UserID":"S-1-5-21-3281079745-558096271-899791025-500","AccountType":"User","Message":"AppResolver Scan Started.","Opcode":"Start","EventData":"","EventReceivedTime":"2021-09-29T19:39:54.330464+05:45","SourceModuleName":"in_win","SourceModuleType":"im_msvistalog"}
{"EventTime":"2021-09-29T19:56:39.002949+05:45","Hostname":"IT01.corp.local","Keywords":"4611686018427387904","EventType":"INFO","SeverityValue":2,"Severity":"INFO","EventID":16403,"SourceName":"Microsoft-Windows-Bits-Client","ProviderGuid":"{EF1CC15B-46C1-414E-BB95-E76B077BD51E}","Version":0,"TaskValue":0,"OpcodeValue":0,"RecordNumber":4543,"ExecutionProcessID":356,"ExecutionThreadID":2184,"Channel":"Microsoft-Windows-Bits-Client/Operational","Domain":"NT AUTHORITY","AccountName":"LOCAL SERVICE","UserID":"S-1-5-19","AccountType":"Well Known Group","Opcode":"Info","User":"NT AUTHORITY\\LOCAL SERVICE","jobTitle":"Font Download","jobId":"{9e6fe86d-ae14-40b9-b53f-2ea6270dd430}","jobOwner":"NT AUTHORITY\\LOCAL SERVICE","fileCount":"1","RemoteName":"https://fs.microsoft.com/fs/windows/config.json","LocalName":"\\\\?\\C:\\Windows\\ServiceProfiles\\LocalService\\AppData\\Local\\FontCache\\Fonts\\Download-2.tmp","processId":"1096","ClientProcessStartKey":"5066549580791831","EventReceivedTime":"2021-09-29T19:56:40.667603+05:45","SourceModuleName":"in_win","SourceModuleType":"im_msvistalog"}
{"EventTime":"2021-09-29T19:56:38.973152+05:45","Hostname":"IT01.corp.local","Keywords":"4611686018427387904","EventType":"INFO","SeverityValue":2,"Severity":"INFO","EventID":3,"SourceName":"Microsoft-Windows-Bits-Client","ProviderGuid":"{EF1CC15B-46C1-414E-BB95-E76B077BD51E}","Version":3,"TaskValue":0,"OpcodeValue":0,"RecordNumber":4541,"ExecutionProcessID":356,"ExecutionThreadID":2184,"Channel":"Microsoft-Windows-Bits-Client/Operational","Domain":"NT AUTHORITY","AccountName":"SYSTEM","UserID":"S-1-5-18","AccountType":"User","Message":"The BITS service created a new job.\r\nTransfer job: Font Download\r\nJob ID: {9e6fe86d-ae14-40b9-b53f-2ea6270dd430}\r\nOwner: NT AUTHORITY\\LOCAL SERVICE\r\nProcess Path: C:\\Windows\\System32\\svchost.exe\r\nProcess ID: 1096","Opcode":"Info","jobTitle":"Font Download","jobId":"{9e6fe86d-ae14-40b9-b53f-2ea6270dd430}","jobOwner":"NT AUTHORITY\\LOCAL SERVICE","processPath":"C:\\Windows\\System32\\svchost.exe","processId":"1096","ClientProcessStartKey":"5066549580791831","EventReceivedTime":"2021-09-29T19:56:40.667603+05:45","SourceModuleName":"in_win","SourceModuleType":"im_msvistalog"}
{"EventTime":"2021-09-29T19:56:38.986045+05:45","Hostname":"IT01.corp.local","Keywords":"4611686018427387904","EventType":"INFO","SeverityValue":2,"Severity":"INFO","EventID":209,"SourceName":"Microsoft-Windows-Bits-Client","ProviderGuid":"{EF1CC15B-46C1-414E-BB95-E76B077BD51E}","Version":0,"TaskValue":0,"OpcodeValue":0,"RecordNumber":4542,"ExecutionProcessID":356,"ExecutionThreadID":2184,"Channel":"Microsoft-Windows-Bits-Client/Operational","Domain":"NT AUTHORITY","AccountName":"SYSTEM","UserID":"S-1-5-18","AccountType":"User","Message":"High performance property for BITS job \"Font Download\" with ID \"{9e6fe86d-ae14-40b9-b53f-2ea6270dd430}\" Enabled.","Opcode":"Info","jobName":"Font Download","jobId":"{9e6fe86d-ae14-40b9-b53f-2ea6270dd430}","isRoaming":"1","EventReceivedTime":"2021-09-29T19:56:40.667603+05:45","SourceModuleName":"in_win","SourceModuleType":"im_msvistalog"}
{"EventTime":"2021-09-29T19:56:40.082598+05:45","Hostname":"IT01.corp.local","Keywords":"4611686018427387904","EventType":"INFO","SeverityValue":2,"Severity":"INFO","EventID":4,"SourceName":"Microsoft-Windows-Bits-Client","ProviderGuid":"{EF1CC15B-46C1-414E-BB95-E76B077BD51E}","Version":1,"TaskValue":0,"OpcodeValue":0,"RecordNumber":4549,"ExecutionProcessID":356,"ExecutionThreadID":6204,"Channel":"Microsoft-Windows-Bits-Client/Operational","Domain":"NT AUTHORITY","AccountName":"SYSTEM","UserID":"S-1-5-18","AccountType":"User","Message":"The transfer job is complete.\r\nUser: NT AUTHORITY\\LOCAL SERVICE\r\nTransfer job: Font Download\r\nJob ID: {9e6fe86d-ae14-40b9-b53f-2ea6270dd430}\r\nOwner: NT AUTHORITY\\LOCAL SERVICE\r\nFile count: 1","Opcode":"Info","User":"NT AUTHORITY\\LOCAL SERVICE","jobTitle":"Font Download","jobId":"{9e6fe86d-ae14-40b9-b53f-2ea6270dd430}","jobOwner":"NT AUTHORITY\\LOCAL SERVICE","fileCount":"1","bytesTransferred":"55","bytesTransferredFromPeer":"0","EventReceivedTime":"2021-09-29T19:56:41.693707+05:45","SourceModuleName":"in_win","SourceModuleType":"im_msvistalog"}
{"EventTime":"2021-09-29T19:56:40.079033+05:45","Hostname":"IT01.corp.local","Keywords":"4611686018427387904","EventType":"INFO","SeverityValue":2,"Severity":"INFO","EventID":60,"SourceName":"Microsoft-Windows-Bits-Client","ProviderGuid":"{EF1CC15B-46C1-414E-BB95-E76B077BD51E}","Version":1,"TaskValue":0,"OpcodeValue":2,"RecordNumber":4548,"ActivityID":"{287A2D3F-ED28-4936-8AED-CB90825D7094}","ExecutionProcessID":356,"ExecutionThreadID":6204,"Channel":"Microsoft-Windows-Bits-Client/Operational","Domain":"NT AUTHORITY","AccountName":"SYSTEM","UserID":"S-1-5-18","AccountType":"User","Message":"BITS stopped transferring the Font Download transfer job that is associated with the https://fs.microsoft.com/fs/windows/config.json URL. The status code is 0x0.","Opcode":"Stop","transferId":"{287a2d3f-ed28-4936-8aed-cb90825d7094}","name":"Font Download","Id":"{9e6fe86d-ae14-40b9-b53f-2ea6270dd430}","url":"https://fs.microsoft.com/fs/windows/config.json","hr":"0","fileTime":"2017-04-20T16:11:08.000000000Z","fileLength":"55","bytesTotal":"55","bytesTransferred":"55","peerProtocolFlags":"0","bytesTransferredFromPeer":"0","AdditionalInfoHr":"0","PeerContextInfo":"0","bandwidthLimit":"18446744073709551615","ignoreBandwidthLimitsOnLan":"false","EventReceivedTime":"2021-09-29T19:56:41.678140+05:45","SourceModuleName":"in_win","SourceModuleType":"im_msvistalog"}
{"EventTime":"2021-09-29T19:56:39.764775+05:45","Hostname":"IT01.corp.local","Keywords":"4611686018427387904","EventType":"WARNING","SeverityValue":3,"Severity":"WARNING","EventID":310,"SourceName":"Microsoft-Windows-Bits-Client","ProviderGuid":"{EF1CC15B-46C1-414E-BB95-E76B077BD51E}","Version":0,"TaskValue":0,"OpcodeValue":0,"RecordNumber":4544,"ExecutionProcessID":356,"ExecutionThreadID":6556,"Channel":"Microsoft-Windows-Bits-Client/Operational","Domain":"NT AUTHORITY","AccountName":"SYSTEM","UserID":"S-1-5-18","AccountType":"User","Message":"The initialization of the peer helper modules failed with the following error:  0x80070032.","Opcode":"Info","ErrorCode":"2147942450","EventReceivedTime":"2021-09-29T19:56:41.678140+05:45","SourceModuleName":"in_win","SourceModuleType":"im_msvistalog"}
{"EventTime":"2021-09-29T19:56:39.798725+05:45","Hostname":"IT01.corp.local","Keywords":"4611686018427387904","EventType":"INFO","SeverityValue":2,"Severity":"INFO","EventID":59,"SourceName":"Microsoft-Windows-Bits-Client","ProviderGuid":"{EF1CC15B-46C1-414E-BB95-E76B077BD51E}","Version":1,"TaskValue":0,"OpcodeValue":1,"RecordNumber":4545,"ActivityID":"{0ACF5730-9A3E-44CA-92E1-D98D4F91E0B0}","ExecutionProcessID":356,"ExecutionThreadID":6556,"Channel":"Microsoft-Windows-Bits-Client/Operational","Domain":"NT AUTHORITY","AccountName":"SYSTEM","UserID":"S-1-5-18","AccountType":"User","Message":"BITS started the Font Download transfer job that is associated with the https://fs.microsoft.com/fs/windows/config.json URL.","Opcode":"Start","transferId":"{0acf5730-9a3e-44ca-92e1-d98d4f91e0b0}","name":"Font Download","Id":"{9e6fe86d-ae14-40b9-b53f-2ea6270dd430}","url":"https://fs.microsoft.com/fs/windows/config.json","fileTime":"2017-04-20T16:10:39.000000000Z","fileLength":"55","bytesTotal":"55","bytesTransferred":"0","bytesTransferredFromPeer":"0","EventReceivedTime":"2021-09-29T19:56:41.678140+05:45","SourceModuleName":"in_win","SourceModuleType":"im_msvistalog"}
{"EventTime":"2021-09-28T12:39:46.082041+05:45","Hostname":"IT02.corp.local","Keywords":"9223372036854775808","EventType":"INFO","SeverityValue":2,"Severity":"INFO","EventID":1011,"SourceName":"Microsoft-Windows-Windows Defender","ProviderGuid":"{11CD958A-C507-4EF3-B3F2-5FD9DFBD2C78}","Version":0,"TaskValue":0,"OpcodeValue":0,"RecordNumber":22597,"ExecutionProcessID":2080,"ExecutionThreadID":6768,"Channel":"Microsoft-Windows-Windows Defender/Operational","Domain":"NT AUTHORITY","AccountName":"SYSTEM","UserID":"S-1-5-18","AccountType":"User","Message":"Microsoft Defender Antivirus has deleted an item from quarantine.\r\n For more information please see the following:\r\nhttps://go.microsoft.com/fwlink/?linkid=37020&name=Trojan:Win32/Glupteba!ml&threatid=2147748182&enterprise=0\r\n \tName: Trojan:Win32/Glupteba!ml\r\n \tID: 2147748182\r\n \tSeverity: Severe\r\n \tCategory: Trojan\r\n \tUser: NT AUTHORITY\\SYSTEM\r\n \tSecurity intelligence Version: AV: 1.349.1543.0, AS: 1.349.1543.0\r\n \tEngine Version: 1.1.18500.10","Opcode":"Info","Product Name":"Microsoft Defender Antivirus","Product Version":"4.18.2108.7","User":"SYSTEM","SID":"S-1-5-18","Threat Name":"Trojan:Win32/Glupteba!ml","Threat ID":"2147748182","Severity ID":"5","Category ID":"8","FWLink":"https://go.microsoft.com/fwlink/?linkid=37020&name=Trojan:Win32/Glupteba!ml&threatid=2147748182&enterprise=0","Path":"file:_C:\\Windows\\b6a1458f396.exe","Severity Name":"Severe","Category Name":"Trojan","Security intelligence Version":"AV: 1.349.1543.0, AS: 1.349.1543.0","Engine Version":"1.1.18500.10","EventReceivedTime":"2021-09-28T12:39:48.364135+05:45","SourceModuleName":"in_win","SourceModuleType":"im_msvistalog"}
{"EventTime":"2021-09-29T04:56:09.733600+05:45","Hostname":"IT03.corp.local","Keywords":"9232379236109516800","EventType":"AUDIT_SUCCESS","SeverityValue":2,"Severity":"INFO","EventID":5058,"SourceName":"Microsoft-Windows-Security-Auditing","ProviderGuid":"{54849625-5478-4994-A5BA-3E3B0328C30D}","Version":1,"TaskValue":12292,"OpcodeValue":0,"RecordNumber":40726202,"ExecutionProcessID":632,"ExecutionThreadID":3968,"Channel":"Security","Message":"Key file operation.\r\n\r\nSubject:\r\n\tSecurity ID:\t\tS-1-5-18\r\n\tAccount Name:\t\tIT03$\r\n\tAccount Domain:\t\tCORP\r\n\tLogon ID:\t\t0x3E7\r\n\r\nProcess Information:\r\n\tProcess ID:\t\t4680\r\n\tProcess Creation Time:\t???2021???-???09???-???28T23:11:05.970699700Z\r\n\r\nCryptographic Parameters:\r\n\tProvider Name:\tMicrosoft Software Key Storage Provider\r\n\tAlgorithm Name:\tUNKNOWN\r\n\tKey Name:\t77640e54-d204-59d7-5059-5212bd67638e\r\n\tKey Type:\tUser key.\r\n\r\nKey File Operation Information:\r\n\tFile Path:\tC:\\ProgramData\\Microsoft\\Crypto\\SystemKeys\\7227327156fd8daa02999ffff5255449_0e823fd5-892f-4ff6-826b-8eb2e5230ee2\r\n\tOperation:\tRead persisted key from file.\r\n\tReturn Code:\t0x0","Category":"Other System Events","Opcode":"Info","SubjectUserSid":"S-1-5-18","SubjectUserName":"IT03$","SubjectDomainName":"CORP","SubjectLogonId":"0x3e7","ClientProcessId":"4680","ClientCreationTime":"2021-09-28T23:11:05.970699700Z","ProviderName":"Microsoft Software Key Storage Provider","AlgorithmName":"UNKNOWN","KeyName":"77640e54-d204-59d7-5059-5212bd67638e","KeyType":"%%2500","KeyFilePath":"C:\\ProgramData\\Microsoft\\Crypto\\SystemKeys\\7227327156fd8daa02999ffff5255449_0e823fd5-892f-4ff6-826b-8eb2e5230ee2","Operation":"%%2458","ReturnCode":"0x0","EventReceivedTime":"2021-09-29T04:56:11.120786+05:45","SourceModuleName":"in_win","SourceModuleType":"im_msvistalog"}
{"EventTime":"2021-09-29T04:56:09.734313+05:45","Hostname":"IT03.corp.local","Keywords":"9232379236109516800","EventType":"AUDIT_SUCCESS","SeverityValue":2,"Severity":"INFO","EventID":5061,"SourceName":"Microsoft-Windows-Security-Auditing","ProviderGuid":"{54849625-5478-4994-A5BA-3E3B0328C30D}","Version":0,"TaskValue":12290,"OpcodeValue":0,"RecordNumber":40726203,"ExecutionProcessID":632,"ExecutionThreadID":3968,"Channel":"Security","Message":"Cryptographic operation.\r\n\r\nSubject:\r\n\tSecurity ID:\t\tS-1-5-18\r\n\tAccount Name:\t\tIT03$\r\n\tAccount Domain:\t\tCORP\r\n\tLogon ID:\t\t0x3E7\r\n\r\nCryptographic Parameters:\r\n\tProvider Name:\tMicrosoft Software Key Storage Provider\r\n\tAlgorithm Name:\tRSA\r\n\tKey Name:\t77640e54-d204-59d7-5059-5212bd67638e\r\n\tKey Type:\tUser key.\r\n\r\nCryptographic Operation:\r\n\tOperation:\tOpen Key.\r\n\tReturn Code:\t0x0","Category":"System Integrity","Opcode":"Info","SubjectUserSid":"S-1-5-18","SubjectUserName":"IT03$","SubjectDomainName":"CORP","SubjectLogonId":"0x3e7","ProviderName":"Microsoft Software Key Storage Provider","AlgorithmName":"RSA","KeyName":"77640e54-d204-59d7-5059-5212bd67638e","KeyType":"%%2500","Operation":"%%2480","ReturnCode":"0x0","EventReceivedTime":"2021-09-29T04:56:11.120786+05:45","SourceModuleName":"in_win","SourceModuleType":"im_msvistalog"}
{"EventTime":"2021-09-28T00:17:16.165045+05:45","Hostname":"IT01.corp.local","Keywords":"36028797018963968","EventType":"INFO","SeverityValue":2,"Severity":"INFO","EventID":1056,"SourceName":"Microsoft-Windows-TerminalServices-RemoteConnectionManager","ProviderGuid":"{C76BAA63-AE81-421C-B425-340B4B24157F}","Version":0,"TaskValue":0,"OpcodeValue":0,"RecordNumber":26000,"ExecutionProcessID":0,"ExecutionThreadID":0,"Channel":"System","Message":"A new self signed certificate to be used for RD Session Host Server authentication on SSL connections was generated. The name on this certificate is IT01.corp.local. The SHA1 hash of the certificate is in the event data.","Data":"IT01.corp.local","EventData.Binary":"ED0DB314DA35E6A0A82B0A865DF89748FB6FEF70","EventReceivedTime":"2021-09-28T00:17:16.654653+05:45","SourceModuleName":"in_win","SourceModuleType":"im_msvistalog"}
{"EventTime":"2021-09-28T00:17:16.258437+05:45","Hostname":"IT01.corp.local","Keywords":"1152921504606846976","EventType":"INFO","SeverityValue":2,"Severity":"INFO","EventID":263,"SourceName":"Microsoft-Windows-TerminalServices-RemoteConnectionManager","ProviderGuid":"{C76BAA63-AE81-421C-B425-340B4B24157F}","Version":0,"TaskValue":0,"OpcodeValue":0,"RecordNumber":763,"ActivityID":"{F462FD51-0736-4F16-93A4-C0F9BFE30000}","ExecutionProcessID":1016,"ExecutionThreadID":4152,"Channel":"Microsoft-Windows-TerminalServices-RemoteConnectionManager/Operational","Domain":"NT AUTHORITY","AccountName":"NETWORK SERVICE","UserID":"S-1-5-20","AccountType":"Well Known Group","Message":"WDDM graphics mode is enabled","Opcode":"Info","EventReceivedTime":"2021-09-28T00:17:17.663858+05:45","SourceModuleName":"in_win","SourceModuleType":"im_msvistalog"}
{"EventTime":"2021-09-25T08:09:33.743396+05:45","Hostname":"ACC01.prod.corp.local","Keywords":"4611686018695823360","EventType":"WARNING","SeverityValue":3,"Severity":"WARNING","EventID":1014,"SourceName":"Microsoft-Windows-DNS-Client","ProviderGuid":"{1C95126E-7EEA-49A9-A3FE-A378B03DDB4D}","Version":0,"TaskValue":1014,"OpcodeValue":0,"RecordNumber":56369,"ExecutionProcessID":1348,"ExecutionThreadID":1844,"Channel":"System","Domain":"NT AUTHORITY","AccountName":"NETWORK SERVICE","UserID":"S-1-5-20","AccountType":"Well Known Group","Message":"Name resolution for the name wpad timed out after none of the configured DNS servers responded.","Opcode":"Info","QueryName":"wpad","AddressLength":"128","Address":"02000000C0A804CB000000000000000000000000000000000000000000000000000000000000000000000000000000000000000000000000000000000000000000000000000000000000000000000000000000000000000000000000000000000000000000000000000000000000000000000000000000000000000000000000","EventReceivedTime":"2021-09-25T08:09:34.773388+05:45","SourceModuleName":"in_win","SourceModuleType":"im_msvistalog"}
{"EventTime":"2021-09-25T02:32:56.000000+05:45","Hostname":"DC01.corp.local","Keywords":"36028797018963968","EventType":"WARNING","SeverityValue":3,"Severity":"WARNING","EventID":6038,"SourceName":"LsaSrv","ProviderGuid":"{199FE037-2B82-40A9-82AC-E1D46C792B99}","Version":0,"TaskValue":0,"OpcodeValue":0,"RecordNumber":647449,"ExecutionProcessID":0,"ExecutionThreadID":0,"Channel":"System","Message":"Microsoft Windows Server has detected that NTLM authentication is presently being used between clients and this server. This event occurs once per boot of the server on the first time a client uses NTLM with this server.\r\n \r\nNTLM is a weaker authentication mechanism. Please check:\r\n \r\n      Which applications are using NTLM authentication?\r\n      Are there configuration issues preventing the use of stronger authentication such as Kerberos authentication?\r\n      If NTLM must be supported, is Extended Protection configured?\r\n \r\nDetails on how to complete these checks can be found at http://go.microsoft.com/fwlink/?LinkId=225699.","Opcode":"Info","EventData":"","EventReceivedTime":"2021-09-25T02:32:57.033934+05:45","SourceModuleName":"in_win","SourceModuleType":"im_msvistalog"}
{"EventTime":"2021-09-23T09:41:19.484925+05:45","Hostname":"ACC01.prod.corp.local","Keywords":"9223372036854775808","EventType":"WARNING","SeverityValue":3,"Severity":"WARNING","EventID":50,"SourceName":"Microsoft-Windows-Time-Service","ProviderGuid":"{06EDCFEB-0FD0-4E53-ACCA-A6F8BBF81BCB}","Version":0,"TaskValue":0,"OpcodeValue":0,"RecordNumber":56285,"ExecutionProcessID":1212,"ExecutionThreadID":1356,"Channel":"System","Domain":"NT AUTHORITY","AccountName":"LOCAL SERVICE","UserID":"S-1-5-19","AccountType":"Well Known Group","Message":"The time service detected a time difference of greater than 5000 milliseconds for 900 seconds. The time difference might be caused by synchronization with low-accuracy time sources or by suboptimal network conditions. The time service is no longer synchronized and cannot provide the time to other clients or update the system clock. When a valid time stamp is received from a time service provider, the time service will correct itself.","Opcode":"Info","EventData.Name":"TMP_EVENT_LOCALCLOCK_UNSET","TimeDifferenceMilliseconds":"5000","TimeSampleSeconds":"900","EventReceivedTime":"2021-09-23T09:41:20.640680+05:45","SourceModuleName":"in_win","SourceModuleType":"im_msvistalog"}
{"EventTime":"2021-09-23T12:24:40.381081+05:45","Hostname":"IT02.corp.local","Keywords":"36028797018963968","EventType":"INFO","SeverityValue":2,"Severity":"INFO","EventID":9027,"SourceName":"Desktop Window Manager","Version":0,"TaskValue":0,"OpcodeValue":0,"RecordNumber":69268,"ExecutionProcessID":0,"ExecutionThreadID":0,"Channel":"Application","Message":"The Desktop Window Manager has registered the session port.","EventReceivedTime":"2021-09-23T12:24:41.036926+05:45","SourceModuleName":"in_win","SourceModuleType":"im_msvistalog"}
{"EventTime":"2021-09-23T12:24:41.128712+05:45","Hostname":"IT02.corp.local","Keywords":"1152921504606846976","EventType":"INFO","SeverityValue":2,"Severity":"INFO","EventID":41,"SourceName":"Microsoft-Windows-TerminalServices-LocalSessionManager","ProviderGuid":"{5D896912-022D-40AA-A3A8-4FA5515C76D7}","Version":0,"TaskValue":0,"OpcodeValue":0,"RecordNumber":3967,"ActivityID":"{F420916B-D21E-4094-9937-ED9A4AA50000}","ExecutionProcessID":1020,"ExecutionThreadID":8896,"Channel":"Microsoft-Windows-TerminalServices-LocalSessionManager/Operational","Domain":"NT AUTHORITY","AccountName":"SYSTEM","UserID":"S-1-5-18","AccountType":"User","Message":"Begin session arbitration:\r\n\r\nUser: CORP\\Leo\r\nSession ID: 7","Opcode":"Info","EventXML.User":"CORP\\Leo","EventXML.SessionID":"7","EventReceivedTime":"2021-09-23T12:24:42.068561+05:45","SourceModuleName":"in_win","SourceModuleType":"im_msvistalog"}
{"EventTime":"2021-09-23T12:24:41.148007+05:45","Hostname":"IT02.corp.local","Keywords":"1152921504606846976","EventType":"INFO","SeverityValue":2,"Severity":"INFO","EventID":42,"SourceName":"Microsoft-Windows-TerminalServices-LocalSessionManager","ProviderGuid":"{5D896912-022D-40AA-A3A8-4FA5515C76D7}","Version":0,"TaskValue":0,"OpcodeValue":0,"RecordNumber":3968,"ActivityID":"{F420916B-D21E-4094-9937-ED9A4AA50000}","ExecutionProcessID":1020,"ExecutionThreadID":8896,"Channel":"Microsoft-Windows-TerminalServices-LocalSessionManager/Operational","Domain":"NT AUTHORITY","AccountName":"SYSTEM","UserID":"S-1-5-18","AccountType":"User","Message":"End session arbitration:\r\n\r\nUser: CORP\\Leo\r\nSession ID: 7","Opcode":"Info","EventXML.User":"CORP\\Leo","EventXML.SessionID":"7","EventReceivedTime":"2021-09-23T12:24:42.068561+05:45","SourceModuleName":"in_win","SourceModuleType":"im_msvistalog"}
{"EventTime":"2021-09-23T12:24:41.149321+05:45","Hostname":"IT02.corp.local","Keywords":"2305878193585782784","EventType":"INFO","SeverityValue":2,"Severity":"INFO","EventID":7001,"SourceName":"Microsoft-Windows-Winlogon","ProviderGuid":"{DBE9B383-7CF3-4331-91CC-A3CB16A3B538}","Version":0,"TaskValue":1101,"OpcodeValue":0,"RecordNumber":82504,"ExecutionProcessID":8384,"ExecutionThreadID":4268,"Channel":"System","Domain":"NT AUTHORITY","AccountName":"SYSTEM","UserID":"S-1-5-18","AccountType":"User","Message":"User Logon Notification for Customer Experience Improvement Program","Opcode":"Info","TSId":"7","UserSid":"S-1-5-21-2569713578-3403938347-3732993993-1139","EventReceivedTime":"2021-09-23T12:24:42.068561+05:45","SourceModuleName":"in_win","SourceModuleType":"im_msvistalog"}
{"EventTime":"2021-09-23T12:24:42.332081+05:45","Hostname":"IT02.corp.local","Keywords":"1152921504606846976","EventType":"INFO","SeverityValue":2,"Severity":"INFO","EventID":21,"SourceName":"Microsoft-Windows-TerminalServices-LocalSessionManager","ProviderGuid":"{5D896912-022D-40AA-A3A8-4FA5515C76D7}","Version":0,"TaskValue":0,"OpcodeValue":0,"RecordNumber":3969,"ActivityID":"{F420916B-D21E-4094-9937-ED9A4AA50000}","ExecutionProcessID":1020,"ExecutionThreadID":1676,"Channel":"Microsoft-Windows-TerminalServices-LocalSessionManager/Operational","Domain":"NT AUTHORITY","AccountName":"SYSTEM","UserID":"S-1-5-18","AccountType":"User","Message":"Remote Desktop Services: Session logon succeeded:\r\n\r\nUser: CORP\\Leo\r\nSession ID: 7\r\nSource Network Address: 172.16.20.11","Opcode":"Info","EventXML.User":"CORP\\Leo","EventXML.SessionID":"7","EventXML.Address":"172.16.20.11","EventReceivedTime":"2021-09-23T12:24:43.083949+05:45","SourceModuleName":"in_win","SourceModuleType":"im_msvistalog"}
{"EventTime":"2021-09-23T12:24:43.155370+05:45","Hostname":"IT02.corp.local","Keywords":"1152921504606846976","EventType":"INFO","SeverityValue":2,"Severity":"INFO","EventID":22,"SourceName":"Microsoft-Windows-TerminalServices-LocalSessionManager","ProviderGuid":"{5D896912-022D-40AA-A3A8-4FA5515C76D7}","Version":0,"TaskValue":0,"OpcodeValue":0,"RecordNumber":3970,"ActivityID":"{F420916B-D21E-4094-9937-ED9A4AA50000}","ExecutionProcessID":1020,"ExecutionThreadID":1676,"Channel":"Microsoft-Windows-TerminalServices-LocalSessionManager/Operational","Domain":"NT AUTHORITY","AccountName":"SYSTEM","UserID":"S-1-5-18","AccountType":"User","Message":"Remote Desktop Services: Shell start notification received:\r\n\r\nUser: CORP\\Leo\r\nSession ID: 7\r\nSource Network Address: 172.16.20.11","Opcode":"Info","EventXML.User":"CORP\\Leo","EventXML.SessionID":"7","EventXML.Address":"172.16.20.11","EventReceivedTime":"2021-09-23T12:24:44.224582+05:45","SourceModuleName":"in_win","SourceModuleType":"im_msvistalog"}
{"EventTime":"2021-09-23T12:24:44.094334+05:45","Hostname":"IT02.corp.local","Keywords":"9232379236109516800","EventType":"AUDIT_SUCCESS","SeverityValue":2,"Severity":"INFO","EventID":5059,"SourceName":"Microsoft-Windows-Security-Auditing","ProviderGuid":"{54849625-5478-4994-A5BA-3E3B0328C30D}","Version":1,"TaskValue":12292,"OpcodeValue":0,"RecordNumber":18968852,"ExecutionProcessID":724,"ExecutionThreadID":6928,"Channel":"Security","Message":"Key migration operation.\r\n\r\nSubject:\r\n\tSecurity ID:\t\tS-1-5-21-2569713578-3403938347-3732993993-1139\r\n\tAccount Name:\t\tLeo\r\n\tAccount Domain:\t\tCORP\r\n\tLogon ID:\t\t0x28632A42\r\n\r\nProcess Information:\r\n\tProcess ID:\t\t7680\r\n\tProcess Creation Time:\t???2021???-???09???-???23T06:39:43.167490400Z\r\n\r\nCryptographic Parameters:\r\n\tProvider Name:\tMicrosoft Software Key Storage Provider\r\n\tAlgorithm Name:\tECDSA_P256\r\n\tKey Name:\tMicrosoft Connected Devices Platform device certificate\r\n\tKey Type:\tUser key.\r\n\r\nAdditional Information:\r\n\tOperation:\tExport of persistent cryptographic key.\r\n\tReturn Code:\t0x0","Category":"Other System Events","Opcode":"Info","SubjectUserSid":"S-1-5-21-2569713578-3403938347-3732993993-1139","SubjectUserName":"Leo","SubjectDomainName":"CORP","SubjectLogonId":"0x28632a42","ClientProcessId":"7680","ClientCreationTime":"2021-09-23T06:39:43.1674904Z","ProviderName":"Microsoft Software Key Storage Provider","AlgorithmName":"ECDSA_P256","KeyName":"Microsoft Connected Devices Platform device certificate","KeyType":"%%2500","Operation":"%%2464","ReturnCode":"0x0","EventReceivedTime":"2021-09-23T12:24:45.718167+05:45","SourceModuleName":"in_win","SourceModuleType":"im_msvistalog"}
{"EventTime":"2021-09-23T12:24:55.593776+05:45","Hostname":"IT02.corp.local","Keywords":"2306124492780339200","EventType":"INFO","SeverityValue":2,"Severity":"INFO","EventID":62170,"SourceName":"Microsoft-Windows-Shell-Core","ProviderGuid":"{30336ED4-E327-447C-9DE0-51B652C86108}","Version":0,"TaskValue":62170,"OpcodeValue":1,"RecordNumber":36842,"ExecutionProcessID":6320,"ExecutionThreadID":5836,"Channel":"Microsoft-Windows-Shell-Core/Operational","Domain":"CORP","AccountName":"Leo","UserID":"S-1-5-21-2569713578-3403938347-3732993993-1139","AccountType":"User","Message":"Logon task 'PostStartTasks' started with flags 0.","Opcode":"Start","LogonType":"0","TaskName":"PostStartTasks","EventReceivedTime":"2021-09-23T12:24:57.459533+05:45","SourceModuleName":"in_win","SourceModuleType":"im_msvistalog"}
{"EventTime":"2021-09-23T12:24:55.385487+05:45","Hostname":"IT02.corp.local","Keywords":"2306124492780339200","EventType":"INFO","SeverityValue":2,"Severity":"INFO","EventID":62171,"SourceName":"Microsoft-Windows-Shell-Core","ProviderGuid":"{30336ED4-E327-447C-9DE0-51B652C86108}","Version":0,"TaskValue":62170,"OpcodeValue":2,"RecordNumber":36836,"ExecutionProcessID":6320,"ExecutionThreadID":5836,"Channel":"Microsoft-Windows-Shell-Core/Operational","Domain":"CORP","AccountName":"Leo","UserID":"S-1-5-21-2569713578-3403938347-3732993993-1139","AccountType":"User","Message":"Logon task 'LaunchExperienceHost' finished with flags 0.","Opcode":"Stop","LogonType":"0","TaskName":"LaunchExperienceHost","EventReceivedTime":"2021-09-23T12:24:57.381408+05:45","SourceModuleName":"in_win","SourceModuleType":"im_msvistalog"}
{"EventTime":"2021-09-23T12:24:51.695046+05:45","Hostname":"IT02.corp.local","Keywords":"2305843009213759488","EventType":"INFO","SeverityValue":2,"Severity":"INFO","EventID":28125,"SourceName":"Microsoft-Windows-Shell-Core","ProviderGuid":"{30336ED4-E327-447C-9DE0-51B652C86108}","Version":0,"TaskValue":28137,"OpcodeValue":0,"RecordNumber":36824,"ExecutionProcessID":6320,"ExecutionThreadID":5900,"Channel":"Microsoft-Windows-Shell-Core/Operational","Domain":"CORP","AccountName":"Leo","UserID":"S-1-5-21-2569713578-3403938347-3732993993-1139","AccountType":"User","Message":"Starting to refresh app resolver cache for scenario 1 with flags 2316.","Opcode":"Info","Scenario":"1","Flags":"2316","EventReceivedTime":"2021-09-23T12:24:52.914906+05:45","SourceModuleName":"in_win","SourceModuleType":"im_msvistalog"}
{"EventTime":"2021-09-23T12:25:08.163521+05:45","Hostname":"IT02.corp.local","Keywords":"2305843009280868352","EventType":"INFO","SeverityValue":2,"Severity":"INFO","EventID":9705,"SourceName":"Microsoft-Windows-Shell-Core","ProviderGuid":"{30336ED4-E327-447C-9DE0-51B652C86108}","Version":0,"TaskValue":9705,"OpcodeValue":1,"RecordNumber":36897,"ExecutionProcessID":6320,"ExecutionThreadID":1704,"Channel":"Microsoft-Windows-Shell-Core/Operational","Domain":"CORP","AccountName":"Leo","UserID":"S-1-5-21-2569713578-3403938347-3732993993-1139","AccountType":"User","Message":"Started enumeration of commands for registry key 'Software\\Microsoft\\Windows\\CurrentVersion\\Run'.","Opcode":"Start","KeyName":"Software\\Microsoft\\Windows\\CurrentVersion\\Run","EventReceivedTime":"2021-09-23T12:25:09.913192+05:45","SourceModuleName":"in_win","SourceModuleType":"im_msvistalog"}
{"EventTime":"2021-09-23T12:25:07.772844+05:45","Hostname":"IT02.corp.local","Keywords":"2305843009280868352","EventType":"INFO","SeverityValue":2,"Severity":"INFO","EventID":9707,"SourceName":"Microsoft-Windows-Shell-Core","ProviderGuid":"{30336ED4-E327-447C-9DE0-51B652C86108}","Version":0,"TaskValue":9707,"OpcodeValue":1,"RecordNumber":36894,"ExecutionProcessID":6320,"ExecutionThreadID":1704,"Channel":"Microsoft-Windows-Shell-Core/Operational","Domain":"CORP","AccountName":"Leo","UserID":"S-1-5-21-2569713578-3403938347-3732993993-1139","AccountType":"User","Message":"Started execution of command 'vmtoolsd.exe\" -n vmusr'.","Opcode":"Start","Command":"vmtoolsd.exe\" -n vmusr","EventReceivedTime":"2021-09-23T12:25:08.882071+05:45","SourceModuleName":"in_win","SourceModuleType":"im_msvistalog"}
{"EventTime":"2021-09-23T12:25:08.163318+05:45","Hostname":"IT02.corp.local","Keywords":"2305843009280868352","EventType":"INFO","SeverityValue":2,"Severity":"INFO","EventID":9708,"SourceName":"Microsoft-Windows-Shell-Core","ProviderGuid":"{30336ED4-E327-447C-9DE0-51B652C86108}","Version":0,"TaskValue":9707,"OpcodeValue":2,"RecordNumber":36895,"ExecutionProcessID":6320,"ExecutionThreadID":1704,"Channel":"Microsoft-Windows-Shell-Core/Operational","Domain":"CORP","AccountName":"Leo","UserID":"S-1-5-21-2569713578-3403938347-3732993993-1139","AccountType":"User","Message":"Finished execution of command 'vmtoolsd.exe\" -n vmusr' (PID 5712).","Opcode":"Stop","PID":"5712","Command":"vmtoolsd.exe\" -n vmusr","EventReceivedTime":"2021-09-23T12:25:09.913192+05:45","SourceModuleName":"in_win","SourceModuleType":"im_msvistalog"}
{"EventTime":"2021-09-23T12:25:08.163348+05:45","Hostname":"IT02.corp.local","Keywords":"2305843009280868352","EventType":"INFO","SeverityValue":2,"Severity":"INFO","EventID":9706,"SourceName":"Microsoft-Windows-Shell-Core","ProviderGuid":"{30336ED4-E327-447C-9DE0-51B652C86108}","Version":0,"TaskValue":9705,"OpcodeValue":2,"RecordNumber":36896,"ExecutionProcessID":6320,"ExecutionThreadID":1704,"Channel":"Microsoft-Windows-Shell-Core/Operational","Domain":"CORP","AccountName":"Leo","UserID":"S-1-5-21-2569713578-3403938347-3732993993-1139","AccountType":"User","Message":"Finished enumeration of commands for registry key 'Software\\Microsoft\\Windows\\CurrentVersion\\Run'.","Opcode":"Stop","KeyName":"Software\\Microsoft\\Windows\\CurrentVersion\\Run","EventReceivedTime":"2021-09-23T12:25:09.913192+05:45","SourceModuleName":"in_win","SourceModuleType":"im_msvistalog"}
{"EventTime":"2021-09-23T15:24:58.346435+05:45","Hostname":"IT02.corp.local","Keywords":"9232379236109516800","EventType":"AUDIT_SUCCESS","SeverityValue":2,"Severity":"INFO","EventID":4779,"SourceName":"Microsoft-Windows-Security-Auditing","ProviderGuid":"{54849625-5478-4994-A5BA-3E3B0328C30D}","Version":0,"TaskValue":12551,"OpcodeValue":0,"RecordNumber":18970308,"ActivityID":"{7870D080-A924-0001-B9D0-707824A9D701}","ExecutionProcessID":724,"ExecutionThreadID":72,"Channel":"Security","Message":"A session was disconnected from a Window Station.\r\n\r\nSubject:\r\n\tAccount Name:\t\tLeo\r\n\tAccount Domain:\t\tCORP\r\n\tLogon ID:\t\t0x28632A42\r\n\r\nSession:\r\n\tSession Name:\t\tRDP-Tcp#14\r\n\r\nAdditional Information:\r\n\tClient Name:\t\tHOME-PC\r\n\tClient Address:\t\t172.16.20.11\r\n\r\n\r\nThis event is generated when a user disconnects from an existing Terminal Services session, or when a user switches away from an existing desktop using Fast User Switching.","Category":"Other Logon/Logoff Events","Opcode":"Info","AccountName":"Leo","AccountDomain":"CORP","LogonID":"0x28632a42","SessionName":"RDP-Tcp#14","ClientName":"HOME-PC","ClientAddress":"172.16.20.11","EventReceivedTime":"2021-09-23T15:24:59.803640+05:45","SourceModuleName":"in_win","SourceModuleType":"im_msvistalog"}
{"EventTime":"2021-09-23T15:25:00.562461+05:45","Hostname":"IT02.corp.local","Keywords":"9232379236109516800","EventType":"AUDIT_SUCCESS","SeverityValue":2,"Severity":"INFO","EventID":4800,"SourceName":"Microsoft-Windows-Security-Auditing","ProviderGuid":"{54849625-5478-4994-A5BA-3E3B0328C30D}","Version":0,"TaskValue":12551,"OpcodeValue":0,"RecordNumber":18970327,"ActivityID":"{7870D080-A924-0001-B9D0-707824A9D701}","ExecutionProcessID":724,"ExecutionThreadID":1188,"Channel":"Security","Message":"The workstation was locked.\r\n\r\nSubject:\r\n\tSecurity ID:\t\tS-1-5-21-2569713578-3403938347-3732993993-1139\r\n\tAccount Name:\t\tLeo\r\n\tAccount Domain:\t\tCORP\r\n\tLogon ID:\t\t0x28632A42\r\n\tSession ID:\t7","Category":"Other Logon/Logoff Events","Opcode":"Info","TargetUserSid":"S-1-5-21-2569713578-3403938347-3732993993-1139","TargetUserName":"Leo","TargetDomainName":"CORP","TargetLogonId":"0x28632a42","SessionId":"7","EventReceivedTime":"2021-09-23T15:25:01.928868+05:45","SourceModuleName":"in_win","SourceModuleType":"im_msvistalog"}
{"EventTime":"2021-09-23T12:11:09.293244+05:45","Hostname":"ACC01.prod.corp.local","Keywords":"9232379236109516800","EventType":"AUDIT_SUCCESS","SeverityValue":2,"Severity":"INFO","EventID":4616,"SourceName":"Microsoft-Windows-Security-Auditing","ProviderGuid":"{54849625-5478-4994-A5BA-3E3B0328C30D}","Version":1,"TaskValue":12288,"OpcodeValue":0,"RecordNumber":881648,"ExecutionProcessID":4,"ExecutionThreadID":2076,"Channel":"Security","Message":"The system time was changed.\r\n\r\nSubject:\r\n\tSecurity ID:\t\tS-1-5-19\r\n\tAccount Name:\t\tLOCAL SERVICE\r\n\tAccount Domain:\t\tNT AUTHORITY\r\n\tLogon ID:\t\t0x3E5\r\n\r\nProcess Information:\r\n\tProcess ID:\t0x4bc\r\n\tName:\t\tC:\\Windows\\System32\\svchost.exe\r\n\r\nPrevious Time:\t\t???2021???-???09???-???23T06:32:15.807648800Z\r\nNew Time:\t\t???2021???-???09???-???23T06:26:09.292333200Z\r\n\r\nThis event is generated when the system time is changed. It is normal for the Windows Time Service, which runs with System privilege, to change the system time on a regular basis. Other system time changes may be indicative of attempts to tamper with the computer.","Category":"Security State Change","Opcode":"Info","SubjectUserSid":"S-1-5-19","SubjectUserName":"LOCAL SERVICE","SubjectDomainName":"NT AUTHORITY","SubjectLogonId":"0x3e5","PreviousTime":"2021-09-23T06:32:15.8076488Z","NewTime":"2021-09-23T06:26:09.2923332Z","ProcessId":"0x4bc","ProcessName":"C:\\Windows\\System32\\svchost.exe","EventReceivedTime":"2021-09-23T12:17:16.414379+05:45","SourceModuleName":"in_win","SourceModuleType":"im_msvistalog"}
{"EventTime":"2021-09-23T12:32:59.420270+05:45","Hostname":"IT02.corp.local","Keywords":"9232379236109516800","EventType":"AUDIT_SUCCESS","SeverityValue":2,"Severity":"INFO","EventID":4797,"SourceName":"Microsoft-Windows-Security-Auditing","ProviderGuid":"{54849625-5478-4994-A5BA-3E3B0328C30D}","Version":0,"TaskValue":13824,"OpcodeValue":0,"RecordNumber":18969178,"ActivityID":"{7870D080-A924-0001-B9D0-707824A9D701}","ExecutionProcessID":724,"ExecutionThreadID":2124,"Channel":"Security","Message":"An attempt was made to query the existence of a blank password for an account.\r\n\r\nSubject:\r\n\tSecurity ID:\t\tS-1-5-21-2569713578-3403938347-3732993993-1139\r\n\tAccount Name:\t\tLeo\r\n\tAccount Domain:\t\tCORP\r\n\tLogon ID:\t\t0x28632A42\r\n\r\nAdditional Information:\r\n\tCaller Workstation:\tIT02\r\n\tTarget Account Name:\tsa\r\n\tTarget Account Domain:\tIT02","Category":"User Account Management","Opcode":"Info","SubjectUserSid":"S-1-5-21-2569713578-3403938347-3732993993-1139","SubjectUserName":"Leo","SubjectDomainName":"CORP","SubjectLogonId":"0x28632a42","Workstation":"IT02","TargetUserName":"sa","TargetDomainName":"IT02","EventReceivedTime":"2021-09-23T12:33:00.792833+05:45","SourceModuleName":"in_win","SourceModuleType":"im_msvistalog"}
{"EventTime":"2021-09-23T12:43:28.716802+05:45","Hostname":"IT02.corp.local","Keywords":"9232379236109516800","EventType":"AUDIT_SUCCESS","SeverityValue":2,"Severity":"INFO","EventID":4911,"SourceName":"Microsoft-Windows-Security-Auditing","ProviderGuid":"{54849625-5478-4994-A5BA-3E3B0328C30D}","Version":0,"TaskValue":13570,"OpcodeValue":0,"RecordNumber":18969302,"ExecutionProcessID":4,"ExecutionThreadID":348,"Channel":"Security","Message":"Resource attributes of the object were changed.\r\n\r\nSubject:\r\n\tSecurity ID:\t\tS-1-5-21-2569713578-3403938347-3732993993-1139\r\n\tAccount Name:\t\tLeo\r\n\tAccount Domain:\t\tCORP\r\n\tLogon ID:\t\t0x28632A42\r\n\r\nObject:\r\n\tObject Server:\tSecurity\r\n\tObject Type:\tFile\r\n\tObject Name:\tE:\\elastic-agent-7.14.2-windows-x86_64.zip\r\n\tHandle ID:\t0x20d0\r\n\r\nProcess Information:\r\n\tProcess ID:\t0x18b0\r\n\tProcess Name:\tC:\\Windows\\explorer.exe\r\n\r\nResource Attributes:\r\n\tOriginal Security Descriptor:\t\r\n\tNew Security Descriptor:\t\tS:ARAI(RA;;;;;WD;(\"IMAGELOAD\",TU,0x0,1))","Category":"Authorization Policy Change","Opcode":"Info","SubjectUserSid":"S-1-5-21-2569713578-3403938347-3732993993-1139","SubjectUserName":"Leo","SubjectDomainName":"CORP","SubjectLogonId":"0x28632a42","ObjectServer":"Security","ObjectType":"File","ObjectName":"E:\\elastic-agent-7.14.2-windows-x86_64.zip","HandleId":"0x20d0","NewSd":"S:ARAI(RA;;;;;WD;(\"IMAGELOAD\",TU,0x0,1))","ProcessId":"0x18b0","ProcessName":"C:\\Windows\\explorer.exe","EventReceivedTime":"2021-09-23T12:43:30.770787+05:45","SourceModuleName":"in_win","SourceModuleType":"im_msvistalog"}
{"EventTime":"2021-09-23T12:46:15.964306+05:45","Hostname":"IT02.corp.local","Keywords":"9259400833873739776","EventType":"ERROR","SeverityValue":4,"Severity":"ERROR","EventID":7034,"SourceName":"Service Control Manager","ProviderGuid":"{555908D1-A6D7-4695-8E1E-26931D2012F4}","Version":0,"TaskValue":0,"OpcodeValue":0,"RecordNumber":82513,"ExecutionProcessID":704,"ExecutionThreadID":5068,"Channel":"System","Message":"The Elastic Agent service terminated unexpectedly.  It has done this 1 time(s).","param1":"Elastic Agent","param2":"1","EventData.Binary":"45006C006100730074006900630020004100670065006E0074000000","EventReceivedTime":"2021-09-23T12:46:17.746134+05:45","SourceModuleName":"in_win","SourceModuleType":"im_msvistalog"}
{"EventTime":"2021-09-22T13:39:10.638121+05:45","Hostname":"IT02.corp.local","Keywords":"9223372036854775808","EventType":"INFO","SeverityValue":2,"Severity":"INFO","EventID":10000,"SourceName":"Microsoft-Windows-RestartManager","ProviderGuid":"{0888E5EF-9B98-4695-979D-E92CE4247224}","Version":0,"TaskValue":0,"OpcodeValue":0,"RecordNumber":69164,"ExecutionProcessID":8784,"ExecutionThreadID":7684,"Channel":"Application","Domain":"NT AUTHORITY","AccountName":"SYSTEM","UserID":"S-1-5-18","AccountType":"User","Message":"Starting session 0 - ???2021???-???09???-???22T07:54:10.631898500Z.","Opcode":"Info","RmSessionEvent.RmSessionId":"0","RmSessionEvent.UTCStartTime":"2021-09-22T07:54:10.6318985Z","EventReceivedTime":"2021-09-22T13:39:11.694461+05:45","SourceModuleName":"in_win","SourceModuleType":"im_msvistalog"}
{"EventTime":"2021-09-22T13:39:12.107282+05:45","Hostname":"IT02.corp.local","Keywords":"9223372036854775808","EventType":"INFO","SeverityValue":2,"Severity":"INFO","EventID":10002,"SourceName":"Microsoft-Windows-RestartManager","ProviderGuid":"{0888E5EF-9B98-4695-979D-E92CE4247224}","Version":0,"TaskValue":0,"OpcodeValue":0,"RecordNumber":69166,"ExecutionProcessID":5292,"ExecutionThreadID":9200,"Channel":"Application","Domain":"NT AUTHORITY","AccountName":"SYSTEM","UserID":"S-1-5-18","AccountType":"User","Message":"Shutting down application or service 'AteraAgent'.","Opcode":"Info","RmApplicationEvent.RmSessionId":"0","RmApplicationEvent.FullPath":"C:\\Program Files\\ATERA Networks\\AteraAgent\\AteraAgent.exe","RmApplicationEvent.DisplayName":"AteraAgent","RmApplicationEvent.AppVersion":"0","RmApplicationEvent.AppType":"3","RmApplicationEvent.TSSessionId":"0","RmApplicationEvent.Status":"262146","RmApplicationEvent.Pid":"5616","RmApplicationEvent.nFiles":"3","RmApplicationEvent.Files.File":"C:\\Program Files\\ATERA Networks\\AteraAgent\\AteraAgent.exe, C:\\Program Files\\ATERA Networks\\AteraAgent\\Newtonsoft.Json.dll, C:\\Program Files\\ATERA Networks\\AteraAgent\\PubNub-Messaging.dll","EventReceivedTime":"2021-09-22T13:39:13.757127+05:45","SourceModuleName":"in_win","SourceModuleType":"im_msvistalog"}
{"EventTime":"2021-09-22T13:39:20.185292+05:45","Hostname":"IT02.corp.local","Keywords":"9223372036854775808","EventType":"INFO","SeverityValue":2,"Severity":"INFO","EventID":10001,"SourceName":"Microsoft-Windows-RestartManager","ProviderGuid":"{0888E5EF-9B98-4695-979D-E92CE4247224}","Version":0,"TaskValue":0,"OpcodeValue":0,"RecordNumber":69172,"ExecutionProcessID":8784,"ExecutionThreadID":7684,"Channel":"Application","Domain":"NT AUTHORITY","AccountName":"SYSTEM","UserID":"S-1-5-18","AccountType":"User","Message":"Ending session 0 started ???2021???-???09???-???22T07:54:10.631898500Z.","Opcode":"Info","RmSessionEvent.RmSessionId":"0","RmSessionEvent.UTCStartTime":"2021-09-22T07:54:10.6318985Z","EventReceivedTime":"2021-09-22T13:39:21.804166+05:45","SourceModuleName":"in_win","SourceModuleType":"im_msvistalog"}
{"EventTime":"2021-09-22T13:39:20.137940+05:45","Hostname":"IT02.corp.local","Keywords":"9223372036854775808","EventType":"ERROR","SeverityValue":4,"Severity":"ERROR","EventID":10007,"SourceName":"Microsoft-Windows-RestartManager","ProviderGuid":"{0888E5EF-9B98-4695-979D-E92CE4247224}","Version":0,"TaskValue":0,"OpcodeValue":0,"RecordNumber":69170,"ExecutionProcessID":5292,"ExecutionThreadID":5728,"Channel":"Application","Domain":"NT AUTHORITY","AccountName":"SYSTEM","UserID":"S-1-5-18","AccountType":"User","Message":"Application or service 'AteraAgent' could not be restarted.","Opcode":"Info","RmApplicationEvent.RmSessionId":"0","RmApplicationEvent.FullPath":"C:\\Program Files\\ATERA Networks\\AteraAgent\\AteraAgent.exe","RmApplicationEvent.DisplayName":"AteraAgent","RmApplicationEvent.AppVersion":"0","RmApplicationEvent.AppType":"3","RmApplicationEvent.TSSessionId":"0","RmApplicationEvent.Status":"262178","RmApplicationEvent.Pid":"5616","RmApplicationEvent.nFiles":"0","EventReceivedTime":"2021-09-22T13:39:21.804166+05:45","SourceModuleName":"in_win","SourceModuleType":"im_msvistalog"}
{"EventTime":"2021-09-22T13:45:43.723817+05:45","Hostname":"IT02.corp.local","Keywords":"2305843009213759488","EventType":"INFO","SeverityValue":2,"Severity":"INFO","EventID":62144,"SourceName":"Microsoft-Windows-Shell-Core","ProviderGuid":"{30336ED4-E327-447C-9DE0-51B652C86108}","Version":0,"TaskValue":62132,"OpcodeValue":0,"RecordNumber":36652,"ExecutionProcessID":7580,"ExecutionThreadID":4708,"Channel":"Microsoft-Windows-Shell-Core/Operational","Domain":"CORP","AccountName":"Leo","UserID":"S-1-5-21-2569713578-3403938347-3732993993-1139","AccountType":"User","Message":"Updating install state of package Microsoft.MicrosoftEdge.Stable_8wekyb3d8bbwe to 'Completed' with HRESULT 0.","Opcode":"Info","PackageFamilyName":"Microsoft.MicrosoftEdge.Stable_8wekyb3d8bbwe","InstallState":"Completed","ErrorCode":"0","EventReceivedTime":"2021-09-22T13:45:45.113126+05:45","SourceModuleName":"in_win","SourceModuleType":"im_msvistalog"}
{"EventTime":"2021-09-22T14:29:34.949177+05:45","Hostname":"IT02.corp.local","Keywords":"36028797018963968","EventType":"INFO","SeverityValue":2,"Severity":"INFO","EventID":256,"SourceName":"vmStatsProvider","Version":0,"TaskValue":1,"OpcodeValue":0,"RecordNumber":69201,"ExecutionProcessID":0,"ExecutionThreadID":0,"Channel":"Application","Message":"The \"vmStatsProvider\" is successfully initialized for this Virtual Machine. WMI namespace: \"root\\cimv2\".","Category":"General","Opcode":"Info","Data":"root\\cimv2","EventReceivedTime":"2021-09-22T14:29:35.824247+05:45","SourceModuleName":"in_win","SourceModuleType":"im_msvistalog"}
{"EventTime":"2021-09-22T14:29:34.590288+05:45","Hostname":"IT02.corp.local","Keywords":"9223372036854775808","EventType":"WARNING","SeverityValue":3,"Severity":"WARNING","EventID":2002,"SourceName":"Microsoft-Windows-PerfProc","ProviderGuid":"{72D211E1-4C54-4A93-9520-4901681B2271}","Version":1,"TaskValue":0,"OpcodeValue":0,"RecordNumber":69202,"ExecutionProcessID":8040,"ExecutionThreadID":3760,"Channel":"Application","Domain":"CORP","AccountName":"Leo","UserID":"S-1-5-21-2569713578-3403938347-3732993993-1139","AccountType":"User","Message":"\\BaseNamedObjects\\WmiProviderSubSystemHostJob","Opcode":"Info","Win32 Error":"1060","EventReceivedTime":"2021-09-22T14:29:35.824247+05:45","SourceModuleName":"in_win","SourceModuleType":"im_msvistalog"}
{"EventTime":"2021-09-22T14:01:59.648923+05:45","Hostname":"IT02.corp.local","Keywords":"9223372036854775808","EventType":"WARNING","SeverityValue":3,"Severity":"WARNING","EventID":2017,"SourceName":"Microsoft-Windows-PerfOS","ProviderGuid":"{F82FB576-E941-4956-A2C7-A0CF83F6450A}","Version":1,"TaskValue":0,"OpcodeValue":0,"RecordNumber":69190,"ExecutionProcessID":8040,"ExecutionThreadID":6540,"Channel":"Application","Domain":"CORP","AccountName":"Leo","UserID":"S-1-5-21-2569713578-3403938347-3732993993-1139","AccountType":"User","Message":"Unable to collect NUMA physical memory utilization data. The first four bytes (DWORD) of the Data section contains the status code.","Opcode":"Info","NTSTATUS":"2147483653","EventReceivedTime":"2021-09-22T14:02:01.653701+05:45","SourceModuleName":"in_win","SourceModuleType":"im_msvistalog"}
{"EventTime":"2021-09-22T19:16:18.983531+05:45","Hostname":"DC01.corp.local","Keywords":"9223372036854775808","EventType":"INFO","SeverityValue":2,"Severity":"INFO","EventID":35,"SourceName":"Microsoft-Windows-Time-Service","ProviderGuid":"{06EDCFEB-0FD0-4E53-ACCA-A6F8BBF81BCB}","Version":0,"TaskValue":0,"OpcodeValue":0,"RecordNumber":646063,"ExecutionProcessID":940,"ExecutionThreadID":1964,"Channel":"System","Domain":"NT AUTHORITY","AccountName":"LOCAL SERVICE","UserID":"S-1-5-19","AccountType":"Well Known Group","Message":"The time service is now synchronizing the system time with the time source 1.uk.pool.ntp.org,0x1 (ntp.m|0x1|0.0.0.0:123->129.250.35.250:123).","Opcode":"Info","TimeSource":"1.uk.pool.ntp.org,0x1 (ntp.m|0x1|0.0.0.0:123-&gt;129.250.35.250:123)","EventReceivedTime":"2021-09-22T19:16:20.985158+05:45","SourceModuleName":"in_win","SourceModuleType":"im_msvistalog"}
{"EventTime":"2021-09-21T13:02:52.604319+05:45","Hostname":"DC02.prod.corp.local","Keywords":"9223372036854775808","EventType":"INFO","SeverityValue":2,"Severity":"INFO","EventID":153,"SourceName":"Microsoft-Windows-Kernel-Boot","ProviderGuid":"{15CA44FF-4D7A-4BAA-BBA5-0998955E531E}","Version":0,"TaskValue":62,"OpcodeValue":0,"RecordNumber":169965,"ExecutionProcessID":4,"ExecutionThreadID":8,"Channel":"System","Domain":"NT AUTHORITY","AccountName":"SYSTEM","UserID":"S-1-5-18","AccountType":"User","Message":"Virtualization-based security (policies: 0) is disabled.","Opcode":"Info","Status":"0","EnableDisableReason":"0","VsmPolicy":"0","EventReceivedTime":"2021-09-21T13:03:49.020278+05:45","SourceModuleName":"in_win","SourceModuleType":"im_msvistalog"}
