{"EventTime":"2021-10-01T13:13:58.116270+05:45","Hostname":"ACC01.prod.corp.local","Keywords":"9259400833873739776","EventType":"ERROR","SeverityValue":4,"Severity":"ERROR","EventID":7031,"SourceName":"Service Control Manager","ProviderGuid":"{555908D1-A6D7-4695-8E1E-26931D2012F4}","Version":0,"TaskValue":0,"OpcodeValue":0,"RecordNumber":56617,"ExecutionProcessID":632,"ExecutionThreadID":4292,"Channel":"System","Message":"The Windows Security Service service terminated unexpectedly.  It has done this 1 time(s).  The following corrective action will be taken in 60000 milliseconds: Restart the service.","param1":"Windows Security Service","param2":"1","param3":"60000","param4":"1","param5":"Restart the service","EventData.Binary":"530065006300750072006900740079004800650061006C007400680053006500720076006900630065000000","EventReceivedTime":"2021-10-01T13:13:58.950999+05:45","SourceModuleName":"in_win","SourceModuleType":"im_msvistalog"}
{"EventTime":"2021-10-02T04:55:58.144837+05:45","Hostname":"IT02.corp.local","Keywords":"9232379236109516800","EventType":"AUDIT_SUCCESS","SeverityValue":2,"Severity":"INFO","EventID":4798,"SourceName":"Microsoft-Windows-Security-Auditing","ProviderGuid":"{54849625-5478-4994-A5BA-3E3B0328C30D}","Version":0,"TaskValue":13824,"OpcodeValue":0,"RecordNumber":18994779,"ActivityID":"{7870D080-A924-0001-B9D0-707824A9D701}","ExecutionProcessID":724,"ExecutionThreadID":3656,"Channel":"Security","Message":"A user's local group membership was enumerated.\r\n\r\nSubject:\r\n\tSecurity ID:\t\tS-1-5-18\r\n\tAccount Name:\t\tIT02$\r\n\tAccount Domain:\t\tCORP\r\n\tLogon ID:\t\t0x3E7\r\n\r\nUser:\r\n\tSecurity ID:\t\tS-1-5-21-4172363987-4097446635-2680456566-501\r\n\tAccount Name:\t\tGuest\r\n\tAccount Domain:\t\tIT02\r\n\r\nProcess Information:\r\n\tProcess ID:\t\t0x4d4\r\n\tProcess Name:\t\tC:\\Windows\\System32\\CompatTelRunner.exe","Category":"User Account Management","Opcode":"Info","TargetUserName":"Guest","TargetDomainName":"IT02","TargetSid":"S-1-5-21-4172363987-4097446635-2680456566-501","SubjectUserSid":"S-1-5-18","SubjectUserName":"IT02$","SubjectDomainName":"CORP","SubjectLogonId":"0x3e7","CallerProcessId":"0x4d4","CallerProcessName":"C:\\Windows\\System32\\CompatTelRunner.exe","EventReceivedTime":"2021-10-02T04:55:59.663632+05:45","SourceModuleName":"in_win","SourceModuleType":"im_msvistalog"}
{"EventTime":"2021-10-02T03:02:20.605380+05:45","Hostname":"DC01.corp.local","Keywords":"9232379236109516800","EventType":"AUDIT_SUCCESS","SeverityValue":2,"Severity":"INFO","EventID":4690,"SourceName":"Microsoft-Windows-Security-Auditing","ProviderGuid":"{54849625-5478-4994-A5BA-3E3B0328C30D}","Version":0,"TaskValue":12807,"OpcodeValue":0,"RecordNumber":190887410,"ExecutionProcessID":4,"ExecutionThreadID":4296,"Channel":"Security","Message":"An attempt was made to duplicate a handle to an object.\r\n\r\nSubject:\r\n\tSecurity ID:\t\tS-1-5-18\r\n\tAccount Name:\t\tDC01$\r\n\tAccount Domain:\t\tCORP\r\n\tLogon ID:\t\t0x3E7\r\n\r\nSource Handle Information:\r\n\tSource Handle ID:\t0x26c\r\n\tSource Process ID:\t0x13d4\r\n\r\nNew Handle Information:\r\n\tTarget Handle ID:\t0xd64\r\n\tTarget Process ID:\t0x4","Category":"Handle Manipulation","Opcode":"Info","SubjectUserSid":"S-1-5-18","SubjectUserName":"DC01$","SubjectDomainName":"CORP","SubjectLogonId":"0x3e7","SourceHandleId":"0x26c","SourceProcessId":"0x13d4","TargetHandleId":"0xd64","TargetProcessId":"0x4","EventReceivedTime":"2021-10-02T03:02:21.433504+05:45","SourceModuleName":"in_win","SourceModuleType":"im_msvistalog"}
{"EventTime":"2021-10-02T03:02:20.605380+05:45","Hostname":"DC01.corp.local","Keywords":"9232379236109516800","EventType":"AUDIT_SUCCESS","SeverityValue":2,"Severity":"INFO","EventID":4656,"SourceName":"Microsoft-Windows-Security-Auditing","ProviderGuid":"{54849625-5478-4994-A5BA-3E3B0328C30D}","Version":1,"TaskValue":12800,"OpcodeValue":0,"RecordNumber":190887416,"ExecutionProcessID":512,"ExecutionThreadID":520,"Channel":"Security","Message":"A handle to an object was requested.\r\n\r\nSubject:\r\n\tSecurity ID:\t\tS-1-5-18\r\n\tAccount Name:\t\tDC01$\r\n\tAccount Domain:\t\tCORP\r\n\tLogon ID:\t\t0x3E7\r\n\r\nObject:\r\n\tObject Server:\t\tSecurity\r\n\tObject Type:\t\tFile\r\n\tObject Name:\t\tC:\\Windows\\WinSxS\\FileMaps\\$$_system32_21f9a9c4a2f8b514.cdf-ms\r\n\tHandle ID:\t\t0x26c\r\n\tResource Attributes:\t-\r\n\r\nProcess Information:\r\n\tProcess ID:\t\t0x13d4\r\n\tProcess Name:\t\tC:\\Windows\\System32\\rundll32.exe\r\n\r\nAccess Request Information:\r\n\tTransaction ID:\t\t{00000000-0000-0000-0000-000000000000}\r\n\tAccesses:\t\tREAD_CONTROL\r\n\t\t\t\tSYNCHRONIZE\r\n\t\t\t\tReadData (or ListDirectory)\r\n\t\t\t\tReadEA\r\n\t\t\t\tReadAttributes\r\n\t\t\t\t\r\n\tAccess Reasons:\t\tREAD_CONTROL:\tGranted by\tD:(A;;0x1200a9;;;BA)\r\n\t\t\t\tSYNCHRONIZE:\tGranted by\tD:(A;;0x1200a9;;;BA)\r\n\t\t\t\tReadData (or ListDirectory):\tGranted by\tD:(A;;0x1200a9;;;BA)\r\n\t\t\t\tReadEA:\tGranted by\tD:(A;;0x1200a9;;;BA)\r\n\t\t\t\tReadAttributes:\tGranted by\tD:(A;;0x1200a9;;;BA)\r\n\t\t\t\t\r\n\tAccess Mask:\t\t0x120089\r\n\tPrivileges Used for Access Check:\t-\r\n\tRestricted SID Count:\t0","Category":"File System","Opcode":"Info","SubjectUserSid":"S-1-5-18","SubjectUserName":"DC01$","SubjectDomainName":"CORP","SubjectLogonId":"0x3e7","ObjectServer":"Security","ObjectType":"File","ObjectName":"C:\\Windows\\WinSxS\\FileMaps\\$$_system32_21f9a9c4a2f8b514.cdf-ms","HandleId":"0x26c","TransactionId":"{00000000-0000-0000-0000-000000000000}","AccessList":"%%1538\r\n\t\t\t\t%%1541\r\n\t\t\t\t%%4416\r\n\t\t\t\t%%4419\r\n\t\t\t\t%%4423\r\n\t\t\t\t","AccessReason":"%%1538:\t%%1801\tD:(A;;0x1200a9;;;BA)\r\n\t\t\t\t%%1541:\t%%1801\tD:(A;;0x1200a9;;;BA)\r\n\t\t\t\t%%4416:\t%%1801\tD:(A;;0x1200a9;;;BA)\r\n\t\t\t\t%%4419:\t%%1801\tD:(A;;0x1200a9;;;BA)\r\n\t\t\t\t%%4423:\t%%1801\tD:(A;;0x1200a9;;;BA)\r\n\t\t\t\t","AccessMask":"0x120089","PrivilegeList":"-","RestrictedSidCount":"0","ProcessId":"0x13d4","ProcessName":"C:\\Windows\\System32\\rundll32.exe","ResourceAttributes":"-","EventReceivedTime":"2021-10-02T03:02:21.433504+05:45","SourceModuleName":"in_win","SourceModuleType":"im_msvistalog"}
{"EventTime":"2021-10-02T04:57:43.602355+05:45","Hostname":"IT02.corp.local","Keywords":"36028797018963968","EventType":"INFO","SeverityValue":2,"Severity":"INFO","EventID":500,"SourceName":"PowerShell","Version":0,"TaskValue":5,"OpcodeValue":0,"RecordNumber":2057584,"ExecutionProcessID":0,"ExecutionThreadID":0,"Channel":"Windows PowerShell","Message":"Command \"\" is Started. \r\n\r\nDetails: \r\n\tNewCommandState=Started\r\n\r\n\tSequenceNumber=26\r\n\r\n\tHostName=ConsoleHost\r\n\tHostVersion=5.1.19041.868\r\n\tHostId=9e1a634c-bd69-49c0-9571-caa27b7ce918\r\n\tHostApplication=powershell.exe -ExecutionPolicy Restricted -Command Write-Host 'Final result: 1';\r\n\tEngineVersion=5.1.19041.868\r\n\tRunspaceId=24619fd4-75be-406b-b906-7daf65757881\r\n\tPipelineId=3\r\n\tCommandName=\r\n\tCommandType=Script\r\n\tScriptName=\r\n\tCommandPath=\r\n\tCommandLine=","Category":"Command Lifecycle","Opcode":"Info","Data":"Started","Data_1":"\tNewCommandState=Started\n\n\tSequenceNumber=26\n\n\tHostName=ConsoleHost\n\tHostVersion=5.1.19041.868\n\tHostId=9e1a634c-bd69-49c0-9571-caa27b7ce918\n\tHostApplication=powershell.exe -ExecutionPolicy Restricted -Command Write-Host 'Final result: 1';\n\tEngineVersion=5.1.19041.868\n\tRunspaceId=24619fd4-75be-406b-b906-7daf65757881\n\tPipelineId=3\n\tCommandName=\n\tCommandType=Script\n\tScriptName=\n\tCommandPath=\n\tCommandLine=","EventReceivedTime":"2021-10-02T04:57:44.645032+05:45","SourceModuleName":"in_win","SourceModuleType":"im_msvistalog"}
{"EventTime":"2021-10-02T04:57:43.394149+05:45","Hostname":"IT02.corp.local","Keywords":"36028797018963968","EventType":"INFO","SeverityValue":2,"Severity":"INFO","EventID":501,"SourceName":"PowerShell","Version":0,"TaskValue":5,"OpcodeValue":0,"RecordNumber":2057581,"ExecutionProcessID":0,"ExecutionThreadID":0,"Channel":"Windows PowerShell","Message":"Command \"\" is Stopped. \r\n\r\nDetails: \r\n\tNewCommandState=Stopped\r\n\r\n\tSequenceNumber=22\r\n\r\n\tHostName=ConsoleHost\r\n\tHostVersion=5.1.19041.868\r\n\tHostId=9e1a634c-bd69-49c0-9571-caa27b7ce918\r\n\tHostApplication=powershell.exe -ExecutionPolicy Restricted -Command Write-Host 'Final result: 1';\r\n\tEngineVersion=5.1.19041.868\r\n\tRunspaceId=24619fd4-75be-406b-b906-7daf65757881\r\n\tPipelineId=1\r\n\tCommandName=\r\n\tCommandType=Script\r\n\tScriptName=\r\n\tCommandPath=\r\n\tCommandLine=","Category":"Command Lifecycle","Opcode":"Info","Data":"Stopped","Data_1":"\tNewCommandState=Stopped\n\n\tSequenceNumber=22\n\n\tHostName=ConsoleHost\n\tHostVersion=5.1.19041.868\n\tHostId=9e1a634c-bd69-49c0-9571-caa27b7ce918\n\tHostApplication=powershell.exe -ExecutionPolicy Restricted -Command Write-Host 'Final result: 1';\n\tEngineVersion=5.1.19041.868\n\tRunspaceId=24619fd4-75be-406b-b906-7daf65757881\n\tPipelineId=1\n\tCommandName=\n\tCommandType=Script\n\tScriptName=\n\tCommandPath=\n\tCommandLine=","EventReceivedTime":"2021-10-02T04:57:43.577923+05:45","SourceModuleName":"in_win","SourceModuleType":"im_msvistalog"}
{"EventTime":"2021-10-02T04:36:33.738635+05:45","Hostname":"ACC01.prod.corp.local","Keywords":"0","EventType":"WARNING","SeverityValue":3,"Severity":"WARNING","EventID":4100,"SourceName":"Microsoft-Windows-PowerShell","ProviderGuid":"{A0C1853B-5C40-4B15-8766-3CF1C58F985A}","Version":1,"TaskValue":106,"OpcodeValue":19,"RecordNumber":7998,"ActivityID":"{63A5CF36-AEB8-0001-511F-A863B8AED701}","ExecutionProcessID":6328,"ExecutionThreadID":2744,"Channel":"Microsoft-Windows-PowerShell/Operational","Domain":"NT AUTHORITY","AccountName":"SYSTEM","UserID":"S-1-5-18","AccountType":"User","Message":"Error Message = File C:\\Windows\\System32\\WindowsPowerShell\\v1.0\\profile.ps1 cannot be loaded because running scripts is disabled on this system. For more information, see about_Execution_Policies at https:/go.microsoft.com/fwlink/?LinkID=135170.\r\nFully Qualified Error ID = UnauthorizedAccess\r\nRecommended Action = \r\n\r\n\r\nContext:\r\n        Severity = Warning\r\n        Host Name = ConsoleHost\r\n        Host Version = 5.1.19041.610\r\n        Host ID = 8fbaf51c-c06d-4ae9-9a70-9a299b2e3793\r\n        Host Application = powershell.exe -ExecutionPolicy Restricted -Command Write-Host 'Final result: 1';\r\n        Engine Version = 5.1.19041.610\r\n        Runspace ID = 61e18963-08f1-411b-83f7-04f09c65205a\r\n        Pipeline ID = 1\r\n        Command Name = \r\n        Command Type = \r\n        Script Name = \r\n        Command Path = \r\n        Sequence Number = 15\r\n        User = PROD\\SYSTEM\r\n        Connected User = \r\n        Shell ID = Microsoft.PowerShell\r\n\r\n\r\nUser Data:\r\n\r\n","Category":"Executing Pipeline","Opcode":"To be used when an exception is raised","ContextInfo":"        Severity = Warning\n        Host Name = ConsoleHost\n        Host Version = 5.1.19041.610\n        Host ID = 8fbaf51c-c06d-4ae9-9a70-9a299b2e3793\n        Host Application = powershell.exe -ExecutionPolicy Restricted -Command Write-Host 'Final result: 1';\n        Engine Version = 5.1.19041.610\n        Runspace ID = 61e18963-08f1-411b-83f7-04f09c65205a\n        Pipeline ID = 1\n        Command Name = \n        Command Type = \n        Script Name = \n        Command Path = \n        Sequence Number = 15\n        User = PROD\\SYSTEM\n        Connected User = \n        Shell ID = Microsoft.PowerShell\n","Payload":"Error Message = File C:\\Windows\\System32\\WindowsPowerShell\\v1.0\\profile.ps1 cannot be loaded because running scripts is disabled on this system. For more information, see about_Execution_Policies at https:/go.microsoft.com/fwlink/?LinkID=135170.\nFully Qualified Error ID = UnauthorizedAccess\nRecommended Action = \n","EventReceivedTime":"2021-10-02T04:36:34.726415+05:45","SourceModuleName":"in_win","SourceModuleType":"im_msvistalog"}
{"EventTime":"2021-10-01T04:21:34.656739+05:45","Hostname":"IT01.corp.local","Keywords":"36028797018963968","EventType":"INFO","SeverityValue":2,"Severity":"INFO","EventID":5823,"SourceName":"NETLOGON","TaskValue":0,"RecordNumber":26133,"ExecutionProcessID":0,"ExecutionThreadID":0,"Channel":"System","Message":" The system successfully changed its password on the domain controller \\\\DC01.corp.local.  This event is logged when the password for the computer account is changed by the system. It is logged on the computer that changed the password.","Opcode":"Info","Data":"\\\\DC01.corp.local","EventReceivedTime":"2021-10-01T04:21:35.170126+05:45","SourceModuleName":"in_win","SourceModuleType":"im_msvistalog"}
{"EventTime":"2021-10-01T04:21:34.463665+05:45","Hostname":"DC01.corp.local","Keywords":"9232379236109516800","EventType":"AUDIT_SUCCESS","SeverityValue":2,"Severity":"INFO","EventID":4742,"SourceName":"Microsoft-Windows-Security-Auditing","ProviderGuid":"{54849625-5478-4994-A5BA-3E3B0328C30D}","Version":0,"TaskValue":13825,"OpcodeValue":0,"RecordNumber":190867006,"ExecutionProcessID":512,"ExecutionThreadID":4268,"Channel":"Security","Message":"A computer account was changed.\r\n\r\nSubject:\r\n\tSecurity ID:\t\tS-1-5-7\r\n\tAccount Name:\t\tANONYMOUS LOGON\r\n\tAccount Domain:\t\tNT AUTHORITY\r\n\tLogon ID:\t\t0x3E6\r\n\r\nComputer Account That Was Changed:\r\n\tSecurity ID:\t\tS-1-5-21-2569713578-3403938347-3732993993-1131\r\n\tAccount Name:\t\tIT01$\r\n\tAccount Domain:\t\tCORP\r\n\r\nChanged Attributes:\r\n\tSAM Account Name:\t-\r\n\tDisplay Name:\t\t-\r\n\tUser Principal Name:\t-\r\n\tHome Directory:\t\t-\r\n\tHome Drive:\t\t-\r\n\tScript Path:\t\t-\r\n\tProfile Path:\t\t-\r\n\tUser Workstations:\t-\r\n\tPassword Last Set:\t10/1/2021 4:21:34 AM\r\n\tAccount Expires:\t\t-\r\n\tPrimary Group ID:\t-\r\n\tAllowedToDelegateTo:\t-\r\n\tOld UAC Value:\t\t-\r\n\tNew UAC Value:\t\t-\r\n\tUser Account Control:\t-\r\n\tUser Parameters:\t-\r\n\tSID History:\t\t-\r\n\tLogon Hours:\t\t-\r\n\tDNS Host Name:\t\t-\r\n\tService Principal Names:\t-\r\n\r\nAdditional Information:\r\n\tPrivileges:\t\t-","Category":"Computer Account Management","Opcode":"Info","ComputerAccountChange":"-","TargetUserName":"IT01$","TargetDomainName":"CORP","TargetSid":"S-1-5-21-2569713578-3403938347-3732993993-1131","SubjectUserSid":"S-1-5-7","SubjectUserName":"ANONYMOUS LOGON","SubjectDomainName":"NT AUTHORITY","SubjectLogonId":"0x3e6","PrivilegeList":"-","SamAccountName":"-","DisplayName":"-","UserPrincipalName":"-","HomeDirectory":"-","HomePath":"-","ScriptPath":"-","ProfilePath":"-","UserWorkstations":"-","PasswordLastSet":"10/1/2021 4:21:34 AM","AccountExpires":"-","PrimaryGroupId":"-","AllowedToDelegateTo":"-","OldUacValue":"-","NewUacValue":"-","UserAccountControl":"-","UserParameters":"-","SidHistory":"-","LogonHours":"-","DnsHostName":"-","ServicePrincipalNames":"-","EventReceivedTime":"2021-10-01T04:21:35.698025+05:45","SourceModuleName":"in_win","SourceModuleType":"im_msvistalog"}
{"EventTime":"2021-09-29T12:42:46.620573+05:45","Hostname":"IT02.corp.local","Keywords":"9223372036854775808","EventType":"INFO","SeverityValue":2,"Severity":"INFO","EventID":1501,"SourceName":"Microsoft-Windows-GroupPolicy","ProviderGuid":"{AEA1B4FA-97D1-45F2-A64C-4D69FFFD92C9}","Version":0,"TaskValue":0,"OpcodeValue":1,"RecordNumber":82718,"ActivityID":"{E90BEC84-D5B2-416B-8F39-25931089BDD6}","ExecutionProcessID":1976,"ExecutionThreadID":6920,"Channel":"System","Domain":"CORP","AccountName":"Leo","UserID":"S-1-5-21-2569713578-3403938347-3732993993-1139","AccountType":"User","Message":"The Group Policy settings for the user were processed successfully. There were no changes detected since the last successful processing of Group Policy.","Opcode":"Start","SupportInfo1":"1","SupportInfo2":"4292","ProcessingMode":"0","ProcessingTimeInMilliseconds":"1719","DCName":"\\\\DC01.corp.local","EventReceivedTime":"2021-09-29T12:42:47.441525+05:45","SourceModuleName":"in_win","SourceModuleType":"im_msvistalog"}
{"EventTime":"2021-09-29T09:47:45.252964+05:45","Hostname":"IT02.corp.local","Keywords":"9232379236109516800","EventType":"AUDIT_SUCCESS","SeverityValue":2,"Severity":"INFO","EventID":5381,"SourceName":"Microsoft-Windows-Security-Auditing","ProviderGuid":"{54849625-5478-4994-A5BA-3E3B0328C30D}","Version":0,"TaskValue":13824,"OpcodeValue":0,"RecordNumber":18988216,"ExecutionProcessID":724,"ExecutionThreadID":7932,"Channel":"Security","Message":"Vault credentials were read.\r\n\r\nSubject:\r\n\tSecurity ID:\t\tS-1-5-21-2569713578-3403938347-3732993993-1139\r\n\tAccount Name:\t\tLeo\r\n\tAccount Domain:\t\tCORP\r\n\tLogon ID:\t\t0x28632A42\r\n\r\nThis event occurs when a user enumerates stored vault credentials.","Category":"User Account Management","Opcode":"Info","SubjectUserSid":"S-1-5-21-2569713578-3403938347-3732993993-1139","SubjectUserName":"Leo","SubjectDomainName":"CORP","SubjectLogonId":"0x28632a42","Flags":"0","CountOfCredentialsReturned":"0","ProcessCreationTime":"2021-09-29T04:02:36.8912132Z","ClientProcessId":"3100","EventReceivedTime":"2021-09-29T09:47:47.138027+05:45","SourceModuleName":"in_win","SourceModuleType":"im_msvistalog"}
{"EventTime":"2021-09-29T11:28:23.891245+05:45","Hostname":"IT02.corp.local","Keywords":"9223372036854775808","EventType":"INFO","SeverityValue":2,"Severity":"INFO","EventID":1013,"SourceName":"Microsoft-Windows-Windows Defender","ProviderGuid":"{11CD958A-C507-4EF3-B3F2-5FD9DFBD2C78}","Version":0,"TaskValue":0,"OpcodeValue":0,"RecordNumber":22626,"ExecutionProcessID":2080,"ExecutionThreadID":4924,"Channel":"Microsoft-Windows-Windows Defender/Operational","Domain":"NT AUTHORITY","AccountName":"SYSTEM","UserID":"S-1-5-18","AccountType":"User","Message":"Microsoft Defender Antivirus has removed history of malware and other potentially unwanted software.\r\n \tTime: 9/14/2021 11:28:23 AM\r\n \tUser: NT AUTHORITY\\SYSTEM\r\n","Opcode":"Info","Product Name":"Microsoft Defender Antivirus","Product Version":"4.18.2108.7","Timestamp":"9/14/2021 11:28:23 AM","User":"SYSTEM","SID":"S-1-5-18","EventReceivedTime":"2021-09-29T11:28:25.013013+05:45","SourceModuleName":"in_win","SourceModuleType":"im_msvistalog"}
{"EventTime":"2021-09-29T12:37:18.642065+05:45","Hostname":"IT02.corp.local","Keywords":"9259400833873739776","EventType":"INFO","SeverityValue":2,"Severity":"INFO","EventID":7045,"SourceName":"Service Control Manager","ProviderGuid":"{555908D1-A6D7-4695-8E1E-26931D2012F4}","Version":0,"TaskValue":0,"OpcodeValue":0,"RecordNumber":82712,"ExecutionProcessID":704,"ExecutionThreadID":3336,"Channel":"System","Domain":"NT AUTHORITY","AccountName":"SYSTEM","UserID":"S-1-5-18","AccountType":"User","Message":"A service was installed in the system.\r\n\r\nService Name:  EDR Agent activity monitor\r\nService File Name:  C:\\Windows\\system32\\drivers\\edrdrv.sys\r\nService Type:  kernel mode driver\r\nService Start Type:  disabled\r\nService Account:  ","ServiceName":"EDR Agent activity monitor","ImagePath":"C:\\Windows\\system32\\drivers\\edrdrv.sys","ServiceType":"kernel mode driver","StartType":"disabled","EventReceivedTime":"2021-09-29T12:37:20.224893+05:45","SourceModuleName":"in_win","SourceModuleType":"im_msvistalog"}
{"EventTime":"2021-09-29T12:37:18.645270+05:45","Hostname":"IT02.corp.local","Keywords":"9232379236109516800","EventType":"AUDIT_SUCCESS","SeverityValue":2,"Severity":"INFO","EventID":4697,"SourceName":"Microsoft-Windows-Security-Auditing","ProviderGuid":"{54849625-5478-4994-A5BA-3E3B0328C30D}","Version":1,"TaskValue":12289,"OpcodeValue":0,"RecordNumber":18988812,"ActivityID":"{7870D080-A924-0001-B9D0-707824A9D701}","ExecutionProcessID":724,"ExecutionThreadID":8476,"Channel":"Security","Message":"A service was installed in the system.\r\n\r\nSubject:\r\n\tSecurity ID:\t\tS-1-5-18\r\n\tAccount Name:\t\tIT02$\r\n\tAccount Domain:\t\tCORP\r\n\tLogon ID:\t\t0x3E7\r\n\r\nService Information:\r\n\tService Name: \t\tedrdrv\r\n\tService File Name:\tC:\\Windows\\system32\\drivers\\edrdrv.sys\r\n\tService Type: \t\t0x2\r\n\tService Start Type:\t4\r\n\tService Account: \t\tLocalSystem","Category":"Security System Extension","Opcode":"Info","SubjectUserSid":"S-1-5-18","SubjectUserName":"IT02$","SubjectDomainName":"CORP","SubjectLogonId":"0x3e7","ServiceName":"edrdrv","ServiceFileName":"C:\\Windows\\system32\\drivers\\edrdrv.sys","ServiceType":"0x2","ServiceStartType":"4","ServiceAccount":"LocalSystem","ClientProcessStartKey":"15762598695915713","ClientProcessId":"8420","ParentProcessId":"1876","EventReceivedTime":"2021-09-29T12:37:20.224893+05:45","SourceModuleName":"in_win","SourceModuleType":"im_msvistalog"}
{"EventTime":"2021-09-29T19:56:38.821567+05:45","Hostname":"IT01.corp.local","Keywords":"4611686018427387904","EventType":"VERBOSE","SeverityValue":1,"Severity":"DEBUG","EventID":306,"SourceName":"Microsoft-Windows-Bits-Client","ProviderGuid":"{EF1CC15B-46C1-414E-BB95-E76B077BD51E}","Version":0,"TaskValue":0,"OpcodeValue":0,"RecordNumber":4540,"ExecutionProcessID":356,"ExecutionThreadID":1344,"Channel":"Microsoft-Windows-Bits-Client/Operational","Domain":"NT AUTHORITY","AccountName":"SYSTEM","UserID":"S-1-5-18","AccountType":"User","Message":"The BITS service loaded the job list from disk.","Opcode":"Info","EventReceivedTime":"2021-09-29T19:56:40.652026+05:45","SourceModuleName":"in_win","SourceModuleType":"im_msvistalog"}
{"EventTime":"2021-09-29T12:33:34.168267+05:45","Hostname":"IT02.corp.local","Keywords":"1152921504606846976","EventType":"INFO","SeverityValue":2,"Severity":"INFO","EventID":261,"SourceName":"Microsoft-Windows-TerminalServices-RemoteConnectionManager","ProviderGuid":"{C76BAA63-AE81-421C-B425-340B4B24157F}","Version":0,"TaskValue":0,"OpcodeValue":0,"RecordNumber":2152,"ActivityID":"{F420310A-949A-4CA3-9D0B-B777C69E0000}","ExecutionProcessID":788,"ExecutionThreadID":1488,"Channel":"Microsoft-Windows-TerminalServices-RemoteConnectionManager/Operational","Domain":"NT AUTHORITY","AccountName":"NETWORK SERVICE","UserID":"S-1-5-20","AccountType":"Well Known Group","Message":"Listener RDP-Tcp received a connection","Opcode":"Info","EventXML.listenerName":"RDP-Tcp","EventReceivedTime":"2021-09-29T12:33:35.801222+05:45","SourceModuleName":"in_win","SourceModuleType":"im_msvistalog"}
{"EventTime":"2021-09-29T12:33:36.866523+05:45","Hostname":"DC01.corp.local","Keywords":"9232379236109516800","EventType":"AUDIT_SUCCESS","SeverityValue":2,"Severity":"INFO","EventID":4776,"SourceName":"Microsoft-Windows-Security-Auditing","ProviderGuid":"{54849625-5478-4994-A5BA-3E3B0328C30D}","Version":0,"TaskValue":14336,"OpcodeValue":0,"RecordNumber":190831589,"ExecutionProcessID":512,"ExecutionThreadID":2544,"Channel":"Security","Message":"The computer attempted to validate the credentials for an account.\r\n\r\nAuthentication Package:\tMICROSOFT_AUTHENTICATION_PACKAGE_V1_0\r\nLogon Account:\tLeo\r\nSource Workstation:\t192.168.2.54\r\nError Code:\t0x0","Category":"Credential Validation","Opcode":"Info","PackageName":"MICROSOFT_AUTHENTICATION_PACKAGE_V1_0","TargetUserName":"Leo","Workstation":"192.168.2.54","Status":"0x0","EventReceivedTime":"2021-09-29T12:33:38.569653+05:45","SourceModuleName":"in_win","SourceModuleType":"im_msvistalog"}
{"EventTime":"2021-09-29T12:33:36.373298+05:45","Hostname":"IT02.corp.local","Keywords":"1152921504606846976","EventType":"INFO","SeverityValue":2,"Severity":"INFO","EventID":1149,"SourceName":"Microsoft-Windows-TerminalServices-RemoteConnectionManager","ProviderGuid":"{C76BAA63-AE81-421C-B425-340B4B24157F}","Version":0,"TaskValue":0,"OpcodeValue":0,"RecordNumber":2153,"ActivityID":"{F420310A-949A-4CA3-9D0B-B777C69E0000}","ExecutionProcessID":788,"ExecutionThreadID":8068,"Channel":"Microsoft-Windows-TerminalServices-RemoteConnectionManager/Operational","Domain":"NT AUTHORITY","AccountName":"NETWORK SERVICE","UserID":"S-1-5-20","AccountType":"Well Known Group","Message":"Remote Desktop Services: User authentication succeeded:\r\n\r\nUser: Leo\r\nDomain: CORP\r\nSource Network Address: 172.16.20.11","Opcode":"Info","EventXML.Param1":"Leo","EventXML.Param2":"CORP","EventXML.Param3":"172.16.20.11","EventReceivedTime":"2021-09-29T12:33:37.880293+05:45","SourceModuleName":"in_win","SourceModuleType":"im_msvistalog"}
{"EventTime":"2021-09-29T12:33:36.940494+05:45","Hostname":"IT02.corp.local","Keywords":"9232379236109516800","EventType":"AUDIT_SUCCESS","SeverityValue":2,"Severity":"INFO","EventID":4778,"SourceName":"Microsoft-Windows-Security-Auditing","ProviderGuid":"{54849625-5478-4994-A5BA-3E3B0328C30D}","Version":0,"TaskValue":12551,"OpcodeValue":0,"RecordNumber":18988672,"ActivityID":"{7870D080-A924-0001-B9D0-707824A9D701}","ExecutionProcessID":724,"ExecutionThreadID":8476,"Channel":"Security","Message":"A session was reconnected to a Window Station.\r\n\r\nSubject:\r\n\tAccount Name:\t\tLeo\r\n\tAccount Domain:\t\tCORP\r\n\tLogon ID:\t\t0x28632A42\r\n\r\nSession:\r\n\tSession Name:\t\tRDP-Tcp#15\r\n\r\nAdditional Information:\r\n\tClient Name:\t\tHOME-PC\r\n\tClient Address:\t\t172.16.20.11\r\n\r\nThis event is generated when a user reconnects to an existing Terminal Services session, or when a user switches to an existing desktop using Fast User Switching.","Category":"Other Logon/Logoff Events","Opcode":"Info","AccountName":"Leo","AccountDomain":"CORP","LogonID":"0x28632a42","SessionName":"RDP-Tcp#15","ClientName":"HOME-PC","ClientAddress":"172.16.20.11","EventReceivedTime":"2021-09-29T12:33:37.895969+05:45","SourceModuleName":"in_win","SourceModuleType":"im_msvistalog"}
{"EventTime":"2021-09-29T14:19:45.296643+05:45","Hostname":"IT02.corp.local","Keywords":"1152921504606846976","EventType":"INFO","SeverityValue":2,"Severity":"INFO","EventID":40,"SourceName":"Microsoft-Windows-TerminalServices-LocalSessionManager","ProviderGuid":"{5D896912-022D-40AA-A3A8-4FA5515C76D7}","Version":0,"TaskValue":0,"OpcodeValue":0,"RecordNumber":3976,"ActivityID":"{F420310A-949A-4CA3-9D0B-B777C69E0000}","ExecutionProcessID":1020,"ExecutionThreadID":9480,"Channel":"Microsoft-Windows-TerminalServices-LocalSessionManager/Operational","Domain":"NT AUTHORITY","AccountName":"SYSTEM","UserID":"S-1-5-18","AccountType":"User","Message":"Session 7 has been disconnected, reason code 12","Opcode":"Info","EventXML.Session":"7","EventXML.Reason":"12","EventReceivedTime":"2021-09-29T14:19:46.787389+05:45","SourceModuleName":"in_win","SourceModuleType":"im_msvistalog"}
{"EventTime":"2021-09-29T12:33:37.510690+05:45","Hostname":"IT02.corp.local","Keywords":"1152921504606846976","EventType":"INFO","SeverityValue":2,"Severity":"INFO","EventID":25,"SourceName":"Microsoft-Windows-TerminalServices-LocalSessionManager","ProviderGuid":"{5D896912-022D-40AA-A3A8-4FA5515C76D7}","Version":0,"TaskValue":0,"OpcodeValue":0,"RecordNumber":3974,"ActivityID":"{F420310A-949A-4CA3-9D0B-B777C69E0000}","ExecutionProcessID":1020,"ExecutionThreadID":4136,"Channel":"Microsoft-Windows-TerminalServices-LocalSessionManager/Operational","Domain":"NT AUTHORITY","AccountName":"SYSTEM","UserID":"S-1-5-18","AccountType":"User","Message":"Remote Desktop Services: Session reconnection succeeded:\r\n\r\nUser: CORP\\Leo\r\nSession ID: 7\r\nSource Network Address: 172.16.20.11","Opcode":"Info","EventXML.User":"CORP\\Leo","EventXML.SessionID":"7","EventXML.Address":"172.16.20.11","EventReceivedTime":"2021-09-29T12:33:38.999043+05:45","SourceModuleName":"in_win","SourceModuleType":"im_msvistalog"}
{"EventTime":"2021-09-29T13:33:55.432626+05:45","Hostname":"IT02.corp.local","Keywords":"9232379236109516800","EventType":"AUDIT_SUCCESS","SeverityValue":2,"Severity":"INFO","EventID":4611,"SourceName":"Microsoft-Windows-Security-Auditing","ProviderGuid":"{54849625-5478-4994-A5BA-3E3B0328C30D}","Version":0,"TaskValue":12289,"OpcodeValue":0,"RecordNumber":18989195,"ActivityID":"{7870D080-A924-0001-B9D0-707824A9D701}","ExecutionProcessID":724,"ExecutionThreadID":10092,"Channel":"Security","Message":"A trusted logon process has been registered with the Local Security Authority.\r\nThis logon process will be trusted to submit logon requests.\r\n\r\nSubject:\r\n\tSecurity ID:\t\tS-1-5-18\r\n\tAccount Name:\t\tIT02$\r\n\tAccount Domain:\t\tCORP\r\n\tLogon ID:\t\t0x3E7\r\n\r\nLogon Process Name:\t\tConsentUI","Category":"Security System Extension","Opcode":"Info","SubjectUserSid":"S-1-5-18","SubjectUserName":"IT02$","SubjectDomainName":"CORP","SubjectLogonId":"0x3e7","LogonProcessName":"ConsentUI","EventReceivedTime":"2021-09-29T13:33:56.960150+05:45","SourceModuleName":"in_win","SourceModuleType":"im_msvistalog"}
{"EventTime":"2021-09-29T12:33:39.521508+05:45","Hostname":"IT02.corp.local","Keywords":"9232379236109516800","EventType":"AUDIT_SUCCESS","SeverityValue":2,"Severity":"INFO","EventID":4801,"SourceName":"Microsoft-Windows-Security-Auditing","ProviderGuid":"{54849625-5478-4994-A5BA-3E3B0328C30D}","Version":0,"TaskValue":12551,"OpcodeValue":0,"RecordNumber":18988718,"ActivityID":"{7870D080-A924-0001-B9D0-707824A9D701}","ExecutionProcessID":724,"ExecutionThreadID":3660,"Channel":"Security","Message":"The workstation was unlocked.\r\n\r\nSubject:\r\n\tSecurity ID:\t\tS-1-5-21-2569713578-3403938347-3732993993-1139\r\n\tAccount Name:\t\tLeo\r\n\tAccount Domain:\t\tCORP\r\n\tLogon ID:\t\t0x28632A42\r\n\tSession ID:\t7","Category":"Other Logon/Logoff Events","Opcode":"Info","TargetUserSid":"S-1-5-21-2569713578-3403938347-3732993993-1139","TargetUserName":"Leo","TargetDomainName":"CORP","TargetLogonId":"0x28632a42","SessionId":"7","EventReceivedTime":"2021-09-29T12:33:41.494415+05:45","SourceModuleName":"in_win","SourceModuleType":"im_msvistalog"}
{"EventTime":"2021-09-29T13:33:18.332524+05:45","Hostname":"IT02.corp.local","Keywords":"36028797018963968","EventType":"INFO","SeverityValue":2,"Severity":"INFO","EventID":1040,"SourceName":"MsiInstaller","Version":0,"TaskValue":0,"OpcodeValue":0,"RecordNumber":69837,"ExecutionProcessID":0,"ExecutionThreadID":0,"Channel":"Application","Domain":"CORP","AccountName":"Leo","UserID":"S-1-5-21-2569713578-3403938347-3732993993-1139","AccountType":"User","Message":"Beginning a Windows Installer transaction: {45CC556C-A03B-42FF-A2FE-000000000000}. Client Process Id: 7408.","Opcode":"Info","Data":"{45CC556C-A03B-42FF-A2FE-000000000000}","Data_1":"7408","Data_2":"(NULL)","Data_3":"(NULL)","Data_4":"(NULL)","Data_5":"(NULL)","EventReceivedTime":"2021-09-29T13:33:19.589725+05:45","SourceModuleName":"in_win","SourceModuleType":"im_msvistalog"}
{"EventTime":"2021-09-29T12:37:50.727611+05:45","Hostname":"IT02.corp.local","Keywords":"9223372036854775808","EventType":"INFO","SeverityValue":2,"Severity":"INFO","EventID":2010,"SourceName":"Microsoft-Windows-Windows Defender","ProviderGuid":"{11CD958A-C507-4EF3-B3F2-5FD9DFBD2C78}","Version":0,"TaskValue":0,"OpcodeValue":0,"RecordNumber":22632,"ExecutionProcessID":2080,"ExecutionThreadID":3424,"Channel":"Microsoft-Windows-Windows Defender/Operational","Domain":"NT AUTHORITY","AccountName":"SYSTEM","UserID":"S-1-5-18","AccountType":"User","Message":"Microsoft Defender Antivirus used Dynamic security intelligence Service to retrieve additional security intelligence to help protect your machine.\r\n \tCurrent security intelligence Version: 1.349.1604.0\r\n \tSecurity intelligence Type: AntiVirus\r\n \tUser: \\\r\n \tCurrent Engine Version: 1.1.18500.10\r\n \tDynamic security intelligence Type: Security intelligence update\r\n \tPersistence Path: C:\\ProgramData\\Microsoft\\Windows Defender\\Scans\\RtSigs\\data\\e5c7d6a054295bc4ed605418a7c26baf4a8cbaa6\r\n \tDynamic security intelligence Version: 0.0.0.0\r\n \tDynamic security intelligence Compilation Timestamp: 9/29/2021 6:52:46 AM\r\n \tPersistence Limit Type: Duration\r\n \tPersistence Limit: 288000000","Opcode":"Info","Product Name":"Microsoft Defender Antivirus","Product Version":"4.18.2108.7","Current security intelligence Version":"1.349.1604.0","Security intelligence Type Index":"1","Security intelligence Type":"AntiVirus","Current Engine Version":"1.1.18500.10","Dynamic security intelligence Type Index":"1","Dynamic security intelligence Type":"Security intelligence update","Persistence Path":"C:\\ProgramData\\Microsoft\\Windows Defender\\Scans\\RtSigs\\data\\e5c7d6a054295bc4ed605418a7c26baf4a8cbaa6","Dynamic security intelligence Version":"0.0.0.0","Dynamic security intelligence Compilation Timestamp":"9/29/2021 6:52:46 AM","Persistence Limit Type Index":"2","Persistence Limit Type":"Duration","Persistence Limit Value":"288000000","EventReceivedTime":"2021-09-29T12:37:52.111118+05:45","SourceModuleName":"in_win","SourceModuleType":"im_msvistalog"}
{"EventTime":"2021-09-29T12:37:20.678016+05:45","Hostname":"IT02.corp.local","Keywords":"9223372036854775808","EventType":"INFO","SeverityValue":2,"Severity":"INFO","EventID":6,"SourceName":"Microsoft-Windows-FilterManager","ProviderGuid":"{F3C5E28E-63F6-49C7-A204-E48A1BC4B09D}","Version":0,"TaskValue":0,"OpcodeValue":0,"RecordNumber":82715,"ExecutionProcessID":4,"ExecutionThreadID":5692,"Channel":"System","Domain":"NT AUTHORITY","AccountName":"SYSTEM","UserID":"S-1-5-18","AccountType":"User","Message":"File System Filter 'edrdrv' (10.0, ???2020???-???11???-???06T04:46:51.000000000Z) has successfully loaded and registered with Filter Manager.","Opcode":"Info","FinalStatus":"0x0","DeviceVersionMajor":"10","DeviceVersionMinor":"0","DeviceNameLength":"6","DeviceName":"edrdrv","DeviceTime":"2020-11-06T04:46:51.0000000Z","EventReceivedTime":"2021-09-29T12:37:22.448054+05:45","SourceModuleName":"in_win","SourceModuleType":"im_msvistalog"}
{"EventTime":"2021-09-29T13:34:30.512393+05:45","Hostname":"IT02.corp.local","Keywords":"36028797018963968","EventType":"INFO","SeverityValue":2,"Severity":"INFO","EventID":1042,"SourceName":"MsiInstaller","Version":0,"TaskValue":0,"OpcodeValue":0,"RecordNumber":69840,"ExecutionProcessID":0,"ExecutionThreadID":0,"Channel":"Application","Domain":"NT AUTHORITY","AccountName":"SYSTEM","UserID":"S-1-5-18","AccountType":"User","Message":"Ending a Windows Installer transaction: {45CC556C-A03B-42FF-A2FE-000000000000}. Client Process Id: 7408.","Opcode":"Info","Data":"{45CC556C-A03B-42FF-A2FE-000000000000}","Data_1":"7408","Data_2":"(NULL)","Data_3":"(NULL)","Data_4":"(NULL)","Data_5":"(NULL)","EventReceivedTime":"2021-09-29T13:34:52.764572+05:45","SourceModuleName":"in_win","SourceModuleType":"im_msvistalog"}
{"EventTime":"2021-09-29T12:37:25.971758+05:45","Hostname":"IT02.corp.local","Keywords":"36028797018963968","EventType":"INFO","SeverityValue":2,"Severity":"INFO","EventID":1033,"SourceName":"MsiInstaller","Version":0,"TaskValue":0,"OpcodeValue":0,"RecordNumber":69823,"ExecutionProcessID":0,"ExecutionThreadID":0,"Channel":"Application","Domain":"CORP","AccountName":"Leo","UserID":"S-1-5-21-2569713578-3403938347-3732993993-1139","AccountType":"User","Message":"Windows Installer installed the product. Product Name: EDR Agent v2. Product Version: 2.0.0.0. Product Language: 1033. Manufacturer: OpenEdr. Installation success or error status: 0.","Opcode":"Info","Data":"EDR Agent v2","Data_1":"2.0.0.0","Data_2":"1033","Data_3":"0","Data_4":"OpenEdr","Data_5":"(NULL)","EventData.Binary":"7B34354343353536432D413033422D343246462D413246452D3030303030303030303030307D3030303039323065343765663532383433393263373132393635616534306161626430633030303030393034","EventReceivedTime":"2021-09-29T12:37:27.037211+05:45","SourceModuleName":"in_win","SourceModuleType":"im_msvistalog"}
{"EventTime":"2021-09-29T12:37:25.956078+05:45","Hostname":"IT02.corp.local","Keywords":"36028797018963968","EventType":"INFO","SeverityValue":2,"Severity":"INFO","EventID":11707,"SourceName":"MsiInstaller","Version":0,"TaskValue":0,"OpcodeValue":0,"RecordNumber":69822,"ExecutionProcessID":0,"ExecutionThreadID":0,"Channel":"Application","Domain":"CORP","AccountName":"Leo","UserID":"S-1-5-21-2569713578-3403938347-3732993993-1139","AccountType":"User","Message":"Product: EDR Agent v2 -- Installation completed successfully.","Opcode":"Info","Data":"Product: EDR Agent v2 -- Installation completed successfully.","Data_1":"(NULL)","Data_2":"(NULL)","Data_3":"(NULL)","Data_4":"(NULL)","Data_5":"(NULL)","EventData.Binary":"7B34354343353536432D413033422D343246462D413246452D3030303030303030303030307D","EventReceivedTime":"2021-09-29T12:37:27.034272+05:45","SourceModuleName":"in_win","SourceModuleType":"im_msvistalog"}
{"EventTime":"2021-09-29T12:37:50.046238+05:45","Hostname":"IT02.corp.local","Keywords":"9223372036854775808","EventType":"WARNING","SeverityValue":3,"Severity":"WARNING","EventID":12,"SourceName":"Microsoft-Windows-Security-Mitigations","ProviderGuid":"{FAE10392-F0AF-4AC0-B8FF-9F4D920C3CDF}","Version":0,"TaskValue":6,"OpcodeValue":0,"RecordNumber":1155,"ExecutionProcessID":856,"ExecutionThreadID":2944,"Channel":"Microsoft-Windows-Security-Mitigations/KernelMode","Domain":"Font Driver Host","AccountName":"UMFD-1","UserID":"S-1-5-96-0-1","AccountType":"Well Known Group","Message":"Process '\\Device\\HarddiskVolume2\\Windows\\System32\\fontdrvhost.exe' (PID 856) was blocked from loading the non-Microsoft-signed binary '\\Windows\\System32\\edrpm64.dll'.","Opcode":"Info","ProcessPathLength":"56","ProcessPath":"\\Device\\HarddiskVolume2\\Windows\\System32\\fontdrvhost.exe","ProcessCommandLineLength":"17","ProcessCommandLine":"\"fontdrvhost.exe\"","ProcessId":"856","ProcessCreateTime":"2021-09-14T04:54:13.7524072Z","ProcessStartKey":"15762598695796750","ProcessSignatureLevel":"8","ProcessSectionSignatureLevel":"8","ProcessProtection":"0","TargetThreadId":"2944","TargetThreadCreateTime":"2021-09-29T06:52:49.2088748Z","RequiredSignatureLevel":"8","SignatureLevel":"0","ImageNameLength":"29","ImageName":"\\Windows\\System32\\edrpm64.dll","EventReceivedTime":"2021-09-29T12:37:52.095409+05:45","SourceModuleName":"in_win","SourceModuleType":"im_msvistalog"}
{"EventTime":"2021-09-29T12:39:45.238247+05:45","Hostname":"IT02.corp.local","Keywords":"9223372036854775808","EventType":"WARNING","SeverityValue":3,"Severity":"WARNING","EventID":2,"SourceName":"Microsoft-Windows-Security-Mitigations","ProviderGuid":"{FAE10392-F0AF-4AC0-B8FF-9F4D920C3CDF}","Version":0,"TaskValue":1,"OpcodeValue":0,"RecordNumber":1156,"ExecutionProcessID":704,"ExecutionThreadID":5828,"Channel":"Microsoft-Windows-Security-Mitigations/KernelMode","Domain":"NT AUTHORITY","AccountName":"SYSTEM","UserID":"S-1-5-18","AccountType":"User","Message":"Process '\\Device\\HarddiskVolume2\\Windows\\System32\\services.exe' (PID 704) was blocked from generating dynamic code.","Opcode":"Info","ProcessPathLength":"53","ProcessPath":"\\Device\\HarddiskVolume2\\Windows\\System32\\services.exe","ProcessCommandLineLength":"6","ProcessCommandLine":"(null)","CallingProcessId":"704","CallingProcessCreateTime":"2021-09-14T04:54:12.8015502Z","CallingProcessStartKey":"15762598695796747","CallingProcessSignatureLevel":"62","CallingProcessSectionSignatureLevel":"12","CallingProcessProtection":"97","CallingThreadId":"5828","CallingThreadCreateTime":"2021-09-29T06:52:50.9589500Z","EventReceivedTime":"2021-09-29T12:39:47.715025+05:45","SourceModuleName":"in_win","SourceModuleType":"im_msvistalog"}
{"EventTime":"2021-09-29T12:57:21.975531+05:45","Hostname":"IT02.corp.local","Keywords":"9259400833873739776","EventType":"WARNING","SeverityValue":3,"Severity":"WARNING","EventID":10016,"SourceName":"Microsoft-Windows-DistributedCOM","ProviderGuid":"{1B562E86-B7AA-4131-BADC-B6F3A001407E}","Version":0,"TaskValue":0,"OpcodeValue":0,"RecordNumber":82729,"ActivityID":"{AEE21D71-D679-425B-BE22-ED0DE9FAF8DD}","ExecutionProcessID":972,"ExecutionThreadID":3884,"Channel":"System","Domain":"CORP","AccountName":"Leo","UserID":"S-1-5-21-2569713578-3403938347-3732993993-1139","AccountType":"User","Message":"The machine-default permission settings do not grant Local Activation permission for the COM Server application with CLSID \r\n{C2F03A33-21F5-47FA-B4BB-156362A2F239}\r\n and APPID \r\n{316CDED5-E4AE-4B15-9113-7055D84DCC97}\r\n to the user CORP\\Leo SID (S-1-5-21-2569713578-3403938347-3732993993-1139) from address LocalHost (Using LRPC) running in the application container Microsoft.Windows.ShellExperienceHost_10.0.19041.610_neutral_neutral_cw5n1h2txyewy SID (S-1-15-2-155514346-2573954481-755741238-1654018636-1233331829-3075935687-2861478708). This security permission can be modified using the Component Services administrative tool.","Opcode":"Info","param1":"machine-default","param2":"Local","param3":"Activation","param4":"{C2F03A33-21F5-47FA-B4BB-156362A2F239}","param5":"{316CDED5-E4AE-4B15-9113-7055D84DCC97}","param6":"CORP","param7":"Leo","param8":"S-1-5-21-2569713578-3403938347-3732993993-1139","param9":"LocalHost (Using LRPC)","param10":"Microsoft.Windows.ShellExperienceHost_10.0.19041.610_neutral_neutral_cw5n1h2txyewy","param11":"S-1-15-2-155514346-2573954481-755741238-1654018636-1233331829-3075935687-2861478708","EventReceivedTime":"2021-09-29T12:57:23.299959+05:45","SourceModuleName":"in_win","SourceModuleType":"im_msvistalog"}
{"EventTime":"2021-09-29T12:40:34.674701+05:45","Hostname":"IT02.corp.local","Keywords":"9223372036854775808","EventType":"INFO","SeverityValue":2,"Severity":"INFO","EventID":2050,"SourceName":"Microsoft-Windows-Windows Defender","ProviderGuid":"{11CD958A-C507-4EF3-B3F2-5FD9DFBD2C78}","Version":0,"TaskValue":0,"OpcodeValue":0,"RecordNumber":22636,"ExecutionProcessID":2080,"ExecutionThreadID":9532,"Channel":"Microsoft-Windows-Windows Defender/Operational","Domain":"NT AUTHORITY","AccountName":"SYSTEM","UserID":"S-1-5-18","AccountType":"User","Message":"Microsoft Defender Antivirus has uploaded a file for further analysis.\r\n \tFilename: C:\\Users\\Leo\\AppData\\Roaming\\Microsoft\\Windows\\PowerShell\\PSReadLine\\ConsoleHost_history.txt\r\n \tSha256: 76df4d5a685b0e4dc11a06d71e0e8f8677e1724ced7c1c739a0934bd28315565\r\n","Opcode":"Info","Product Name":"Microsoft Defender Antivirus","Product Version":"4.18.2108.7","Filename":"C:\\Users\\Leo\\AppData\\Roaming\\Microsoft\\Windows\\PowerShell\\PSReadLine\\ConsoleHost_history.txt","Sha256":"76df4d5a685b0e4dc11a06d71e0e8f8677e1724ced7c1c739a0934bd28315565","EventReceivedTime":"2021-09-29T12:40:36.358091+05:45","SourceModuleName":"in_win","SourceModuleType":"im_msvistalog"}
{"EventTime":"2021-09-29T13:34:06.102103+05:45","Hostname":"IT02.corp.local","Keywords":"9223372036854775808","EventType":"INFO","SeverityValue":2,"Severity":"INFO","EventID":1,"SourceName":"Microsoft-Windows-FilterManager","ProviderGuid":"{F3C5E28E-63F6-49C7-A204-E48A1BC4B09D}","Version":0,"TaskValue":0,"OpcodeValue":0,"RecordNumber":82730,"ExecutionProcessID":4,"ExecutionThreadID":5348,"Channel":"System","Domain":"NT AUTHORITY","AccountName":"SYSTEM","UserID":"S-1-5-18","AccountType":"User","Message":"File System Filter 'edrdrv' (Version 10.0, ???2020???-???11???-???06T04:46:51.000000000Z) unloaded successfully.","Opcode":"Info","FinalStatus":"0x0","DeviceVersionMajor":"10","DeviceVersionMinor":"0","DeviceNameLength":"6","DeviceName":"edrdrv","DeviceTime":"2020-11-06T04:46:51.0000000Z","EventReceivedTime":"2021-09-29T13:34:52.566180+05:45","SourceModuleName":"in_win","SourceModuleType":"im_msvistalog"}
{"EventTime":"2021-09-29T13:34:29.746942+05:45","Hostname":"IT02.corp.local","Keywords":"36028797018963968","EventType":"INFO","SeverityValue":2,"Severity":"INFO","EventID":1034,"SourceName":"MsiInstaller","Version":0,"TaskValue":0,"OpcodeValue":0,"RecordNumber":69839,"ExecutionProcessID":0,"ExecutionThreadID":0,"Channel":"Application","Domain":"CORP","AccountName":"Leo","UserID":"S-1-5-21-2569713578-3403938347-3732993993-1139","AccountType":"User","Message":"Windows Installer removed the product. Product Name: EDR Agent v2. Product Version: 2.0.0.0. Product Language: 1033. Manufacturer: OpenEdr. Removal success or error status: 0.","Opcode":"Info","Data":"EDR Agent v2","Data_1":"2.0.0.0","Data_2":"1033","Data_3":"0","Data_4":"OpenEdr","Data_5":"(NULL)","EventData.Binary":"7B34354343353536432D413033422D343246462D413246452D3030303030303030303030307D3030303039323065343765663532383433393263373132393635616534306161626430633030303030393034","EventReceivedTime":"2021-09-29T13:34:52.764301+05:45","SourceModuleName":"in_win","SourceModuleType":"im_msvistalog"}
{"EventTime":"2021-09-29T13:34:29.746942+05:45","Hostname":"IT02.corp.local","Keywords":"36028797018963968","EventType":"INFO","SeverityValue":2,"Severity":"INFO","EventID":11724,"SourceName":"MsiInstaller","Version":0,"TaskValue":0,"OpcodeValue":0,"RecordNumber":69838,"ExecutionProcessID":0,"ExecutionThreadID":0,"Channel":"Application","Domain":"CORP","AccountName":"Leo","UserID":"S-1-5-21-2569713578-3403938347-3732993993-1139","AccountType":"User","Message":"Product: EDR Agent v2 -- Removal completed successfully.","Opcode":"Info","Data":"Product: EDR Agent v2 -- Removal completed successfully.","Data_1":"(NULL)","Data_2":"(NULL)","Data_3":"(NULL)","Data_4":"(NULL)","Data_5":"(NULL)","EventData.Binary":"7B34354343353536432D413033422D343246462D413246452D3030303030303030303030307D","EventReceivedTime":"2021-09-29T13:34:52.758745+05:45","SourceModuleName":"in_win","SourceModuleType":"im_msvistalog"}
{"EventTime":"2021-09-29T14:19:43.614355+05:45","Hostname":"IT02.corp.local","Keywords":"36028797018963968","EventType":"INFO","SeverityValue":2,"Severity":"INFO","EventID":6000,"SourceName":"Microsoft-Windows-Winlogon","ProviderGuid":"{DBE9B383-7CF3-4331-91CC-A3CB16A3B538}","Version":0,"TaskValue":0,"OpcodeValue":0,"RecordNumber":69847,"ExecutionProcessID":0,"ExecutionThreadID":0,"Channel":"Application","Message":"The winlogon notification subscriber <WSearch> was unavailable to handle a notification event.","Data":"WSearch","EventData.Binary":"D9060000","EventReceivedTime":"2021-09-29T14:19:44.480845+05:45","SourceModuleName":"in_win","SourceModuleType":"im_msvistalog"}
{"EventTime":"2021-09-29T14:19:43.618807+05:45","Hostname":"IT02.corp.local","Keywords":"1152921504606846976","EventType":"INFO","SeverityValue":2,"Severity":"INFO","EventID":23,"SourceName":"Microsoft-Windows-TerminalServices-LocalSessionManager","ProviderGuid":"{5D896912-022D-40AA-A3A8-4FA5515C76D7}","Version":0,"TaskValue":0,"OpcodeValue":0,"RecordNumber":3975,"ActivityID":"{F420310A-949A-4CA3-9D0B-B777C69E0000}","ExecutionProcessID":1020,"ExecutionThreadID":6768,"Channel":"Microsoft-Windows-TerminalServices-LocalSessionManager/Operational","Domain":"NT AUTHORITY","AccountName":"SYSTEM","UserID":"S-1-5-18","AccountType":"User","Message":"Remote Desktop Services: Session logoff succeeded:\r\n\r\nUser: CORP\\Leo\r\nSession ID: 7","Opcode":"Info","EventXML.User":"CORP\\Leo","EventXML.SessionID":"7","EventReceivedTime":"2021-09-29T14:19:44.598869+05:45","SourceModuleName":"in_win","SourceModuleType":"im_msvistalog"}
{"EventTime":"2021-09-29T14:19:44.338717+05:45","Hostname":"IT02.corp.local","Keywords":"2305878193585782784","EventType":"INFO","SeverityValue":2,"Severity":"INFO","EventID":7002,"SourceName":"Microsoft-Windows-Winlogon","ProviderGuid":"{DBE9B383-7CF3-4331-91CC-A3CB16A3B538}","Version":0,"TaskValue":1102,"OpcodeValue":0,"RecordNumber":82738,"ExecutionProcessID":8384,"ExecutionThreadID":4268,"Channel":"System","Domain":"NT AUTHORITY","AccountName":"SYSTEM","UserID":"S-1-5-18","AccountType":"User","Message":"User Logoff Notification for Customer Experience Improvement Program","Opcode":"Info","TSId":"7","UserSid":"S-1-5-21-2569713578-3403938347-3732993993-1139","EventReceivedTime":"2021-09-29T14:19:45.678518+05:45","SourceModuleName":"in_win","SourceModuleType":"im_msvistalog"}
{"EventTime":"2021-09-29T14:19:45.729455+05:45","Hostname":"IT02.corp.local","Keywords":"1152921504606846976","EventType":"INFO","SeverityValue":2,"Severity":"INFO","EventID":24,"SourceName":"Microsoft-Windows-TerminalServices-LocalSessionManager","ProviderGuid":"{5D896912-022D-40AA-A3A8-4FA5515C76D7}","Version":0,"TaskValue":0,"OpcodeValue":0,"RecordNumber":3977,"ActivityID":"{F420310A-949A-4CA3-9D0B-B777C69E0000}","ExecutionProcessID":1020,"ExecutionThreadID":9480,"Channel":"Microsoft-Windows-TerminalServices-LocalSessionManager/Operational","Domain":"NT AUTHORITY","AccountName":"SYSTEM","UserID":"S-1-5-18","AccountType":"User","Message":"Remote Desktop Services: Session has been disconnected:\r\n\r\nUser: CORP\\Leo\r\nSession ID: 7\r\nSource Network Address: 172.16.20.11","Opcode":"Info","EventXML.User":"CORP\\Leo","EventXML.SessionID":"7","EventXML.Address":"172.16.20.11","EventReceivedTime":"2021-09-29T14:19:46.787389+05:45","SourceModuleName":"in_win","SourceModuleType":"im_msvistalog"}
{"EventTime":"2021-09-29T19:39:52.374326+05:45","Hostname":"IT03.corp.local","Keywords":"2305843009213759488","EventType":"INFO","SeverityValue":2,"Severity":"INFO","EventID":28032,"SourceName":"Microsoft-Windows-Shell-Core","ProviderGuid":"{30336ED4-E327-447C-9DE0-51B652C86108}","Version":0,"TaskValue":28180,"OpcodeValue":0,"RecordNumber":7591,"ExecutionProcessID":4488,"ExecutionThreadID":6272,"Channel":"Microsoft-Windows-Shell-Core/Operational","Domain":"IT03","AccountName":"Administrator","UserID":"S-1-5-21-3281079745-558096271-899791025-500","AccountType":"User","Message":"AppResolver has parsed the visual elements manifest for a tile.","Opcode":"Info","Filename":"C:\\Program Files (x86)\\Google\\Chrome\\Application\\chrome.VisualElementsManifest.xml","SchemaType":"2","ErrorCode":"0","Failure reason":"NULL","EventReceivedTime":"2021-09-29T19:39:54.330464+05:45","SourceModuleName":"in_win","SourceModuleType":"im_msvistalog"}
