{"EventTime":"2021-10-02T13:10:15.100213+05:45","Hostname":"ACC01.prod.corp.local","Keywords":"9223372036854775808","EventType":"ERROR","SeverityValue":4,"Severity":"ERROR","EventID":2001,"SourceName":"Microsoft-Windows-Windows Defender","ProviderGuid":"{11CD958A-C507-4EF3-B3F2-5FD9DFBD2C78}","Version":0,"TaskValue":0,"OpcodeValue":0,"RecordNumber":11641,"ExecutionProcessID":2484,"ExecutionThreadID":5768,"Channel":"Microsoft-Windows-Windows Defender/Operational","Domain":"NT AUTHORITY","AccountName":"SYSTEM","UserID":"S-1-5-18","AccountType":"User","Message":"Microsoft Defender Antivirus has encountered an error trying to update security intelligence.\r\n \tNew security intelligence Version: \r\n \tPrevious security intelligence Version: 1.337.654.0\r\n \tUpdate Source: Microsoft Malware Protection Center\r\n \tSecurity intelligence Type: AntiVirus\r\n \tUpdate Type: Full\r\n \tUser: NT AUTHORITY\\NETWORK SERVICE\r\n \tCurrent Engine Version: \r\n \tPrevious Engine Version: 1.1.18100.5\r\n \tError code: 0x80072f8f\r\n \tError description: A security error occurred ","Opcode":"Info","Product Name":"Microsoft Defender Antivirus","Product Version":"4.18.2011.6","Previous security intelligence Version":"1.337.654.0","Update Source Index":"6","Update Source":"Microsoft Malware Protection Center","User":"NETWORK SERVICE","SID":"S-1-5-20","Security intelligence Type Index":"1","Security intelligence Type":"AntiVirus","Update Type Index":"1","Update Type":"Full","Previous Engine Version":"1.1.18100.5","Error Code":"0x80072f8f","Error Description":"A security error occurred ","Update State Index":"1","Update State":"Search","Source Path":"https://go.microsoft.com/fwlink/?LinkID=870379&clcid=0x409&arch=x64&eng=1.1.18100.5&avdelta=1.337.654.0&asdelta=1.337.654.0&prod=77BDAF73-B396-481F-9042-AD358843EC24&ostype=0&signaturetype=0&beta=0&plat=4.18.2011.6&OsVersion=10.0.19042.685","EventReceivedTime":"2021-10-02T13:10:16.562442+05:45","SourceModuleName":"in_win","SourceModuleType":"im_msvistalog"}
{"EventTime":"2021-10-02T13:34:39.694146+05:45","Hostname":"ACC01.prod.corp.local","Keywords":"9227875636482146304","EventType":"AUDIT_FAILURE","SeverityValue":4,"Severity":"ERROR","EventID":4957,"SourceName":"Microsoft-Windows-Security-Auditing","ProviderGuid":"{54849625-5478-4994-A5BA-3E3B0328C30D}","Version":0,"TaskValue":13571,"OpcodeValue":0,"RecordNumber":896297,"ActivityID":"{63A5CF36-AEB8-0000-A6CF-A563B8AED701}","ExecutionProcessID":672,"ExecutionThreadID":5472,"Channel":"Security","Message":"Windows Firewall did not apply the following rule:\r\n\r\nRule Information:\r\n\tID:\tCoreNet-Teredo-In\r\n\tName:\tCore Networking - Teredo (UDP-In)\r\n\r\nError Information:\r\n\tReason:\tLocal Port resolved to an empty set.","Category":"MPSSVC Rule-Level Policy Change","Opcode":"Info","RuleId":"CoreNet-Teredo-In","RuleName":"Core Networking - Teredo (UDP-In)","RuleAttr":"Local Port","EventReceivedTime":"2021-10-02T13:34:41.420301+05:45","SourceModuleName":"in_win","SourceModuleType":"im_msvistalog"}
{"EventTime":"2021-10-02T18:56:45.904100+05:45","Hostname":"IT03.corp.local","Keywords":"4611686018427387904","EventType":"INFO","SeverityValue":2,"Severity":"INFO","EventID":5860,"SourceName":"Microsoft-Windows-WMI-Activity","ProviderGuid":"{1418EF04-B0B4-4623-BF7E-D74AB47BBDAA}","Version":0,"TaskValue":0,"OpcodeValue":0,"RecordNumber":20309,"ActivityID":"{C4CABCCB-A926-0000-0DBB-CCC426A9D701}","ExecutionProcessID":1904,"ExecutionThreadID":2716,"Channel":"Microsoft-Windows-WMI-Activity/Operational","Domain":"NT AUTHORITY","AccountName":"SYSTEM","UserID":"S-1-5-18","AccountType":"User","Message":"Namespace = ROOT\\CIMV2; NotificationQuery = SELECT * FROM Win32_ProcessStartTrace WHERE ProcessName = 'wsmprovhost.exe'; UserName = NT AUTHORITY\\SYSTEM; ClientProcessID = 3408, ClientMachine = IT03; PossibleCause = Temporary","Opcode":"Info","UserData":"<Operation_TemporaryEssStarted xmlns='http://manifests.microsoft.com/win/2006/windows/WMI'><NamespaceName>ROOT\\CIMV2</NamespaceName><Query>SELECT * FROM Win32_ProcessStartTrace WHERE ProcessName = 'wsmprovhost.exe'</Query><User>NT AUTHORITY\\SYSTEM</User><Processid>3408</Processid><ClientMachine>IT03</ClientMachine><PossibleCause>Temporary</PossibleCause></Operation_TemporaryEssStarted>","EventReceivedTime":"2021-10-02T18:56:47.848423+05:45","SourceModuleName":"in_win","SourceModuleType":"im_msvistalog"}
{"EventTime":"2021-10-02T18:56:45.937451+05:45","Hostname":"IT03.corp.local","Keywords":"9232379236109516800","EventType":"AUDIT_SUCCESS","SeverityValue":2,"Severity":"INFO","EventID":4799,"SourceName":"Microsoft-Windows-Security-Auditing","ProviderGuid":"{54849625-5478-4994-A5BA-3E3B0328C30D}","Version":0,"TaskValue":13826,"OpcodeValue":0,"RecordNumber":40730144,"ActivityID":"{C4CABCCB-A926-0000-82BE-CAC426A9D701}","ExecutionProcessID":632,"ExecutionThreadID":2052,"Channel":"Security","Message":"A security-enabled local group membership was enumerated.\r\n\r\nSubject:\r\n\tSecurity ID:\t\tS-1-5-18\r\n\tAccount Name:\t\tIT03$\r\n\tAccount Domain:\t\tCORP\r\n\tLogon ID:\t\t0x3E7\r\n\r\nGroup:\r\n\tSecurity ID:\t\tS-1-5-32-544\r\n\tGroup Name:\t\tAdministrators\r\n\tGroup Domain:\t\tBuiltin\r\n\r\nProcess Information:\r\n\tProcess ID:\t\t0xd50\r\n\tProcess Name:\t\tC:\\Windows\\System32\\svchost.exe","Category":"Security Group Management","Opcode":"Info","TargetUserName":"Administrators","TargetDomainName":"Builtin","TargetSid":"S-1-5-32-544","SubjectUserSid":"S-1-5-18","SubjectUserName":"IT03$","SubjectDomainName":"CORP","SubjectLogonId":"0x3e7","CallerProcessId":"0xd50","CallerProcessName":"C:\\Windows\\System32\\svchost.exe","EventReceivedTime":"2021-10-02T18:56:46.832708+05:45","SourceModuleName":"in_win","SourceModuleType":"im_msvistalog"}
{"EventTime":"2021-10-02T18:58:54.081390+05:45","Hostname":"IT03.corp.local","Keywords":"9259400833873739776","EventType":"INFO","SeverityValue":2,"Severity":"INFO","EventID":7040,"SourceName":"Service Control Manager","ProviderGuid":"{555908D1-A6D7-4695-8E1E-26931D2012F4}","Version":0,"TaskValue":0,"OpcodeValue":0,"RecordNumber":111249,"ExecutionProcessID":612,"ExecutionThreadID":6828,"Channel":"System","Domain":"NT AUTHORITY","AccountName":"SYSTEM","UserID":"S-1-5-18","AccountType":"User","Message":"The start type of the Background Intelligent Transfer Service service was changed from auto start to demand start.","param1":"Background Intelligent Transfer Service","param2":"auto start","param3":"demand start","param4":"BITS","EventReceivedTime":"2021-10-02T18:58:55.737674+05:45","SourceModuleName":"in_win","SourceModuleType":"im_msvistalog"}
{"EventTime":"2021-10-02T16:45:02.523435+05:45","Hostname":"IT03.corp.local","Keywords":"36028797018963968","EventType":"INFO","SeverityValue":2,"Severity":"INFO","EventID":600,"SourceName":"PowerShell","TaskValue":6,"RecordNumber":402406,"ExecutionProcessID":0,"ExecutionThreadID":0,"Channel":"Windows PowerShell","Message":"Provider \"Alias\" is Started. \r\n\r\nDetails: \r\n\tProviderName=Alias\r\n\tNewProviderState=Started\r\n\r\n\tSequenceNumber=3\r\n\r\n\tHostName=ConsoleHost\r\n\tHostVersion=5.1.17763.1971\r\n\tHostId=6caa4573-d7c9-47fa-9821-6edb0451c0ca\r\n\tHostApplication=powershell.exe -WindowStyle hidden c:\\PROGRA~1\\AutorunsToWinEventLog\\AutorunsToWinEventLog.ps1\r\n\tEngineVersion=\r\n\tRunspaceId=\r\n\tPipelineId=\r\n\tCommandName=\r\n\tCommandType=\r\n\tScriptName=\r\n\tCommandPath=\r\n\tCommandLine=","Category":"Provider Lifecycle","Opcode":"Info","EventData":"<Data>Alias</Data><Data>Started</Data><Data>\tProviderName=Alias\r\n\tNewProviderState=Started\r\n\r\n\tSequenceNumber=3\r\n\r\n\tHostName=ConsoleHost\r\n\tHostVersion=5.1.17763.1971\r\n\tHostId=6caa4573-d7c9-47fa-9821-6edb0451c0ca\r\n\tHostApplication=powershell.exe -WindowStyle hidden c:\\PROGRA~1\\AutorunsToWinEventLog\\AutorunsToWinEventLog.ps1\r\n\tEngineVersion=\r\n\tRunspaceId=\r\n\tPipelineId=\r\n\tCommandName=\r\n\tCommandType=\r\n\tScriptName=\r\n\tCommandPath=\r\n\tCommandLine=</Data>","EventReceivedTime":"2021-10-02T16:45:02.664106+05:45","SourceModuleName":"in_win","SourceModuleType":"im_msvistalog"}
{"EventTime":"2021-10-02T16:45:02.523435+05:45","Hostname":"IT03.corp.local","Keywords":"36028797018963968","EventType":"INFO","SeverityValue":2,"Severity":"INFO","EventID":400,"SourceName":"PowerShell","TaskValue":4,"RecordNumber":402411,"ExecutionProcessID":0,"ExecutionThreadID":0,"Channel":"Windows PowerShell","Message":"Engine state is changed from None to Available. \r\n\r\nDetails: \r\n\tNewEngineState=Available\r\n\tPreviousEngineState=None\r\n\r\n\tSequenceNumber=13\r\n\r\n\tHostName=ConsoleHost\r\n\tHostVersion=5.1.17763.1971\r\n\tHostId=6caa4573-d7c9-47fa-9821-6edb0451c0ca\r\n\tHostApplication=powershell.exe -WindowStyle hidden c:\\PROGRA~1\\AutorunsToWinEventLog\\AutorunsToWinEventLog.ps1\r\n\tEngineVersion=5.1.17763.1971\r\n\tRunspaceId=7c4e8408-2681-4c41-8e5b-84bf86b519c5\r\n\tPipelineId=\r\n\tCommandName=\r\n\tCommandType=\r\n\tScriptName=\r\n\tCommandPath=\r\n\tCommandLine=","Category":"Engine Lifecycle","Opcode":"Info","EventData":"<Data>Available</Data><Data>None</Data><Data>\tNewEngineState=Available\r\n\tPreviousEngineState=None\r\n\r\n\tSequenceNumber=13\r\n\r\n\tHostName=ConsoleHost\r\n\tHostVersion=5.1.17763.1971\r\n\tHostId=6caa4573-d7c9-47fa-9821-6edb0451c0ca\r\n\tHostApplication=powershell.exe -WindowStyle hidden c:\\PROGRA~1\\AutorunsToWinEventLog\\AutorunsToWinEventLog.ps1\r\n\tEngineVersion=5.1.17763.1971\r\n\tRunspaceId=7c4e8408-2681-4c41-8e5b-84bf86b519c5\r\n\tPipelineId=\r\n\tCommandName=\r\n\tCommandType=\r\n\tScriptName=\r\n\tCommandPath=\r\n\tCommandLine=</Data>","EventReceivedTime":"2021-10-02T16:45:02.664106+05:45","SourceModuleName":"in_win","SourceModuleType":"im_msvistalog"}
{"EventTime":"2021-10-02T16:45:02.325256+05:45","Hostname":"IT03.corp.local","Keywords":"0","EventType":"INFO","SeverityValue":2,"Severity":"INFO","EventID":40961,"SourceName":"Microsoft-Windows-PowerShell","ProviderGuid":"{A0C1853B-5C40-4B15-8766-3CF1C58F985A}","Version":1,"TaskValue":4,"OpcodeValue":1,"RecordNumber":708639,"ActivityID":"{C4CABCCB-A926-0000-84AD-CCC426A9D701}","ExecutionProcessID":6928,"ExecutionThreadID":1316,"Channel":"Microsoft-Windows-PowerShell/Operational","Domain":"NT AUTHORITY","AccountName":"SYSTEM","UserID":"S-1-5-18","AccountType":"User","Message":"PowerShell console is starting up","Category":"PowerShell Console Startup","Opcode":"Start","EventData":"","EventReceivedTime":"2021-10-02T16:45:03.678420+05:45","SourceModuleName":"in_win","SourceModuleType":"im_msvistalog"}
{"EventTime":"2021-10-02T16:45:02.542194+05:45","Hostname":"IT03.corp.local","Keywords":"0","EventType":"INFO","SeverityValue":2,"Severity":"INFO","EventID":40962,"SourceName":"Microsoft-Windows-PowerShell","ProviderGuid":"{A0C1853B-5C40-4B15-8766-3CF1C58F985A}","Version":1,"TaskValue":4,"OpcodeValue":2,"RecordNumber":708641,"ActivityID":"{C4CABCCB-A926-0000-84AD-CCC426A9D701}","ExecutionProcessID":6928,"ExecutionThreadID":1316,"Channel":"Microsoft-Windows-PowerShell/Operational","Domain":"NT AUTHORITY","AccountName":"SYSTEM","UserID":"S-1-5-18","AccountType":"User","Message":"PowerShell console is ready for user input","Category":"PowerShell Console Startup","Opcode":"Stop","EventData":"","EventReceivedTime":"2021-10-02T16:45:03.693979+05:45","SourceModuleName":"in_win","SourceModuleType":"im_msvistalog"}
{"EventTime":"2021-10-02T16:54:39.638863+05:45","Hostname":"IT03.corp.local","Keywords":"0","EventType":"VERBOSE","SeverityValue":1,"Severity":"DEBUG","EventID":4104,"SourceName":"Microsoft-Windows-PowerShell","ProviderGuid":"{A0C1853B-5C40-4B15-8766-3CF1C58F985A}","Version":1,"TaskValue":2,"OpcodeValue":15,"RecordNumber":711200,"ActivityID":"{C4CABCCB-A926-0000-DBB9-CCC426A9D701}","ExecutionProcessID":6928,"ExecutionThreadID":6804,"Channel":"Microsoft-Windows-PowerShell/Operational","Domain":"NT AUTHORITY","AccountName":"SYSTEM","UserID":"S-1-5-18","AccountType":"User","Message":"Creating Scriptblock text (1 of 1):\r\n{\n\n        $principalName = $_.Name.Split(\"\\\")[1] + \"@\" + $DomainFQDN\n\n        $Member = New-Object PSObject\n        $Member | Add-Member Noteproperty 'GroupName' $GroupName\n        $Member | Add-Member Noteproperty 'PrincipalType' $_.ObjectClass\n        $Member | Add-Member Noteproperty 'PrincipalName' $principalname\n\n        $Data = @\"\n\nGroupName: $($Member.GroupName)\nPrincipalType: $($Member.PrincipalType)\nPrincipalName: $($Member.PrincipalName)\n\"@\n\n        Write-EventLog -LogName Autoruns -Source AutorunsToWinEventLog -EntryType Information -EventId 2 -Message $Data\n\n    }\r\n\r\nScriptBlock ID: a0cb3c3a-5b5e-47dd-96ee-aa0a898ae82c\r\nPath: C:\\Program Files\\AutorunsToWinEventLog\\AutorunsToWinEventLog.ps1","Category":"Execute a Remote Command","Opcode":"On create calls","MessageNumber":"1","MessageTotal":"1","ScriptBlockText":"{\n\n        $principalName = $_.Name.Split(\"\\\")[1] + \"@\" + $DomainFQDN\n\n        $Member = New-Object PSObject\n        $Member | Add-Member Noteproperty 'GroupName' $GroupName\n        $Member | Add-Member Noteproperty 'PrincipalType' $_.ObjectClass\n        $Member | Add-Member Noteproperty 'PrincipalName' $principalname\n\n        $Data = @\"\n\nGroupName: $($Member.GroupName)\nPrincipalType: $($Member.PrincipalType)\nPrincipalName: $($Member.PrincipalName)\n\"@\n\n        Write-EventLog -LogName Autoruns -Source AutorunsToWinEventLog -EntryType Information -EventId 2 -Message $Data\n\n    }","ScriptBlockId":"a0cb3c3a-5b5e-47dd-96ee-aa0a898ae82c","Path":"C:\\Program Files\\AutorunsToWinEventLog\\AutorunsToWinEventLog.ps1","EventReceivedTime":"2021-10-02T16:54:40.745689+05:45","SourceModuleName":"in_win","SourceModuleType":"im_msvistalog"}
{"EventTime":"2021-10-02T16:54:39.573009+05:45","Hostname":"IT03.corp.local","Keywords":"0","EventType":"INFO","SeverityValue":2,"Severity":"INFO","EventID":4103,"SourceName":"Microsoft-Windows-PowerShell","ProviderGuid":"{A0C1853B-5C40-4B15-8766-3CF1C58F985A}","Version":1,"TaskValue":106,"OpcodeValue":20,"RecordNumber":711197,"ActivityID":"{C4CABCCB-A926-0001-D3B7-CCC426A9D701}","ExecutionProcessID":6928,"ExecutionThreadID":6804,"Channel":"Microsoft-Windows-PowerShell/Operational","Domain":"NT AUTHORITY","AccountName":"SYSTEM","UserID":"S-1-5-18","AccountType":"User","Message":"CommandInvocation(Get-LocalGroup): \"Get-LocalGroup\"\r\nCommandInvocation(Where-Object): \"Where-Object\"\r\nParameterBinding(Where-Object): name=\"FilterScript\"; value=\"$_.SID -Match \"S-1-5-32-555\" -Or $_.SID -Match \"S-1-5-32-544\" -Or $_.SID -Match\n \"S-1-5-32-562\"\"\r\nParameterBinding(Where-Object): name=\"InputObject\"; value=\"Netmon Users\"\r\nParameterBinding(Where-Object): name=\"InputObject\"; value=\"Access Control Assistance Operators\"\r\nParameterBinding(Where-Object): name=\"InputObject\"; value=\"Administrators\"\r\nParameterBinding(Where-Object): name=\"InputObject\"; value=\"Backup Operators\"\r\nParameterBinding(Where-Object): name=\"InputObject\"; value=\"Certificate Service DCOM Access\"\r\nParameterBinding(Where-Object): name=\"InputObject\"; value=\"Cryptographic Operators\"\r\nParameterBinding(Where-Object): name=\"InputObject\"; value=\"Device Owners\"\r\nParameterBinding(Where-Object): name=\"InputObject\"; value=\"Distributed COM Users\"\r\nParameterBinding(Where-Object): name=\"InputObject\"; value=\"Event Log Readers\"\r\nParameterBinding(Where-Object): name=\"InputObject\"; value=\"Guests\"\r\nParameterBinding(Where-Object): name=\"InputObject\"; value=\"Hyper-V Administrators\"\r\nParameterBinding(Where-Object): name=\"InputObject\"; value=\"IIS_IUSRS\"\r\nParameterBinding(Where-Object): name=\"InputObject\"; value=\"Network Configuration Operators\"\r\nParameterBinding(Where-Object): name=\"InputObject\"; value=\"Performance Log Users\"\r\nParameterBinding(Where-Object): name=\"InputObject\"; value=\"Performance Monitor Users\"\r\nParameterBinding(Where-Object): name=\"InputObject\"; value=\"Power Users\"\r\nParameterBinding(Where-Object): name=\"InputObject\"; value=\"Print Operators\"\r\nParameterBinding(Where-Object): name=\"InputObject\"; value=\"RDS Endpoint Servers\"\r\nParameterBinding(Where-Object): name=\"InputObject\"; value=\"RDS Management Servers\"\r\nParameterBinding(Where-Object): name=\"InputObject\"; value=\"RDS Remote Access Servers\"\r\nParameterBinding(Where-Object): name=\"InputObject\"; value=\"Remote Desktop Users\"\r\nParameterBinding(Where-Object): name=\"InputObject\"; value=\"Remote Management Users\"\r\nParameterBinding(Where-Object): name=\"InputObject\"; value=\"Replicator\"\r\nParameterBinding(Where-Object): name=\"InputObject\"; value=\"Storage Replica Administrators\"\r\nParameterBinding(Where-Object): name=\"InputObject\"; value=\"System Managed Accounts Group\"\r\nParameterBinding(Where-Object): name=\"InputObject\"; value=\"Users\"\r\n\r\n\r\nContext:\r\n        Severity = Informational\r\n        Host Name = ConsoleHost\r\n        Host Version = 5.1.17763.1971\r\n        Host ID = 6caa4573-d7c9-47fa-9821-6edb0451c0ca\r\n        Host Application = powershell.exe -WindowStyle hidden c:\\PROGRA~1\\AutorunsToWinEventLog\\AutorunsToWinEventLog.ps1\r\n        Engine Version = 5.1.17763.1971\r\n        Runspace ID = 7c4e8408-2681-4c41-8e5b-84bf86b519c5\r\n        Pipeline ID = 1\r\n        Command Name = Get-LocalGroup\r\n        Command Type = Cmdlet\r\n        Script Name = C:\\Program Files\\AutorunsToWinEventLog\\AutorunsToWinEventLog.ps1\r\n        Command Path = \r\n        Sequence Number = 5118\r\n        User = CORP\\SYSTEM\r\n        Connected User = \r\n        Shell ID = Microsoft.PowerShell\r\n\r\n\r\nUser Data:\r\n\r\n","Category":"Executing Pipeline","Opcode":"To be used when operation is just executing a method","ContextInfo":"        Severity = Informational\r\n        Host Name = ConsoleHost\r\n        Host Version = 5.1.17763.1971\r\n        Host ID = 6caa4573-d7c9-47fa-9821-6edb0451c0ca\r\n        Host Application = powershell.exe -WindowStyle hidden c:\\PROGRA~1\\AutorunsToWinEventLog\\AutorunsToWinEventLog.ps1\r\n        Engine Version = 5.1.17763.1971\r\n        Runspace ID = 7c4e8408-2681-4c41-8e5b-84bf86b519c5\r\n        Pipeline ID = 1\r\n        Command Name = Get-LocalGroup\r\n        Command Type = Cmdlet\r\n        Script Name = C:\\Program Files\\AutorunsToWinEventLog\\AutorunsToWinEventLog.ps1\r\n        Command Path = \r\n        Sequence Number = 5118\r\n        User = CORP\\SYSTEM\r\n        Connected User = \r\n        Shell ID = Microsoft.PowerShell\r\n","Payload":"CommandInvocation(Get-LocalGroup): \"Get-LocalGroup\"\r\nCommandInvocation(Where-Object): \"Where-Object\"\r\nParameterBinding(Where-Object): name=\"FilterScript\"; value=\"$_.SID -Match \"S-1-5-32-555\" -Or $_.SID -Match \"S-1-5-32-544\" -Or $_.SID -Match\n \"S-1-5-32-562\"\"\r\nParameterBinding(Where-Object): name=\"InputObject\"; value=\"Netmon Users\"\r\nParameterBinding(Where-Object): name=\"InputObject\"; value=\"Access Control Assistance Operators\"\r\nParameterBinding(Where-Object): name=\"InputObject\"; value=\"Administrators\"\r\nParameterBinding(Where-Object): name=\"InputObject\"; value=\"Backup Operators\"\r\nParameterBinding(Where-Object): name=\"InputObject\"; value=\"Certificate Service DCOM Access\"\r\nParameterBinding(Where-Object): name=\"InputObject\"; value=\"Cryptographic Operators\"\r\nParameterBinding(Where-Object): name=\"InputObject\"; value=\"Device Owners\"\r\nParameterBinding(Where-Object): name=\"InputObject\"; value=\"Distributed COM Users\"\r\nParameterBinding(Where-Object): name=\"InputObject\"; value=\"Event Log Readers\"\r\nParameterBinding(Where-Object): name=\"InputObject\"; value=\"Guests\"\r\nParameterBinding(Where-Object): name=\"InputObject\"; value=\"Hyper-V Administrators\"\r\nParameterBinding(Where-Object): name=\"InputObject\"; value=\"IIS_IUSRS\"\r\nParameterBinding(Where-Object): name=\"InputObject\"; value=\"Network Configuration Operators\"\r\nParameterBinding(Where-Object): name=\"InputObject\"; value=\"Performance Log Users\"\r\nParameterBinding(Where-Object): name=\"InputObject\"; value=\"Performance Monitor Users\"\r\nParameterBinding(Where-Object): name=\"InputObject\"; value=\"Power Users\"\r\nParameterBinding(Where-Object): name=\"InputObject\"; value=\"Print Operators\"\r\nParameterBinding(Where-Object): name=\"InputObject\"; value=\"RDS Endpoint Servers\"\r\nParameterBinding(Where-Object): name=\"InputObject\"; value=\"RDS Management Servers\"\r\nParameterBinding(Where-Object): name=\"InputObject\"; value=\"RDS Remote Access Servers\"\r\nParameterBinding(Where-Object): name=\"InputObject\"; value=\"Remote Desktop Users\"\r\nParameterBinding(Where-Object): name=\"InputObject\"; value=\"Remote Management Users\"\r\nParameterBinding(Where-Object): name=\"InputObject\"; value=\"Replicator\"\r\nParameterBinding(Where-Object): name=\"InputObject\"; value=\"Storage Replica Administrators\"\r\nParameterBinding(Where-Object): name=\"InputObject\"; value=\"System Managed Accounts Group\"\r\nParameterBinding(Where-Object): name=\"InputObject\"; value=\"Users\"\r\n","EventReceivedTime":"2021-10-02T16:54:40.745689+05:45","SourceModuleName":"in_win","SourceModuleType":"im_msvistalog"}
{"EventTime":"2021-10-02T16:54:39.636283+05:45","Hostname":"IT03.corp.local","Keywords":"36028797018963968","EventType":"INFO","SeverityValue":2,"Severity":"INFO","EventID":800,"SourceName":"PowerShell","TaskValue":8,"RecordNumber":404964,"ExecutionProcessID":0,"ExecutionThreadID":0,"Channel":"Windows PowerShell","Message":"Pipeline execution details for command line:         $Member = New-Object PSObject\n. \r\n\r\nContext Information: \r\n\tDetailSequence=1\r\n\tDetailTotal=1\r\n\r\n\tSequenceNumber=5119\r\n\r\n\tUserId=CORP\\SYSTEM\r\n\tHostName=ConsoleHost\r\n\tHostVersion=5.1.17763.1971\r\n\tHostId=6caa4573-d7c9-47fa-9821-6edb0451c0ca\r\n\tHostApplication=powershell.exe -WindowStyle hidden c:\\PROGRA~1\\AutorunsToWinEventLog\\AutorunsToWinEventLog.ps1\r\n\tEngineVersion=5.1.17763.1971\r\n\tRunspaceId=7c4e8408-2681-4c41-8e5b-84bf86b519c5\r\n\tPipelineId=1\r\n\tScriptName=C:\\Program Files\\AutorunsToWinEventLog\\AutorunsToWinEventLog.ps1\r\n\tCommandLine=        $Member = New-Object PSObject\n \r\n\r\nDetails: \r\nCommandInvocation(New-Object): \"New-Object\"\r\nParameterBinding(New-Object): name=\"TypeName\"; value=\"PSObject\"\r\n","Category":"Pipeline Execution Details","Opcode":"Info","EventData":"<Data>        $Member = New-Object PSObject\n</Data><Data>\tDetailSequence=1\r\n\tDetailTotal=1\r\n\r\n\tSequenceNumber=5119\r\n\r\n\tUserId=CORP\\SYSTEM\r\n\tHostName=ConsoleHost\r\n\tHostVersion=5.1.17763.1971\r\n\tHostId=6caa4573-d7c9-47fa-9821-6edb0451c0ca\r\n\tHostApplication=powershell.exe -WindowStyle hidden c:\\PROGRA~1\\AutorunsToWinEventLog\\AutorunsToWinEventLog.ps1\r\n\tEngineVersion=5.1.17763.1971\r\n\tRunspaceId=7c4e8408-2681-4c41-8e5b-84bf86b519c5\r\n\tPipelineId=1\r\n\tScriptName=C:\\Program Files\\AutorunsToWinEventLog\\AutorunsToWinEventLog.ps1\r\n\tCommandLine=        $Member = New-Object PSObject\n</Data><Data>CommandInvocation(New-Object): \"New-Object\"\r\nParameterBinding(New-Object): name=\"TypeName\"; value=\"PSObject\"\r\n</Data>","EventReceivedTime":"2021-10-02T16:54:39.698777+05:45","SourceModuleName":"in_win","SourceModuleType":"im_msvistalog"}
{"EventTime":"2021-10-02T16:45:02.452496+05:45","Hostname":"IT03.corp.local","Keywords":"0","EventType":"INFO","SeverityValue":2,"Severity":"INFO","EventID":53504,"SourceName":"Microsoft-Windows-PowerShell","ProviderGuid":"{A0C1853B-5C40-4B15-8766-3CF1C58F985A}","Version":1,"TaskValue":111,"OpcodeValue":10,"RecordNumber":708640,"ActivityID":"{C4CABCCB-A926-0000-84AD-CCC426A9D701}","ExecutionProcessID":6928,"ExecutionThreadID":1060,"Channel":"Microsoft-Windows-PowerShell/Operational","Domain":"NT AUTHORITY","AccountName":"SYSTEM","UserID":"S-1-5-18","AccountType":"User","Message":"Windows PowerShell has started an IPC listening thread on process: 6928 in AppDomain: DefaultAppDomain.","Category":"PowerShell Named Pipe IPC","Opcode":"Open (async)","param1":"6928","param2":"DefaultAppDomain","EventReceivedTime":"2021-10-02T16:45:03.678420+05:45","SourceModuleName":"in_win","SourceModuleType":"im_msvistalog"}
{"EventTime":"2021-10-02T16:54:39.917570+05:45","Hostname":"IT03.corp.local","Keywords":"36028797018963968","EventType":"INFO","SeverityValue":2,"Severity":"INFO","EventID":403,"SourceName":"PowerShell","TaskValue":4,"RecordNumber":404984,"ExecutionProcessID":0,"ExecutionThreadID":0,"Channel":"Windows PowerShell","Message":"Engine state is changed from Available to Stopped. \r\n\r\nDetails: \r\n\tNewEngineState=Stopped\r\n\tPreviousEngineState=Available\r\n\r\n\tSequenceNumber=5159\r\n\r\n\tHostName=ConsoleHost\r\n\tHostVersion=5.1.17763.1971\r\n\tHostId=6caa4573-d7c9-47fa-9821-6edb0451c0ca\r\n\tHostApplication=powershell.exe -WindowStyle hidden c:\\PROGRA~1\\AutorunsToWinEventLog\\AutorunsToWinEventLog.ps1\r\n\tEngineVersion=5.1.17763.1971\r\n\tRunspaceId=7c4e8408-2681-4c41-8e5b-84bf86b519c5\r\n\tPipelineId=\r\n\tCommandName=\r\n\tCommandType=\r\n\tScriptName=\r\n\tCommandPath=\r\n\tCommandLine=","Category":"Engine Lifecycle","Opcode":"Info","EventData":"<Data>Stopped</Data><Data>Available</Data><Data>\tNewEngineState=Stopped\r\n\tPreviousEngineState=Available\r\n\r\n\tSequenceNumber=5159\r\n\r\n\tHostName=ConsoleHost\r\n\tHostVersion=5.1.17763.1971\r\n\tHostId=6caa4573-d7c9-47fa-9821-6edb0451c0ca\r\n\tHostApplication=powershell.exe -WindowStyle hidden c:\\PROGRA~1\\AutorunsToWinEventLog\\AutorunsToWinEventLog.ps1\r\n\tEngineVersion=5.1.17763.1971\r\n\tRunspaceId=7c4e8408-2681-4c41-8e5b-84bf86b519c5\r\n\tPipelineId=\r\n\tCommandName=\r\n\tCommandType=\r\n\tScriptName=\r\n\tCommandPath=\r\n\tCommandLine=</Data>","EventReceivedTime":"2021-10-02T16:54:40.776938+05:45","SourceModuleName":"in_win","SourceModuleType":"im_msvistalog"}
{"EventTime":"2021-10-02T18:44:31.978275+05:45","Hostname":"IT02.corp.local","Keywords":"36028797018963968","EventType":"INFO","SeverityValue":2,"Severity":"INFO","EventID":258,"SourceName":"Microsoft-Windows-Defrag","Version":0,"TaskValue":0,"OpcodeValue":0,"RecordNumber":70122,"ExecutionProcessID":0,"ExecutionThreadID":0,"Channel":"Application","Message":"The storage optimizer successfully completed defragmentation on (C:)","Opcode":"Info","Data":"defragmentation","Data_1":"(C:)","EventData.Binary":"0000000034020000FA0100000000000022B651A2296BEDD85E9C8D030000000000000000","EventReceivedTime":"2021-10-02T18:44:32.045196+05:45","SourceModuleName":"in_win","SourceModuleType":"im_msvistalog"}
{"EventTime":"2021-10-02T18:44:31.978275+05:45","Hostname":"IT02.corp.local","Keywords":"36028797018963968","EventType":"ERROR","SeverityValue":4,"Severity":"ERROR","EventID":264,"SourceName":"Microsoft-Windows-Defrag","Version":0,"TaskValue":0,"OpcodeValue":0,"RecordNumber":70121,"ExecutionProcessID":0,"ExecutionThreadID":0,"Channel":"Application","Message":"The storage optimizer couldn't complete retrim on (C:) because: The operation requested is not supported by the hardware backing the volume. (0x8900002A)","Data":"retrim","Data_1":"(C:)","Data_2":"The operation requested is not supported by the hardware backing the volume. (0x8900002A)","EventData.Binary":"2A000089800200008D0000009000000022B63823DBB1BD381B0700000000000000000000","EventReceivedTime":"2021-10-02T18:44:32.045196+05:45","SourceModuleName":"in_win","SourceModuleType":"im_msvistalog"}
{"EventTime":"2021-10-01T12:00:01.542865+05:45","Hostname":"IT03.corp.local","Keywords":"9268408033128480768","EventType":"AUDIT_SUCCESS","SeverityValue":2,"Severity":"INFO","EventID":8222,"SourceName":"VSSAudit","TaskValue":3,"RecordNumber":40728690,"ExecutionProcessID":0,"ExecutionThreadID":0,"Channel":"Security","Domain":"NT AUTHORITY","AccountName":"SYSTEM","UserID":"S-1-5-18","AccountType":"User","Message":"Shadow copy has been created.\r\n \r\n User SID:\t\t\tS-1-5-18\r\n User name:\t\t\tNT AUTHORITY\\SYSTEM\r\n Process ID:\t\t\t0x00000000000005ec\r\n Process image name:\t\tC:\\Windows\\System32\\vssadmin.exe\r\n \r\n Shadow Set ID:\t\t\t{2511584f-5a90-4d45-8ff1-ff021c177669}\r\n Shadow ID:\t\t\t{bb8a0598-7c9b-4ce0-9ffc-382a8e42483b}\r\n Provider ID:\t\t\t{b5946137-7b9f-4925-af80-51abd60b20d5}\r\n Original Machine:\t\tIT03.corp.local\r\n Original Volume:\t\t\t\\\\?\\Volume{8945544a-0000-0000-0000-f09d07000000}\\\r\n Shadow device name:\t\t\\\\?\\GLOBALROOT\\Device\\HarddiskVolumeShadowCopy14\r\n","Opcode":"Info","EventData":"<Data>S-1-5-18</Data><Data>NT AUTHORITY\\SYSTEM</Data><Data>0x00000000000005ec</Data><Data>C:\\Windows\\System32\\vssadmin.exe</Data><Data>{2511584f-5a90-4d45-8ff1-ff021c177669}</Data><Data>{bb8a0598-7c9b-4ce0-9ffc-382a8e42483b}</Data><Data>{b5946137-7b9f-4925-af80-51abd60b20d5}</Data><Data>IT03.corp.local</Data><Data>\\\\?\\Volume{8945544a-0000-0000-0000-f09d07000000}\\</Data><Data>\\\\?\\GLOBALROOT\\Device\\HarddiskVolumeShadowCopy14</Data>","EventReceivedTime":"2021-10-01T12:00:03.496423+05:45","SourceModuleName":"in_win","SourceModuleType":"im_msvistalog"}
{"EventTime":"2021-10-01T12:00:01.549804+05:45","Hostname":"IT03.corp.local","Keywords":"9232379236109516800","EventType":"AUDIT_SUCCESS","SeverityValue":2,"Severity":"INFO","EventID":4904,"SourceName":"Microsoft-Windows-Security-Auditing","ProviderGuid":"{54849625-5478-4994-A5BA-3E3B0328C30D}","Version":0,"TaskValue":13568,"OpcodeValue":0,"RecordNumber":40728689,"ActivityID":"{C4CABCCB-A926-0000-82BE-CAC426A9D701}","ExecutionProcessID":632,"ExecutionThreadID":5188,"Channel":"Security","Message":"An attempt was made to register a security event source.\r\n\r\nSubject :\r\n\tSecurity ID:\t\tS-1-5-18\r\n\tAccount Name:\t\tIT03$\r\n\tAccount Domain:\t\tCORP\r\n\tLogon ID:\t\t0x3E7\r\n\r\nProcess:\r\n\tProcess ID:\t0x1870\r\n\tProcess Name:\tC:\\Windows\\System32\\VSSVC.exe\r\n\r\nEvent Source:\r\n\tSource Name:\tVSSAudit\r\n\tEvent Source ID:\t0x69EE42E","Category":"Audit Policy Change","Opcode":"Info","SubjectUserSid":"S-1-5-18","SubjectUserName":"IT03$","SubjectDomainName":"CORP","SubjectLogonId":"0x3e7","AuditSourceName":"VSSAudit","EventSourceId":"0x69ee42e","ProcessId":"0x1870","ProcessName":"C:\\Windows\\System32\\VSSVC.exe","EventReceivedTime":"2021-10-01T12:00:03.496423+05:45","SourceModuleName":"in_win","SourceModuleType":"im_msvistalog"}
{"EventTime":"2021-10-01T12:00:01.552466+05:45","Hostname":"IT03.corp.local","Keywords":"9232379236109516800","EventType":"AUDIT_SUCCESS","SeverityValue":2,"Severity":"INFO","EventID":4905,"SourceName":"Microsoft-Windows-Security-Auditing","ProviderGuid":"{54849625-5478-4994-A5BA-3E3B0328C30D}","Version":0,"TaskValue":13568,"OpcodeValue":0,"RecordNumber":40728691,"ActivityID":"{C4CABCCB-A926-0000-82BE-CAC426A9D701}","ExecutionProcessID":632,"ExecutionThreadID":5188,"Channel":"Security","Message":"An attempt was made to unregister a security event source.\r\n\r\nSubject\r\n\tSecurity ID:\t\tS-1-5-18\r\n\tAccount Name:\t\tIT03$\r\n\tAccount Domain:\t\tCORP\r\n\tLogon ID:\t\t0x3E7\r\n\r\nProcess:\r\n\tProcess ID:\t0x1870\r\n\tProcess Name:\tC:\\Windows\\System32\\VSSVC.exe\r\n\r\nEvent Source:\r\n\tSource Name:\tVSSAudit\r\n\tEvent Source ID:\t0x69EE42E","Category":"Audit Policy Change","Opcode":"Info","SubjectUserSid":"S-1-5-18","SubjectUserName":"IT03$","SubjectDomainName":"CORP","SubjectLogonId":"0x3e7","AuditSourceName":"VSSAudit","EventSourceId":"0x69ee42e","ProcessId":"0x1870","ProcessName":"C:\\Windows\\System32\\VSSVC.exe","EventReceivedTime":"2021-10-01T12:00:03.496423+05:45","SourceModuleName":"in_win","SourceModuleType":"im_msvistalog"}
{"EventTime":"2021-10-02T00:48:15.608875+05:45","Hostname":"IT02.corp.local","Keywords":"36028797018963968","EventType":"INFO","SeverityValue":2,"Severity":"INFO","EventID":8224,"SourceName":"VSS","Version":0,"TaskValue":0,"OpcodeValue":0,"RecordNumber":70050,"ExecutionProcessID":0,"ExecutionThreadID":0,"Channel":"Application","Message":"The VSS service is shutting down due to idle timeout. ","Opcode":"Info","EventData.Binary":"2D20436F64653A2020434F525356434330303030303735392D2043616C6C3A2020434F525356434330303030303734312D205049443A202030303030393634342D205449443A202030303030383430382D20434D443A2020433A5C57696E646F77735C73797374656D33325C76737376632E6578652020202D20557365723A204E616D653A204E5420415554484F524954595C53595354454D2C205349443A532D312D352D313820","EventReceivedTime":"2021-10-02T00:48:16.266564+05:45","SourceModuleName":"in_win","SourceModuleType":"im_msvistalog"}
{"EventTime":"2021-10-01T12:35:18.147872+05:45","Hostname":"IT01.corp.local","Keywords":"9232379236109516800","EventType":"AUDIT_SUCCESS","SeverityValue":2,"Severity":"INFO","EventID":4701,"SourceName":"Microsoft-Windows-Security-Auditing","ProviderGuid":"{54849625-5478-4994-A5BA-3E3B0328C30D}","Version":1,"TaskValue":12804,"OpcodeValue":0,"RecordNumber":4064670,"ActivityID":"{1861A8E2-AEB2-0000-61A9-6118B2AED701}","ExecutionProcessID":640,"ExecutionThreadID":4708,"Channel":"Security","Message":"A scheduled task was disabled.\r\n\r\nSubject:\r\n\tSecurity ID:\t\tS-1-5-20\r\n\tAccount Name:\t\tIT01$\r\n\tAccount Domain:\t\tCORP\r\n\tLogon ID:\t\t0x3E4\r\n\r\nTask Information:\r\n\tTask Name: \t\t\\Microsoft\\Windows\\SoftwareProtectionPlatform\\SvcRestartTask\r\n\tTask Content: \t\t<?xml version=\"1.0\" encoding=\"UTF-16\"?>\r\n<Task version=\"1.6\" xmlns=\"http://schemas.microsoft.com/windows/2004/02/mit/task\">\r\n  <RegistrationInfo>\r\n    <Version>1.0</Version>\r\n    <SecurityDescriptor>D:P(A;;FA;;;SY)(A;;FA;;;BA)(A;;FA;;;S-1-5-80-123231216-2592883651-3715271367-3753151631-4175906628)(A;;FR;;;S-1-5-87-2912274048-3994893941-1669128114-1310430903-1263774323)</SecurityDescriptor>\r\n    <Source>$(@%systemroot%\\system32\\sppc.dll,-200)</Source>\r\n    <Author>$(@%systemroot%\\system32\\sppc.dll,-200)</Author>\r\n    <Description>$(@%systemroot%\\system32\\sppc.dll,-201)</Description>\r\n    <URI>\\Microsoft\\Windows\\SoftwareProtectionPlatform\\SvcRestartTask</URI>\r\n  </RegistrationInfo>\r\n  <Principals>\r\n    <Principal id=\"NetworkService\">\r\n      <UserId>S-1-5-20</UserId>\r\n    </Principal>\r\n  </Principals>\r\n  <Settings>\r\n    <AllowHardTerminate>false</AllowHardTerminate>\r\n    <DisallowStartIfOnBatteries>false</DisallowStartIfOnBatteries>\r\n    <StopIfGoingOnBatteries>false</StopIfGoingOnBatteries>\r\n    <Enabled>false</Enabled>\r\n    <ExecutionTimeLimit>PT0S</ExecutionTimeLimit>\r\n    <Hidden>true</Hidden>\r\n    <MultipleInstancesPolicy>IgnoreNew</MultipleInstancesPolicy>\r\n    <RestartOnFailure>\r\n      <Count>3</Count>\r\n      <Interval>PT1M</Interval>\r\n    </RestartOnFailure>\r\n    <StartWhenAvailable>true</StartWhenAvailable>\r\n    <IdleSettings>\r\n      <StopOnIdleEnd>true</StopOnIdleEnd>\r\n      <RestartOnIdle>false</RestartOnIdle>\r\n    </IdleSettings>\r\n    <UseUnifiedSchedulingEngine>true</UseUnifiedSchedulingEngine>\r\n  </Settings>\r\n  <Triggers>\r\n    <CalendarTrigger>\r\n      <StartBoundary>2021-10-01T12:34:48+05:45</StartBoundary>\r\n      <ScheduleByDay>\r\n        <DaysInterval>1</DaysInterval>\r\n      </ScheduleByDay>\r\n    </CalendarTrigger>\r\n  </Triggers>\r\n  <Actions Context=\"NetworkService\">\r\n    <ComHandler>\r\n      <ClassId>{B1AEBB5D-EAD9-4476-B375-9C3ED9F32AFC}</ClassId>\r\n      <Data><![CDATA[timer]]></Data>\r\n    </ComHandler>\r\n  </Actions>\r\n</Task>\r\n\r\nOther Information:\r\n\tProcessCreationTime: \t\t5066549580795729\r\n\tClientProcessId: \t\t\t5784\r\n\tParentProcessId: \t\t\t604\r\n\tFQDN: \t\t0\r\n\t","Category":"Other Object Access Events","Opcode":"Info","SubjectUserSid":"S-1-5-20","SubjectUserName":"IT01$","SubjectDomainName":"CORP","SubjectLogonId":"0x3e4","TaskName":"\\Microsoft\\Windows\\SoftwareProtectionPlatform\\SvcRestartTask","TaskContent":"<?xml version=\"1.0\" encoding=\"UTF-16\"?>\n<Task version=\"1.6\" xmlns=\"http://schemas.microsoft.com/windows/2004/02/mit/task\">\n  <RegistrationInfo>\n    <Version>1.0</Version>\n    <SecurityDescriptor>D:P(A;;FA;;;SY)(A;;FA;;;BA)(A;;FA;;;S-1-5-80-123231216-2592883651-3715271367-3753151631-4175906628)(A;;FR;;;S-1-5-87-2912274048-3994893941-1669128114-1310430903-1263774323)</SecurityDescriptor>\n    <Source>$(@%systemroot%\\system32\\sppc.dll,-200)</Source>\n    <Author>$(@%systemroot%\\system32\\sppc.dll,-200)</Author>\n    <Description>$(@%systemroot%\\system32\\sppc.dll,-201)</Description>\n    <URI>\\Microsoft\\Windows\\SoftwareProtectionPlatform\\SvcRestartTask</URI>\n  </RegistrationInfo>\n  <Principals>\n    <Principal id=\"NetworkService\">\n      <UserId>S-1-5-20</UserId>\n    </Principal>\n  </Principals>\n  <Settings>\n    <AllowHardTerminate>false</AllowHardTerminate>\n    <DisallowStartIfOnBatteries>false</DisallowStartIfOnBatteries>\n    <StopIfGoingOnBatteries>false</StopIfGoingOnBatteries>\n    <Enabled>false</Enabled>\n    <ExecutionTimeLimit>PT0S</ExecutionTimeLimit>\n    <Hidden>true</Hidden>\n    <MultipleInstancesPolicy>IgnoreNew</MultipleInstancesPolicy>\n    <RestartOnFailure>\n      <Count>3</Count>\n      <Interval>PT1M</Interval>\n    </RestartOnFailure>\n    <StartWhenAvailable>true</StartWhenAvailable>\n    <IdleSettings>\n      <StopOnIdleEnd>true</StopOnIdleEnd>\n      <RestartOnIdle>false</RestartOnIdle>\n    </IdleSettings>\n    <UseUnifiedSchedulingEngine>true</UseUnifiedSchedulingEngine>\n  </Settings>\n  <Triggers>\n    <CalendarTrigger>\n      <StartBoundary>2021-10-01T12:34:48+05:45</StartBoundary>\n      <ScheduleByDay>\n        <DaysInterval>1</DaysInterval>\n      </ScheduleByDay>\n    </CalendarTrigger>\n  </Triggers>\n  <Actions Context=\"NetworkService\">\n    <ComHandler>\n      <ClassId>{B1AEBB5D-EAD9-4476-B375-9C3ED9F32AFC}</ClassId>\n      <Data><![CDATA[timer]]></Data>\n    </ComHandler>\n  </Actions>\n</Task>","ClientProcessStartKey":"5066549580795729","ClientProcessId":"5784","ParentProcessId":"604","RpcCallClientLocality":"0","FQDN":"IT01.corp.local","EventReceivedTime":"2021-10-01T12:35:19.317363+05:45","SourceModuleName":"in_win","SourceModuleType":"im_msvistalog"}
{"EventTime":"2021-10-02T05:28:30.134199+05:45","Hostname":"DC01.corp.local","Keywords":"9232379236109516800","EventType":"AUDIT_SUCCESS","SeverityValue":2,"Severity":"INFO","EventID":4661,"SourceName":"Microsoft-Windows-Security-Auditing","ProviderGuid":"{54849625-5478-4994-A5BA-3E3B0328C30D}","Version":1,"TaskValue":12803,"OpcodeValue":0,"RecordNumber":190890673,"ExecutionProcessID":512,"ExecutionThreadID":520,"Channel":"Security","Message":"A handle to an object was requested.\r\n\r\nSubject :\r\n\tSecurity ID:\t\tS-1-5-18\r\n\tAccount Name:\t\tDC01$\r\n\tAccount Domain:\t\tCORP\r\n\tLogon ID:\t\t0x3E7\r\n\r\nObject:\r\n\tObject Server:\tSecurity Account Manager\r\n\tObject Type:\tSAM_USER\r\n\tObject Name:\tS-1-5-21-2569713578-3403938347-3732993993-501\r\n\tHandle ID:\t0x6742c1380\r\n\r\nProcess Information:\r\n\tProcess ID:\t0x200\r\n\tProcess Name:\tC:\\Windows\\System32\\lsass.exe\r\n\r\nAccess Request Information:\r\n\tTransaction ID:\t{00000000-0000-0000-0000-000000000000}\r\n\tAccesses:\tDELETE\r\n\t\t\t\tREAD_CONTROL\r\n\t\t\t\tWRITE_DAC\r\n\t\t\t\tWRITE_OWNER\r\n\t\t\t\tReadGeneralInformation\r\n\t\t\t\tReadPreferences\r\n\t\t\t\tWritePreferences\r\n\t\t\t\tReadLogon\r\n\t\t\t\tReadAccount\r\n\t\t\t\tWriteAccount\r\n\t\t\t\tChangePassword (with knowledge of old password)\r\n\t\t\t\tSetPassword (without knowledge of old password)\r\n\t\t\t\t\r\n\tAccess Reasons:\t\t-\r\n\tAccess Mask:\t0xF00FF\r\n\tPrivileges Used for Access Check:\t-\r\n\tProperties:\t---\r\n\t{bf967aba-0de6-11d0-a285-00aa003049e2}\r\nDELETE\r\nREAD_CONTROL\r\nWRITE_DAC\r\nWRITE_OWNER\r\nReadGeneralInformation\r\nReadPreferences\r\nWritePreferences\r\nReadLogon\r\nReadAccount\r\nWriteAccount\r\nChangePassword (with knowledge of old password)\r\nSetPassword (without knowledge of old password)\r\n\t\t{ab721a53-1e2f-11d0-9819-00aa0040529b}\r\nDELETE\r\nREAD_CONTROL\r\nWRITE_DAC\r\nWRITE_OWNER\r\nReadGeneralInformation\r\nReadPreferences\r\nWritePreferences\r\nReadLogon\r\nReadAccount\r\nWriteAccount\r\nChangePassword (with knowledge of old password)\r\nSetPassword (without knowledge of old password)\r\nListGroups\r\n\t\t\t{bf967938-0de6-11d0-a285-00aa003049e2}\r\n\t\t\t{5fd42471-1262-11d0-a060-00aa006c33ed}\r\n\t\t\t{bf9679e8-0de6-11d0-a285-00aa003049e2}\r\n\t\t\t{bf967a00-0de6-11d0-a285-00aa003049e2}\r\n\t\t\t{3e0abfd0-126a-11d0-a060-00aa006c33ed}\r\n\t\t\t{bf967a6a-0de6-11d0-a285-00aa003049e2}\r\n\t\t\t{bf967953-0de6-11d0-a285-00aa003049e2}\r\n\t\t{4c164200-20c0-11d0-a768-00aa006e0529}\r\n\t\t\t{bf967915-0de6-11d0-a285-00aa003049e2}\r\n\t\t\t{bf967a0a-0de6-11d0-a285-00aa003049e2}\r\n\t\t\t{bf967a68-0de6-11d0-a285-00aa003049e2}\r\n\t\t\t{bf967a6d-0de6-11d0-a285-00aa003049e2}\r\n\t\t{5f202010-79a5-11d0-9020-00c04fc2d4cf}\r\n\t\t{59ba2f42-79a2-11d0-9020-00c04fc2d3cf}\r\n\t\t\t{bf967985-0de6-11d0-a285-00aa003049e2}\r\n\t\t\t{bf967986-0de6-11d0-a285-00aa003049e2}\r\n\t\t\t{bf967996-0de6-11d0-a285-00aa003049e2}\r\n\t\t\t{bf967997-0de6-11d0-a285-00aa003049e2}\r\n\t\t\t{bf9679aa-0de6-11d0-a285-00aa003049e2}\r\n\t\t\t{bf9679ab-0de6-11d0-a285-00aa003049e2}\r\n\t\t\t{bf9679ac-0de6-11d0-a285-00aa003049e2}\r\n\t\t\t{bf967a05-0de6-11d0-a285-00aa003049e2}\r\n\t\t\t{bf9679a8-0de6-11d0-a285-00aa003049e2}\r\n\t\t{e48d0154-bcf8-11d1-8702-00c04fb96050}\r\n\t\t\t{bf967950-0de6-11d0-a285-00aa003049e2}\r\n\t\t{bc0ac240-79a9-11d0-9020-00c04fc2d4cf}\r\n\t\t\t{bf967991-0de6-11d0-a285-00aa003049e2}\r\n\t\t\t{bf96792e-0de6-11d0-a285-00aa003049e2}\r\n\t\t{00299570-246d-11d0-a768-00aa006e0529}\r\n\t\t{7ed84960-ad10-11d0-8a92-00aa006e0529}\r\n\r\n\tRestricted SID Count:\t0","Category":"SAM","Opcode":"Info","SubjectUserSid":"S-1-5-18","SubjectUserName":"DC01$","SubjectDomainName":"CORP","SubjectLogonId":"0x3e7","ObjectServer":"Security Account Manager","ObjectType":"SAM_USER","ObjectName":"S-1-5-21-2569713578-3403938347-3732993993-501","HandleId":"0x6742c1380","TransactionId":"{00000000-0000-0000-0000-000000000000}","AccessList":"%%1537\r\n\t\t\t\t%%1538\r\n\t\t\t\t%%1539\r\n\t\t\t\t%%1540\r\n\t\t\t\t%%5440\r\n\t\t\t\t%%5441\r\n\t\t\t\t%%5442\r\n\t\t\t\t%%5443\r\n\t\t\t\t%%5444\r\n\t\t\t\t%%5445\r\n\t\t\t\t%%5446\r\n\t\t\t\t%%5447\r\n\t\t\t\t","AccessReason":"-","AccessMask":"0xf00ff","PrivilegeList":"-","Properties":"---\r\n\t{bf967aba-0de6-11d0-a285-00aa003049e2}\r\n%%1537\r\n%%1538\r\n%%1539\r\n%%1540\r\n%%5440\r\n%%5441\r\n%%5442\r\n%%5443\r\n%%5444\r\n%%5445\r\n%%5446\r\n%%5447\r\n\t\t{ab721a53-1e2f-11d0-9819-00aa0040529b}\r\n%%1537\r\n%%1538\r\n%%1539\r\n%%1540\r\n%%5440\r\n%%5441\r\n%%5442\r\n%%5443\r\n%%5444\r\n%%5445\r\n%%5446\r\n%%5447\r\n%%5448\r\n\t\t\t{bf967938-0de6-11d0-a285-00aa003049e2}\r\n\t\t\t{5fd42471-1262-11d0-a060-00aa006c33ed}\r\n\t\t\t{bf9679e8-0de6-11d0-a285-00aa003049e2}\r\n\t\t\t{bf967a00-0de6-11d0-a285-00aa003049e2}\r\n\t\t\t{3e0abfd0-126a-11d0-a060-00aa006c33ed}\r\n\t\t\t{bf967a6a-0de6-11d0-a285-00aa003049e2}\r\n\t\t\t{bf967953-0de6-11d0-a285-00aa003049e2}\r\n\t\t{4c164200-20c0-11d0-a768-00aa006e0529}\r\n\t\t\t{bf967915-0de6-11d0-a285-00aa003049e2}\r\n\t\t\t{bf967a0a-0de6-11d0-a285-00aa003049e2}\r\n\t\t\t{bf967a68-0de6-11d0-a285-00aa003049e2}\r\n\t\t\t{bf967a6d-0de6-11d0-a285-00aa003049e2}\r\n\t\t{5f202010-79a5-11d0-9020-00c04fc2d4cf}\r\n\t\t{59ba2f42-79a2-11d0-9020-00c04fc2d3cf}\r\n\t\t\t{bf967985-0de6-11d0-a285-00aa003049e2}\r\n\t\t\t{bf967986-0de6-11d0-a285-00aa003049e2}\r\n\t\t\t{bf967996-0de6-11d0-a285-00aa003049e2}\r\n\t\t\t{bf967997-0de6-11d0-a285-00aa003049e2}\r\n\t\t\t{bf9679aa-0de6-11d0-a285-00aa003049e2}\r\n\t\t\t{bf9679ab-0de6-11d0-a285-00aa003049e2}\r\n\t\t\t{bf9679ac-0de6-11d0-a285-00aa003049e2}\r\n\t\t\t{bf967a05-0de6-11d0-a285-00aa003049e2}\r\n\t\t\t{bf9679a8-0de6-11d0-a285-00aa003049e2}\r\n\t\t{e48d0154-bcf8-11d1-8702-00c04fb96050}\r\n\t\t\t{bf967950-0de6-11d0-a285-00aa003049e2}\r\n\t\t{bc0ac240-79a9-11d0-9020-00c04fc2d4cf}\r\n\t\t\t{bf967991-0de6-11d0-a285-00aa003049e2}\r\n\t\t\t{bf96792e-0de6-11d0-a285-00aa003049e2}\r\n\t\t{00299570-246d-11d0-a768-00aa006e0529}\r\n\t\t{7ed84960-ad10-11d0-8a92-00aa006e0529}\r\n","RestrictedSidCount":"0","ProcessId":"0x200","ProcessName":"C:\\Windows\\System32\\lsass.exe","EventReceivedTime":"2021-10-02T05:28:30.212370+05:45","SourceModuleName":"in_win","SourceModuleType":"im_msvistalog"}
{"EventTime":"2021-10-02T05:28:30.134199+05:45","Hostname":"DC01.corp.local","Keywords":"9232379236109516800","EventType":"AUDIT_SUCCESS","SeverityValue":2,"Severity":"INFO","EventID":4658,"SourceName":"Microsoft-Windows-Security-Auditing","ProviderGuid":"{54849625-5478-4994-A5BA-3E3B0328C30D}","Version":0,"TaskValue":12804,"OpcodeValue":0,"RecordNumber":190890675,"ExecutionProcessID":4,"ExecutionThreadID":2908,"Channel":"Security","Message":"The handle to an object was closed.\r\n\r\nSubject :\r\n\tSecurity ID:\t\tS-1-5-18\r\n\tAccount Name:\t\tDC01$\r\n\tAccount Domain:\t\tCORP\r\n\tLogon ID:\t\t0x3E7\r\n\r\nObject:\r\n\tObject Server:\t\tSecurity Account Manager\r\n\tHandle ID:\t\t0x674201760\r\n\r\nProcess Information:\r\n\tProcess ID:\t\t0x200\r\n\tProcess Name:\t\tC:\\Windows\\System32\\lsass.exe","Category":"Other Object Access Events","Opcode":"Info","SubjectUserSid":"S-1-5-18","SubjectUserName":"DC01$","SubjectDomainName":"CORP","SubjectLogonId":"0x3e7","ObjectServer":"Security Account Manager","HandleId":"0x674201760","ProcessId":"0x200","ProcessName":"C:\\Windows\\System32\\lsass.exe","EventReceivedTime":"2021-10-02T05:28:30.212370+05:45","SourceModuleName":"in_win","SourceModuleType":"im_msvistalog"}
{"EventTime":"2021-10-01T13:09:32.222426+05:45","Hostname":"IT01.corp.local","Keywords":"9232379236109516800","EventType":"AUDIT_SUCCESS","SeverityValue":2,"Severity":"INFO","EventID":4947,"SourceName":"Microsoft-Windows-Security-Auditing","ProviderGuid":"{54849625-5478-4994-A5BA-3E3B0328C30D}","Version":0,"TaskValue":13571,"OpcodeValue":0,"RecordNumber":4064686,"ActivityID":"{1861A8E2-AEB2-0000-61A9-6118B2AED701}","ExecutionProcessID":640,"ExecutionThreadID":4564,"Channel":"Security","Message":"A change was made to the Windows Firewall exception list. A rule was modified.\r\n\t\r\nProfile Changed:\tAll\r\n\r\nModified Rule:\r\n\tRule ID:\t{9067517D-6E0E-4ACA-81A5-93FC55254F9F}\r\n\tRule Name:\t7993f5e6-503d-4945-b625-d1cc888ae184","Category":"MPSSVC Rule-Level Policy Change","Opcode":"Info","ProfileChanged":"All","RuleId":"{9067517D-6E0E-4ACA-81A5-93FC55254F9F}","RuleName":"7993f5e6-503d-4945-b625-d1cc888ae184","EventReceivedTime":"2021-10-01T13:09:33.881737+05:45","SourceModuleName":"in_win","SourceModuleType":"im_msvistalog"}
{"EventTime":"2021-10-01T13:09:32.222339+05:45","Hostname":"IT01.corp.local","Keywords":"9223374235878031360","EventType":"INFO","SeverityValue":2,"Severity":"INFO","EventID":2005,"SourceName":"Microsoft-Windows-Windows Firewall With Advanced Security","ProviderGuid":"{D1BC9AFF-2ABF-4D71-9146-ECB2A986EB85}","Version":0,"TaskValue":0,"OpcodeValue":0,"RecordNumber":11656,"ExecutionProcessID":1552,"ExecutionThreadID":6336,"Channel":"Microsoft-Windows-Windows Firewall With Advanced Security/Firewall","Domain":"NT AUTHORITY","AccountName":"LOCAL SERVICE","UserID":"S-1-5-19","AccountType":"Well Known Group","Message":"A rule has been modified in the Windows Defender Firewall exception list.\r\n\r\nModified Rule:\r\n\tRule ID:\t{9067517D-6E0E-4ACA-81A5-93FC55254F9F}\r\n\tRule Name:\t7993f5e6-503d-4945-b625-d1cc888ae184\r\n\tOrigin:\tLocal\r\n\tActive:\tYes\r\n\tDirection:\tInbound\r\n\tProfiles:\tPrivate,Domain, Public\r\n\tAction:\tAllow\r\n\tApplication Path:\tC:\\Program Files (x86)\\Microsoft\\Edge\\Application\\msedge.exe\r\n\tService Name:\t\r\n\tProtocol:\tUDP\r\n\tSecurity Options:\tNone\r\n\tEdge Traversal:\tNone\r\n\tModifying User:\tS-1-5-18\r\n\tModifying Application:\tC:\\Program Files (x86)\\Microsoft\\EdgeUpdate\\Install\\{3A6BC05A-246C-4B78-8526-A0FAA476A761}\\EDGEMITMP_38766.tmp\\setup.exe","Opcode":"Info","RuleId":"{9067517D-6E0E-4ACA-81A5-93FC55254F9F}","RuleName":"7993f5e6-503d-4945-b625-d1cc888ae184","Origin":"1","ApplicationPath":"C:\\Program Files (x86)\\Microsoft\\Edge\\Application\\msedge.exe","Direction":"1","Protocol":"17","LocalPorts":"5353","RemotePorts":"*","Action":"3","Profiles":"2147483647","LocalAddresses":"*","RemoteAddresses":"*","EmbeddedContext":"Microsoft Edge","Flags":"1","Active":"1","EdgeTraversal":"0","LooseSourceMapped":"0","SecurityOptions":"0","ModifyingUser":"S-1-5-18","ModifyingApplication":"C:\\Program Files (x86)\\Microsoft\\EdgeUpdate\\Install\\{3A6BC05A-246C-4B78-8526-A0FAA476A761}\\EDGEMITMP_38766.tmp\\setup.exe","SchemaVersion":"542","RuleStatus":"65536","LocalOnlyMapped":"0","EventReceivedTime":"2021-10-01T13:09:33.881737+05:45","SourceModuleName":"in_win","SourceModuleType":"im_msvistalog"}
{"EventTime":"2021-10-01T13:13:56.248860+05:45","Hostname":"ACC01.prod.corp.local","Keywords":"9227875636482146304","EventType":"AUDIT_FAILURE","SeverityValue":4,"Severity":"ERROR","EventID":6281,"SourceName":"Microsoft-Windows-Security-Auditing","ProviderGuid":"{54849625-5478-4994-A5BA-3E3B0328C30D}","Version":0,"TaskValue":12290,"OpcodeValue":0,"RecordNumber":894537,"ExecutionProcessID":4,"ExecutionThreadID":4424,"Channel":"Security","Message":"Code Integrity determined that the page hashes of an image file are not valid. The file could be improperly signed without page hashes or corrupt due to unauthorized modification. The invalid hashes could indicate a potential disk device error.\r\n\r\nFile Name:\t\\Device\\HarddiskVolume2\\Windows\\System32\\aepic.dll\t","Category":"System Integrity","Opcode":"Info","param1":"\\Device\\HarddiskVolume2\\Windows\\System32\\aepic.dll","EventReceivedTime":"2021-10-01T13:13:57.944403+05:45","SourceModuleName":"in_win","SourceModuleType":"im_msvistalog"}
