{"EventTime":"2021-09-21T12:16:17.000000+05:45","Hostname":"DC01.corp.local","Keywords":"36028797018963968","EventType":"INFO","SeverityValue":2,"Severity":"INFO","EventID":5211,"SourceName":"Microsoft-Windows-WAS","ProviderGuid":"{524B5D04-133C-4A62-8362-64E8EDB9CE40}","Version":0,"TaskValue":0,"OpcodeValue":0,"RecordNumber":645222,"ExecutionProcessID":0,"ExecutionThreadID":0,"Channel":"System","Message":"The Windows Process Activation Service (WAS) started with 'Classic' mode using 'ConfigurationSystem'","RunningMode":"Classic","ConfigurationReader":"ConfigurationSystem","EventReceivedTime":"2021-09-21T14:21:58.090244+05:45","SourceModuleName":"in_win","SourceModuleType":"im_msvistalog"}
{"EventTime":"2021-09-21T12:16:19.889322+05:45","Hostname":"DC01.corp.local","Keywords":"9223372036854775808","EventType":"INFO","SeverityValue":2,"Severity":"INFO","EventID":5611,"SourceName":"Microsoft-Windows-WMI","ProviderGuid":"{1EDEEE53-0AFE-4609-B846-D8C0B2075B1F}","Version":2,"TaskValue":0,"OpcodeValue":0,"RecordNumber":119371,"ExecutionProcessID":912,"ExecutionThreadID":1248,"Channel":"Application","Domain":"NT AUTHORITY","AccountName":"SYSTEM","UserID":"S-1-5-18","AccountType":"User","Message":"The Windows Management Instrumentation service has detected an inconsistent system shutdown.","Opcode":"Info","EventData":"","EventReceivedTime":"2021-09-21T14:21:58.121548+05:45","SourceModuleName":"in_win","SourceModuleType":"im_msvistalog"}
{"EventTime":"2021-09-21T12:16:30.000000+05:45","Hostname":"DC01.corp.local","Keywords":"36028797018963968","EventType":"ERROR","SeverityValue":4,"Severity":"ERROR","EventID":1008,"SourceName":"Microsoft-Windows-Perflib","ProviderGuid":"{13B197BD-7CEE-4B4E-8DD0-59314CE374CE}","Version":0,"TaskValue":0,"OpcodeValue":0,"RecordNumber":119375,"ExecutionProcessID":0,"ExecutionThreadID":0,"Channel":"Application","Message":"The Open Procedure for service \"BITS\" in DLL \"C:\\Windows\\System32\\bitsperf.dll\" failed. Performance data for this service will not be available. The first four bytes (DWORD) of the Data section contains the error code.","UserData":"<EventXML xmlns='Perflib'><param1>BITS</param1><param2>C:\\Windows\\System32\\bitsperf.dll</param2><binaryDataSize>8</binaryDataSize><binaryData>0200000000000000</binaryData></EventXML>","EventReceivedTime":"2021-09-21T14:21:58.168368+05:45","SourceModuleName":"in_win","SourceModuleType":"im_msvistalog"}
{"EventTime":"2021-09-21T12:16:56.000000+05:45","Hostname":"DC01.corp.local","Keywords":"36028797018963968","EventType":"WARNING","SeverityValue":3,"Severity":"WARNING","EventID":6006,"SourceName":"Microsoft-Windows-Winlogon","ProviderGuid":"{DBE9B383-7CF3-4331-91CC-A3CB16A3B538}","Version":0,"TaskValue":0,"OpcodeValue":0,"RecordNumber":119381,"ExecutionProcessID":0,"ExecutionThreadID":0,"Channel":"Application","Message":"The winlogon notification subscriber <GPClient> took 64 second(s) to handle the notification event (CreateSession).","EventData":"<Data>GPClient</Data><Data>64</Data><Data>CreateSession</Data><Binary>04000000</Binary>","EventReceivedTime":"2021-09-21T14:21:58.308992+05:45","SourceModuleName":"in_win","SourceModuleType":"im_msvistalog"}
{"EventTime":"2021-09-21T12:16:53.738177+05:45","Hostname":"DC01.corp.local","Keywords":"288230376151711808","EventType":"ERROR","SeverityValue":4,"Severity":"ERROR","EventID":30800,"SourceName":"Microsoft-Windows-SMBClient","ProviderGuid":"{988C59C5-0A1C-45B6-A555-0C62276E327D}","Version":0,"TaskValue":0,"OpcodeValue":0,"RecordNumber":1290,"ExecutionProcessID":4,"ExecutionThreadID":464,"Channel":"Microsoft-Windows-SmbClient/Connectivity","Domain":"NT AUTHORITY","AccountName":"SYSTEM","UserID":"S-1-5-18","AccountType":"User","Message":"The server name cannot be resolved.\r\n\r\nError: The object was not found.\r\n\r\nServer name: corp.local\r\n\r\nGuidance:\r\nThe client cannot resolve the server address in DNS or WINS. This issue often manifests immediately after joining a computer to the domain, when the client's DNS registration may not yet have propagated to all DNS servers. You should also expect this event at system startup on a DNS server (such as a domain controller) that points to itself for the primary DNS. You should validate the DNS client settings on this computer using IPCONFIG /ALL and NSLOOKUP.","Opcode":"Info","Reason":"1","Status":"3221226021","ServerNameLength":"19","ServerName":"corp.local","EventReceivedTime":"2021-09-21T14:21:58.277751+05:45","SourceModuleName":"in_win","SourceModuleType":"im_msvistalog"}
{"EventTime":"2021-09-21T12:16:20.311199+05:45","Hostname":"DC01.corp.local","Keywords":"9223372036854775808","EventType":"INFO","SeverityValue":2,"Severity":"INFO","EventID":4200,"SourceName":"Microsoft-Windows-Iphlpsvc","ProviderGuid":"{66A5C15C-4F8E-4044-BF6E-71D896038977}","Version":0,"TaskValue":0,"OpcodeValue":0,"RecordNumber":645239,"ExecutionProcessID":912,"ExecutionThreadID":2008,"Channel":"System","Domain":"NT AUTHORITY","AccountName":"SYSTEM","UserID":"S-1-5-18","AccountType":"User","Message":"Isatap interface isatap.{48B8E372-14A4-40C0-9732-C046D6CCC5CD} with address fe80::5efe:192.168.2.47 has been brought up.","Opcode":"Info","ProtocolType":"1","Interface":"isatap.{48B8E372-14A4-40C0-9732-C046D6CCC5CD}","Address":"fe80::5efe:192.168.2.47","EventReceivedTime":"2021-09-21T14:21:58.137122+05:45","SourceModuleName":"in_win","SourceModuleType":"im_msvistalog"}
{"EventTime":"2021-09-21T12:16:16.670582+05:45","Hostname":"DC01.corp.local","Keywords":"9223372036854775808","EventType":"INFO","SeverityValue":2,"Severity":"INFO","EventID":143,"SourceName":"Microsoft-Windows-Time-Service","ProviderGuid":"{06EDCFEB-0FD0-4E53-ACCA-A6F8BBF81BCB}","Version":0,"TaskValue":0,"OpcodeValue":0,"RecordNumber":645225,"ExecutionProcessID":940,"ExecutionThreadID":1768,"Channel":"System","Domain":"NT AUTHORITY","AccountName":"LOCAL SERVICE","UserID":"S-1-5-19","AccountType":"Well Known Group","Message":"The time service has started advertising as a good time source.","Opcode":"Info","EventReceivedTime":"2021-09-21T14:21:58.090244+05:45","SourceModuleName":"in_win","SourceModuleType":"im_msvistalog"}
{"EventTime":"2021-09-21T12:35:53.729610+05:45","Hostname":"IT01.corp.local","Keywords":"9259400833873739776","EventType":"INFO","SeverityValue":2,"Severity":"INFO","EventID":4111,"SourceName":"Microsoft-Windows-CAPI2","ProviderGuid":"{5BBCA4A8-B209-48DC-A8C7-B23D3E5216FB}","Version":0,"TaskValue":0,"OpcodeValue":0,"RecordNumber":13072,"ExecutionProcessID":1264,"ExecutionThreadID":6800,"Channel":"Application","Message":"Successful auto update of third-party root list with effective date: ???Friday, ???September ???10, ???2021 9:54:29 PM.","Opcode":"Info","Data":"???Friday, ???September ???10, ???2021 9:54:29 PM","EventReceivedTime":"2021-09-21T14:23:59.967874+05:45","SourceModuleName":"in_win","SourceModuleType":"im_msvistalog"}
{"EventTime":"2021-09-21T12:28:56.420828+05:45","Hostname":"IT01.corp.local","Keywords":"9232379236109516800","EventType":"AUDIT_SUCCESS","SeverityValue":2,"Severity":"INFO","EventID":5478,"SourceName":"Microsoft-Windows-Security-Auditing","ProviderGuid":"{54849625-5478-4994-A5BA-3E3B0328C30D}","Version":0,"TaskValue":12291,"OpcodeValue":0,"RecordNumber":4046569,"ActivityID":"{1861A8E2-AEB2-0000-61A9-6118B2AED701}","ExecutionProcessID":640,"ExecutionThreadID":5732,"Channel":"Security","Message":"The IPsec Policy Agent service was started.","Category":"IPsec Driver","Opcode":"Info","EventReceivedTime":"2021-09-21T14:23:59.420991+05:45","SourceModuleName":"in_win","SourceModuleType":"im_msvistalog"}
{"EventTime":"2021-09-21T12:21:57.642405+05:45","Hostname":"IT01.corp.local","Keywords":"4611686018427387904","EventType":"INFO","SeverityValue":2,"Severity":"INFO","EventID":66,"SourceName":"Microsoft-Windows-RemoteDesktopServices-RdpCoreTS","ProviderGuid":"{1139C61B-B549-4251-8ED3-27250A1EDEC8}","Version":0,"TaskValue":4,"OpcodeValue":13,"RecordNumber":23820,"ActivityID":"{F4206F0D-B6B3-4F45-855D-4AB4EB740000}","ExecutionProcessID":1016,"ExecutionThreadID":1428,"Channel":"Microsoft-Windows-RemoteDesktopServices-RdpCoreTS/Operational","Domain":"NT AUTHORITY","AccountName":"NETWORK SERVICE","UserID":"S-1-5-20","AccountType":"Well Known Group","Message":"The connection RDP-Tcp#7 was assigned to session 2","Category":"RemoteFX module","Opcode":"RCMProtocolImpl","ConnectionName":"RDP-Tcp#7","SessionID":"2","EventReceivedTime":"2021-09-21T14:23:58.858489+05:45","SourceModuleName":"in_win","SourceModuleType":"im_msvistalog"}
{"EventTime":"2021-09-21T12:21:55.610612+05:45","Hostname":"IT01.corp.local","Keywords":"4611686018427387904","EventType":"INFO","SeverityValue":2,"Severity":"INFO","EventID":65,"SourceName":"Microsoft-Windows-RemoteDesktopServices-RdpCoreTS","ProviderGuid":"{1139C61B-B549-4251-8ED3-27250A1EDEC8}","Version":0,"TaskValue":4,"OpcodeValue":13,"RecordNumber":23799,"ActivityID":"{F4206F0D-B6B3-4F45-855D-4AB4EB740000}","ExecutionProcessID":1016,"ExecutionThreadID":1304,"Channel":"Microsoft-Windows-RemoteDesktopServices-RdpCoreTS/Operational","Domain":"NT AUTHORITY","AccountName":"NETWORK SERVICE","UserID":"S-1-5-20","AccountType":"Well Known Group","Message":"Connection RDP-Tcp#7 created ","Category":"RemoteFX module","Opcode":"RCMProtocolImpl","ConnectionName":"RDP-Tcp#7","EventReceivedTime":"2021-09-21T14:23:58.842866+05:45","SourceModuleName":"in_win","SourceModuleType":"im_msvistalog"}
{"EventTime":"2021-09-21T11:29:34.917615+05:45","Hostname":"IT03.corp.local","Keywords":"9223372036854775808","EventType":"ERROR","SeverityValue":4,"Severity":"ERROR","EventID":1054,"SourceName":"Microsoft-Windows-GroupPolicy","ProviderGuid":"{AEA1B4FA-97D1-45F2-A64C-4D69FFFD92C9}","Version":0,"TaskValue":0,"OpcodeValue":1,"RecordNumber":108893,"ActivityID":"{0551BACE-C2F9-4DF1-BC76-C71E60B0C2B5}","ExecutionProcessID":1520,"ExecutionThreadID":372,"Channel":"System","Domain":"NT AUTHORITY","AccountName":"SYSTEM","UserID":"S-1-5-18","AccountType":"User","Message":"The processing of Group Policy failed. Windows could not obtain the name of a domain controller. This could be caused by a name resolution failure. Verify your Domain Name System (DNS) is configured and working correctly.","Opcode":"Start","SupportInfo1":"1","SupportInfo2":"2847","ProcessingMode":"0","ProcessingTimeInMilliseconds":"0","ErrorCode":"1355","ErrorDescription":"The specified domain either does not exist or could not be contacted. ","EventReceivedTime":"2021-09-21T14:22:02.012139+05:45","SourceModuleName":"in_win","SourceModuleType":"im_msvistalog"}
{"EventTime":"2021-10-02T00:25:46.924083+05:45","Hostname":"ACC01","Keywords":"4611686018427387904","EventType":"WARNING","SeverityValue":3,"Severity":"WARNING","EventID":8016,"SourceName":"Microsoft-Windows-DNS-Client","ProviderGuid":"{1C95126E-7EEA-49A9-A3FE-A378B03DDB4D}","Version":0,"TaskValue":1028,"OpcodeValue":0,"RecordNumber":56634,"ExecutionProcessID":1348,"ExecutionThreadID":2184,"Channel":"System","Domain":"NT AUTHORITY","AccountName":"NETWORK SERVICE","UserID":"S-1-5-20","AccountType":"Well Known Group","Message":"The system failed to register host (A or AAAA) resource records (RRs) for network adapter\r\nwith settings:\r\n\r\n           Adapter Name : {0CAD76ED-84FA-4588-9F25-B4D5BC9EBE1E}\r\n           Host Name : ACC01\r\n           Primary Domain Suffix : prod.corp.local\r\n           DNS server list :\r\n             \t192.168.4.203, 8.8.8.8\r\n           Sent update to server : <?>\r\n           IP Address(es) :\r\n             192.168.4.204\r\n\r\nThe reason the system could not register these RRs was because the DNS server failed the update request. The most likely cause of this is that the authoritative DNS server required to process this update request has a lock in place on the zone, probably because a zone transfer is in progress.\r\n\r\nYou can manually retry DNS registration of the network adapter and its settings by typing 'ipconfig /registerdns' at the command prompt. If problems still persist, contact your DNS server or network systems administrator.","Opcode":"Info","AdapterName":"{0CAD76ED-84FA-4588-9F25-B4D5BC9EBE1E}","AdapterSuffixName":"prod.corp.local","DnsServerList":"\t192.168.4.203, 8.8.8.8","Sent UpdateServer":"<?>","Ipaddress":"192.168.4.204","ErrorCode":"9002","EventReceivedTime":"2021-10-02T00:25:48.455295+05:45","SourceModuleName":"in_win","SourceModuleType":"im_msvistalog"}
{"EventTime":"2021-09-21T12:15:16.601262+05:45","Hostname":"IT01.corp.local","Keywords":"4611686018427387904","EventType":"INFO","SeverityValue":2,"Severity":"INFO","EventID":229,"SourceName":"Microsoft-Windows-RemoteDesktopServices-RdpCoreTS","ProviderGuid":"{1139C61B-B549-4251-8ED3-27250A1EDEC8}","Version":0,"TaskValue":4,"OpcodeValue":19,"RecordNumber":23700,"ActivityID":"{F462869C-F81B-462A-8936-3BBC82B90000}","ExecutionProcessID":1016,"ExecutionThreadID":668,"Channel":"Microsoft-Windows-RemoteDesktopServices-RdpCoreTS/Operational","Domain":"NT AUTHORITY","AccountName":"NETWORK SERVICE","UserID":"S-1-5-20","AccountType":"Well Known Group","Message":"'Creating standard listener:RDP-Tcp' in CUMRDPProtocolManager::CreateListener at 4161 err=[0x0]","Category":"RemoteFX module","Opcode":"Runtime","Name":"CUMRDPProtocolManager","CustomLevel":"'Creating standard listener:RDP-Tcp' in CUMRDPProtocolManager::CreateListener at 4161 err=[0x0]","EventReceivedTime":"2021-09-21T12:15:41.495882+05:45","SourceModuleName":"in_win","SourceModuleType":"im_msvistalog"}
{"EventTime":"2021-09-21T13:06:21.206256+05:45","Hostname":"IT01.corp.local","Keywords":"4611686018427387904","EventType":"ERROR","SeverityValue":4,"Severity":"ERROR","EventID":227,"SourceName":"Microsoft-Windows-RemoteDesktopServices-RdpCoreTS","ProviderGuid":"{1139C61B-B549-4251-8ED3-27250A1EDEC8}","Version":0,"TaskValue":4,"OpcodeValue":19,"RecordNumber":23862,"ActivityID":"{F4206F0D-B6B3-4F45-855D-4AB4EB740000}","ExecutionProcessID":1016,"ExecutionThreadID":5388,"Channel":"Microsoft-Windows-RemoteDesktopServices-RdpCoreTS/Operational","Domain":"NT AUTHORITY","AccountName":"NETWORK SERVICE","UserID":"S-1-5-20","AccountType":"Well Known Group","Message":"'Failed CreateVirtualChannel call on this Connections Stack' in CUMRDPConnection::CreateVirtualChannel at 2622 err=[0xd0000001]","Category":"RemoteFX module","Opcode":"Runtime","Name":"CUMRDPConnection","Value":"3489660929","CustomLevel":"'Failed CreateVirtualChannel call on this Connections Stack' in CUMRDPConnection::CreateVirtualChannel at 2622 err=[0xd0000001]","EventReceivedTime":"2021-09-21T14:24:00.311619+05:45","SourceModuleName":"in_win","SourceModuleType":"im_msvistalog"}
{"EventTime":"2021-09-21T12:15:16.651673+05:45","Hostname":"IT01.corp.local","Keywords":"4611686018427387904","EventType":"INFO","SeverityValue":2,"Severity":"INFO","EventID":70,"SourceName":"Microsoft-Windows-RemoteDesktopServices-RdpCoreTS","ProviderGuid":"{1139C61B-B549-4251-8ED3-27250A1EDEC8}","Version":0,"TaskValue":4,"OpcodeValue":13,"RecordNumber":23702,"ActivityID":"{F462869C-F81B-462A-8936-3BBC82B90000}","ExecutionProcessID":1016,"ExecutionThreadID":668,"Channel":"Microsoft-Windows-RemoteDesktopServices-RdpCoreTS/Operational","Domain":"NT AUTHORITY","AccountName":"NETWORK SERVICE","UserID":"S-1-5-20","AccountType":"Well Known Group","Message":"The listener listens with display driver rdpudd.dll available.","Category":"RemoteFX module","Opcode":"RCMProtocolImpl","DisplayDriverName":"rdpudd.dll","EventReceivedTime":"2021-09-21T12:15:41.495882+05:45","SourceModuleName":"in_win","SourceModuleType":"im_msvistalog"}
{"EventTime":"2021-09-21T13:06:23.783767+05:45","Hostname":"IT01.corp.local","Keywords":"4611686018427387904","EventType":"INFO","SeverityValue":2,"Severity":"INFO","EventID":72,"SourceName":"Microsoft-Windows-RemoteDesktopServices-RdpCoreTS","ProviderGuid":"{1139C61B-B549-4251-8ED3-27250A1EDEC8}","Version":0,"TaskValue":4,"OpcodeValue":13,"RecordNumber":23879,"ActivityID":"{F4206F0D-B6B3-4F45-855D-4AB4EB740000}","ExecutionProcessID":1016,"ExecutionThreadID":1296,"Channel":"Microsoft-Windows-RemoteDesktopServices-RdpCoreTS/Operational","Domain":"NT AUTHORITY","AccountName":"NETWORK SERVICE","UserID":"S-1-5-20","AccountType":"Well Known Group","Message":"Interface method called: OnDisconnected(server initiated)","Category":"RemoteFX module","Opcode":"RCMProtocolImpl","MethodName":"OnDisconnected(server initiated)","EventReceivedTime":"2021-09-21T14:24:00.327235+05:45","SourceModuleName":"in_win","SourceModuleType":"im_msvistalog"}
{"EventTime":"2021-09-21T12:34:49.600351+05:45","Hostname":"IT01.corp.local","Keywords":"36028797018963968","EventType":"INFO","SeverityValue":2,"Severity":"INFO","EventID":330,"SourceName":"ESENT","TaskValue":1,"RecordNumber":13061,"ExecutionProcessID":0,"ExecutionThreadID":0,"Channel":"Application","Message":"svchost (564,D,50) DS_Token_DB: The database [C:\\Windows\\system32\\config\\systemprofile\\AppData\\Local\\DataSharing\\Storage\\DSTokenDB2.dat] format version is being held back to 8920 (0x22d8) due to application parameter setting of 0x410022D8 (8920 | JET_efvAllowHigherPersistedFormat). Current default engine version: 9100 (0x238c).","Category":"General","Opcode":"Info","Data":"svchost","Data_1":"564,D,50","Data_2":"DS_Token_DB: ","Data_3":"C:\\Windows\\system32\\config\\systemprofile\\AppData\\Local\\DataSharing\\Storage\\DSTokenDB2.dat","Data_4":"0x410022D8 (8920 | JET_efvAllowHigherPersistedFormat)","Data_5":"8920 (0x22d8)","Data_6":"9100 (0x238c)","EventReceivedTime":"2021-09-21T14:23:59.639730+05:45","SourceModuleName":"in_win","SourceModuleType":"im_msvistalog"}
{"EventTime":"2021-09-21T13:06:23.760548+05:45","Hostname":"IT01.corp.local","Keywords":"4611686018427387904","EventType":"WARNING","SeverityValue":3,"Severity":"WARNING","EventID":144,"SourceName":"Microsoft-Windows-RemoteDesktopServices-RdpCoreTS","ProviderGuid":"{1139C61B-B549-4251-8ED3-27250A1EDEC8}","Version":0,"TaskValue":4,"OpcodeValue":15,"RecordNumber":23878,"ActivityID":"{F4206F0D-B6B3-4F45-855D-4AB4EB740000}","ExecutionProcessID":1016,"ExecutionThreadID":5388,"Channel":"Microsoft-Windows-RemoteDesktopServices-RdpCoreTS/Operational","Domain":"NT AUTHORITY","AccountName":"NETWORK SERVICE","UserID":"S-1-5-20","AccountType":"Well Known Group","Message":"TCP socket was gracefully terminated","Category":"RemoteFX module","Opcode":"EstablishConnection","EventReceivedTime":"2021-09-21T14:24:00.327235+05:45","SourceModuleName":"in_win","SourceModuleType":"im_msvistalog"}
{"EventTime":"2021-09-21T13:06:23.749457+05:45","Hostname":"IT01.corp.local","Keywords":"4611686018427387904","EventType":"INFO","SeverityValue":2,"Severity":"INFO","EventID":148,"SourceName":"Microsoft-Windows-RemoteDesktopServices-RdpCoreTS","ProviderGuid":"{1139C61B-B549-4251-8ED3-27250A1EDEC8}","Version":0,"TaskValue":4,"OpcodeValue":17,"RecordNumber":23874,"ActivityID":"{F4206F0D-B6B3-4F45-855D-4AB4EB740000}","ExecutionProcessID":1016,"ExecutionThreadID":1296,"Channel":"Microsoft-Windows-RemoteDesktopServices-RdpCoreTS/Operational","Domain":"NT AUTHORITY","AccountName":"NETWORK SERVICE","UserID":"S-1-5-20","AccountType":"Well Known Group","Message":"Channel rdpgrfx has been closed between the server and the client on transport tunnel: 0.","Category":"RemoteFX module","Opcode":"CloseConnection","ChannelName":"rdpgrfx","TunnelID":"0","EventReceivedTime":"2021-09-21T14:24:00.327235+05:45","SourceModuleName":"in_win","SourceModuleType":"im_msvistalog"}
{"EventTime":"2021-09-21T12:21:55.618707+05:45","Hostname":"IT01.corp.local","Keywords":"4611686018427387904","EventType":"INFO","SeverityValue":2,"Severity":"INFO","EventID":141,"SourceName":"Microsoft-Windows-RemoteDesktopServices-RdpCoreTS","ProviderGuid":"{1139C61B-B549-4251-8ED3-27250A1EDEC8}","Version":0,"TaskValue":4,"OpcodeValue":11,"RecordNumber":23802,"ActivityID":"{F4206F0D-B6B3-4F45-855D-4AB4EB740000}","ExecutionProcessID":1016,"ExecutionThreadID":3744,"Channel":"Microsoft-Windows-RemoteDesktopServices-RdpCoreTS/Operational","Domain":"NT AUTHORITY","AccountName":"NETWORK SERVICE","UserID":"S-1-5-20","AccountType":"Well Known Group","Message":"PerfCounter session started with instance ID 7","Category":"RemoteFX module","Opcode":"Initialize","InstanceID":"7","EventReceivedTime":"2021-09-21T14:23:58.842866+05:45","SourceModuleName":"in_win","SourceModuleType":"im_msvistalog"}
{"EventTime":"2021-09-21T13:06:23.744984+05:45","Hostname":"IT01.corp.local","Keywords":"4611686018427387904","EventType":"INFO","SeverityValue":2,"Severity":"INFO","EventID":103,"SourceName":"Microsoft-Windows-RemoteDesktopServices-RdpCoreTS","ProviderGuid":"{1139C61B-B549-4251-8ED3-27250A1EDEC8}","Version":0,"TaskValue":4,"OpcodeValue":17,"RecordNumber":23873,"ActivityID":"{F4206F0D-B6B3-4F45-855D-4AB4EB740000}","ExecutionProcessID":1016,"ExecutionThreadID":3236,"Channel":"Microsoft-Windows-RemoteDesktopServices-RdpCoreTS/Operational","Domain":"NT AUTHORITY","AccountName":"NETWORK SERVICE","UserID":"S-1-5-20","AccountType":"Well Known Group","Message":"The disconnect reason is 12","Category":"RemoteFX module","Opcode":"CloseConnection","ReasonCode":"12","EventReceivedTime":"2021-09-21T14:24:00.327235+05:45","SourceModuleName":"in_win","SourceModuleType":"im_msvistalog"}
{"EventTime":"2021-09-21T12:21:55.606887+05:45","Hostname":"IT01.corp.local","Keywords":"4611686018427387904","EventType":"INFO","SeverityValue":2,"Severity":"INFO","EventID":131,"SourceName":"Microsoft-Windows-RemoteDesktopServices-RdpCoreTS","ProviderGuid":"{1139C61B-B549-4251-8ED3-27250A1EDEC8}","Version":0,"TaskValue":4,"OpcodeValue":15,"RecordNumber":23798,"ActivityID":"{F4206F0D-B6B3-4F45-855D-4AB4EB740000}","ExecutionProcessID":1016,"ExecutionThreadID":1320,"Channel":"Microsoft-Windows-RemoteDesktopServices-RdpCoreTS/Operational","Domain":"NT AUTHORITY","AccountName":"NETWORK SERVICE","UserID":"S-1-5-20","AccountType":"Well Known Group","Message":"The server accepted a new TCP connection from client 172.16.20.11:64184.","Category":"RemoteFX module","Opcode":"EstablishConnection","ConnType":"TCP","ClientIP":"172.16.20.11:64184","EventReceivedTime":"2021-09-21T14:23:58.842866+05:45","SourceModuleName":"in_win","SourceModuleType":"im_msvistalog"}
{"EventTime":"2021-09-21T12:34:49.600351+05:45","Hostname":"IT01.corp.local","Keywords":"36028797018963968","EventType":"INFO","SeverityValue":2,"Severity":"INFO","EventID":641,"SourceName":"ESENT","TaskValue":1,"RecordNumber":13062,"ExecutionProcessID":0,"ExecutionThreadID":0,"Channel":"Application","Message":"svchost (564,D,50) DS_Token_DB: The log format feature version 8940 (0x22ec - 8.6.20) could not be used due to the current log format 8.5.16, controlled by the parameter 0x410022D8 (8920 | JET_efvAllowHigherPersistedFormat).","Category":"General","Opcode":"Info","Data":"svchost","Data_1":"564,D,50","Data_2":"DS_Token_DB: ","Data_3":"0x410022D8 (8920 | JET_efvAllowHigherPersistedFormat)","Data_4":"8940 (0x22ec - 8.6.20)","Data_5":"8.5.16","EventReceivedTime":"2021-09-21T14:23:59.639730+05:45","SourceModuleName":"in_win","SourceModuleType":"im_msvistalog"}
{"EventTime":"2021-09-21T13:06:23.783901+05:45","Hostname":"IT01.corp.local","Keywords":"4611686018427387904","EventType":"INFO","SeverityValue":2,"Severity":"INFO","EventID":145,"SourceName":"Microsoft-Windows-RemoteDesktopServices-RdpCoreTS","ProviderGuid":"{1139C61B-B549-4251-8ED3-27250A1EDEC8}","Version":0,"TaskValue":4,"OpcodeValue":19,"RecordNumber":23881,"ActivityID":"{F4206F0D-B6B3-4F45-855D-4AB4EB740000}","ExecutionProcessID":1016,"ExecutionThreadID":1296,"Channel":"Microsoft-Windows-RemoteDesktopServices-RdpCoreTS/Operational","Domain":"NT AUTHORITY","AccountName":"NETWORK SERVICE","UserID":"S-1-5-20","AccountType":"Well Known Group","Message":"During this connection, server has not sent data or graphics update for 0 seconds (Idle1: 0, Idle2: 0).","Category":"RemoteFX module","Opcode":"Runtime","IdleSeconds":"0","IdleSeconds1":"0","IdleSeconds2":"0","EventReceivedTime":"2021-09-21T14:24:00.327235+05:45","SourceModuleName":"in_win","SourceModuleType":"im_msvistalog"}
{"EventTime":"2021-09-21T13:06:21.206005+05:45","Hostname":"IT01.corp.local","Keywords":"4611686018427387904","EventType":"INFO","SeverityValue":2,"Severity":"INFO","EventID":132,"SourceName":"Microsoft-Windows-RemoteDesktopServices-RdpCoreTS","ProviderGuid":"{1139C61B-B549-4251-8ED3-27250A1EDEC8}","Version":0,"TaskValue":4,"OpcodeValue":15,"RecordNumber":23860,"ActivityID":"{F4206F0D-B6B3-4F45-855D-4AB4EB740000}","ExecutionProcessID":1016,"ExecutionThreadID":3236,"Channel":"Microsoft-Windows-RemoteDesktopServices-RdpCoreTS/Operational","Domain":"NT AUTHORITY","AccountName":"NETWORK SERVICE","UserID":"S-1-5-20","AccountType":"Well Known Group","Message":"A channel Microsoft::Windows::RDS::Geometry::v08.01 has been connected between the server and the client using transport tunnel: 0.","Category":"RemoteFX module","Opcode":"EstablishConnection","ChannelName":"Microsoft::Windows::RDS::Geometry::v08.01","TunnelID":"0","EventReceivedTime":"2021-09-21T14:24:00.311619+05:45","SourceModuleName":"in_win","SourceModuleType":"im_msvistalog"}
{"EventTime":"2021-09-21T12:21:57.393151+05:45","Hostname":"IT01.corp.local","Keywords":"4611686018427387904","EventType":"INFO","SeverityValue":2,"Severity":"INFO","EventID":104,"SourceName":"Microsoft-Windows-RemoteDesktopServices-RdpCoreTS","ProviderGuid":"{1139C61B-B549-4251-8ED3-27250A1EDEC8}","Version":0,"TaskValue":4,"OpcodeValue":15,"RecordNumber":23808,"ActivityID":"{F4206F0D-B6B3-4F45-855D-4AB4EB740000}","ExecutionProcessID":1016,"ExecutionThreadID":3744,"Channel":"Microsoft-Windows-RemoteDesktopServices-RdpCoreTS/Operational","Domain":"NT AUTHORITY","AccountName":"NETWORK SERVICE","UserID":"S-1-5-20","AccountType":"Well Known Group","Message":"Client timezone is [5] hour from UTC; ","Category":"RemoteFX module","Opcode":"EstablishConnection","TimezoneBiasHour":[5],"EventReceivedTime":"2021-09-21T14:23:58.842866+05:45","SourceModuleName":"in_win","SourceModuleType":"im_msvistalog"}
{"EventTime":"2021-09-21T12:21:57.664163+05:45","Hostname":"IT01.corp.local","Keywords":"4611686018427387904","EventType":"INFO","SeverityValue":2,"Severity":"INFO","EventID":33,"SourceName":"Microsoft-Windows-RemoteDesktopServices-RdpCoreTS","ProviderGuid":"{1139C61B-B549-4251-8ED3-27250A1EDEC8}","Version":0,"TaskValue":4,"OpcodeValue":11,"RecordNumber":23821,"ActivityID":"{F4206F0D-B6B3-4F45-855D-4AB4EB740000}","ExecutionProcessID":1016,"ExecutionThreadID":1428,"Channel":"Microsoft-Windows-RemoteDesktopServices-RdpCoreTS/Operational","Domain":"NT AUTHORITY","AccountName":"NETWORK SERVICE","UserID":"S-1-5-20","AccountType":"Well Known Group","Message":"Remote Desktop Protocol will use the RemoteFX guest mode module to connect to the client computer.","Category":"RemoteFX module","Opcode":"Initialize","EventReceivedTime":"2021-09-21T14:23:58.858489+05:45","SourceModuleName":"in_win","SourceModuleType":"im_msvistalog"}
{"EventTime":"2021-09-21T12:21:57.702883+05:45","Hostname":"IT01.corp.local","Keywords":"4611686018427387904","EventType":"INFO","SeverityValue":2,"Severity":"INFO","EventID":162,"SourceName":"Microsoft-Windows-RemoteDesktopServices-RdpCoreTS","ProviderGuid":"{1139C61B-B549-4251-8ED3-27250A1EDEC8}","Version":"0xa0400","TaskValue":4,"OpcodeValue":19,"RecordNumber":23829,"ActivityID":"{F4206F0D-B6B3-4F45-855D-4AB4EB740000}","ExecutionProcessID":1016,"ExecutionThreadID":1188,"Channel":"Microsoft-Windows-RemoteDesktopServices-RdpCoreTS/Operational","Domain":"NT AUTHORITY","AccountName":"NETWORK SERVICE","UserID":"S-1-5-20","AccountType":"Well Known Group","Message":"The client supports version 0xA0400 of the RDP graphics protocol, client mode: 2, AVC available: 0, Initial profile: 2. Server: IT01","Category":"RemoteFX module","Opcode":"Runtime","ClientMode":"2","AvcEnabled":"0","ProfileIdNum":"2","ServerName":"IT01","EventReceivedTime":"2021-09-21T14:23:58.874108+05:45","SourceModuleName":"in_win","SourceModuleType":"im_msvistalog"}
{"EventTime":"2021-09-21T12:21:57.495389+05:45","Hostname":"IT01.corp.local","Keywords":"4611686018427387904","EventType":"INFO","SeverityValue":2,"Severity":"INFO","EventID":100,"SourceName":"Microsoft-Windows-RemoteDesktopServices-RdpCoreTS","ProviderGuid":"{1139C61B-B549-4251-8ED3-27250A1EDEC8}","Version":0,"TaskValue":4,"OpcodeValue":15,"RecordNumber":23815,"ActivityID":"{F4206F0D-B6B3-4F45-855D-4AB4EB740000}","ExecutionProcessID":1016,"ExecutionThreadID":1332,"Channel":"Microsoft-Windows-RemoteDesktopServices-RdpCoreTS/Operational","Domain":"NT AUTHORITY","AccountName":"NETWORK SERVICE","UserID":"S-1-5-20","AccountType":"Well Known Group","Message":"The server has confirmed that the client's multi-transport capability.","Category":"RemoteFX module","Opcode":"EstablishConnection","EventReceivedTime":"2021-09-21T14:23:58.858489+05:45","SourceModuleName":"in_win","SourceModuleType":"im_msvistalog"}
{"EventTime":"2021-09-21T12:21:57.685235+05:45","Hostname":"IT01.corp.local","Keywords":"4611686018427387904","EventType":"INFO","SeverityValue":2,"Severity":"INFO","EventID":169,"SourceName":"Microsoft-Windows-RemoteDesktopServices-RdpCoreTS","ProviderGuid":"{1139C61B-B549-4251-8ED3-27250A1EDEC8}","Version":0,"TaskValue":4,"OpcodeValue":19,"RecordNumber":23824,"ActivityID":"{F4206F0D-B6B3-4F45-855D-4AB4EB740000}","ExecutionProcessID":1016,"ExecutionThreadID":1484,"Channel":"Microsoft-Windows-RemoteDesktopServices-RdpCoreTS/Operational","Domain":"NT AUTHORITY","AccountName":"NETWORK SERVICE","UserID":"S-1-5-20","AccountType":"Well Known Group","Message":"The client operating system type is (6, 0).  Server: IT01","Category":"RemoteFX module","Opcode":"Runtime","MajorType":"6","MinorType":"0","ServerName":"IT01","EventReceivedTime":"2021-09-21T14:23:58.874108+05:45","SourceModuleName":"in_win","SourceModuleType":"im_msvistalog"}
{"EventTime":"2021-09-21T12:29:22.424178+05:45","Hostname":"IT01.corp.local","Keywords":"9223372036854775808","EventType":"INFO","SeverityValue":2,"Severity":"INFO","EventID":2003,"SourceName":"Microsoft-Windows-Windows Firewall With Advanced Security","ProviderGuid":"{D1BC9AFF-2ABF-4D71-9146-ECB2A986EB85}","Version":0,"TaskValue":0,"OpcodeValue":0,"RecordNumber":11590,"ExecutionProcessID":1552,"ExecutionThreadID":5832,"Channel":"Microsoft-Windows-Windows Firewall With Advanced Security/Firewall","Domain":"NT AUTHORITY","AccountName":"LOCAL SERVICE","UserID":"S-1-5-19","AccountType":"Well Known Group","Message":"A Windows Defender Firewall setting in the Public profile has changed.\r\nNew Setting:\r\n\tType:\tEnable Windows Defender Firewall\r\n\tValue:\tYes\r\n\tModifying User:\tS-1-5-18\r\n\tModifying Application:\tC:\\Windows\\System32\\SecurityHealthService.exe","Opcode":"Info","Profiles":"4","SettingType":"1","SettingValueSize":"4","SettingValue":"01000000","SettingValueString":"Yes","Origin":"1","ModifyingUser":"S-1-5-18","ModifyingApplication":"C:\\Windows\\System32\\SecurityHealthService.exe","EventReceivedTime":"2021-09-21T14:23:59.452234+05:45","SourceModuleName":"in_win","SourceModuleType":"im_msvistalog"}
{"EventTime":"2021-09-21T12:21:57.392635+05:45","Hostname":"IT01.corp.local","Keywords":"4611686018427387904","EventType":"WARNING","SeverityValue":3,"Severity":"WARNING","EventID":101,"SourceName":"Microsoft-Windows-RemoteDesktopServices-RdpCoreTS","ProviderGuid":"{1139C61B-B549-4251-8ED3-27250A1EDEC8}","Version":0,"TaskValue":4,"OpcodeValue":16,"RecordNumber":23803,"ActivityID":"{F4206F0D-B6B3-4F45-855D-4AB4EB740000}","ExecutionProcessID":1016,"ExecutionThreadID":1484,"Channel":"Microsoft-Windows-RemoteDesktopServices-RdpCoreTS/Operational","Domain":"NT AUTHORITY","AccountName":"NETWORK SERVICE","UserID":"S-1-5-20","AccountType":"Well Known Group","Message":"The network characteristics detection function has been disabled because of Reason Code: 2(Server Configuration)..","Category":"RemoteFX module","Opcode":"NetworkDetect","ReasonString":"Reason Code: 2(Server Configuration).","EventReceivedTime":"2021-09-21T14:23:58.842866+05:45","SourceModuleName":"in_win","SourceModuleType":"im_msvistalog"}
{"EventTime":"2021-09-21T12:21:57.393161+05:45","Hostname":"IT01.corp.local","Keywords":"4611686018427387904","EventType":"INFO","SeverityValue":2,"Severity":"INFO","EventID":71,"SourceName":"Microsoft-Windows-RemoteDesktopServices-RdpCoreTS","ProviderGuid":"{1139C61B-B549-4251-8ED3-27250A1EDEC8}","Version":0,"TaskValue":4,"OpcodeValue":13,"RecordNumber":23809,"ActivityID":"{F4206F0D-B6B3-4F45-855D-4AB4EB740000}","ExecutionProcessID":1016,"ExecutionThreadID":3744,"Channel":"Microsoft-Windows-RemoteDesktopServices-RdpCoreTS/Operational","Domain":"NT AUTHORITY","AccountName":"NETWORK SERVICE","UserID":"S-1-5-20","AccountType":"Well Known Group","Message":"The connection RDP-Tcp#7 uses display driver RDPUDD.","Category":"RemoteFX module","Opcode":"RCMProtocolImpl","ConnectionName":"RDP-Tcp#7","DisplayDriverName":"RDPUDD","EventReceivedTime":"2021-09-21T14:23:58.858489+05:45","SourceModuleName":"in_win","SourceModuleType":"im_msvistalog"}
{"EventTime":"2021-09-21T12:21:59.052279+05:45","Hostname":"IT01.corp.local","Keywords":"4611686018427387904","EventType":"INFO","SeverityValue":2,"Severity":"INFO","EventID":168,"SourceName":"Microsoft-Windows-RemoteDesktopServices-RdpCoreTS","ProviderGuid":"{1139C61B-B549-4251-8ED3-27250A1EDEC8}","Version":0,"TaskValue":4,"OpcodeValue":11,"RecordNumber":23845,"ActivityID":"{F4206F0D-B6B3-4F45-855D-4AB4EB740000}","ExecutionProcessID":1016,"ExecutionThreadID":3768,"Channel":"Microsoft-Windows-RemoteDesktopServices-RdpCoreTS/Operational","Domain":"NT AUTHORITY","AccountName":"NETWORK SERVICE","UserID":"S-1-5-20","AccountType":"Well Known Group","Message":"The resolution requested by the client: Monitor 0: (2880, 1800), origin: (0, 0). Server: IT01","Category":"RemoteFX module","Opcode":"Initialize","MonitorNum":"0","MonitorWidth":"2880","MonitorHeight":"1800","MonitorX":"0","MonitorY":"0","ServerName":"IT01","EventReceivedTime":"2021-09-21T14:23:58.967860+05:45","SourceModuleName":"in_win","SourceModuleType":"im_msvistalog"}
{"EventTime":"2021-09-21T12:29:22.424241+05:45","Hostname":"IT01.corp.local","Keywords":"9232379236109516800","EventType":"AUDIT_SUCCESS","SeverityValue":2,"Severity":"INFO","EventID":4950,"SourceName":"Microsoft-Windows-Security-Auditing","ProviderGuid":"{54849625-5478-4994-A5BA-3E3B0328C30D}","Version":0,"TaskValue":13571,"OpcodeValue":0,"RecordNumber":4046613,"ActivityID":"{1861A8E2-AEB2-0000-61A9-6118B2AED701}","ExecutionProcessID":640,"ExecutionThreadID":2716,"Channel":"Security","Message":"A Windows Firewall setting was changed.\r\n\t\r\nChanged Profile:\tPublic\r\n\r\nNew Setting:\r\n\tType:\tEnable Windows Defender Firewall\r\n\tValue:\tYes","Category":"MPSSVC Rule-Level Policy Change","Opcode":"Info","ProfileChanged":"Public","SettingType":"Enable Windows Defender Firewall","SettingValue":"Yes","EventReceivedTime":"2021-09-21T14:23:59.452234+05:45","SourceModuleName":"in_win","SourceModuleType":"im_msvistalog"}
{"EventTime":"2021-09-21T13:06:23.603471+05:45","Hostname":"IT01.corp.local","Keywords":"4611686018427387904","EventType":"WARNING","SeverityValue":3,"Severity":"WARNING","EventID":228,"SourceName":"Microsoft-Windows-RemoteDesktopServices-RdpCoreTS","ProviderGuid":"{1139C61B-B549-4251-8ED3-27250A1EDEC8}","Version":0,"TaskValue":4,"OpcodeValue":19,"RecordNumber":23867,"ActivityID":"{F4206F0D-B6B3-4F45-855D-4AB4EB740000}","ExecutionProcessID":1016,"ExecutionThreadID":1428,"Channel":"Microsoft-Windows-RemoteDesktopServices-RdpCoreTS/Operational","Domain":"NT AUTHORITY","AccountName":"NETWORK SERVICE","UserID":"S-1-5-20","AccountType":"Well Known Group","Message":"Disconnect trace:'calling spGfxPlugin->PreDisconnect()' in CUMRDPConnection::PreDisconnect at 4719 err=[0xc]","Category":"RemoteFX module","Opcode":"Runtime","ComponentName":"CUMRDPConnection","ErrorCode":"12","EventReceivedTime":"2021-09-21T14:24:00.327235+05:45","SourceModuleName":"in_win","SourceModuleType":"im_msvistalog"}
{"EventTime":"2021-09-15T11:19:43.129626+05:45","Hostname":"IT02.corp.local","Keywords":"36028797018963968","EventType":"ERROR","SeverityValue":4,"Severity":"ERROR","EventID":6041,"SourceName":"LsaSrv","ProviderGuid":"{199FE037-2B82-40A9-82AC-E1D46C792B99}","Version":0,"TaskValue":0,"OpcodeValue":0,"RecordNumber":75441,"ExecutionProcessID":0,"ExecutionThreadID":0,"Channel":"System","Message":"A CredSSP authentication to TERMSRV/192.168.2.47 failed to negotiate a common protocol version.  The remote host offered version 3 which is not permitted by Encryption Oracle Remediation.\r\n\r\nSee https://go.microsoft.com/fwlink/?linkid=866660 for more information.","Opcode":"Info","Data":"TERMSRV/192.168.2.47","Data_1":"3","EventReceivedTime":"2021-09-15T11:19:43.442226+05:45","SourceModuleName":"in_win","SourceModuleType":"im_msvistalog"}
{"EventTime":"2021-09-15T11:19:52.786785+05:45","Hostname":"DC01.corp.local","Keywords":"9232379236109516800","EventType":"AUDIT_SUCCESS","SeverityValue":2,"Severity":"INFO","EventID":4692,"SourceName":"Microsoft-Windows-Security-Auditing","ProviderGuid":"{54849625-5478-4994-A5BA-3E3B0328C30D}","Version":0,"TaskValue":13314,"OpcodeValue":0,"RecordNumber":190631694,"ExecutionProcessID":492,"ExecutionThreadID":1344,"Channel":"Security","Message":"Backup of data protection master key was attempted.\r\n\r\nSubject:\r\n\tSecurity ID:\t\tS-1-5-21-2569713578-3403938347-3732993993-1112\r\n\tAccount Name:\t\tLucy\r\n\tAccount Domain:\t\tCORP\r\n\tLogon ID:\t\t0x14D52A9E\r\n\r\nKey Information:\r\n\tKey Identifier:\te1327e5a-b8c2-4750-9140-bd85abc8e7ef\r\n\tRecovery Server:\t\r\n\tRecovery Key ID:\tfdb4b563-caa2-4306-91d4-ceccc90f4b95\r\n\r\nStatus Information:\r\n\tStatus Code:\t0x0","Category":"DPAPI Activity","Opcode":"Info","SubjectUserSid":"S-1-5-21-2569713578-3403938347-3732993993-1112","SubjectUserName":"Lucy","SubjectDomainName":"CORP","SubjectLogonId":"0x14d52a9e","MasterKeyId":"e1327e5a-b8c2-4750-9140-bd85abc8e7ef","RecoveryKeyId":"fdb4b563-caa2-4306-91d4-ceccc90f4b95","FailureReason":"0x0","EventReceivedTime":"2021-09-15T11:19:54.458681+05:45","SourceModuleName":"in_win","SourceModuleType":"im_msvistalog"}
{"EventTime":"2021-09-15T11:54:56.372339+05:45","Hostname":"IT03.corp.local","Keywords":"2305843009213759488","EventType":"INFO","SeverityValue":2,"Severity":"INFO","EventID":28115,"SourceName":"Microsoft-Windows-Shell-Core","ProviderGuid":"{30336ED4-E327-447C-9DE0-51B652C86108}","Version":0,"TaskValue":28141,"OpcodeValue":0,"RecordNumber":7575,"ExecutionProcessID":4488,"ExecutionThreadID":3124,"Channel":"Microsoft-Windows-Shell-Core/Operational","Domain":"IT03","AccountName":"Administrator","UserID":"S-1-5-21-3281079745-558096271-899791025-500","AccountType":"User","Message":"Shortcut for application Wireshark with ID {6D809377-6AF0-444B-8957-A3773F02200E}\\Wireshark\\Wireshark.exe and flags 0x8030 is added to app resolver cache.","Opcode":"Info","Name":"Wireshark","AppID":"{6D809377-6AF0-444B-8957-A3773F02200E}\\Wireshark\\Wireshark.exe","Flags":"32816","EventReceivedTime":"2021-09-15T11:54:57.792859+05:45","SourceModuleName":"in_win","SourceModuleType":"im_msvistalog"}
{"EventTime":"2021-09-15T11:20:06.083287+05:45","Hostname":"DC01.corp.local","Keywords":"2305843009213759488","EventType":"INFO","SeverityValue":2,"Severity":"INFO","EventID":28116,"SourceName":"Microsoft-Windows-Shell-Core","ProviderGuid":"{30336ED4-E327-447C-9DE0-51B652C86108}","Version":0,"TaskValue":28142,"OpcodeValue":0,"RecordNumber":12648,"ExecutionProcessID":5388,"ExecutionThreadID":1580,"Channel":"Microsoft-Windows-Shell-Core/Operational","Domain":"CORP","AccountName":"Lucy","UserID":"S-1-5-21-2569713578-3403938347-3732993993-1112","AccountType":"User","Message":"Shortcut for application Certification Authority with ID {1AC14E77-02E7-4E5D-B744-2EB1AE5198B7}\\certsrv.msc and flags 0x38 is removed from app resolver cache.","Opcode":"Info","Name":"Certification Authority","AppID":"{1AC14E77-02E7-4E5D-B744-2EB1AE5198B7}\\certsrv.msc","Flags":"56","EventReceivedTime":"2021-09-15T11:20:06.848961+05:45","SourceModuleName":"in_win","SourceModuleType":"im_msvistalog"}
{"EventTime":"2021-09-15T11:20:06.286474+05:45","Hostname":"DC01.corp.local","Keywords":"2305843009213759488","EventType":"INFO","SeverityValue":2,"Severity":"INFO","EventID":28123,"SourceName":"Microsoft-Windows-Shell-Core","ProviderGuid":"{30336ED4-E327-447C-9DE0-51B652C86108}","Version":0,"TaskValue":28135,"OpcodeValue":0,"RecordNumber":12650,"ExecutionProcessID":5388,"ExecutionThreadID":1580,"Channel":"Microsoft-Windows-Shell-Core/Operational","Domain":"CORP","AccountName":"Lucy","UserID":"S-1-5-21-2569713578-3403938347-3732993993-1112","AccountType":"User","Message":"Updated start screen layout: 65 items initially; 2 added; 2 removed; 2 updated. Cache contains 2 applications.","Opcode":"Info","ItemsExisting":"65","ItemsAdded":"2","ItemsRemoved":"2","ItemsUpdated":"2","ItemsCached":"65","EventReceivedTime":"2021-09-15T11:20:06.848961+05:45","SourceModuleName":"in_win","SourceModuleType":"im_msvistalog"}
{"EventTime":"2021-09-15T11:20:36.234040+05:45","Hostname":"DC01.corp.local","Keywords":"9223372036854775808","EventType":"INFO","SeverityValue":2,"Severity":"INFO","EventID":1530,"SourceName":"Microsoft-Windows-User Profiles Service","ProviderGuid":"{89B1E9F0-5AFF-44A6-9B44-0A07A7CE5845}","Version":0,"TaskValue":0,"OpcodeValue":0,"RecordNumber":119227,"ExecutionProcessID":880,"ExecutionThreadID":6012,"Channel":"Application","Domain":"NT AUTHORITY","AccountName":"SYSTEM","UserID":"S-1-5-18","AccountType":"User","Message":"Windows detected your registry file is still in use by other applications or services. The file will be unloaded now. The applications or services that hold your registry file may not function properly afterwards. No user action is required.  \r\n\r\n DETAIL - \r\n 1 user registry handles leaked from \\Registry\\User\\S-1-5-21-2569713578-3403938347-3732993993-1112:\nProcess 880 (\\Device\\HarddiskVolume2\\Windows\\System32\\svchost.exe) has opened key \\REGISTRY\\USER\\S-1-5-21-2569713578-3403938347-3732993993-1112\n","Opcode":"Info","Detail":"1 user registry handles leaked from \\Registry\\User\\S-1-5-21-2569713578-3403938347-3732993993-1112:\nProcess 880 (\\Device\\HarddiskVolume2\\Windows\\System32\\svchost.exe) has opened key \\REGISTRY\\USER\\S-1-5-21-2569713578-3403938347-3732993993-1112\n","EventReceivedTime":"2021-09-15T11:20:37.155829+05:45","SourceModuleName":"in_win","SourceModuleType":"im_msvistalog"}
{"EventTime":"2021-09-15T11:20:36.000000+05:45","Hostname":"DC01.corp.local","Keywords":"36028797018963968","EventType":"INFO","SeverityValue":2,"Severity":"INFO","EventID":9009,"SourceName":"Desktop Window Manager","TaskValue":0,"RecordNumber":119229,"ExecutionProcessID":0,"ExecutionThreadID":0,"Channel":"Application","Message":"The Desktop Window Manager has exited with code (0xd00002fe)","EventData":"<Data>0xd00002fe</Data>","EventReceivedTime":"2021-09-15T11:20:37.155829+05:45","SourceModuleName":"in_win","SourceModuleType":"im_msvistalog"}
{"EventTime":"2021-09-15T11:54:56.215179+05:45","Hostname":"IT03.corp.local","Keywords":"9259400833873739776","EventType":"WARNING","SeverityValue":3,"Severity":"WARNING","EventID":1076,"SourceName":"User32","ProviderGuid":"{B0AA8734-56F7-41CC-B2F4-DE228E98B946}","Version":0,"TaskValue":0,"OpcodeValue":0,"RecordNumber":107580,"ExecutionProcessID":3032,"ExecutionThreadID":1092,"Channel":"System","Domain":"IT03","AccountName":"Administrator","UserID":"S-1-5-21-3281079745-558096271-899791025-500","AccountType":"User","Message":"The reason supplied by user IT03\\Administrator for the last unexpected shutdown of this computer is: Other (Unplanned)\r\n Reason Code: 0xa000000\r\n Problem ID: \r\n Bugcheck String: \r\n Comment: \n","param1":"Other (Unplanned)","param2":"0xa000000","param5":"\n","param6":"IT03\\Administrator","EventReceivedTime":"2021-09-15T11:54:56.777626+05:45","SourceModuleName":"in_win","SourceModuleType":"im_msvistalog"}
{"EventTime":"2021-09-15T11:55:13.605493+05:45","Hostname":"IT03.corp.local","Keywords":"9223372036854775808","EventType":"WARNING","SeverityValue":3,"Severity":"WARNING","EventID":10,"SourceName":"Microsoft-Windows-Security-Mitigations","ProviderGuid":"{FAE10392-F0AF-4AC0-B8FF-9F4D920C3CDF}","Version":0,"TaskValue":5,"OpcodeValue":0,"RecordNumber":407,"ExecutionProcessID":6288,"ExecutionThreadID":6292,"Channel":"Microsoft-Windows-Security-Mitigations/KernelMode","Domain":"IT03","AccountName":"Administrator","UserID":"S-1-5-21-3281079745-558096271-899791025-500","AccountType":"User","Message":"Process '\\Device\\HarddiskVolume2\\Users\\Administrator\\AppData\\Local\\Google\\Chrome\\User Data\\SwReporter\\83.238.200\\software_reporter_tool.exe' (PID 6288) was blocked from making system calls to Win32k.sys.","Opcode":"Info","ProcessPathLength":"130","ProcessPath":"\\Device\\HarddiskVolume2\\Users\\Administrator\\AppData\\Local\\Google\\Chrome\\User Data\\SwReporter\\83.238.200\\software_reporter_tool.exe","ProcessCommandLineLength":"340","ProcessCommandLine":"\"c:\\users\\administrator\\appdata\\local\\google\\chrome\\user data\\swreporter\\83.238.200\\software_reporter_tool.exe\" --enable-crash-reporting --use-crash-handler-with-id=\"\\\\.\\pipe\\crashpad_5036_YDTKZHYDCWQGEOBR\" --sandboxed-process-id=3 --init-done-notifier=1040 --sandbox-mojo-pipe-token=13523599040654431274 --mojo-platform-channel-handle=1036","CallingProcessId":"6288","CallingProcessCreateTime":"2021-09-15T06:10:13.543692100Z","CallingProcessStartKey":"12384898975269366","CallingProcessSignatureLevel":"0","CallingProcessSectionSignatureLevel":"0","CallingProcessProtection":"0","CallingThreadId":"6292","CallingThreadCreateTime":"2021-09-15T06:10:13.543696100Z","EventReceivedTime":"2021-09-15T11:55:15.587670+05:45","SourceModuleName":"in_win","SourceModuleType":"im_msvistalog"}
{"EventTime":"2021-09-14T10:42:58.535250+05:45","Hostname":"IT02.corp.local","Keywords":"9223372036854775808","EventType":"INFO","SeverityValue":2,"Severity":"INFO","EventID":5004,"SourceName":"Microsoft-Windows-Windows Defender","ProviderGuid":"{11CD958A-C507-4EF3-B3F2-5FD9DFBD2C78}","Version":0,"TaskValue":0,"OpcodeValue":0,"RecordNumber":22140,"ExecutionProcessID":3468,"ExecutionThreadID":4088,"Channel":"Microsoft-Windows-Windows Defender/Operational","Domain":"NT AUTHORITY","AccountName":"SYSTEM","UserID":"S-1-5-18","AccountType":"User","Message":"Microsoft Defender Antivirus Real-time Protection feature configuration has changed.\r\n \tFeature: Network Inspection System\r\n \tConfiguration: 0","Opcode":"Info","Product Name":"Microsoft Defender Antivirus","Product Version":"4.18.2107.4","Feature Name":"Network Inspection System","Configuration":"0","Feature ID":"9","EventReceivedTime":"2021-09-14T10:43:00.026328+05:45","SourceModuleName":"in_win","SourceModuleType":"im_msvistalog"}
{"EventTime":"2021-09-14T10:43:22.841945+05:45","Hostname":"IT02.corp.local","Keywords":"9223372036854775808","EventType":"INFO","SeverityValue":2,"Severity":"INFO","EventID":2014,"SourceName":"Microsoft-Windows-Windows Defender","ProviderGuid":"{11CD958A-C507-4EF3-B3F2-5FD9DFBD2C78}","Version":0,"TaskValue":0,"OpcodeValue":0,"RecordNumber":22145,"ExecutionProcessID":2080,"ExecutionThreadID":1072,"Channel":"Microsoft-Windows-Windows Defender/Operational","Domain":"NT AUTHORITY","AccountName":"SYSTEM","UserID":"S-1-5-18","AccountType":"User","Message":"Microsoft Defender Antivirus platform update to 4.18.2108.7 has succeeded.\r\n","Opcode":"Info","Product Name":"Microsoft Defender Antivirus","Product Version":"4.18.2108.7","EventReceivedTime":"2021-09-14T10:43:25.354955+05:45","SourceModuleName":"in_win","SourceModuleType":"im_msvistalog"}
{"EventTime":"2021-09-14T10:56:20.880695+05:45","Hostname":"IT03.corp.local","Keywords":"9223372036854775808","EventType":"WARNING","SeverityValue":3,"Severity":"WARNING","EventID":94,"SourceName":"Microsoft-Windows-CertificationAuthority","ProviderGuid":"{6A71D062-9AFE-4F35-AD08-52134F85DFB9}","Version":0,"TaskValue":0,"OpcodeValue":0,"RecordNumber":28170,"ExecutionProcessID":2448,"ExecutionThreadID":2452,"Channel":"Application","Domain":"NT AUTHORITY","AccountName":"SYSTEM","UserID":"S-1-5-18","AccountType":"User","Message":"Active Directory Certificate Services CORP-IT03-CA can not open the certificate store at CN=NTAuthCertificates,CN=Public Key Services,CN=Services in the Active Directory's configuration container.","Opcode":"Info","CACommonName":"CORP-IT03-CA","EventReceivedTime":"2021-09-14T10:56:43.675112+05:45","SourceModuleName":"in_win","SourceModuleType":"im_msvistalog"}
{"EventTime":"2021-09-14T10:56:17.839910+05:45","Hostname":"IT03.corp.local","Keywords":"9223372036854775808","EventType":"ERROR","SeverityValue":4,"Severity":"ERROR","EventID":91,"SourceName":"Microsoft-Windows-CertificationAuthority","ProviderGuid":"{6A71D062-9AFE-4F35-AD08-52134F85DFB9}","Version":0,"TaskValue":0,"OpcodeValue":0,"RecordNumber":28169,"ExecutionProcessID":2448,"ExecutionThreadID":2452,"Channel":"Application","Domain":"NT AUTHORITY","AccountName":"SYSTEM","UserID":"S-1-5-18","AccountType":"User","Message":"Could not connect to the Active Directory.  Active Directory Certificate Services will retry when processing requires Active Directory access.","Opcode":"Info","EventReceivedTime":"2021-09-14T10:56:43.675112+05:45","SourceModuleName":"in_win","SourceModuleType":"im_msvistalog"}
