{"EventTime":"2021-10-02T18:58:47.573161+05:45","Hostname":"DC01.corp.local","Keywords":"9232379236109516800","EventType":"AUDIT_SUCCESS","SeverityValue":2,"Severity":"INFO","EventID":5140,"SourceName":"Microsoft-Windows-Security-Auditing","ProviderGuid":"{54849625-5478-4994-A5BA-3E3B0328C30D}","Version":1,"TaskValue":12808,"OpcodeValue":0,"RecordNumber":190902235,"ExecutionProcessID":4,"ExecutionThreadID":236,"Channel":"Security","Message":"A network share object was accessed.\r\n\t\r\nSubject:\r\n\tSecurity ID:\t\tS-1-5-21-2569713578-3403938347-3732993993-1140\r\n\tAccount Name:\t\tIT03$\r\n\tAccount Domain:\t\tCORP\r\n\tLogon ID:\t\t0x66A874A\r\n\r\nNetwork Information:\t\r\n\tObject Type:\t\tFile\r\n\tSource Address:\t\t192.168.2.108\r\n\tSource Port:\t\t10596\r\n\t\r\nShare Information:\r\n\tShare Name:\t\t\\\\*\\IPC$\r\n\tShare Path:\t\t\r\n\r\nAccess Request Information:\r\n\tAccess Mask:\t\t0x1\r\n\tAccesses:\t\tReadData (or ListDirectory)\r\n\t\t\t\t\r\n","Category":"File Share","Opcode":"Info","SubjectUserSid":"S-1-5-21-2569713578-3403938347-3732993993-1140","SubjectUserName":"IT03$","SubjectDomainName":"CORP","SubjectLogonId":"0x66a874a","ObjectType":"File","IpAddress":"192.168.2.108","IpPort":"10596","ShareName":"\\\\*\\IPC$","AccessMask":"0x1","AccessList":"%%4416\r\n\t\t\t\t","EventReceivedTime":"2021-10-02T18:58:48.651328+05:45","SourceModuleName":"in_win","SourceModuleType":"im_msvistalog"}
{"EventTime":"2021-10-02T18:57:15.277442+05:45","Hostname":"DC01.corp.local","Keywords":"9232379236109516800","EventType":"AUDIT_SUCCESS","SeverityValue":2,"Severity":"INFO","EventID":5145,"SourceName":"Microsoft-Windows-Security-Auditing","ProviderGuid":"{54849625-5478-4994-A5BA-3E3B0328C30D}","Version":0,"TaskValue":12811,"OpcodeValue":0,"RecordNumber":190902218,"ExecutionProcessID":512,"ExecutionThreadID":520,"Channel":"Security","Message":"A network share object was checked to see whether client can be granted desired access.\r\n\t\r\nSubject:\r\n\tSecurity ID:\t\tS-1-5-18\r\n\tAccount Name:\t\tDC01$\r\n\tAccount Domain:\t\tCORP\r\n\tLogon ID:\t\t0x66A2581\r\n\r\nNetwork Information:\t\r\n\tObject Type:\t\tFile\r\n\tSource Address:\t\t::1\r\n\tSource Port:\t\t50925\r\n\t\r\nShare Information:\r\n\tShare Name:\t\t\\\\*\\SYSVOL\r\n\tShare Path:\t\t\\??\\C:\\Windows\\SYSVOL\\sysvol\r\n\tRelative Target Name:\tcorp.local\\Policies\\{EE3A026B-45D4-4CF6-BD72-8E4DE6BF6FD0}\\Machine\\Preferences\\Services\\Services.xml\r\n\r\nAccess Request Information:\r\n\tAccess Mask:\t\t0x120089\r\n\tAccesses:\t\tREAD_CONTROL\r\n\t\t\t\tSYNCHRONIZE\r\n\t\t\t\tReadData (or ListDirectory)\r\n\t\t\t\tReadEA\r\n\t\t\t\tReadAttributes\r\n\t\t\t\t\r\nAccess Check Results:\r\n\tREAD_CONTROL:\tGranted by Ownership\r\n\t\t\t\tSYNCHRONIZE:\tGranted by\tD:(A;;0x1200a9;;;WD)\r\n\t\t\t\tReadData (or ListDirectory):\tGranted by\tD:(A;;0x1200a9;;;WD)\r\n\t\t\t\tReadEA:\tGranted by\tD:(A;;0x1200a9;;;WD)\r\n\t\t\t\tReadAttributes:\tGranted by\tD:(A;;0x1200a9;;;WD)\r\n\t\t\t\t\r\n","Category":"Detailed File Share","Opcode":"Info","SubjectUserSid":"S-1-5-18","SubjectUserName":"DC01$","SubjectDomainName":"CORP","SubjectLogonId":"0x66a2581","ObjectType":"File","IpAddress":"::1","IpPort":"50925","ShareName":"\\\\*\\SYSVOL","ShareLocalPath":"\\??\\C:\\Windows\\SYSVOL\\sysvol","RelativeTargetName":"corp.local\\Policies\\{EE3A026B-45D4-4CF6-BD72-8E4DE6BF6FD0}\\Machine\\Preferences\\Services\\Services.xml","AccessMask":"0x120089","AccessList":"%%1538\r\n\t\t\t\t%%1541\r\n\t\t\t\t%%4416\r\n\t\t\t\t%%4419\r\n\t\t\t\t%%4423\r\n\t\t\t\t","AccessReason":"%%1538:\t%%1804\r\n\t\t\t\t%%1541:\t%%1801\tD:(A;;0x1200a9;;;WD)\r\n\t\t\t\t%%4416:\t%%1801\tD:(A;;0x1200a9;;;WD)\r\n\t\t\t\t%%4419:\t%%1801\tD:(A;;0x1200a9;;;WD)\r\n\t\t\t\t%%4423:\t%%1801\tD:(A;;0x1200a9;;;WD)\r\n\t\t\t\t","EventReceivedTime":"2021-10-02T18:57:15.636865+05:45","SourceModuleName":"in_win","SourceModuleType":"im_msvistalog"}
{"EventTime":"2021-10-02T18:59:05.463675+05:45","Hostname":"DC01.corp.local","Keywords":"9232379236109516800","EventType":"AUDIT_SUCCESS","SeverityValue":2,"Severity":"INFO","EventID":4672,"SourceName":"Microsoft-Windows-Security-Auditing","ProviderGuid":"{54849625-5478-4994-A5BA-3E3B0328C30D}","Version":0,"TaskValue":12548,"OpcodeValue":0,"RecordNumber":190902236,"ExecutionProcessID":512,"ExecutionThreadID":3308,"Channel":"Security","Message":"Special privileges assigned to new logon.\r\n\r\nSubject:\r\n\tSecurity ID:\t\tS-1-5-18\r\n\tAccount Name:\t\tDC01$\r\n\tAccount Domain:\t\tCORP\r\n\tLogon ID:\t\t0x66A8B6B\r\n\r\nPrivileges:\t\tSeSecurityPrivilege\r\n\t\t\tSeBackupPrivilege\r\n\t\t\tSeRestorePrivilege\r\n\t\t\tSeTakeOwnershipPrivilege\r\n\t\t\tSeDebugPrivilege\r\n\t\t\tSeSystemEnvironmentPrivilege\r\n\t\t\tSeLoadDriverPrivilege\r\n\t\t\tSeImpersonatePrivilege\r\n\t\t\tSeEnableDelegationPrivilege","Category":"Special Logon","Opcode":"Info","SubjectUserSid":"S-1-5-18","SubjectUserName":"DC01$","SubjectDomainName":"CORP","SubjectLogonId":"0x66a8b6b","PrivilegeList":"SeSecurityPrivilege\r\n\t\t\tSeBackupPrivilege\r\n\t\t\tSeRestorePrivilege\r\n\t\t\tSeTakeOwnershipPrivilege\r\n\t\t\tSeDebugPrivilege\r\n\t\t\tSeSystemEnvironmentPrivilege\r\n\t\t\tSeLoadDriverPrivilege\r\n\t\t\tSeImpersonatePrivilege\r\n\t\t\tSeEnableDelegationPrivilege","EventReceivedTime":"2021-10-02T18:59:06.869864+05:45","SourceModuleName":"in_win","SourceModuleType":"im_msvistalog"}
{"EventTime":"2021-10-02T18:59:05.463675+05:45","Hostname":"DC01.corp.local","Keywords":"9232379236109516800","EventType":"AUDIT_SUCCESS","SeverityValue":2,"Severity":"INFO","EventID":4624,"SourceName":"Microsoft-Windows-Security-Auditing","ProviderGuid":"{54849625-5478-4994-A5BA-3E3B0328C30D}","Version":1,"TaskValue":12544,"OpcodeValue":0,"RecordNumber":190902237,"ExecutionProcessID":512,"ExecutionThreadID":3308,"Channel":"Security","Message":"An account was successfully logged on.\r\n\r\nSubject:\r\n\tSecurity ID:\t\tS-1-0-0\r\n\tAccount Name:\t\t-\r\n\tAccount Domain:\t\t-\r\n\tLogon ID:\t\t0x0\r\n\r\nLogon Type:\t\t\t3\r\n\r\nImpersonation Level:\t\tImpersonation\r\n\r\nNew Logon:\r\n\tSecurity ID:\t\tS-1-5-18\r\n\tAccount Name:\t\tDC01$\r\n\tAccount Domain:\t\tCORP\r\n\tLogon ID:\t\t0x66A8B6B\r\n\tLogon GUID:\t\t{3C070CCE-4BCE-4089-18CA-DED9A0C4933A}\r\n\r\nProcess Information:\r\n\tProcess ID:\t\t0x0\r\n\tProcess Name:\t\t-\r\n\r\nNetwork Information:\r\n\tWorkstation Name:\t\r\n\tSource Network Address:\t127.0.0.1\r\n\tSource Port:\t\t50937\r\n\r\nDetailed Authentication Information:\r\n\tLogon Process:\t\tKerberos\r\n\tAuthentication Package:\tKerberos\r\n\tTransited Services:\t-\r\n\tPackage Name (NTLM only):\t-\r\n\tKey Length:\t\t0\r\n\r\nThis event is generated when a logon session is created. It is generated on the computer that was accessed.\r\n\r\nThe subject fields indicate the account on the local system which requested the logon. This is most commonly a service such as the Server service, or a local process such as Winlogon.exe or Services.exe.\r\n\r\nThe logon type field indicates the kind of logon that occurred. The most common types are 2 (interactive) and 3 (network).\r\n\r\nThe New Logon fields indicate the account for whom the new logon was created, i.e. the account that was logged on.\r\n\r\nThe network fields indicate where a remote logon request originated. Workstation name is not always available and may be left blank in some cases.\r\n\r\nThe impersonation level field indicates the extent to which a process in the logon session can impersonate.\r\n\r\nThe authentication information fields provide detailed information about this specific logon request.\r\n\t- Logon GUID is a unique identifier that can be used to correlate this event with a KDC event.\r\n\t- Transited services indicate which intermediate services have participated in this logon request.\r\n\t- Package name indicates which sub-protocol was used among the NTLM protocols.\r\n\t- Key length indicates the length of the generated session key. This will be 0 if no session key was requested.","Category":"Logon","Opcode":"Info","SubjectUserSid":"S-1-0-0","SubjectUserName":"-","SubjectDomainName":"-","SubjectLogonId":"0x0","TargetUserSid":"S-1-5-18","TargetUserName":"DC01$","TargetDomainName":"CORP","TargetLogonId":"0x66a8b6b","LogonType":"3","LogonProcessName":"Kerberos","AuthenticationPackageName":"Kerberos","LogonGuid":"{3C070CCE-4BCE-4089-18CA-DED9A0C4933A}","TransmittedServices":"-","LmPackageName":"-","KeyLength":"0","ProcessId":"0x0","ProcessName":"-","IpAddress":"127.0.0.1","IpPort":"50937","ImpersonationLevel":"%%1833","EventReceivedTime":"2021-10-02T18:59:06.869864+05:45","SourceModuleName":"in_win","SourceModuleType":"im_msvistalog"}
{"EventTime":"2021-10-02T18:58:55.314065+05:45","Hostname":"IT02.corp.local","Keywords":"9232379236109516800","EventType":"AUDIT_SUCCESS","SeverityValue":2,"Severity":"INFO","EventID":4670,"SourceName":"Microsoft-Windows-Security-Auditing","ProviderGuid":"{54849625-5478-4994-A5BA-3E3B0328C30D}","Version":0,"TaskValue":13570,"OpcodeValue":0,"RecordNumber":18995507,"ExecutionProcessID":4,"ExecutionThreadID":10020,"Channel":"Security","Message":"Permissions on an object were changed.\r\n\r\nSubject:\r\n\tSecurity ID:\t\tS-1-5-18\r\n\tAccount Name:\t\tIT02$\r\n\tAccount Domain:\t\tCORP\r\n\tLogon ID:\t\t0x3E7\r\n\r\nObject:\r\n\tObject Server:\tSecurity\r\n\tObject Type:\tToken\r\n\tObject Name:\t-\r\n\tHandle ID:\t0xaa0\r\n\r\nProcess:\r\n\tProcess ID:\t0x2c0\r\n\tProcess Name:\tC:\\Windows\\System32\\services.exe\r\n\r\nPermissions Change:\r\n\tOriginal Security Descriptor:\tD:(A;;GA;;;SY)(A;;GA;;;LS)\r\n\tNew Security Descriptor:\tD:(A;;GA;;;SY)(A;;RC;;;OW)(A;;GA;;;S-1-5-80-2455429942-3131183193-3617688776-595395669-3772047725)","Category":"Authorization Policy Change","Opcode":"Info","SubjectUserSid":"S-1-5-18","SubjectUserName":"IT02$","SubjectDomainName":"CORP","SubjectLogonId":"0x3e7","ObjectServer":"Security","ObjectType":"Token","ObjectName":"-","HandleId":"0xaa0","OldSd":"D:(A;;GA;;;SY)(A;;GA;;;LS)","NewSd":"D:(A;;GA;;;SY)(A;;RC;;;OW)(A;;GA;;;S-1-5-80-2455429942-3131183193-3617688776-595395669-3772047725)","ProcessId":"0x2c0","ProcessName":"C:\\Windows\\System32\\services.exe","EventReceivedTime":"2021-10-02T18:58:57.313105+05:45","SourceModuleName":"in_win","SourceModuleType":"im_msvistalog"}
{"EventTime":"2021-10-02T18:58:34.588995+05:45","Hostname":"DC01.corp.local","Keywords":"4611686018427387904","EventType":"INFO","SeverityValue":2,"Severity":"INFO","EventID":5857,"SourceName":"Microsoft-Windows-WMI-Activity","ProviderGuid":"{1418EF04-B0B4-4623-BF7E-D74AB47BBDAA}","Version":0,"TaskValue":0,"OpcodeValue":0,"RecordNumber":513502,"ExecutionProcessID":5108,"ExecutionThreadID":2264,"Channel":"Microsoft-Windows-WMI-Activity/Operational","Domain":"NT AUTHORITY","AccountName":"LOCAL SERVICE","UserID":"S-1-5-19","AccountType":"Well Known Group","Message":"WmiPerfInst provider started with result code 0x0. HostProcess = wmiprvse.exe; ProcessID = 5108; ProviderPath = C:\\Windows\\System32\\wbem\\WmiPerfInst.dll","Opcode":"Info","UserData":"<Operation_StartedOperational xmlns='http://manifests.microsoft.com/win/2006/windows/WMI'><ProviderName>WmiPerfInst</ProviderName><Code>0x0</Code><HostProcess>wmiprvse.exe</HostProcess><ProcessID>5108</ProcessID><ProviderPath>C:\\Windows\\System32\\wbem\\WmiPerfInst.dll</ProviderPath></Operation_StartedOperational>","EventReceivedTime":"2021-10-02T18:58:36.510818+05:45","SourceModuleName":"in_win","SourceModuleType":"im_msvistalog"}
{"EventTime":"2021-10-02T18:58:55.322103+05:45","Hostname":"IT02.corp.local","Keywords":"9232379236109516800","EventType":"AUDIT_SUCCESS","SeverityValue":2,"Severity":"INFO","EventID":4688,"SourceName":"Microsoft-Windows-Security-Auditing","ProviderGuid":"{54849625-5478-4994-A5BA-3E3B0328C30D}","Version":2,"TaskValue":13312,"OpcodeValue":0,"RecordNumber":18995508,"ExecutionProcessID":4,"ExecutionThreadID":7816,"Channel":"Security","Message":"A new process has been created.\r\n\r\nCreator Subject:\r\n\tSecurity ID:\t\tS-1-5-18\r\n\tAccount Name:\t\tIT02$\r\n\tAccount Domain:\t\tCORP\r\n\tLogon ID:\t\t0x3E7\r\n\r\nTarget Subject:\r\n\tSecurity ID:\t\tS-1-5-19\r\n\tAccount Name:\t\tLOCAL SERVICE\r\n\tAccount Domain:\t\tNT AUTHORITY\r\n\tLogon ID:\t\t0x3E5\r\n\r\nProcess Information:\r\n\tNew Process ID:\t\t0x134c\r\n\tNew Process Name:\tC:\\Windows\\System32\\svchost.exe\r\n\tToken Elevation Type:\t%%1936\r\n\tMandatory Label:\t\tS-1-16-16384\r\n\tCreator Process ID:\t0x2c0\r\n\tCreator Process Name:\tC:\\Windows\\System32\\services.exe\r\n\tProcess Command Line:\tC:\\Windows\\system32\\svchost.exe -k LocalServiceNetworkRestricted -p -s WinHttpAutoProxySvc\r\n\r\nToken Elevation Type indicates the type of token that was assigned to the new process in accordance with User Account Control policy.\r\n\r\nType 1 is a full token with no privileges removed or groups disabled.  A full token is only used if User Account Control is disabled or if the user is the built-in Administrator account or a service account.\r\n\r\nType 2 is an elevated token with no privileges removed or groups disabled.  An elevated token is used when User Account Control is enabled and the user chooses to start the program using Run as administrator.  An elevated token is also used when an application is configured to always require administrative privilege or to always require maximum privilege, and the user is a member of the Administrators group.\r\n\r\nType 3 is a limited token with administrative privileges removed and administrative groups disabled.  The limited token is used when User Account Control is enabled, the application does not require administrative privilege, and the user does not choose to start the program using Run as administrator.","Category":"Process Creation","Opcode":"Info","SubjectUserSid":"S-1-5-18","SubjectUserName":"IT02$","SubjectDomainName":"CORP","SubjectLogonId":"0x3e7","NewProcessId":"0x134c","NewProcessName":"C:\\Windows\\System32\\svchost.exe","TokenElevationType":"%%1936","ProcessId":"0x2c0","CommandLine":"C:\\Windows\\system32\\svchost.exe -k LocalServiceNetworkRestricted -p -s WinHttpAutoProxySvc","TargetUserSid":"S-1-5-19","TargetUserName":"LOCAL SERVICE","TargetDomainName":"NT AUTHORITY","TargetLogonId":"0x3e5","ParentProcessName":"C:\\Windows\\System32\\services.exe","MandatoryLabel":"S-1-16-16384","EventReceivedTime":"2021-10-02T18:58:57.313105+05:45","SourceModuleName":"in_win","SourceModuleType":"im_msvistalog"}
{"EventTime":"2021-10-02T18:58:54.175101+05:45","Hostname":"IT03.corp.local","Keywords":"9259400833873739776","EventType":"INFO","SeverityValue":2,"Severity":"INFO","EventID":7036,"SourceName":"Service Control Manager","ProviderGuid":"{555908D1-A6D7-4695-8E1E-26931D2012F4}","Version":0,"TaskValue":0,"OpcodeValue":0,"RecordNumber":111250,"ExecutionProcessID":612,"ExecutionThreadID":4656,"Channel":"System","Message":"The Background Intelligent Transfer Service service entered the stopped state.","param1":"Background Intelligent Transfer Service","param2":"stopped","EventReceivedTime":"2021-10-02T18:58:55.737674+05:45","SourceModuleName":"in_win","SourceModuleType":"im_msvistalog"}
{"EventTime":"2021-10-02T18:57:15.308683+05:45","Hostname":"DC01.corp.local","Keywords":"9227875636482146304","EventType":"AUDIT_FAILURE","SeverityValue":4,"Severity":"ERROR","EventID":4674,"SourceName":"Microsoft-Windows-Security-Auditing","ProviderGuid":"{54849625-5478-4994-A5BA-3E3B0328C30D}","Version":0,"TaskValue":13056,"OpcodeValue":0,"RecordNumber":190902221,"ExecutionProcessID":512,"ExecutionThreadID":520,"Channel":"Security","Message":"An operation was attempted on a privileged object.\r\n\r\nSubject:\r\n\tSecurity ID:\t\tS-1-5-19\r\n\tAccount Name:\t\tLOCAL SERVICE\r\n\tAccount Domain:\t\tNT AUTHORITY\r\n\tLogon ID:\t\t0x3E5\r\n\r\nObject:\r\n\tObject Server:\tLSA\r\n\tObject Type:\t-\r\n\tObject Name:\t-\r\n\tObject Handle:\t0x0\r\n\r\nProcess Information:\r\n\tProcess ID:\t0x200\r\n\tProcess Name:\tC:\\Windows\\System32\\lsass.exe\r\n\r\nRequested Operation:\r\n\tDesired Access:\t16777216\r\n\tPrivileges:\t\tSeSecurityPrivilege","Category":"Sensitive Privilege Use","Opcode":"Info","SubjectUserSid":"S-1-5-19","SubjectUserName":"LOCAL SERVICE","SubjectDomainName":"NT AUTHORITY","SubjectLogonId":"0x3e5","ObjectServer":"LSA","ObjectType":"-","ObjectName":"-","HandleId":"0x0","AccessMask":"16777216","PrivilegeList":"SeSecurityPrivilege","ProcessId":"0x200","ProcessName":"C:\\Windows\\System32\\lsass.exe","EventReceivedTime":"2021-10-02T18:57:15.636865+05:45","SourceModuleName":"in_win","SourceModuleType":"im_msvistalog"}
{"EventTime":"2021-10-02T18:52:08.111016+05:45","Hostname":"ACC01.prod.corp.local","Keywords":"9232379236109516800","EventType":"AUDIT_SUCCESS","SeverityValue":2,"Severity":"INFO","EventID":5379,"SourceName":"Microsoft-Windows-Security-Auditing","ProviderGuid":"{54849625-5478-4994-A5BA-3E3B0328C30D}","Version":0,"TaskValue":13824,"OpcodeValue":0,"RecordNumber":896629,"ActivityID":"{63A5CF36-AEB8-0000-A6CF-A563B8AED701}","ExecutionProcessID":672,"ExecutionThreadID":740,"Channel":"Security","Message":"Credential Manager credentials were read.\r\n\r\nSubject:\r\n\tSecurity ID:\t\tS-1-5-18\r\n\tAccount Name:\t\tACC01$\r\n\tAccount Domain:\t\tPROD\r\n\tLogon ID:\t\t0x3E7\r\n\tRead Operation:\t\tEnumerate Credentials\r\n\r\nThis event occurs when a user performs a read operation on stored credentials in Credential Manager.","Category":"User Account Management","Opcode":"Info","SubjectUserSid":"S-1-5-18","SubjectUserName":"ACC01$","SubjectDomainName":"PROD","SubjectLogonId":"0x3e7","TargetName":"WindowsLive:(cert):name=02juitxxyrjocuia;serviceuri=*","Type":"0","CountOfCredentialsReturned":"0","ReadOperation":"%%8100","ReturnCode":"3221226021","ProcessCreationTime":"2021-09-21T07:15:23.0155705Z","ClientProcessId":"540","EventReceivedTime":"2021-10-02T18:52:09.141871+05:45","SourceModuleName":"in_win","SourceModuleType":"im_msvistalog"}
{"EventTime":"2021-10-02T18:58:00.353891+05:45","Hostname":"IT03.corp.local","Keywords":"9227875636482146304","EventType":"AUDIT_FAILURE","SeverityValue":4,"Severity":"ERROR","EventID":4673,"SourceName":"Microsoft-Windows-Security-Auditing","ProviderGuid":"{54849625-5478-4994-A5BA-3E3B0328C30D}","Version":0,"TaskValue":13056,"OpcodeValue":0,"RecordNumber":40730163,"ExecutionProcessID":4,"ExecutionThreadID":4616,"Channel":"Security","Message":"A privileged service was called.\r\n\r\nSubject:\r\n\tSecurity ID:\t\tS-1-5-21-3281079745-558096271-899791025-500\r\n\tAccount Name:\t\tAdministrator\r\n\tAccount Domain:\t\tIT03\r\n\tLogon ID:\t\t0x7052B4\r\n\r\nService:\r\n\tServer:\tSecurity\r\n\tService Name:\t-\r\n\r\nProcess:\r\n\tProcess ID:\t0x15d0\r\n\tProcess Name:\tC:\\Program Files (x86)\\Google\\Chrome\\Application\\chrome.exe\r\n\r\nService Request Information:\r\n\tPrivileges:\t\tSeTcbPrivilege","Category":"Sensitive Privilege Use","Opcode":"Info","SubjectUserSid":"S-1-5-21-3281079745-558096271-899791025-500","SubjectUserName":"Administrator","SubjectDomainName":"IT03","SubjectLogonId":"0x7052b4","ObjectServer":"Security","Service":"-","PrivilegeList":"SeTcbPrivilege","ProcessId":"0x15d0","ProcessName":"C:\\Program Files (x86)\\Google\\Chrome\\Application\\chrome.exe","EventReceivedTime":"2021-10-02T18:58:01.377759+05:45","SourceModuleName":"in_win","SourceModuleType":"im_msvistalog"}
{"EventTime":"2021-10-02T18:50:17.695331+05:45","Hostname":"ACC01.prod.corp.local","Keywords":"9232379236109516800","EventType":"AUDIT_SUCCESS","SeverityValue":2,"Severity":"INFO","EventID":4702,"SourceName":"Microsoft-Windows-Security-Auditing","ProviderGuid":"{54849625-5478-4994-A5BA-3E3B0328C30D}","Version":1,"TaskValue":12804,"OpcodeValue":0,"RecordNumber":896627,"ActivityID":"{63A5CF36-AEB8-0000-A6CF-A563B8AED701}","ExecutionProcessID":672,"ExecutionThreadID":3856,"Channel":"Security","Message":"A scheduled task was updated.\r\n\r\nSubject:\r\n\tSecurity ID:\t\tS-1-5-18\r\n\tAccount Name:\t\tACC01$\r\n\tAccount Domain:\t\tPROD\r\n\tLogon ID:\t\t0x3E7\r\n\r\nTask Information:\r\n\tTask Name: \t\t\\Microsoft\\Windows\\WindowsUpdate\\Scheduled Start\r\n\tTask New Content: \t\t<?xml version=\"1.0\" encoding=\"UTF-16\"?>\r\n<Task version=\"1.4\" xmlns=\"http://schemas.microsoft.com/windows/2004/02/mit/task\">\r\n  <RegistrationInfo>\r\n    <Source>Microsoft Corporation.</Source>\r\n    <Author>Microsoft Corporation.</Author>\r\n    <Description>This task is used to start the Windows Update service when needed to perform scheduled operations such as scans.</Description>\r\n    <URI>\\Microsoft\\Windows\\WindowsUpdate\\Scheduled Start</URI>\r\n  </RegistrationInfo>\r\n  <Triggers>\r\n    <TimeTrigger>\r\n      <StartBoundary>2021-10-03T07:16:51Z</StartBoundary>\r\n      <Enabled>true</Enabled>\r\n      <RandomDelay>PT1M</RandomDelay>\r\n    </TimeTrigger>\r\n    <SessionStateChangeTrigger>\r\n      <Enabled>false</Enabled>\r\n      <StateChange>ConsoleDisconnect</StateChange>\r\n    </SessionStateChangeTrigger>\r\n    <SessionStateChangeTrigger>\r\n      <Enabled>false</Enabled>\r\n      <StateChange>RemoteDisconnect</StateChange>\r\n    </SessionStateChangeTrigger>\r\n    <WnfStateChangeTrigger>\r\n      <Enabled>false</Enabled>\r\n      <StateName>7508BCA3380C960C</StateName>\r\n      <Data>01</Data>\r\n      <DataOffset>0</DataOffset>\r\n    </WnfStateChangeTrigger>\r\n  </Triggers>\r\n  <Principals>\r\n    <Principal id=\"LocalSystem\">\r\n      <RunLevel>LeastPrivilege</RunLevel>\r\n      <UserId>NT AUTHORITY\\SYSTEM</UserId>\r\n    </Principal>\r\n  </Principals>\r\n  <Settings>\r\n    <MultipleInstancesPolicy>IgnoreNew</MultipleInstancesPolicy>\r\n    <DisallowStartIfOnBatteries>false</DisallowStartIfOnBatteries>\r\n    <StopIfGoingOnBatteries>false</StopIfGoingOnBatteries>\r\n    <AllowHardTerminate>true</AllowHardTerminate>\r\n    <StartWhenAvailable>true</StartWhenAvailable>\r\n    <RunOnlyIfNetworkAvailable>false</RunOnlyIfNetworkAvailable>\r\n    <IdleSettings>\r\n      <Duration>PT10M</Duration>\r\n      <WaitTimeout>PT1H</WaitTimeout>\r\n      <StopOnIdleEnd>true</StopOnIdleEnd>\r\n      <RestartOnIdle>false</RestartOnIdle>\r\n    </IdleSettings>\r\n    <AllowStartOnDemand>false</AllowStartOnDemand>\r\n    <Enabled>true</Enabled>\r\n    <Hidden>false</Hidden>\r\n    <RunOnlyIfIdle>false</RunOnlyIfIdle>\r\n    <DisallowStartOnRemoteAppSession>false</DisallowStartOnRemoteAppSession>\r\n    <UseUnifiedSchedulingEngine>true</UseUnifiedSchedulingEngine>\r\n    <WakeToRun>false</WakeToRun>\r\n    <ExecutionTimeLimit>PT72H</ExecutionTimeLimit>\r\n    <Priority>7</Priority>\r\n  </Settings>\r\n  <Actions Context=\"LocalSystem\">\r\n    <Exec>\r\n      <Command>C:\\WINDOWS\\system32\\sc.exe</Command>\r\n      <Arguments>start wuauserv</Arguments>\r\n    </Exec>\r\n  </Actions>\r\n</Task>\r\n\r\nOther Information:\r\n\tProcessCreationTime: \t\t3940649673949203\r\n\tClientProcessId: \t\t\t540\r\n\tParentProcessId: \t\t\t632\r\n\tFQDN: \t\t0\r\n\t","Category":"Other Object Access Events","Opcode":"Info","SubjectUserSid":"S-1-5-18","SubjectUserName":"ACC01$","SubjectDomainName":"PROD","SubjectLogonId":"0x3e7","TaskName":"\\Microsoft\\Windows\\WindowsUpdate\\Scheduled Start","TaskContentNew":"<?xml version=\"1.0\" encoding=\"UTF-16\"?>\n<Task version=\"1.4\" xmlns=\"http://schemas.microsoft.com/windows/2004/02/mit/task\">\n  <RegistrationInfo>\n    <Source>Microsoft Corporation.</Source>\n    <Author>Microsoft Corporation.</Author>\n    <Description>This task is used to start the Windows Update service when needed to perform scheduled operations such as scans.</Description>\n    <URI>\\Microsoft\\Windows\\WindowsUpdate\\Scheduled Start</URI>\n  </RegistrationInfo>\n  <Triggers>\n    <TimeTrigger>\n      <StartBoundary>2021-10-03T07:16:51Z</StartBoundary>\n      <Enabled>true</Enabled>\n      <RandomDelay>PT1M</RandomDelay>\n    </TimeTrigger>\n    <SessionStateChangeTrigger>\n      <Enabled>false</Enabled>\n      <StateChange>ConsoleDisconnect</StateChange>\n    </SessionStateChangeTrigger>\n    <SessionStateChangeTrigger>\n      <Enabled>false</Enabled>\n      <StateChange>RemoteDisconnect</StateChange>\n    </SessionStateChangeTrigger>\n    <WnfStateChangeTrigger>\n      <Enabled>false</Enabled>\n      <StateName>7508BCA3380C960C</StateName>\n      <Data>01</Data>\n      <DataOffset>0</DataOffset>\n    </WnfStateChangeTrigger>\n  </Triggers>\n  <Principals>\n    <Principal id=\"LocalSystem\">\n      <RunLevel>LeastPrivilege</RunLevel>\n      <UserId>NT AUTHORITY\\SYSTEM</UserId>\n    </Principal>\n  </Principals>\n  <Settings>\n    <MultipleInstancesPolicy>IgnoreNew</MultipleInstancesPolicy>\n    <DisallowStartIfOnBatteries>false</DisallowStartIfOnBatteries>\n    <StopIfGoingOnBatteries>false</StopIfGoingOnBatteries>\n    <AllowHardTerminate>true</AllowHardTerminate>\n    <StartWhenAvailable>true</StartWhenAvailable>\n    <RunOnlyIfNetworkAvailable>false</RunOnlyIfNetworkAvailable>\n    <IdleSettings>\n      <Duration>PT10M</Duration>\n      <WaitTimeout>PT1H</WaitTimeout>\n      <StopOnIdleEnd>true</StopOnIdleEnd>\n      <RestartOnIdle>false</RestartOnIdle>\n    </IdleSettings>\n    <AllowStartOnDemand>false</AllowStartOnDemand>\n    <Enabled>true</Enabled>\n    <Hidden>false</Hidden>\n    <RunOnlyIfIdle>false</RunOnlyIfIdle>\n    <DisallowStartOnRemoteAppSession>false</DisallowStartOnRemoteAppSession>\n    <UseUnifiedSchedulingEngine>true</UseUnifiedSchedulingEngine>\n    <WakeToRun>false</WakeToRun>\n    <ExecutionTimeLimit>PT72H</ExecutionTimeLimit>\n    <Priority>7</Priority>\n  </Settings>\n  <Actions Context=\"LocalSystem\">\n    <Exec>\n      <Command>C:\\WINDOWS\\system32\\sc.exe</Command>\n      <Arguments>start wuauserv</Arguments>\n    </Exec>\n  </Actions>\n</Task>","ClientProcessStartKey":"3940649673949203","ClientProcessId":"540","ParentProcessId":"632","RpcCallClientLocality":"0","FQDN":"ACC01.prod.corp.local","EventReceivedTime":"2021-10-02T18:50:19.344000+05:45","SourceModuleName":"in_win","SourceModuleType":"im_msvistalog"}
{"EventTime":"2021-10-02T05:58:39.230948+05:45","Hostname":"DC01.corp.local","Keywords":"288230376151711808","EventType":"ERROR","SeverityValue":4,"Severity":"ERROR","EventID":30803,"SourceName":"Microsoft-Windows-SMBClient","ProviderGuid":"{988C59C5-0A1C-45B6-A555-0C62276E327D}","Version":0,"TaskValue":0,"OpcodeValue":0,"RecordNumber":1295,"ExecutionProcessID":4,"ExecutionThreadID":2020,"Channel":"Microsoft-Windows-SmbClient/Connectivity","Domain":"NT AUTHORITY","AccountName":"SYSTEM","UserID":"S-1-5-18","AccountType":"User","Message":"The network connection failed.\r\n\r\nError: The I/O request was canceled.\r\n\r\nServer name: corp.local\r\nServer address: 192.168.2.89:445\r\nConnection type: Wsk\r\n\r\nGuidance:\r\nThis indicates a problem with the underlying network or transport, such as with TCP/IP, and not with SMB. A firewall that blocks port 445 or 5445 can also cause this issue.","Opcode":"Info","Reason":"4","Status":"3221225760","ServerNameLength":"19","ServerName":"corp.local","AddressLength":"16","Address":"020001BDC0A802590000000000000000","ConnectionType":"1","EventReceivedTime":"2021-10-02T05:58:40.277568+05:45","SourceModuleName":"in_win","SourceModuleType":"im_msvistalog"}
{"EventTime":"2021-10-02T18:56:17.278132+05:45","Hostname":"DC01.corp.local","Keywords":"9232379236109516800","EventType":"AUDIT_SUCCESS","SeverityValue":2,"Severity":"INFO","EventID":4769,"SourceName":"Microsoft-Windows-Security-Auditing","ProviderGuid":"{54849625-5478-4994-A5BA-3E3B0328C30D}","Version":0,"TaskValue":14337,"OpcodeValue":0,"RecordNumber":190902187,"ExecutionProcessID":512,"ExecutionThreadID":3308,"Channel":"Security","Message":"A Kerberos service ticket was requested.\r\n\r\nAccount Information:\r\n\tAccount Name:\t\tIT03$@corp.local\r\n\tAccount Domain:\t\tcorp.local\r\n\tLogon GUID:\t\t{6D65E903-4F68-6C23-8C49-18DBA26D0AAD}\r\n\r\nService Information:\r\n\tService Name:\t\tIT03$\r\n\tService ID:\t\tS-1-5-21-2569713578-3403938347-3732993993-1140\r\n\r\nNetwork Information:\r\n\tClient Address:\t\t::ffff:192.168.2.108\r\n\tClient Port:\t\t10587\r\n\r\nAdditional Information:\r\n\tTicket Options:\t\t0x40810000\r\n\tTicket Encryption Type:\t0x12\r\n\tFailure Code:\t\t0x0\r\n\tTransited Services:\t-\r\n\r\nThis event is generated every time access is requested to a resource such as a computer or a Windows service.  The service name indicates the resource to which access was requested.\r\n\r\nThis event can be correlated with Windows logon events by comparing the Logon GUID fields in each event.  The logon event occurs on the machine that was accessed, which is often a different machine than the domain controller which issued the service ticket.\r\n\r\nTicket options, encryption types, and failure codes are defined in RFC 4120.","Category":"Kerberos Service Ticket Operations","Opcode":"Info","TargetUserName":"IT03$@corp.local","TargetDomainName":"corp.local","ServiceName":"IT03$","ServiceSid":"S-1-5-21-2569713578-3403938347-3732993993-1140","TicketOptions":"0x40810000","TicketEncryptionType":"0x12","IpAddress":"::ffff:192.168.2.108","IpPort":"10587","Status":"0x0","LogonGuid":"{6D65E903-4F68-6C23-8C49-18DBA26D0AAD}","TransmittedServices":"-","EventReceivedTime":"2021-10-02T18:56:19.012510+05:45","SourceModuleName":"in_win","SourceModuleType":"im_msvistalog"}
{"EventTime":"2021-10-02T18:49:13.301811+05:45","Hostname":"IT03.corp.local","Keywords":"9232379236109516800","EventType":"AUDIT_SUCCESS","SeverityValue":2,"Severity":"INFO","EventID":4662,"SourceName":"Microsoft-Windows-Security-Auditing","ProviderGuid":"{54849625-5478-4994-A5BA-3E3B0328C30D}","Version":0,"TaskValue":12804,"OpcodeValue":0,"RecordNumber":40730118,"ExecutionProcessID":632,"ExecutionThreadID":1460,"Channel":"Security","Message":"An operation was performed on an object.\r\n\r\nSubject :\r\n\tSecurity ID:\t\tS-1-5-19\r\n\tAccount Name:\t\tLOCAL SERVICE\r\n\tAccount Domain:\t\tNT AUTHORITY\r\n\tLogon ID:\t\t0x3E5\r\n\r\nObject:\r\n\tObject Server:\t\tLSA\r\n\tObject Type:\t\tSecretObject\r\n\tObject Name:\t\tPolicy\\Secrets\\$MACHINE.ACC\r\n\tHandle ID:\t\t0x204943ce240\r\n\r\nOperation:\r\n\tOperation Type:\t\tQuery\r\n\tAccesses:\t\tQuery secret value\r\n\t\t\t\t\r\n\tAccess Mask:\t\t0x2\r\n\tProperties:\t\t-\r\n\r\nAdditional Information:\r\n\tParameter 1:\t\t-\r\n\tParameter 2:\t\t-","Category":"Other Object Access Events","Opcode":"Info","SubjectUserSid":"S-1-5-19","SubjectUserName":"LOCAL SERVICE","SubjectDomainName":"NT AUTHORITY","SubjectLogonId":"0x3e5","ObjectServer":"LSA","ObjectType":"SecretObject","ObjectName":"Policy\\Secrets\\$MACHINE.ACC","OperationType":"Query","HandleId":"0x204943ce240","AccessList":"%%5649\r\n\t\t\t\t","AccessMask":"0x2","Properties":"-","AdditionalInfo":"-","AdditionalInfo2":"-","EventReceivedTime":"2021-10-02T18:49:14.787112+05:45","SourceModuleName":"in_win","SourceModuleType":"im_msvistalog"}
{"EventTime":"2021-10-02T18:44:27.643861+05:45","Hostname":"IT02.corp.local","Keywords":"9223372036854775808","EventType":"INFO","SeverityValue":2,"Severity":"INFO","EventID":1151,"SourceName":"Microsoft-Windows-Windows Defender","ProviderGuid":"{11CD958A-C507-4EF3-B3F2-5FD9DFBD2C78}","Version":0,"TaskValue":0,"OpcodeValue":0,"RecordNumber":22735,"ExecutionProcessID":2080,"ExecutionThreadID":6860,"Channel":"Microsoft-Windows-Windows Defender/Operational","Domain":"NT AUTHORITY","AccountName":"SYSTEM","UserID":"S-1-5-18","AccountType":"User","Message":"Endpoint Protection client health report (time in UTC):\r\n \tPlatform version: 4.18.2108.7\r\n \tEngine version: 1.1.18500.10\r\n \tNetwork Realtime Inspection engine version: 1.1.18500.10\r\n \tAntivirus security intelligence version: 1.349.1764.0\r\n \tAntispyware security intelligence version: 1.349.1764.0\r\n \tNetwork Realtime Inspection security intelligence version: 1.349.1764.0\r\n \tRTP state: Enabled\r\n \tOA state: Enabled\r\n \tIOAV state: Enabled\r\n \tBM state: Enabled\r\n \tAntivirus security intelligence age: 0\r\n \tAntispyware security intelligence age: 0\r\n \tLast quick scan age: 3\r\n \tLast full scan age: 368\r\n \tAntivirus security intelligence creation time: 10/1/2021 1:43:02 PM\r\n \tAntispyware security intelligence creation time: 10/1/2021 1:43:03 PM\r\n \tLast quick scan start time: 9/29/2021 5:43:24 AM\r\n \tLast quick scan end time: 9/29/2021 5:49:27 AM\r\n \tLast quick scan source: 2\r\n \tLast full scan start time: 9/28/2020 2:02:02 PM\r\n \tLast full scan end time: 9/28/2020 3:29:41 PM\r\n \tLast full scan source: 1\r\n \tProduct status: 0x00080000\r\n","Opcode":"Info","Product Name":"Microsoft Defender Antivirus","Platform version":"4.18.2108.7","Engine version":"1.1.18500.10","NRI engine version":"1.1.18500.10","AV security intelligence version":"1.349.1764.0","AS security intelligence version":"1.349.1764.0","NRI security intelligence version":"1.349.1764.0","RTP state":"Enabled","OA state":"Enabled","IOAV state":"Enabled","BM state":"Enabled","Last AV security intelligence age":"0","Last AS security intelligence age":"0","Last quick scan age":"3","Last full scan age":"368","AV security intelligence creation time":"10/1/2021 1:43:02 PM","AS security intelligence creation time":"10/1/2021 1:43:03 PM","Last quick scan start time":"9/29/2021 5:43:24 AM","Last quick scan end time":"9/29/2021 5:49:27 AM","Last quick scan source":"2","Last full scan start time":"9/28/2020 2:02:02 PM","Last full scan end time":"9/28/2020 3:29:41 PM","Last full scan source":"1","Product status":"0x00080000","EventReceivedTime":"2021-10-02T18:44:28.990227+05:45","SourceModuleName":"in_win","SourceModuleType":"im_msvistalog"}
{"EventTime":"2021-10-02T18:15:18.533785+05:45","Hostname":"IT01.corp.local","Keywords":"9223372036854775808","EventType":"INFO","SeverityValue":2,"Severity":"INFO","EventID":1150,"SourceName":"Microsoft-Windows-Windows Defender","ProviderGuid":"{11CD958A-C507-4EF3-B3F2-5FD9DFBD2C78}","Version":0,"TaskValue":0,"OpcodeValue":0,"RecordNumber":16503,"ExecutionProcessID":2508,"ExecutionThreadID":2252,"Channel":"Microsoft-Windows-Windows Defender/Operational","Domain":"NT AUTHORITY","AccountName":"SYSTEM","UserID":"S-1-5-18","AccountType":"User","Message":"Endpoint Protection client is up and running in a healthy state.\r\n \tPlatform version: 4.18.2108.7\r\n \tEngine version: 1.1.18500.10\r\n \tSecurity intelligence version: 1.349.1764.0\r\n","Opcode":"Info","Product Name":"Microsoft Defender Antivirus","Platform version":"4.18.2108.7","Engine version":"1.1.18500.10","Security intelligence version":"1.349.1764.0","EventReceivedTime":"2021-10-02T18:15:20.179273+05:45","SourceModuleName":"in_win","SourceModuleType":"im_msvistalog"}
{"EventTime":"2021-10-02T18:16:28.000000+05:45","Hostname":"DC01.corp.local","Keywords":"36028797018963968","EventType":"INFO","SeverityValue":2,"Severity":"INFO","EventID":900,"SourceName":"Microsoft-Windows-Security-SPP","ProviderGuid":"{E23B33B0-C8C9-472C-A5F9-F2BDFEA0F156}","Version":0,"TaskValue":0,"OpcodeValue":0,"RecordNumber":120549,"ExecutionProcessID":0,"ExecutionThreadID":0,"Channel":"Application","Message":"The Software Protection service is starting.\r\nParameters:trigger=timer;sessionid=0","EventData":"<Data>trigger=timer;sessionid=0</Data>","EventReceivedTime":"2021-10-02T18:16:28.480764+05:45","SourceModuleName":"in_win","SourceModuleType":"im_msvistalog"}
{"EventTime":"2021-10-02T18:16:58.000000+05:45","Hostname":"DC01.corp.local","Keywords":"36028797018963968","EventType":"INFO","SeverityValue":2,"Severity":"INFO","EventID":1003,"SourceName":"Microsoft-Windows-Security-SPP","ProviderGuid":"{E23B33B0-C8C9-472C-A5F9-F2BDFEA0F156}","Version":0,"TaskValue":0,"OpcodeValue":0,"RecordNumber":120553,"ExecutionProcessID":0,"ExecutionThreadID":0,"Channel":"Application","Message":"The Software Protection service has completed licensing status check.\r\nApplication Id=55c92734-d682-4d71-983e-d6ec3f16059f\r\nLicensing Status=\n1: 00091344-1ea4-4f37-b789-01750ba6988c, 1, 0 [(0 [0xC004F014, 0, 0], [(?)(?)(?)(?)(?)(?)(?)(?)])(1 )(2 )]\n2: 1226e046-263d-414c-824f-0d4f458cee3a, 1, 0 [(0 [0xC004F014, 0, 0], [(?)(?)(?)(?)(?)(?)(?)(?)])(1 )(2 )]\n3: 1cc95b8e-1b6e-42cc-9768-9e84ce28cc3f, 1, 0 [(0 [0xC004F014, 0, 0], [(?)(?)(?)(?)(?)(?)(?)(?)])(1 )(2 )]\n4: 640e7014-6f45-4106-bd1d-ac17a812a2d1, 1, 1 [(0 [0xC004E003, 0, 0], [( 2 0xC004FD01 0 0 msft:rm/algorithm/inherited/1.0 0x00000000 0)( 1 0x00000000)(?)( 2 0xC004FD01 0 0 msft:rm/algorithm/inherited/1.0 0x00000000 0)(?)(?)(?)(?)])(1 )(2 [0x00000000, 0, 0], [( 6 0xC004F009 0 0)( 1 0x00000000)( 6 0xC004F009 0 0)(?)(?)(?)( 10 0x00000000 msft:rm/algorithm/flags/1.0)( 11 0x00000000 0xC004FD01)])]\n5: 641f81b2-63c2-47dd-aba7-c24bf651ff85, 1, 0 [(0 [0xC004F014, 0, 0], [(?)(?)(?)(?)(?)(?)(?)(?)])(1 )(2 )]\n6: 66d129b6-eae9-414e-a39a-ea5b8be961cc, 1, 0 [(0 [0xC004F014, 0, 0], [(?)(?)(?)(?)(?)(?)(?)(?)])(1 )(2 )]\n7: acf1b4fd-1c55-4f2d-a60b-415ac958ad88, 1, 0 [(0 [0xC004F014, 0, 0], [(?)(?)(?)(?)(?)(?)(?)(?)])(1 )(2 )]\n8: c2d61e88-5598-4e77-aae2-286dc6670a89, 1, 0 [(0 [0xC004F014, 0, 0], [(?)(?)(?)(?)(?)(?)(?)(?)])(1 )(2 )]\n9: dcb88f6f-b090-405b-850e-dabcccf3693f, 1, 0 [(0 [0xC004F014, 0, 0], [(?)(?)(?)(?)(?)(?)(?)(?)])(1 )(2 )]\n10: fecbc8f2-a4b1-402a-92e7-5d81a6fe3e80, 1, 0 [(0 [0xC004F014, 0, 0], [(?)(?)(?)(?)(?)(?)(?)(?)])(1 )(2 )]\n11: 9d0bb49b-21a1-4354-9981-ec5dd9393961, 1, 0 [(0 [0xC004F014, 0, 0], [(?)(?)(?)(?)(?)(?)(?)(?)])(1 )(2 )]\n\n","EventData":"<Data>55c92734-d682-4d71-983e-d6ec3f16059f</Data><Data>\n1: 00091344-1ea4-4f37-b789-01750ba6988c, 1, 0 [(0 [0xC004F014, 0, 0], [(?)(?)(?)(?)(?)(?)(?)(?)])(1 )(2 )]\n2: 1226e046-263d-414c-824f-0d4f458cee3a, 1, 0 [(0 [0xC004F014, 0, 0], [(?)(?)(?)(?)(?)(?)(?)(?)])(1 )(2 )]\n3: 1cc95b8e-1b6e-42cc-9768-9e84ce28cc3f, 1, 0 [(0 [0xC004F014, 0, 0], [(?)(?)(?)(?)(?)(?)(?)(?)])(1 )(2 )]\n4: 640e7014-6f45-4106-bd1d-ac17a812a2d1, 1, 1 [(0 [0xC004E003, 0, 0], [( 2 0xC004FD01 0 0 msft:rm/algorithm/inherited/1.0 0x00000000 0)( 1 0x00000000)(?)( 2 0xC004FD01 0 0 msft:rm/algorithm/inherited/1.0 0x00000000 0)(?)(?)(?)(?)])(1 )(2 [0x00000000, 0, 0], [( 6 0xC004F009 0 0)( 1 0x00000000)( 6 0xC004F009 0 0)(?)(?)(?)( 10 0x00000000 msft:rm/algorithm/flags/1.0)( 11 0x00000000 0xC004FD01)])]\n5: 641f81b2-63c2-47dd-aba7-c24bf651ff85, 1, 0 [(0 [0xC004F014, 0, 0], [(?)(?)(?)(?)(?)(?)(?)(?)])(1 )(2 )]\n6: 66d129b6-eae9-414e-a39a-ea5b8be961cc, 1, 0 [(0 [0xC004F014, 0, 0], [(?)(?)(?)(?)(?)(?)(?)(?)])(1 )(2 )]\n7: acf1b4fd-1c55-4f2d-a60b-415ac958ad88, 1, 0 [(0 [0xC004F014, 0, 0], [(?)(?)(?)(?)(?)(?)(?)(?)])(1 )(2 )]\n8: c2d61e88-5598-4e77-aae2-286dc6670a89, 1, 0 [(0 [0xC004F014, 0, 0], [(?)(?)(?)(?)(?)(?)(?)(?)])(1 )(2 )]\n9: dcb88f6f-b090-405b-850e-dabcccf3693f, 1, 0 [(0 [0xC004F014, 0, 0], [(?)(?)(?)(?)(?)(?)(?)(?)])(1 )(2 )]\n10: fecbc8f2-a4b1-402a-92e7-5d81a6fe3e80, 1, 0 [(0 [0xC004F014, 0, 0], [(?)(?)(?)(?)(?)(?)(?)(?)])(1 )(2 )]\n11: 9d0bb49b-21a1-4354-9981-ec5dd9393961, 1, 0 [(0 [0xC004F014, 0, 0], [(?)(?)(?)(?)(?)(?)(?)(?)])(1 )(2 )]\n\n</Data>","EventReceivedTime":"2021-10-02T18:16:58.884297+05:45","SourceModuleName":"in_win","SourceModuleType":"im_msvistalog"}
{"EventTime":"2021-10-02T18:16:30.000000+05:45","Hostname":"DC01.corp.local","Keywords":"36028797018963968","EventType":"INFO","SeverityValue":2,"Severity":"INFO","EventID":1066,"SourceName":"Microsoft-Windows-Security-SPP","ProviderGuid":"{E23B33B0-C8C9-472C-A5F9-F2BDFEA0F156}","Version":0,"TaskValue":0,"OpcodeValue":0,"RecordNumber":120550,"ExecutionProcessID":0,"ExecutionThreadID":0,"Channel":"Application","Message":"Initialization status for service objects.\r\nC:\\Windows\\system32\\sppwinob.dll, msft:spp/windowsfunctionality/agent/7.0, 0x00000000, 0x00000000\nC:\\Windows\\system32\\sppobjs.dll, msft:rm/algorithm/inherited/1.0, 0x00000000, 0x00000000\nC:\\Windows\\system32\\sppobjs.dll, msft:rm/algorithm/phone/1.0, 0x00000000, 0x00000000\nC:\\Windows\\system32\\sppobjs.dll, msft:rm/algorithm/pkey/detect, 0x00000000, 0x00000000\nC:\\Windows\\system32\\sppobjs.dll, msft:spp/ActionScheduler/1.0, 0x00000000, 0x00000000\nC:\\Windows\\system32\\sppobjs.dll, msft:spp/TaskScheduler/1.0, 0x00000000, 0x00000000\nC:\\Windows\\system32\\sppobjs.dll, msft:spp/statecollector/pkey, 0x00000000, 0x00000000\nC:\\Windows\\system32\\sppobjs.dll, msft:spp/volume/services/kms/1.0, 0x00000000, 0x00000000\nC:\\Windows\\system32\\sppobjs.dll, msft:spp/volume/services/kms/activationinfo/1.0, 0x00000000, 0x00000000\n","EventData":"<Data>C:\\Windows\\system32\\sppwinob.dll, msft:spp/windowsfunctionality/agent/7.0, 0x00000000, 0x00000000\nC:\\Windows\\system32\\sppobjs.dll, msft:rm/algorithm/inherited/1.0, 0x00000000, 0x00000000\nC:\\Windows\\system32\\sppobjs.dll, msft:rm/algorithm/phone/1.0, 0x00000000, 0x00000000\nC:\\Windows\\system32\\sppobjs.dll, msft:rm/algorithm/pkey/detect, 0x00000000, 0x00000000\nC:\\Windows\\system32\\sppobjs.dll, msft:spp/ActionScheduler/1.0, 0x00000000, 0x00000000\nC:\\Windows\\system32\\sppobjs.dll, msft:spp/TaskScheduler/1.0, 0x00000000, 0x00000000\nC:\\Windows\\system32\\sppobjs.dll, msft:spp/statecollector/pkey, 0x00000000, 0x00000000\nC:\\Windows\\system32\\sppobjs.dll, msft:spp/volume/services/kms/1.0, 0x00000000, 0x00000000\nC:\\Windows\\system32\\sppobjs.dll, msft:spp/volume/services/kms/activationinfo/1.0, 0x00000000, 0x00000000\n</Data>","EventReceivedTime":"2021-10-02T18:16:30.511537+05:45","SourceModuleName":"in_win","SourceModuleType":"im_msvistalog"}
{"EventTime":"2021-10-02T18:16:58.000000+05:45","Hostname":"DC01.corp.local","Keywords":"36028797018963968","EventType":"ERROR","SeverityValue":4,"Severity":"ERROR","EventID":8198,"SourceName":"Microsoft-Windows-Security-SPP","ProviderGuid":"{E23B33B0-C8C9-472C-A5F9-F2BDFEA0F156}","Version":0,"TaskValue":0,"OpcodeValue":0,"RecordNumber":120554,"ExecutionProcessID":0,"ExecutionThreadID":0,"Channel":"Application","Message":"License Activation (slui.exe) failed with the following error code:\r\nhr=0xC004FD01\r\nCommand-line arguments:\r\nRuleId=a5b3220c-2d48-42e8-9733-0374090e4a25;Action=AutoActivate;AppId=55c92734-d682-4d71-983e-d6ec3f16059f;SkuId=640e7014-6f45-4106-bd1d-ac17a812a2d1;NotificationInterval=120;Trigger=TimerEvent","EventData":"<Data>hr=0xC004FD01</Data><Data>RuleId=a5b3220c-2d48-42e8-9733-0374090e4a25;Action=AutoActivate;AppId=55c92734-d682-4d71-983e-d6ec3f16059f;SkuId=640e7014-6f45-4106-bd1d-ac17a812a2d1;NotificationInterval=120;Trigger=TimerEvent</Data>","EventReceivedTime":"2021-10-02T18:16:58.884297+05:45","SourceModuleName":"in_win","SourceModuleType":"im_msvistalog"}
{"EventTime":"2021-10-02T18:17:28.000000+05:45","Hostname":"DC01.corp.local","Keywords":"36028797018963968","EventType":"INFO","SeverityValue":2,"Severity":"INFO","EventID":903,"SourceName":"Microsoft-Windows-Security-SPP","ProviderGuid":"{E23B33B0-C8C9-472C-A5F9-F2BDFEA0F156}","Version":0,"TaskValue":0,"OpcodeValue":0,"RecordNumber":120556,"ExecutionProcessID":0,"ExecutionThreadID":0,"Channel":"Application","Message":"The Software Protection service has stopped.\r\n","EventData":"","EventReceivedTime":"2021-10-02T18:17:29.180767+05:45","SourceModuleName":"in_win","SourceModuleType":"im_msvistalog"}
{"EventTime":"2021-10-02T18:38:47.190773+05:45","Hostname":"IT03","Keywords":"36028797018963968","EventType":"INFO","SeverityValue":2,"Severity":"INFO","EventID":16384,"SourceName":"Microsoft-Windows-Security-SPP","ProviderGuid":"{E23B33B0-C8C9-472C-A5F9-F2BDFEA0F156}","Version":0,"TaskValue":0,"OpcodeValue":0,"RecordNumber":30309,"ExecutionProcessID":0,"ExecutionThreadID":0,"Channel":"Application","Message":"Successfully scheduled Software Protection service for re-start at 2021-12-24T04:52:47Z. Reason: RulesEngine.","EventData":"<Data>2021-12-24T04:52:47Z</Data><Data>RulesEngine</Data>","EventReceivedTime":"2021-10-02T18:38:47.646929+05:45","SourceModuleName":"in_win","SourceModuleType":"im_msvistalog"}
{"EventTime":"2021-10-02T18:17:28.633827+05:45","Hostname":"DC01.corp.local","Keywords":"9232379236109516800","EventType":"AUDIT_SUCCESS","SeverityValue":2,"Severity":"INFO","EventID":4985,"SourceName":"Microsoft-Windows-Security-Auditing","ProviderGuid":"{54849625-5478-4994-A5BA-3E3B0328C30D}","Version":0,"TaskValue":12800,"OpcodeValue":0,"RecordNumber":190901618,"ExecutionProcessID":4,"ExecutionThreadID":2072,"Channel":"Security","Message":"The state of a transaction has changed.\r\n\r\nSubject:\r\n\tSecurity ID:\t\tS-1-5-20\r\n\tAccount Name:\t\tDC01$\r\n\tAccount Domain:\t\tCORP\r\n\tLogon ID:\t\t0x3E4\r\n\r\nTransaction Information:\r\n\tRM Transaction ID:\t{B15BDFD3-22EF-11EC-8113-000C29E1A995}\r\n\tNew State:\t\t48\r\n\tResource Manager:\t{C5A4AB64-1566-11EA-8E95-C4E8ECDC585D}\r\n\r\nProcess Information:\r\n\tProcess ID:\t\t0x390\r\n\tProcess Name:\t\tC:\\Windows\\System32\\svchost.exe","Category":"File System","Opcode":"Info","SubjectUserSid":"S-1-5-20","SubjectUserName":"DC01$","SubjectDomainName":"CORP","SubjectLogonId":"0x3e4","TransactionId":"{B15BDFD3-22EF-11EC-8113-000C29E1A995}","NewState":"48","ResourceManager":"{C5A4AB64-1566-11EA-8E95-C4E8ECDC585D}","ProcessId":"0x390","ProcessName":"C:\\Windows\\System32\\svchost.exe","EventReceivedTime":"2021-10-02T18:17:30.196370+05:45","SourceModuleName":"in_win","SourceModuleType":"im_msvistalog"}
{"EventTime":"2021-10-02T18:38:16.784396+05:45","Hostname":"IT03","Keywords":"36028797018963968","EventType":"INFO","SeverityValue":2,"Severity":"INFO","EventID":16394,"SourceName":"Microsoft-Windows-Security-SPP","ProviderGuid":"{E23B33B0-C8C9-472C-A5F9-F2BDFEA0F156}","Version":0,"TaskValue":0,"OpcodeValue":0,"RecordNumber":30308,"ExecutionProcessID":0,"ExecutionThreadID":0,"Channel":"Application","Message":"Offline downlevel migration succeeded.","EventData":"","EventReceivedTime":"2021-10-02T18:38:17.487732+05:45","SourceModuleName":"in_win","SourceModuleType":"im_msvistalog"}
{"EventTime":"2021-10-02T18:59:54.910888+05:45","Hostname":"IT02.corp.local","Keywords":"9232379236109516800","EventType":"AUDIT_SUCCESS","SeverityValue":2,"Severity":"INFO","EventID":4627,"SourceName":"Microsoft-Windows-Security-Auditing","ProviderGuid":"{54849625-5478-4994-A5BA-3E3B0328C30D}","Version":0,"TaskValue":12554,"OpcodeValue":0,"RecordNumber":18995517,"ActivityID":"{7870D080-A924-0001-B9D0-707824A9D701}","ExecutionProcessID":724,"ExecutionThreadID":4224,"Channel":"Security","Message":"Group membership information.\r\n\r\nSubject:\r\n\tSecurity ID:\t\tS-1-0-0\r\n\tAccount Name:\t\t-\r\n\tAccount Domain:\t\t-\r\n\tLogon ID:\t\t0x0\r\n\r\nLogon Type:\t\t\t3\r\n\r\nNew Logon:\r\n\tSecurity ID:\t\tS-1-5-18\r\n\tAccount Name:\t\tIT02$\r\n\tAccount Domain:\t\tcorp.local\r\n\tLogon ID:\t\t0x53A30F62\r\n\r\nEvent in sequence:\t\t1 of 1\r\n\r\nGroup Membership:\t\t\t\r\n\t\t%{S-1-5-32-544}\r\n\t\t%{S-1-1-0}\r\n\t\t%{S-1-5-32-545}\r\n\t\t%{S-1-5-2}\r\n\t\t%{S-1-5-11}\r\n\t\t%{S-1-5-15}\r\n\t\t%{S-1-5-21-2569713578-3403938347-3732993993-2102}\r\n\t\t%{S-1-5-21-2569713578-3403938347-3732993993-515}\r\n\t\t%{S-1-18-1}\r\n\t\t%{S-1-16-16384}\r\n\r\nThe subject fields indicate the account on the local system which requested the logon. This is most commonly a service such as the Server service, or a local process such as Winlogon.exe or Services.exe.\r\n\r\nThe logon type field indicates the kind of logon that occurred. The most common types are 2 (interactive) and 3 (network).\r\n\r\nThe New Logon fields indicate the account for whom the new logon was created, i.e. the account that was logged on.\r\n\r\nThis event is generated when the Audit Group Membership subcategory is configured.  The Logon ID field can be used to correlate this event with the corresponding user logon event as well as to any other security audit events generated during this logon session.","Category":"Group Membership","Opcode":"Info","SubjectUserSid":"S-1-0-0","SubjectUserName":"-","SubjectDomainName":"-","SubjectLogonId":"0x0","TargetUserSid":"S-1-5-18","TargetUserName":"IT02$","TargetDomainName":"corp.local","TargetLogonId":"0x53a30f62","LogonType":"3","EventIdx":"1","EventCountTotal":"1","GroupMembership":"\n\t\t%{S-1-5-32-544}\n\t\t%{S-1-1-0}\n\t\t%{S-1-5-32-545}\n\t\t%{S-1-5-2}\n\t\t%{S-1-5-11}\n\t\t%{S-1-5-15}\n\t\t%{S-1-5-21-2569713578-3403938347-3732993993-2102}\n\t\t%{S-1-5-21-2569713578-3403938347-3732993993-515}\n\t\t%{S-1-18-1}\n\t\t%{S-1-16-16384}","EventReceivedTime":"2021-10-02T18:59:56.913085+05:45","SourceModuleName":"in_win","SourceModuleType":"im_msvistalog"}
