{"EventTime":"2021-09-21T13:04:24.795379+05:45","Hostname":"DC02.prod.corp.local","Keywords":"9232379236109516800","EventType":"AUDIT_SUCCESS","SeverityValue":2,"Severity":"INFO","EventID":5136,"SourceName":"Microsoft-Windows-Security-Auditing","ProviderGuid":"{54849625-5478-4994-A5BA-3E3B0328C30D}","Version":0,"TaskValue":14081,"OpcodeValue":0,"RecordNumber":3556241,"ExecutionProcessID":628,"ExecutionThreadID":736,"Channel":"Security","Message":"A directory service object was modified.\r\n\t\r\nSubject:\r\n\tSecurity ID:\t\tS-1-5-18\r\n\tAccount Name:\t\tSYSTEM\r\n\tAccount Domain:\t\tNT AUTHORITY\r\n\tLogon ID:\t\t0x62956\r\n\r\nDirectory Service:\r\n\tName:\tprod.corp.local\r\n\tType:\tActive Directory Domain Services\r\n\t\r\nObject:\r\n\tDN:\tCN=DC02,OU=Domain Controllers,DC=prod,DC=CORP,DC=local\r\n\tGUID:\t{66cb3374-4b66-4fce-9e64-8202e19faa45}\r\n\tClass:\tcomputer\r\n\t\r\nAttribute:\r\n\tLDAP Display Name:\tservicePrincipalName\r\n\tSyntax (OID):\t2.5.5.12\r\n\tValue:\tTERMSRV/DC02.prod.corp.local\r\n\t\r\nOperation:\r\n\tType:\tValue Added\r\n\tCorrelation ID:\t{1075208c-8a0e-4290-8c46-48e77af9d933}\r\n\tApplication Correlation ID:\t-","Category":"Directory Service Changes","Opcode":"Info","OpCorrelationID":"{1075208c-8a0e-4290-8c46-48e77af9d933}","AppCorrelationID":"-","SubjectUserSid":"S-1-5-18","SubjectUserName":"SYSTEM","SubjectDomainName":"NT AUTHORITY","SubjectLogonId":"0x62956","DSName":"prod.corp.local","DSType":"%%14676","ObjectDN":"CN=DC02,OU=Domain Controllers,DC=prod,DC=CORP,DC=local","ObjectGUID":"{66cb3374-4b66-4fce-9e64-8202e19faa45}","ObjectClass":"computer","AttributeLDAPDisplayName":"servicePrincipalName","AttributeSyntaxOID":"2.5.5.12","AttributeValue":"TERMSRV/DC02.prod.corp.local","OperationType":"%%14674","EventReceivedTime":"2021-09-21T13:04:25.606632+05:45","SourceModuleName":"in_win","SourceModuleType":"im_msvistalog"}
{"EventTime":"2021-09-21T13:08:52.869680+05:45","Hostname":"DC02.prod.corp.local","Keywords":"36028797018963968","EventType":"ERROR","SeverityValue":4,"Severity":"ERROR","EventID":8200,"SourceName":"Microsoft-Windows-Security-SPP","ProviderGuid":"{E23B33B0-C8C9-472C-A5F9-F2BDFEA0F156}","Version":0,"TaskValue":0,"OpcodeValue":0,"RecordNumber":109868,"ExecutionProcessID":0,"ExecutionThreadID":0,"Channel":"Application","Message":"License acquisition failure details. \r\nhr=0x80072F8F","Data":"hr=0x80072F8F","Data_1":"00010001(0x00000000, 13:08:51:751 - https://activation-v2.sls.microsoft.com/SLActivateProduct/SLActivateProduct.asmx?configextension=Retail)\n00020001(0x00000000, 13:08:51:767)\n00030001(0x00000000, 13:08:51:767 - https://activation-v2.sls.microsoft.com)\n00030002(0x00000000, 13:08:51:767 - 0)\n00040001(0x00000000, 13:08:51:767 - https://activation-v2.sls.microsoft.com)\n00040002(0x00000000, 13:08:51:767 - 1, <NULL>, <NULL>, <NULL>)\n00050002(0x80072F94, 13:08:51:767 - 0, 1)\n00040006(0x00000001, 13:08:51:767 - 0, https://activation-v2.sls.microsoft.com, <N/A>, <N/A>)\n00020005(0x00000000, 13:08:51:767 - 0)\n00020008(0x80072F8F, 13:08:52:854 - SOAPAction: \"http://microsoft.com/SL/ProductActivationService/IssueToken\"\nContent-Type: text/xml; charset=utf-8\n, <soap:Envelope xmlns:soap=\"http://schemas.xmlsoap.org/soap/envelope/\" xmlns:xsi=\"http://www.w3.org/2001/XMLSchema-instance\" xmlns:xsd=\"http://www.w3.org/2001/XMLSchema\" xmlns:soapenc=\"http://schemas.xmlsoap.org/soap/encoding/\"><soap:Body><RequestSecurityToken xmlns=\"http://schemas.xmlsoap.org/ws/2004/04/security/trust\"><TokenType>ProductActivation</TokenType><RequestType>http://schemas.xmlsoap.org/ws/2004/04/security/trust/Issue</RequestType><UseKey><Values xmlns:q1=\"http://schemas.xmlsoap.org/ws/2004/04/security/trust\" soapenc:arrayType=\"q1:TokenEntry[1]\"><TokenEntry><Name>PublishLicense</Name><Value>03J8iHDLTxUwVZex89ealgnsaEcKKxOaUE7MwYkJSsMKIFWg8jB3cofWEch0zclV536LE28S9of7ugbq/n5j48q/A9bRMcbv1InXrQcn+KlKCz1alwC0DyBfUatLfqxWpw3DRfJBRuCNYss9bYi4rBcNEcoQScb09th6HMWZpPdkiJEk9JoehPnvTUzz04hPy8j44CdxSY+Q1vSA6SSeh8KyMpLyl7nNNrrCPzxGk2ecjiDaH/DObl7V5LOc39UhDttfqw2VLn5YKTme1iYG4nfj7pl/vquNy5uq3HAKhzZEst1UZBIqoJtS8f6v/wM+k9ZnG/jDnurHeTz9+P9DjFFYvBqgW1fO8CGh2L2VNHeRiXHh4OvanfbaJXEIFWuicqKhRBIFwTMAUxjDnxXB85qjaX5ua2WuAG7f28IZsVLQ0DGlgfvzkPwNvkqpAu7T74b9BbYuyVwvchM5NcatZhslGPrXZ3i3iyusWVCNMRk4ErPRungjbjXkR2jv8Y94wVZoev15si9FL0PgAonH7pjoBf8uM94PyjtmtYJqus1PEAosu7FLgCuSy38XSM4vU8SzzGm/mlkpESdjh4H0ZmBuxS6WkVlHB4soR3pqyXwPAIMybFS99j0Q9YUOtEfNx5C1zn81FGeNtptOPw58ZguIrt29lVhg5LKLpxl36GNBU9w1hheHkZqXuYrhJQnmPOvs3m1aoJr2d0PpooGflOIwk6tRbmTtLcufE3Ns8oKloUSZ04JZ0EMFB2I2eS+4oDbzDyHadPEK1fcO4MLq5+wOUtWAG7iKduFteLGNS7yWopT3e6D0xrcsXelEcYFoj0irX9pBlSU4YhqW/7fO43K3GSQIH5cc1lsQW5m6jykKnW1L44bjB76pHFnwt466ZdS3zFNMeAjeA4JHtOJ7kODqpW8rOZ90u8T02c9rNzWqib3l+m7E8qDTMvDJOQSb5s/A96dhEvjzTnMNovoPpBiFKNxMQsvirugOpz7Ryb2gC1HCM0amrh/ZDYHkGmWnJZwoWD608W1fDnDUNoZf2GL4I03AjKanFrf4+sBtjG9eOtXUd9xaenDAgD4UmGcCYl+YzgaWnIDYjJQeLvIvbW7KgTqq5K2INKW6hHhA9nQEo2WM8sXM7Zg7mUhMaCfNcUmOjoNPA1Sv3yfh5OY/+bKlUJqeFI100CifyLkbW2cv6wwRwVu9+A2X0ea7Lu0P7XMkMFHOgcZhVK6g2iWhzwBwZ9vDosPrLPixwxQBbPjrN89Yn+m2lDR8hNSGiKHy3VmXG6MyJFiybq4Fy/MIKDYsRRR0H0SweTIQSyXGe978Nyw+yQQ5zkJ/cotI/4Rgrx54UKqbnGIfHTc4m3ndLJyGisTwkkUjxENaNDjYHp2c3jnlpGKR+sbOveFB3H0pA8orae1DtvN8KSyO0qwIl8lVvVfRczIKGUpekXE3Cvs/ew+u7EzlYD3j7POi5L4XZHOmQAfHf//8DpkSfE7O7y5qKwKyALJIBDt2ik5U1rZ00h8ZbtyoZKzkAJmePGhCGLN/uZnxL1QFABbLjoybCEEALWBG85VWIlayg8FvWTGemBdfW2j6tvXUo8/c/wCjeyokjSCasgr5mg1Hh4ySF196YJexHsC4d8F64yDnL6O++XbzrWz9MZqjC7ZzaEDolXfaDepfcIqSPqZoMdgRcUKZSKvcFmf2/TbITLEkLB81olxvmPq06qOeAGGATi1QzrrVyL4CfpgrNtXd2gkJdJOSGXTO479/i+HnsUY4GPGpPpQqBhOW/5OxqGWF4+rB6/9MRtBWdm4mCBLXrZ2DYO1SaG6ZRtHyzkIpN5+xuo4kvBn0cCuRD01day4fo66TH4bR3zhafjoqVxyKsQFV06ozGoUyC+PLZHB3Nx9RZTHVTNeFqGoJdJIjEAYGL8h5OkrDikaUDrz65dYpVThHRYs4K9sU60QeRzcxhq6vwqKe1/OE/H1sF+SD89mrOrEdXChi7Nt0UgGaysuHCtexxIFDy3CYoYlNa3dtJqX3ZqTG9+B6XUPOMPM1oXqD6deVGKK74OshOCU5jnOf2RfbZCdF2LYM2m++s3vgKa12FKempTyiXxqApBiZEjhWag254CGHllpDvpbbDEQWKRAJKHrqNXO1uN4ccHVRwdWOe1ragTJLe7SeUPPxzo0DqbVLIM9eAxBSNVAkf8JNAR+IP+VUb2TKGvG38sd5etEgJb+dgK2XDHpCQtmk4o+Qvu/xkLsXYw4tbPOconkyVTLOynbb3vXl2PWbbtFfo6Mx2vzlkWQWkL0RLjy1nxaZEou3FpCnE3tH/zxnnZe1EF5WUecyZ+CYN6JMSs59Nmhcsai+izfWeE92hpOZWrLXdiGWDL+Ux7Vi+fN+4HRbZ7QEFAZ6OUa3r5NI/1ZoxPMLV/u2zJwYBq8mjj+AEyOgq7OImwkqheCXhDDTpHOJhevUNzxnm+ZwsCqzDfVCymuWkBOULCVsh2DqE0my2xmJV7szumGX+dWUHR8jl4KuRriRLkwBtA2bSjNyz7xYLQQcI7KblZsOqQDhX+bycnTc2H2pCE3FjGbM6Q/y68aSr7mygO7Hmg/p7qgJW8rb0IvwJZfw2U44udG20BJfR/cSomaSG8hcOyWARsbIVchUin35xhWxFoDvz3zVs5Ktev3LG38+ev106lN/BscG2Ykjw3SvHC2YtXKAaNZDuj4AWRMTRRdVUP4kMeJ9oEtqGhaZcFVYBkL0zwvNgUa6/J/D5bZBa2eZz0JnD5gmldcJ+WNJJiG79+ZDVPM7HDLNaonF1K9mL7FjQWXUS29+qOgm1HNarCmxjz74MktW0PMr3pS58NmqOPG2+jX/Nn7BX8riQRcODH97EjiKAR5EaZL/BHP5BhbCQwRv5KLyN6cCV9k8kculC6LfO1NVWLROEYXFygFrx/CDJcXBf+yx9OJ+VoHHrA8p0a/Pu+iCUo/aGMq60k9GJ/VsbRy9ITWfVjPV2MVM38p0xqg4Io9cJlBEld2k1QjsF7ykwSr6XuksKi3+3p+ASzT6oyNIm4nEUu650dlkrDGiFqZFmZhs2TlqhITEWjt8Icy0yq3cNcdh/bjqVza/8FGSzNZxzasNnhfB5CSwvCYErD7ZaFnYORpQYEB9EA26pjyRVJovlQn7cYVV1tP2eD/dk4rXhx5VSQEz37Ijdw5465OqRTV+BYnSZP0biXcMPAe75DtP1pelZfesLwc+2AB2pTulxhnR4WBTb1CNWDlQoKHJK01SfIorkMu9jppDTto16ekrYe45+sLRIKXXWJGMsMGKLl4E7xJa6CBEBZFQykxpuboDsP5am2n1+1baTm/9Ba/+iXyd0ubsm+RV+pGKF6WYvTywyc/xh05BB+rmmm6eJO4+HUfVG4BDl62okQIJ7eYzY6P++2LauAKGThs8S+OUJ1WkzSkezlSDRil3bwrmL6hyjcTAiWrCIE70AqtFjQK+VQ8bNqnj7uWnReqOLk3QCfSxA21sRPDtDJ1opOzSUHbPlwvj3tn/np7oX3NqhovSbk/7w7s3XPTg+7XTr0HwQzpHo5zYf4OtKMsAWAQV4CIa1qWpTUEIEqhOqEOcQuW3qzbDOjH+srZyrTQehWsYa0BbpwvZJ7czH0ZCYwpQlCZR35nAGotDQxfTCDpoX6Bz5xUPCSxTNCx5QGmVVPDYik2QoDhnnCGZVZUB/wuPFZFZXmXKUqi4kejeKcjN0xVbYyqJFwsyQvZdBp4GegTc0W4KFXIZY+lse8tSghmhBVnAg5imom4qDPWA5F9Vqn5kwt+7Ael2V2S5Q958j2Md0gMayy7o7C0mOq08Vl84VXwojnLOQ8zxHD3SrN3Oo1aniqvY26e8zlX5BugwSUOmdo9rbx0vF4inrwNovGT45+HCfr1xS/Vf0eOXHAKK+WrcrC65xp2WGyXoAECmGk6gCIzdqAUnAhLmwYY/3gvudJYHFf4Wi4VaCnKEbREJDiMNckN2aTgetNfulv4lUM7eLVUxbtjwpPXA2fRLgKwNjTCBd1oWKM8+u3Dmft4ZWzBD40dRg7a5RbA2eKE56tjKpwIqF9S14zvs7K3MQZN3AziHk8p3mgSS6KGQ91TfqTMFGYehlLzJLsFgNl9C51IymwI7GeLDomTn7hZQDbCCG5Di98ID4cG7dV9fSQ/Ob6ZR2WFMf5l2LGI7F9icz/uN+UWr9IU6MPn1YsQej9FkQSEnhrGlWlNMYLYZNZq8QaJuFoYbGkVgSv8xehuwJBLTm2I3SJ3wwvUBMVxPqPQ7nlVHLJAAQNg+chTpUgHcqbb7rpKVUi0sW2WPHwG7DbH0GxpE/THMJntZqaiSU59MKAh/+YTADyWIfd/kwEt6foKMQcRbicy85g8MXPw2J/hvYvFZgorR5uFLAG4DmXucYWit7LRRd8Q+zHbj/awwS97uiJ+iolPcDx9QcCc5Kn29cxpKZNnixAmeHe1EDKpcwBTaqr+WaZkYi8yxhnqqXEwkAsIkrgfiu4Csc2FaWgZUZvbARmq81+byMmYraolY8+1cmWzY8bbp7Uf66HN9sM87r6KVui38hkcPA/e9Bx/FH76IIZWCvXx6m4PRetPRKECS2KFrGxfc6jfPZHQSgcrsVQXA1MSp0tPNwmRewt7HU04jTiQTS7uoouIlXGWQ3FtbhKwdgQ3fYrqZilXrQWjbK0Ou8jkoDJN+6kba3QKDVpx5NPKqmXz38SlhDc8do0lfSORfHJHAD27yRpXMo7K3O5u6rqpOshT7KaClKnoVmLSbUhVx/g1Y5A5yZZqeCKvC/rc8Mv9Th/dapUKqC5u5DLEPo926L81cFPnuqIQWbgP+Kra6evOANYdidqDG3MQWsZyFSAjyWEWz7A8YalZQoDXUKUyzNlqJJD810HIDiORXgPXiwzY8unbeFgNvWofr2v0v9y+EzX71fcEra8c5ANLLHfhJiGHUdWAQMAeXKwFiA76FXjKNENSyWnNtbBETkVjPoY5XKL92nP7AMVC7QTMgmb8VUB8oZK8L7ApxZyipXzxeUboQb4jfsJD+Wq34aquNniXmL/G0clkulVXXiMjb26MzGU859vPGeBftWGec+fNg9ttssx381kvXbWT0cPTFGH+hWp3Eeo4gxucAuqQmTuhR4Qmr6UL7eQ0OV0NIlEPfN6x9wFMrQlwX1eo81OaSJ+ws3dZI9JIa1s37WB0KmWHVz6SKsD8U0thxIXpCSayRnXxRYDV1GiRSWS57CHTGh1zNBgnC0YB1SJ96hWwC9phZkJKwsXFkfbHreybiZZGnqiXqtL1XzWN4o5N5NndRmmCiEDb2T4HVSxKmGLVX0aY1gUfY+lcRPVKbA18Ty2llvc3VxHuirFVVvd1zl2KsUHHijIAXL7LSBlBMyEJBT32Vo5/nre8bjss8p6NBKDJlOn4VfrYgbgK4I0PCpbWjxoE5kBuWs6vABdrN9zGSi+gq3DIDuF831A5+Qnq5pOkSQfNOUi6+kzNw9rMwpSkrWcTKtaqviQZId2VVuFkjPkJbxEfSOHsuE6041lBL//Miv1LDbGGMrai2izz9zpChW0QPaW3r6TkdWGf6kH94nEDRzam90AoLSAfNG09xWbzZATuXXNckXFMdtbmdlImq9hX0UebklHRBorfSy0/zRRhXxo2ia/+1KZiB4AjRclfq/a4gMPyeYsIq7KdvY1rHeXK8nzDvgwTWK6kCSJmzfVF8pZ7qCc5XSM4QCROA6J9MAjUgev/sRW3Bu8BwS5qNWiBMlKgJTOlpfScSB/d6ZAYhJu/IOb7+HHFincoM4AWC69piav1DodbotZAN0Gd3W7PTkXkgUHHty/+/pJjj09lVSv/kYxJDAvHme6xPftz4eqpgre7oFjEp5nG81g8qBYrlWqo//1/AxDi+xVWcTUCqaxdEHXxAyyzfVDk2f2JYCBgm1stPTpHOmA0NkOr3Cgynea7B1aZHBre0WabVTgAaF/7S9sQTp4B81IMGZOozk/InYqRE3ksBBHiV/CvUJ1Ser2uDLN+/7rXfWNwFj1HQVr4oAs99h4vlJcfgt1n8f1PTQgOa8AJzumkpwwfWCGKzwnS3VwkU7V/zVwxyqedoTIWCAh+etnUBVbNpg57/RJe23FQc6Ket/qeEtx1IDBqnifuxl8K5Znr0DJG/M71gzHzA/iC3ptdR8sbjBkXADi9mSONjGf48mstpSAQ0UTB5FJMLwqBhJz4WLCjKmvGWR9Zm80btR5STuNuSg49rQcEH2SRB9HGC5NwqPqsYNv0PmY7rIZgDgCRk2sWoSdIj2dDIFV0oHteWk3drqvTNf/bkF80hMUDiuz4Pd/Fzvz/cbyg7TBIn6iqGnBzgxo2sf8w4GkuUASQ8sqnaItAqatLM9TpIYhHXId+eCugUjK1QyJsCKDiyv30aunLuuYjcBJ8JaUMio5Shwkw2Q7ZZz7td261TfmsvCOfngrnQwgj50U2bT//tzLcNuQas/z54gkWuilbswlZhIHWaw6NwuGinUZ9LnqQu+TmyCmnY8yCMBjkPiMG9YB+3IiDj9P7TjMsX/ZamUWBvWrozXt/NaBQI6/WnGnkBWCC3RHReAnLStL8dNhQhlJ0lvBXXkL8S7WdLv+nR4lK5IAjk28Sq83T45fHhrzGvdZILuXnT/NuoNq7FbC7uizqIqyKQskR5Bvv3s8VuxDb8HZVtCja2XKYSo4mRAx7kqM9n7E6x8ZTPUwAbSvBAVt24e/bSfQgRUkGINNNABqNy7JVOK0h271gegtw2vYUQuddCSJmozcw06zOyUUtlyoS20zTSiy0+jO9tPVvTZrX6ehxdq8Hbh/tKwviHV4EU6JDkNCzB+2nj4ojYa0vd5kaQ5r24NuxL3mZLfv/9d3tJ19swsIuWzcUYgu1ob2agFtbjqTkJgUPGmRXsgo5NJImdSBJK6gE6c3g4dPSkMdk5kwX37XyjB6kmvTAwxQaMK8dN6h6zBCeqI5Ed0n8794T6zBPkqUKYpzEMOq3yE/1gnuzOcUBfhtgsSi5EIV6eXnAVND5XLfbnthzyPel6Htn4CfyPy2An5nlw70uuZ2iXqwWK4aBD2vj/zmx9Zf7zfeMcIElad3nh5TZPC3ynEo9MxJyBjrW2mqI30TGOZ0YeHjj5GtioflSthMXC/Ud/Q+j1zx3QPPkMzKulHu4Z789E8t3pAhksxnMFNxQtQCShVv4HjmAveqC7HAyYj3VAfVSRfWOS8ZnJnL8KYdzr2pcvDj+op8l66tiOAjl2b+rccF0g3ET5LV0QT4BTpZkRriY08b+RssZ9BX/uwi0j3RQjO2Wvt7l+LB+7cI9GO8zFTePn3sjN+RSScwcy70gvaq1q6T1cwewwaz2P6i8aGN3pzGdi+U5kOr12Ii6sGJU+KvKcvSALstM2LaWKsvk91DOsllPe3d0y5nqJ/7qf0Md0bySutEVfg962b2yi40TRsiiDg/jvd0XmatAIwFycwlCRqx9NL0cz0GPLzu9yURZUYQoUYZ7WyaLLNZmeE3LuU5fXIEkauwwRopV3xtlpVmAsoqGgJFR0doZkTO/ZS8FqWdmtIml4TTdQ6rR9CvU1vTHlC+JaCPsBzH5K2gOIQU3bIPXgNkhSk0geLOMHzojUNmZHdNnzKBk5trmnGbsKJccSKdPBiEVOKTjc9OKDyoEQwo6FvAC9e/q3voLKaB06J4IyjFuR3FA6OzsPgRlHOqdX00DjD/UsgJaBzJx9Wl9I1vvSK76IyoUvwgUpJQiPHeYb2+1gpJvWVAXQA1qSEg0b1solSXBum3RX/0ilQUvowFxCL5UrOFGscsn1NB6NfwAyIsLtp2WHrmdOev+uIpNHlkDVeT/FWa31EOpaCIQI5fVfg/ZeOC8dmzesnaCubs8rt7+xFslq8AbaXH94adeqXKL3D+Tn7fwmvaAw197ehFVTGmqyfEVp7sPTndsJGHJ4qrNPRF6GTKmHvzYBfsMOCIYYCmMeQ/XCjexYy+FGTdIYbZukxMK5bBChuQa2YE4Oqf2Cs6zXn8/y+TFvNWLweOwyr0W9nVb7QsJmut3iyFgynjnyJ1SbVFvlYuDIvZbYyuEL53MCFjPApzBhj3GbuSBIOpKqQvjxbWvcckLYyDeL2lw3sMuTW9fmtj/ZGUOH4rEp/DqNnQgmlbcy5LYTAn4laBdH76ETmpnkAjLemZbT18Sejqzi8LZnZHulCJHqszJbwsIQ6xf2mtUdRYShC2Qu21FV9AVba8WEanhoLXVXa/Bz1+jnxbOjwUbRpzwbVEEx5sn+xbx3FqoOgd5OrVVNq1b58AoWkV6Q8+CurelpjxUaRh3uHpM8Jh9/hSM2IbB6bqIoBEpuhAFon4Gpa4LcfU4ClqRNyxfsZ4786T7wZgs2Os14nSPKkOtpG6rFejBKBfl2+GCYa+RFPCR2uGR7fy9FrJQ+SZKc0M2V02p55f6kZUUWV1scPniPZBlu3YPWZR1HxGIdJMI7U2LBrmJI3kXRTCRM9KTuHvkBp4Un7ztDkC181kMuv+pxP5A2wUpr07dYA1N2BBCaFPlKg9+uMuQQanfT4kn3WmO7tPqRH8F+MuBUsIJBrWmucPvZtregzH5fxzzan6hJABfppUsdiYWKEJTNdHyy9b0+x/kDbW0wv9fp30aJIwnl+5CRZ70nK/x92ovzqWtXsbQNDhTPEc7Oq7pEs0hIe/hPZ7ELFPtVkvtYx3N7SP4kzyDhKuGp3guG9mpfQqn4k5cVXf5lfK8MBKNBz/96hJhLIuhtrHkh5Idpi/McabsMCuYEQZXn0a2jFqV8R5vZ7oLAIbN9f75Hu5zBOFWjsUJnIZlCEfXuj0AS8dJFQQAIPbZ+Q346Qlueass1i/OZieT6b23kxjPbJdi6KW38d1TYMmVnPS7i1t4uhnn6iNKeQ09wb4IMB9LA4Dk8VY7BK2dq5Qk+mGTWwTQd5rM/IvvmixP6lC6sDShPZ8wkGdgLsVd4IpBnS+lRf0hvsioJihGzLsvXM/tBQDtmHVIiWX+c6C37Z4lfeZRJSH4QekV2glbnzq61UgtSaChTnAfOb/kCdWAlfgJY48o0t9NH2kKSaXlds9ax0YfKrfDCb9q4iTI8NRz958K4LJlaZzj7JWusdMObxANH3z53kVlFQfDIoEuQobLc1OLoE1jdC4cceeLhVwSRb3e0XSEuaqhGQCqsJMbC354k1kHb0EcS2t30Up0lUKAQ+jkD/bRmMk3rOS9lpBJ0fBH+UiuAGAxo78CevQW+nU3vjo/AB3UYDn0s3dtY97dSko69D0wjPB/SVFD3J81F/4JjjQFebkUNNVZa0keB9SO0P/id4C7M2NbvnRXjcR/JS3josOYYsVhXWkgqPHCz6fHZYVm/Il5L3Rm1MxLT+ApSFKLOUTZGZWJWZwUhOPZvdPsowSBHpN4UhjlsD0GCWueJ4jceLM7kczZWA2AcudKkNeyrhX0YpwCqa5kxHkMHS3HdfezqQaeSoPXeOAOkr3JC2tBR0CoPyunDNpICSfdnoPcC/AH8BClH95JlfMs3/3sEFeIJM5g9W+RqEBKUQC9iDw5pjzFMsbQFsaAPwUgLXAvPrEBbFua5vjDbvPzffLWanG/B2ot4pyKvgfjL8f2TUiQEyaik7MBwvrTOJoc3pkUL7XbgwoDMhQzSATHmT3GoFeVwIEJVtNIngRsA3lUpGFd2BZ/9MIFIKXInCgqcO8BWNiJRHNkMgbEBID3HalJI/70UCLcRdRgOKnarW7RTMG1I2irQ+0adA486bjwce/UtDiAt2xeYaWOjME607ZRqo4w7nORdv2clmn+UIX6fLGX6nTOLEDD4Zr2xMy7OL24mtzoa5Pz78G4HXgPsw3dBetxjEOUevewMBYCogTFcrjTGsOXQOdpV1sEv52bGRlBygr29oMmT8lPs8qCWYfDAspS2T2ti6LkUYD4FTxhAIdeEP2V8cOzq8NOPoJnuRRyF3cGTO82D5TLpEIgB7ufTst0ElW/77nMxgDJYKFZSMfaw0u8cBOKqwni+PpvOteaOxW2st6b5bfhHuA+jlkh+YR/dxEtWgFMNDBpN9dhL/Xg2OMB0r+DrJ24M81TcoiK/Tec/FNoIvVe8ukHjkEYbc+AI4Pu7r4iO8ERNwiRGsdIJ3kiRQOKecwr3+Js6BNXFWVZw/CWDDlhDt1XZ1hgJ1Ia/YI9RtOD0m0zYz1Asd/05sfdpa3/HdnAdmE/woWjPTipbxr1qGQrJEocnqgMXRF9nD07iGXdikG+D74I0H7cMcJELpTkyvwHfapZSQEfEuOyv8OSBiT4+vpzLSVe3tVh08mWzjaM/2kfzqBu9WvPUOdFPCEXFqUEWEy2vOwKqnahqz3ipAsmoogwpY+bIYhHs1fDnHbEk0LQSDwrP952vP0e79YFLMhwA1kTU3uSsFfiQF523wZl7rMSHmkAEkTsW7If9o7YOlcikHlcMaazFaft7bOFHlv1JujMu9mxDtXpt1N8lj5GK6ha5M5Apyhed8BmkJLYkVc3RqwZshI8TRVmRHECVt53GigWjwJqe0fsJr4bGtXmQ1YFQq/bceJnWsKprTM6eh1wx6Xchq6DaqbS7Rc+Lu0Xfjl1rH5CdgXpb62A7smmtdONfH1T0mfGRNNdcO0Qvfk/bLGk4GbdYkMEb885PsZ8/Oxe4ICp6fcYlzAseeeEygLw9P+KYh09YXRj5QQVLx0596Td50OJCLI1VIleRnPs687G0dqhnoON3RNfgEfyQgINAx1u4B2pnS119Aiodhk3jTWBVkodtiFm4OM+cWtXaP0QPCed1c7Ja5/y7yH82g/Ly/diTIwyln5l5Cs1TIbjlgEW9hkYRctyfsBv7HCp8KTCp2d1QZRx/tmjx8/YLcDWttsJ8nrPdTwWNABHlnY84bF1uAdxhx3XNF3p3iBoWkX2zinlnRakr9y9Gy4enVw06CWkK63iQouRm2kzgV55qyG90ekBX5pguh5opn3mPMAPbGMhS5XRdOfEC/37Lv4RLZyWghMt7dV0c1R8BUJF9o1eCOK9SpynGSzi2gyUJ/c2ktybR9kfEqNYE7AtUDb4IwploUeuUBUg6JYwxYXJ8Y5gdNYRrLAxLMWlG4ceYPQGxzsC+RP/q+0NVUrxDiEM7R8fa1sluk+n7iRC1CwmDveXz4v364QzWDIPPt95cr4FtYFniEaJisyiRepGCyPqR24EqcjVjE6jH1EAePSEh3DvrcGQYimFofPMMjLdA2cmwJdCRgCXwNsRakhSGPec2d91S1ACiFeald1qrKGknw8w1NZFPYHAXn4jWrDnNvFdujXS+utkhX+9ks43q6R/qmSjvFGxfJ9V2wP0miPmtKOoBweegBzZjIhwSgX6pzgjuXToYM3ugbOfhiggkq+l+E4llDKyGGOU7iuGGMdrAgkpAqHYQFLfeskNhuzQVN4RqNZYzuStj4UsVul0fttTXfUHqAfKC8ojIlHrClX3WHTscvxIDhI9uSrnXuzYKh7PW+zip0ZZGmzlyQujfwHIVRrWRoICmkT6thyg0V8sKdnWrPhxAhlecQau9WzH+nEgfLKsmWtpISy1zhB0wxzNQ2upkt1mCBDwtiJZqA0ebLotfe6r8xyGwuIDtir0l98xp6F5EfH9OjgVcGG1mXeT+J7yhw+E8XjXEIJgQsc2s6lEJ0O4f2QcjBpBHItYq9GcMMwQycH8MmOV1lcN9MqtN7rh3+gFuyRT7WOo2vCXK3MwgLvo6Zgvycuu81GMylR9gwSgGYnsUn/bnQRhSD1/H1sLh+vT4Dz1gJjYwSa2Wzl4hWHrrZSnWaMDLO6XaNRjYsdg6FWwSydZJv8WMqi6KD6gzYrMVsFuVFA7AMOe0v3C5ZaMo5GA2u8nUi0q37iUxrA3D/llfXcpoQ6LoiEIYks4zM70/X+P/GgJVSpCW2glv1gaLy/qt0YEJdtiba1iYSTtHpkfjFRZpebiSxPwwNIR8bbLbzI90YH/uII39UrExW7DJ/hZ7S+EuV8bY7B6cWVlcSFDgrMTwVelrqAjPav7rTAZThhqQ0Jvn1pW9WOMpnzJzIc1moaf6J8GKrnd7euLWuxDbPFx1f3BZ8llzHKAiOnOtXIZ275hxOaIdrxzsnJ/bGQNWru1n8KTeb35ZkCR6tAopTfs0wOAvP6IFOrW3kozoxkDsSHLIyuCXWMDcqqwS2n37OdwxOGPxGiQRODOqaiSz3FgWpqZs3BsynWzFmUCCMEunT29NvlX1LOhsR0184lJkl80NP2k1dtCPDBNrXEDVV8paR9aA4pLR6BKKlqaBH2y5lbKQDOd+PK983Sfe2H5nQI+PI0w9AcqOq4+XphOa0wM4okhJNWzQ+odVRxPFRX9dKIMH9WaBj+5WxY53wDbwq8+jHNnmAHB2hVkvOLD4OjLSOexzXEtTD9dJvlw7jmIYdb6IKcrxqrFJG9AfdD83olQn8D8bTpCa1NKhkJrj8RVvJDWa8vjzx1IRHhD3YX3lXFi/pEC/Z3sSz4iX2sgEubWzUwgJSSApJWel7NQbabXlAQkUIYGxH4eDxZyGyvm21/sY3lpdm+ch8WTrepJyL2IvSiIEu37HWU/OTCL553uPU3dnxJW1RqFv2FoI3ZlTxiHX28ZZr12XNQdZSMbi9LE64vVmWknlgoNZjsFp1lVHPZNYi2N1dfIGAxumoG+YtZiaakpomlsxhKpeonH1bEfCbQdg9WjF1L2k43/3jGLgkPCoOwuiy38xiEVIP69C/qdwlDcAlCAYlcCXLmMpHMJNoqJyXJDss3CkAwEnLkVwwO/x5CjpMQ1yYFWYhGCr+wAQFUv+LHzOg3+eu8aiYxD2zRpmEUvd+AAEH6JXtNXmotFA4l6e+xZPiUFOJiyY19gFOb/N1shw9lLCCoYXz9q4fZ6zHAxeKuwKD52EZaYnqhD14CtLG9ywDQHgDyod01tF5E0bkILtjROUlIn6n+CidGokpHpuE8lwBb21FwNjHgtoPRLK08g4qJ1jSukZLk+yK5bkKveEKS0PGb/wjJ2r+UWyQdlty+K7/r/Tzse/6bmHQXfyZPKii1LSISCL0ExqoW5zNQUvWN99THUm5/GoRddmPUoBj/KK0hoJ0WEQfgmMt7axCo5B6C2KExnBSQ7sH+yDt4YbwtalAQCZLQAsDA5S6NXR8ajbZEqNxIfEdBbA9XjfwXrjkKF/eNmVdH8zOZkv60FAQJI9UwNwowZypScv5gJ6ZsesQa2OwCIvz6/+BQ2ADMtcIGO0qM9LpD8eyh5g23HvnOVHSThUW/Y/x5SlInHUmjgE5utdOdI5AAXlqJ9odqtrenLlnAcXH7MRQewO32gwBOUaSq5ReeUAjsOuQrrnaBcak9tnZ5KkJudxue5t5K2uj+/ESpWMe8/v2/ST5/V3ZcTuARLoPjgSvtEqB3xQ0j5Eoey/17yIQad9jWhS5p4Ozq1m6t1LpItZMzCrMViB90j/A+KHQzt9Cptq5txaWf65eBJyys6fVxb/WvlTfbgMLNeOEc3nOwbiQ4vUxdqfpHIFjOhDRxU4cvdsbY8c23nSBp69SDM4Sbh1BZNuzFghZ16UbtWOhkbrISG5X98ezunB387W2dIC8dgymrxVhHjlBoxorqt3dpM4IoI1IxOvhoDi8ACWQJsQ7S48HfHU2/dw2T4jCo0BIVOJ6xUO15EL/6J45rNVNcoKBujxpGJOfXyZhA6ChsmrZgpyIR4hEeLb/sRSGOEgIuzVapV4SJcEOoCTx2N8lfa3a7ITg2olUgPD/DEiUeseyNbyhHqSJsXqPnsxkjf+sVsIv5BSPPcY4aUANsOwGLATQpp68c1Sy8hS+hQlgjgWGIXEebSoS7o64nSfTEIDkEt+9rhMTV9zg1ABwXTq8S4I6zTZ96okb9Suky/8AwldKn76iVWBBIu3CtR+gvYbJObbZKzidNd8HgryNlNmRZpx6zvuCVh90H4XlyYe+QRm0BVFOmtL9X04nBWV+HHIDTDAB7GGvQpMwTekDazFnDWRsbQ+FmZorW/6ejM1vnQ/vKCjm3XAFqDLVz3GZE7boh/tAbUtwS7SXeFGjB0wzDFJtRshiu9hNjFJzD/pOM+PvGJzi519+h0GT7T8wba+zRc5JspGBQLVPN5CtO28iIMVPKgGbIHU0UEU6OxOJzYsMK9+nQvyXNk0Tr2HvtPiLhl7+jKLzytpIKfdFWyFJG6Z3VEVPW1qng9lSr82T3OSdd2ul/dLpUFxmza9e6z3aQTjGy4bPHkTi+3j1LOzK9KlDW+IHIlFC3A6EUjtE3bZDo843x/F0JifQBMW0cyAOnBZW/5nET0TQ8qSWySve+qIO0xLeqL5otvmTkrGExko4J8o9bIhIXcJ1vmai4KJjRyl9rsn+CW2Cyx/PYzcc6uAMwNuMVtMzQcW1LCWUqqoEYJp0yAlouIDRUSlLNoPghOsuBOs6b/r0LO+9FB5idVYJl6RJMAt8sOwAn+LupmTbeTdrP43SErO6FEX9yXpXCZgIGDzY93mfXS04bBRU/ybo2qm013JKIJWm6NtKgZoQ3W1CQBo5U2SZOvI0CjvTL2CNNNNVYTqWTOXTlP4zIWn5BlMNuLDclF46NfIdvBAePLNN3Z6c9ODOaAoE92058ZozdlbZiB+Hie6a4J7n2FIOhUSymiB03AU3qt7yX+Kagdq1DUes0YGc838LNhwg7Kehsy93w64wm0QiW8vaCouEWh5J3gMC6CsUCNJ7Pyq/+ELQtE16wmAmAAOiudAFNArUw0xcq5dIwFU6Hht2czYviJZiyXKY0ZQpt0txtPaYJhVVVL8yh56ttMMzuoSJlyZk+q7JH9r0YUzEktz9qZXNf/QTDl5INgh/oBOzQOGT+pQSg4ReztRo48xMh0uMe3HPoEycRoD9CZ6dve6OgoQweEhPpyLcxbOHF5Hh/xU2L3W+SbSJokIhJajyZA8RgyEpFB5Jom6jYAk5BgFTfq4xOn/3dwn1Ov9Z8OTHSiRFx7W+K/Lawy1pJCIbQ9av6bobYY4YWLbbapG8iof5LuaFH9OMgYtQ7Fjh7rQXmM0/KWsRZ+HB29Kbx80E3ULyN90LYdfID7mLSiRVm6jZSuzKM1KvxPvCfc+pR9EZfLkRVlAK/TyV0L+i2h1rU+MOheeXwHm9ILYZBfG/DtT378YgFKe4JjEKnW79pA7E3N7XnFlSM2WNlsC15GOHSVVvb5AfR3c9OLUeXB/Z2r6r5eqVAXyLRxR9yGVQOQTfFrjlORqYw/8KVV6XjTlEosM0xymhvJGFrh3QLDAw7mEIbUAtkKvS3lm+TaM5w/+Vso8BfUgWmT82DuujskMSdyNzCxNpqHA3kfmNtwSm49sM7/0qz44HyNNX9vu8fzoEc9YpRBgXn4Cj9m+r3gmeYcwZHtvLih/iExNBFNUR6TtwdPskbNN29Q1ilqR7aE8rWlioKfKd45vqwq45M0DTuU/ufY1N41Ht9dNwLJYSlMBsLqsxPgHVrdw9ZhXqM7i32Hf4R0fawsE1xUUjY6/a2rSqJLBLdGUTTu/RSzBg2cZ42M16zIpaMg/ZYcv16cN+9lT9fJsMk+/HHCmNdmNYQpjitQFVIx3OhpjOPP5J0V1HcbZC85Ww5NicIN6uZdkaAbGp7Paj/C8odpypQNdl187T89nmwY47mUiFCyq5si+njZCj3QvXq2IcvlJfyBm1eXtuVd1DfDS4KHsJvafaHYiVvaobsqkwuukQOx2BvXhfZCbSNv4kLofb+8Kq95e79QpQhbp9w==</Value></TokenEntry></Values></UseKey><Claims><Values xmlns:q1=\"http://schemas.xmlsoap.org/ws/2004/04/security/trust\" soapenc:arrayType=\"q1:TokenEntry[17]\"><TokenEntry><Name>SessionKey</Name><Value>NrQ883VaozIQCcS1YCGswK/wDLbBtdWkPZgRC+5BZ9U8vyVjjU1H/4bW1M1I840SSOtoqa/Fx2b8nSku/9PuU9zbUXcXegLDa7hrJE5FJuZ9R5eaoSqUlU4rTV7ryC7HwSm/TDe+uetdEvMhZjh715duEhOKqSqopPRomIUNLm9bXpuQCFKhrfc95s3Qd9WIhyrZpJR8Uh5en7w5j/1+jJ0fN8qVNztGGniMri6k9I7BWx98oD7BwCLriqhhX72dMeGgN8mmlnF72oiCEhhN5TDufHMrG58D3qAdQFg4aOVqDpMpHXSNqO1FJXpB/LFue22wdDFFgbEF7YWb/aAPUg==</Value></TokenEntry><TokenEntry><Name>BindingType</Name><Value>3+WNUl/E04Vxt+Mky92FJIKmI0oBpRDCjXZQv7ABor0=</Value></TokenEntry><TokenEntry><Name>Binding</Name><Value>j6X9dwRwVXiWP0SZZSfpoKVORxNTXt4ZStyiU8h/Cz136XxpX3+G15hl8C5V0q+c7UWPDiAthEyLRludjH9fTQ==</Value></TokenEntry><TokenEntry><Name>ProductKey</Name><Value>JFQObmITLhLRaiU7jTq6L8c6llzFZunxfaRGUCYy1tQ=</Value></TokenEntry><TokenEntry><Name>ProductKeyType</Name><Value>3+WNUl/E04Vxt+Mky92FJCJAXuil1lie4VlRrwqcByA=</Value></TokenEntry><TokenEntry><Name>ProductKeyActConfigId</Name><Value>55dRYEeFXHYg2vxP0rmgJHntYJzsSL5828qCxbTjY2WLVdXKfrXsltOWxBkQXTA8ADNRwGX9AsqJTc3ZXrfxmRv8X1JFnctGSUFUzWt4Qo0=</Value></TokenEntry><TokenEntry><Name>SppSvcVersion</Name><Value>ia0fbL/642yKlTaqeZGb7g==</Value></TokenEntry><TokenEntry><Name>otherInfoPublic.licenseCategory</Name><Value>x6ElrCbLp/HSvXxANTXfFeV8Oqft1VSUXpnK5AKscw8=</Value></TokenEntry><TokenEntry><Name>otherInfoPrivate.licenseCategory</Name><Value>x6ElrCbLp/HSvXxANTXfFQSmISAvOgFmssmZydnJVTw=</Value></TokenEntry><TokenEntry><Name>otherInfoPublic.sysprepAction</Name><Value>dgO3TBrhjZhtnPAwWTSJeA==</Value></TokenEntry><TokenEntry><Name>otherInfoPrivate.sysprepAction</Name><Value>dgO3TBrhjZhtnPAwWTSJeA==</Value></TokenEntry><TokenEntry><Name>ClientInformation</Name><Value>jiN/BhnOwfjjdBUYEfvVU54cfM9ZFrSNuk6DpLgYMdeHRKaMmHDEWtbnPOsPJbXOuypSsqYC6gpj4LfknpILLQ==</Value></TokenEntry><TokenEntry><Name>ReferralInformation</Name><Value>XKpZy/ucsFxDSEPnGsTq19XdzywowGc8MNY6JwJfi+IwWNi52rvllr8gOP1c3DSe/Jg98SJdeas1biag5jhgNA==</Value></TokenEntry><TokenEntry><Name>ClientSystemTime</Name><Value>SNtd3xTDBT+McfeNOwdZJ6rnC54VBQgRp55s1kn0EdE=</Value></TokenEntry><TokenEntry><Name>ClientSystemTimeUtc</Name><Value>SNtd3xTDBT+McfeNOwdZJ6rnC54VBQgRp55s1kn0EdE=</Value></TokenEntry><TokenEntry><Name>otherInfoPublic.secureStoreId</Name><Value>EWYgPA6OrzEgVvpKCJWCKOhwo1pTUXgNrdA0B0oEMDvUvsmkZagti6n7JDPedqCs</Value></TokenEntry><TokenEntry><Name>otherInfoPrivate.secureStoreId</Name><Value>EWYgPA6OrzEgVvpKCJWCKOhwo1pTUXgNrdA0B0oEMDvUvsmkZagti6n7JDPedqCs</Value></TokenEntry></Values></Claims></RequestSecurityToken></soap:Body></soap:Envelope>)\n00010002(0x80072F8F, 13:08:52:869 - <NULL>)\n00010003(0x80072F8F, 13:08:52:869)\n","EventReceivedTime":"2021-09-21T13:08:53.425670+05:45","SourceModuleName":"in_win","SourceModuleType":"im_msvistalog"}
{"EventTime":"2021-09-21T13:28:43.986770+05:45","Hostname":"ACC01.prod.corp.local","Keywords":"9227875636482146304","EventType":"AUDIT_FAILURE","SeverityValue":4,"Severity":"ERROR","EventID":4625,"SourceName":"Microsoft-Windows-Security-Auditing","ProviderGuid":"{54849625-5478-4994-A5BA-3E3B0328C30D}","Version":0,"TaskValue":12544,"OpcodeValue":0,"RecordNumber":878127,"ActivityID":"{63A5CF36-AEB8-0000-A6CF-A563B8AED701}","ExecutionProcessID":672,"ExecutionThreadID":5852,"Channel":"Security","Message":"An account failed to log on.\r\n\r\nSubject:\r\n\tSecurity ID:\t\tS-1-0-0\r\n\tAccount Name:\t\t-\r\n\tAccount Domain:\t\t-\r\n\tLogon ID:\t\t0x0\r\n\r\nLogon Type:\t\t\t3\r\n\r\nAccount For Which Logon Failed:\r\n\tSecurity ID:\t\tS-1-0-0\r\n\tAccount Name:\t\tadministrator\r\n\tAccount Domain:\t\t\r\n\r\nFailure Information:\r\n\tFailure Reason:\t\tUnknown user name or bad password.\r\n\tStatus:\t\t\t0xC000006D\r\n\tSub Status:\t\t0xC000006A\r\n\r\nProcess Information:\r\n\tCaller Process ID:\t0x0\r\n\tCaller Process Name:\t-\r\n\r\nNetwork Information:\r\n\tWorkstation Name:\t192.168.4.204\r\n\tSource Network Address:\t172.16.20.11\r\n\tSource Port:\t\t0\r\n\r\nDetailed Authentication Information:\r\n\tLogon Process:\t\tNtLmSsp \r\n\tAuthentication Package:\tNTLM\r\n\tTransited Services:\t-\r\n\tPackage Name (NTLM only):\t-\r\n\tKey Length:\t\t0\r\n\r\nThis event is generated when a logon request fails. It is generated on the computer where access was attempted.\r\n\r\nThe Subject fields indicate the account on the local system which requested the logon. This is most commonly a service such as the Server service, or a local process such as Winlogon.exe or Services.exe.\r\n\r\nThe Logon Type field indicates the kind of logon that was requested. The most common types are 2 (interactive) and 3 (network).\r\n\r\nThe Process Information fields indicate which account and process on the system requested the logon.\r\n\r\nThe Network Information fields indicate where a remote logon request originated. Workstation name is not always available and may be left blank in some cases.\r\n\r\nThe authentication information fields provide detailed information about this specific logon request.\r\n\t- Transited services indicate which intermediate services have participated in this logon request.\r\n\t- Package name indicates which sub-protocol was used among the NTLM protocols.\r\n\t- Key length indicates the length of the generated session key. This will be 0 if no session key was requested.","Category":"Logon","Opcode":"Info","SubjectUserSid":"S-1-0-0","SubjectUserName":"-","SubjectDomainName":"-","SubjectLogonId":"0x0","TargetUserSid":"S-1-0-0","TargetUserName":"administrator","Status":"0xc000006d","FailureReason":"%%2313","SubStatus":"0xc000006a","LogonType":"3","LogonProcessName":"NtLmSsp ","AuthenticationPackageName":"NTLM","WorkstationName":"192.168.4.204","TransmittedServices":"-","LmPackageName":"-","KeyLength":"0","ProcessId":"0x0","ProcessName":"-","IpAddress":"172.16.20.11","IpPort":"0","EventReceivedTime":"2021-09-21T13:28:45.915228+05:45","SourceModuleName":"in_win","SourceModuleType":"im_msvistalog"}
{"EventTime":"2021-09-21T14:30:51.004190+05:45","Hostname":"ACC01.prod.corp.local","Keywords":"9232379236109516800","EventType":"AUDIT_SUCCESS","SeverityValue":2,"Severity":"INFO","EventID":6416,"SourceName":"Microsoft-Windows-Security-Auditing","ProviderGuid":"{54849625-5478-4994-A5BA-3E3B0328C30D}","Version":1,"TaskValue":13316,"OpcodeValue":0,"RecordNumber":878583,"ExecutionProcessID":4,"ExecutionThreadID":360,"Channel":"Security","Message":"A new external device was recognized by the system.\r\n\r\nSubject:\r\n\tSecurity ID:\t\tS-1-5-18\r\n\tAccount Name:\t\tACC01$\r\n\tAccount Domain:\t\tPROD\r\n\tLogon ID:\t\t0x3E7\r\n\r\nDevice ID:\tDISPLAY\\Default_Monitor\\1&1f0c3c2f&0&UID256\r\n\r\nDevice Name:\tGeneric Non-PnP Monitor\r\n\r\nClass ID:\t\t{4d36e96e-e325-11ce-bfc1-08002be10318}\r\n\r\nClass Name:\tMonitor\r\n\r\nVendor IDs:\t\r\n\t\tMONITOR\\Default_Monitor\r\n\t\t\r\n\t\t\r\n\r\nCompatible IDs:\t\r\n\t\t*PNP09FF\r\n\t\t\r\n\t\t\r\n\r\nLocation Information:\t-","Category":"Plug and Play Events","Opcode":"Info","SubjectUserSid":"S-1-5-18","SubjectUserName":"ACC01$","SubjectDomainName":"PROD","SubjectLogonId":"0x3e7","DeviceId":"DISPLAY\\Default_Monitor\\1&1f0c3c2f&0&UID256","DeviceDescription":"Generic Non-PnP Monitor","ClassId":"{4d36e96e-e325-11ce-bfc1-08002be10318}","ClassName":"Monitor","VendorIds":"\n\t\tMONITOR\\Default_Monitor\n\t\t\n\t\t","CompatibleIds":"\n\t\t*PNP09FF\n\t\t\n\t\t","LocationInformation":"-","EventReceivedTime":"2021-09-21T14:30:52.633134+05:45","SourceModuleName":"in_win","SourceModuleType":"im_msvistalog"}
{"EventTime":"2021-09-21T15:18:33.163569+05:45","Hostname":"ACC01.prod.corp.local","Keywords":"9259400833873739776","EventType":"ERROR","SeverityValue":4,"Severity":"ERROR","EventID":10010,"SourceName":"Microsoft-Windows-DistributedCOM","ProviderGuid":"{1B562E86-B7AA-4131-BADC-B6F3A001407E}","Version":0,"TaskValue":0,"OpcodeValue":0,"RecordNumber":56207,"ActivityID":"{5E3B3BE3-DA4F-4745-878E-5A31A610E9E3}","ExecutionProcessID":904,"ExecutionThreadID":2928,"Channel":"System","Domain":"ACC01","AccountName":"sa-lab-win10-02","UserID":"S-1-5-21-2550961474-1995063089-462850883-1001","AccountType":"User","Message":"The server Microsoft.SkypeApp_15.66.77.0_x86__kzf8qxf38zg5c!App.AppXtwmqn4em5r5dpafgj4t4yyxgjfe0hr50.mca did not register with DCOM within the required timeout.","Opcode":"Info","param1":"Microsoft.SkypeApp_15.66.77.0_x86__kzf8qxf38zg5c!App.AppXtwmqn4em5r5dpafgj4t4yyxgjfe0hr50.mca","EventReceivedTime":"2021-09-21T15:18:34.476677+05:45","SourceModuleName":"in_win","SourceModuleType":"im_msvistalog"}
{"EventTime":"2021-09-21T13:19:02.374592+05:45","Hostname":"ACC01.prod.corp.local","Keywords":"36028797018963968","EventType":"INFO","SeverityValue":2,"Severity":"INFO","EventID":102,"SourceName":"ESENT","Version":0,"TaskValue":1,"OpcodeValue":0,"RecordNumber":153859,"ExecutionProcessID":0,"ExecutionThreadID":0,"Channel":"Application","Message":"svchost (920,P,98) DS_Token_DB: The database engine (10.00.19042.0000) is starting a new instance (0).","Category":"General","Opcode":"Info","Data":"svchost","Data_1":"920,P,98","Data_2":"DS_Token_DB: ","Data_3":"0","Data_4":"10","Data_5":"00","Data_6":"19042","Data_7":"0000","EventReceivedTime":"2021-09-21T13:19:02.640216+05:45","SourceModuleName":"in_win","SourceModuleType":"im_msvistalog"}
{"EventTime":"2021-09-21T13:19:03.421424+05:45","Hostname":"ACC01.prod.corp.local","Keywords":"36028797018963968","EventType":"INFO","SeverityValue":2,"Severity":"INFO","EventID":326,"SourceName":"ESENT","Version":0,"TaskValue":1,"OpcodeValue":0,"RecordNumber":153864,"ExecutionProcessID":0,"ExecutionThreadID":0,"Channel":"Application","Message":"svchost (920,D,50) DS_Token_DB: The database engine attached a database (1, C:\\WINDOWS\\system32\\config\\systemprofile\\AppData\\Local\\DataSharing\\Storage\\DSTokenDB2.dat). (Time=0 seconds) \r\n \r\nSaved Cache: 1 0 \r\nAdditional Data: lgposAttach = 00000004:000B:0268,\ndbv = 1568.110.240 \r\n \r\nInternal Timing Sequence: \n[1] 0.000003 +J(0)\n[2] 0.000978 -0.000189 (1) WT +J(0) +M(C:0K, Fs:17, WS:4K # 0K, PF:4K # 0K, P:4K)\n[3] 0.006950 -0.001059 (6) WT +J(CM:0, PgRf:0, Rd:0/0, Dy:0/0, Lg:3480/2) +M(C:0K, Fs:7, WS:24K # 0K, PF:20K # 0K, P:20K)\n[4] 0.000626 +J(0)\n[5] -\n[6] -\n[7] -\n[8] 0.000490 -0.000323 (2) CM -0.000225 (2) WT +J(CM:2, PgRf:2, Rd:4/2, Dy:0/0, Lg:54/1) +M(C:8K, Fs:4, WS:16K # 0K, PF:28K # 0K, P:28K)\n[9] 0.005721 -0.005436 (3) CM -0.005297 (3) WT +J(CM:3, PgRf:23, Rd:0/3, Dy:0/0, Lg:0/0) +M(C:0K, Fs:24, WS:88K # 0K, PF:196K # 0K, P:196K)\n[10] 0.000507 -0.000377 (2) CM -0.000285 (2) WT +J(CM:2, PgRf:40, Rd:0/2, Dy:0/0, Lg:0/0) +M(C:0K, Fs:2, WS:8K # 0K, PF:64K # 0K, P:64K)\n[11] 0.000170 -0.000138 (1) CM -0.000095 (1) WT +J(CM:1, PgRf:1, Rd:0/1, Dy:0/0, Lg:0/0) +M(C:0K, Fs:1, WS:4K # 0K, PF:0K # 0K, P:0K)\n[12] 0.004223 -0.004147 (1) CM -0.004105 (1) WT +J(CM:1, PgRf:42, Rd:0/1, Dy:0/0, Lg:0/0)\n[13] 0.000002 +J(0)\n[14] 0.0 +J(0)\n[15] 0.000201 -0.000174 (1) CM -0.000127 (1) WT +J(CM:1, PgRf:1, Rd:0/1, Dy:0/0, Lg:0/0).","Category":"General","Opcode":"Info","Data":"svchost","Data_1":"920,D,50","Data_2":"DS_Token_DB: ","Data_3":"1","Data_4":"C:\\WINDOWS\\system32\\config\\systemprofile\\AppData\\Local\\DataSharing\\Storage\\DSTokenDB2.dat","Data_5":"0","Data_6":"\n[1] 0.000003 +J(0)\n[2] 0.000978 -0.000189 (1) WT +J(0) +M(C:0K, Fs:17, WS:4K # 0K, PF:4K # 0K, P:4K)\n[3] 0.006950 -0.001059 (6) WT +J(CM:0, PgRf:0, Rd:0/0, Dy:0/0, Lg:3480/2) +M(C:0K, Fs:7, WS:24K # 0K, PF:20K # 0K, P:20K)\n[4] 0.000626 +J(0)\n[5] -\n[6] -\n[7] -\n[8] 0.000490 -0.000323 (2) CM -0.000225 (2) WT +J(CM:2, PgRf:2, Rd:4/2, Dy:0/0, Lg:54/1) +M(C:8K, Fs:4, WS:16K # 0K, PF:28K # 0K, P:28K)\n[9] 0.005721 -0.005436 (3) CM -0.005297 (3) WT +J(CM:3, PgRf:23, Rd:0/3, Dy:0/0, Lg:0/0) +M(C:0K, Fs:24, WS:88K # 0K, PF:196K # 0K, P:196K)\n[10] 0.000507 -0.000377 (2) CM -0.000285 (2) WT +J(CM:2, PgRf:40, Rd:0/2, Dy:0/0, Lg:0/0) +M(C:0K, Fs:2, WS:8K # 0K, PF:64K # 0K, P:64K)\n[11] 0.000170 -0.000138 (1) CM -0.000095 (1) WT +J(CM:1, PgRf:1, Rd:0/1, Dy:0/0, Lg:0/0) +M(C:0K, Fs:1, WS:4K # 0K, PF:0K # 0K, P:0K)\n[12] 0.004223 -0.004147 (1) CM -0.004105 (1) WT +J(CM:1, PgRf:42, Rd:0/1, Dy:0/0, Lg:0/0)\n[13] 0.000002 +J(0)\n[14] 0.0 +J(0)\n[15] 0.000201 -0.000174 (1) CM -0.000127 (1) WT +J(CM:1, PgRf:1, Rd:0/1, Dy:0/0, Lg:0/0).","Data_7":"1 0","Data_8":"lgposAttach = 00000004:000B:0268,\ndbv = 1568.110.240","EventReceivedTime":"2021-09-21T13:19:03.671425+05:45","SourceModuleName":"in_win","SourceModuleType":"im_msvistalog"}
{"EventTime":"2021-09-21T13:19:03.374549+05:45","Hostname":"ACC01.prod.corp.local","Keywords":"36028797018963968","EventType":"INFO","SeverityValue":2,"Severity":"INFO","EventID":105,"SourceName":"ESENT","Version":0,"TaskValue":1,"OpcodeValue":0,"RecordNumber":153863,"ExecutionProcessID":0,"ExecutionThreadID":0,"Channel":"Application","Message":"svchost (920,D,0) DS_Token_DB: The database engine started a new instance (0). (Time=1 seconds) \r\n \r\nAdditional Data:\r\n lgposV2[] = 00000004:0001:0000 - 00000004:0008:0367 - 00000004:0009:0000 - 00000004:0009:0000 (00000000:0000:0000)\ncReInits = 3\n \r\n \r\nInternal Timing Sequence: \n[1] 0.003158 +J(0) +M(C:0K, Fs:166, WS:652K # 0K, PF:3156K # 0K, P:3156K)\n[2] 0.000378 +J(0) +M(C:8K, Fs:96, WS:376K # 0K, PF:292K # 0K, P:292K)\n[3] 0.000018 +J(0) +M(C:0K, Fs:4, WS:16K # 0K, PF:64K # 0K, P:64K)\n[4] 0.000116 +J(0) +M(C:0K, Fs:20, WS:76K # 0K, PF:140K # 0K, P:140K)\n[5] 0.001763 +J(0) +M(C:0K, Fs:7, WS:28K # 0K, PF:16K # 0K, P:16K)\n[6] 0.750574 +J(0) +M(C:0K, Fs:19, WS:72K # 0K, PF:16K # 0K, P:16K)\n[7] 0.026396 -0.021788 (2) WT +J(0) +M(C:0K, Fs:31, WS:124K # 0K, PF:64K # 0K, P:64K)\n[8] 0.115229 -0.062606 (12) WT +J(CM:0, PgRf:0, Rd:0/0, Dy:0/0, Lg:32448/22) +M(C:0K, Fs:455, WS:1276K # 0K, PF:1764K # 0K, P:1764K)\n[9] 0.000685 +J(0) +M(C:0K, Fs:5, WS:20K # 0K, PF:0K # 0K, P:0K)\n[10] 0.002198 -0.001414 (1) WT +J(0) +M(C:0K, Fs:0, WS:-60K # 0K, PF:-60K # 0K, P:-60K)\n[11] 0.000028 +J(CM:0, PgRf:0, Rd:0/0, Dy:0/0, Lg:49/1) +M(C:0K, Fs:2, WS:8K # 0K, PF:0K # 0K, P:0K)\n[12] 0.006304 -0.002930 (1) WT +J(0) +M(C:0K, Fs:11, WS:4K # 0K, PF:0K # 0K, P:0K)\n[13] 0.088666 -0.001456 (2) CM -0.043395 (23) WT +J(CM:2, PgRf:2, Rd:0/2, Dy:0/0, Lg:8759/5) +M(C:0K, Fs:53, WS:-712K # 0K, PF:-1304K # 0K, P:-1304K)\n[14] 0.000018 +J(0)\n[15] 0.000015 +J(0)\n[16] 0.011155 -0.010452 (1) WT +J(0) +M(C:0K, Fs:2, WS:0K # 0K, PF:0K # 0K, P:0K).","Category":"General","Opcode":"Info","Data":"svchost","Data_1":"920,D,0","Data_2":"DS_Token_DB: ","Data_3":"0","Data_4":"1","Data_5":"\n[1] 0.003158 +J(0) +M(C:0K, Fs:166, WS:652K # 0K, PF:3156K # 0K, P:3156K)\n[2] 0.000378 +J(0) +M(C:8K, Fs:96, WS:376K # 0K, PF:292K # 0K, P:292K)\n[3] 0.000018 +J(0) +M(C:0K, Fs:4, WS:16K # 0K, PF:64K # 0K, P:64K)\n[4] 0.000116 +J(0) +M(C:0K, Fs:20, WS:76K # 0K, PF:140K # 0K, P:140K)\n[5] 0.001763 +J(0) +M(C:0K, Fs:7, WS:28K # 0K, PF:16K # 0K, P:16K)\n[6] 0.750574 +J(0) +M(C:0K, Fs:19, WS:72K # 0K, PF:16K # 0K, P:16K)\n[7] 0.026396 -0.021788 (2) WT +J(0) +M(C:0K, Fs:31, WS:124K # 0K, PF:64K # 0K, P:64K)\n[8] 0.115229 -0.062606 (12) WT +J(CM:0, PgRf:0, Rd:0/0, Dy:0/0, Lg:32448/22) +M(C:0K, Fs:455, WS:1276K # 0K, PF:1764K # 0K, P:1764K)\n[9] 0.000685 +J(0) +M(C:0K, Fs:5, WS:20K # 0K, PF:0K # 0K, P:0K)\n[10] 0.002198 -0.001414 (1) WT +J(0) +M(C:0K, Fs:0, WS:-60K # 0K, PF:-60K # 0K, P:-60K)\n[11] 0.000028 +J(CM:0, PgRf:0, Rd:0/0, Dy:0/0, Lg:49/1) +M(C:0K, Fs:2, WS:8K # 0K, PF:0K # 0K, P:0K)\n[12] 0.006304 -0.002930 (1) WT +J(0) +M(C:0K, Fs:11, WS:4K # 0K, PF:0K # 0K, P:0K)\n[13] 0.088666 -0.001456 (2) CM -0.043395 (23) WT +J(CM:2, PgRf:2, Rd:0/2, Dy:0/0, Lg:8759/5) +M(C:0K, Fs:53, WS:-712K # 0K, PF:-1304K # 0K, P:-1304K)\n[14] 0.000018 +J(0)\n[15] 0.000015 +J(0)\n[16] 0.011155 -0.010452 (1) WT +J(0) +M(C:0K, Fs:2, WS:0K # 0K, PF:0K # 0K, P:0K).","Data_6":"lgposV2[] = 00000004:0001:0000 - 00000004:0008:0367 - 00000004:0009:0000 - 00000004:0009:0000 (00000000:0000:0000)\ncReInits = 3\n","EventReceivedTime":"2021-09-21T13:19:03.671425+05:45","SourceModuleName":"in_win","SourceModuleType":"im_msvistalog"}
{"EventTime":"2021-09-21T13:12:01.110720+05:45","Hostname":"DC02.prod.corp.local","Keywords":"36028797018963968","EventType":"WARNING","SeverityValue":3,"Severity":"WARNING","EventID":5781,"SourceName":"NETLOGON","TaskValue":0,"RecordNumber":170129,"ExecutionProcessID":0,"ExecutionThreadID":0,"Channel":"System","Message":"Dynamic registration or deletion of one or more DNS records associated with DNS domain 'DomainDnsZones.prod.corp.local.' failed.  These records are used by other computers to locate this server as a domain controller (if the specified domain is an Active Directory domain) or as an LDAP server (if the specified domain is an application partition).  \r\n\r\nPossible causes of failure include:  \r\n- TCP/IP properties of the network connections of this computer contain wrong IP address(es) of the preferred and alternate DNS servers \r\n- Specified preferred and alternate DNS servers are not running \r\n- DNS server(s) primary for the records to be registered is not running \r\n- Preferred or alternate DNS servers are configured with wrong root hints \r\n- Parent DNS zone contains incorrect delegation to the child zone authoritative for the DNS records that failed registration  \r\n\r\nUSER ACTION  \r\nFix possible misconfiguration(s) specified above and initiate registration or deletion of the DNS records by running 'nltest.exe /dsregdns' from the command prompt on the domain controller or by restarting Net Logon service on the domain controller.","Opcode":"Info","Data":"DomainDnsZones.prod.corp.local.","EventData.Binary":"2A230000","EventReceivedTime":"2021-09-21T13:12:01.986360+05:45","SourceModuleName":"in_win","SourceModuleType":"im_msvistalog"}
{"EventTime":"2021-09-21T13:11:16.621836+05:45","Hostname":"ACC01.prod.corp.local","Keywords":"9223372036854775808","EventType":"INFO","SeverityValue":2,"Severity":"INFO","EventID":5001,"SourceName":"Microsoft-Windows-Windows Defender","ProviderGuid":"{11CD958A-C507-4EF3-B3F2-5FD9DFBD2C78}","Version":0,"TaskValue":0,"OpcodeValue":0,"RecordNumber":11262,"ExecutionProcessID":2484,"ExecutionThreadID":3816,"Channel":"Microsoft-Windows-Windows Defender/Operational","Domain":"NT AUTHORITY","AccountName":"SYSTEM","UserID":"S-1-5-18","AccountType":"User","Message":"Microsoft Defender Antivirus Real-time Protection scanning for malware and other potentially unwanted software was disabled.","Opcode":"Info","Product Name":"Microsoft Defender Antivirus","Product Version":"4.18.2011.6","EventReceivedTime":"2021-09-21T13:11:17.499619+05:45","SourceModuleName":"in_win","SourceModuleType":"im_msvistalog"}
{"EventTime":"2021-09-21T13:13:01.202133+05:45","Hostname":"ACC01.prod.corp.local","Keywords":"9223372036854775808","EventType":"INFO","SeverityValue":2,"Severity":"INFO","EventID":5000,"SourceName":"Microsoft-Windows-Windows Defender","ProviderGuid":"{11CD958A-C507-4EF3-B3F2-5FD9DFBD2C78}","Version":0,"TaskValue":0,"OpcodeValue":0,"RecordNumber":11264,"ExecutionProcessID":2484,"ExecutionThreadID":3816,"Channel":"Microsoft-Windows-Windows Defender/Operational","Domain":"NT AUTHORITY","AccountName":"SYSTEM","UserID":"S-1-5-18","AccountType":"User","Message":"Microsoft Defender Antivirus Real-time Protection scanning for malware and other potentially unwanted software was enabled.","Opcode":"Info","Product Name":"Microsoft Defender Antivirus","Product Version":"4.18.2011.6","EventReceivedTime":"2021-09-21T13:13:01.515192+05:45","SourceModuleName":"in_win","SourceModuleType":"im_msvistalog"}
{"EventTime":"2021-09-21T13:19:03.187093+05:45","Hostname":"ACC01.prod.corp.local","Keywords":"36028797018963968","EventType":"INFO","SeverityValue":2,"Severity":"INFO","EventID":300,"SourceName":"ESENT","Version":0,"TaskValue":3,"OpcodeValue":0,"RecordNumber":153860,"ExecutionProcessID":0,"ExecutionThreadID":0,"Channel":"Application","Message":"svchost (920,R,98) DS_Token_DB: The database engine is initiating recovery steps.","Category":"Logging/Recovery","Opcode":"Info","Data":"svchost","Data_1":"920,R,98","Data_2":"DS_Token_DB: ","EventReceivedTime":"2021-09-21T13:19:03.671425+05:45","SourceModuleName":"in_win","SourceModuleType":"im_msvistalog"}
{"EventTime":"2021-09-21T13:19:03.265413+05:45","Hostname":"ACC01.prod.corp.local","Keywords":"36028797018963968","EventType":"INFO","SeverityValue":2,"Severity":"INFO","EventID":301,"SourceName":"ESENT","Version":0,"TaskValue":3,"OpcodeValue":0,"RecordNumber":153861,"ExecutionProcessID":0,"ExecutionThreadID":0,"Channel":"Application","Message":"svchost (920,R,98) DS_Token_DB: The database engine has finished replaying logfile C:\\WINDOWS\\system32\\config\\systemprofile\\AppData\\Local\\DataSharing\\Storage\\DSS.log. \r\n \r\nProcessing Stats: \n[1] 0.076911 -0.032624 (9) WT +J(CM:0, PgRf:0, Rd:0/0, Dy:0/0, Lg:32448/22) +M(C:0K, Fs:425, WS:1164K # 0K, PF:1692K # 0K, P:1692K). \r\nLog record of type 'AttachDB ' was seen most frequently (3 times)","Category":"Logging/Recovery","Opcode":"Info","Data":"svchost","Data_1":"920,R,98","Data_2":"DS_Token_DB: ","Data_3":"C:\\WINDOWS\\system32\\config\\systemprofile\\AppData\\Local\\DataSharing\\Storage\\DSS.log","Data_4":"\n[1] 0.076911 -0.032624 (9) WT +J(CM:0, PgRf:0, Rd:0/0, Dy:0/0, Lg:32448/22) +M(C:0K, Fs:425, WS:1164K # 0K, PF:1692K # 0K, P:1692K).","Data_5":"AttachDB ","Data_6":"3","EventReceivedTime":"2021-09-21T13:19:03.671425+05:45","SourceModuleName":"in_win","SourceModuleType":"im_msvistalog"}
{"EventTime":"2021-09-21T13:19:03.358924+05:45","Hostname":"ACC01.prod.corp.local","Keywords":"36028797018963968","EventType":"INFO","SeverityValue":2,"Severity":"INFO","EventID":302,"SourceName":"ESENT","Version":0,"TaskValue":3,"OpcodeValue":0,"RecordNumber":153862,"ExecutionProcessID":0,"ExecutionThreadID":0,"Channel":"Application","Message":"svchost (920,U,98) DS_Token_DB: The database engine has successfully completed recovery steps.","Category":"Logging/Recovery","Opcode":"Info","Data":"svchost","Data_1":"920,U,98","Data_2":"DS_Token_DB: ","EventReceivedTime":"2021-09-21T13:19:03.671425+05:45","SourceModuleName":"in_win","SourceModuleType":"im_msvistalog"}
{"EventTime":"2021-09-21T20:52:58.277519+05:45","Hostname":"IT03.corp.local","Keywords":"9223372036854775808","EventType":"INFO","SeverityValue":2,"Severity":"INFO","EventID":138,"SourceName":"Microsoft-Windows-Time-Service","ProviderGuid":"{06EDCFEB-0FD0-4E53-ACCA-A6F8BBF81BCB}","Version":0,"TaskValue":0,"OpcodeValue":0,"RecordNumber":108983,"ExecutionProcessID":912,"ExecutionThreadID":1292,"Channel":"System","Domain":"NT AUTHORITY","AccountName":"LOCAL SERVICE","UserID":"S-1-5-19","AccountType":"Well Known Group","Message":"NtpClient succeeds in resolving domain peer DC01.corp.local after a previous failure.","Opcode":"Info","DomainPeer":"DC01.corp.local","EventReceivedTime":"2021-09-21T20:52:59.495977+05:45","SourceModuleName":"in_win","SourceModuleType":"im_msvistalog"}
{"EventTime":"2021-09-21T15:30:53.665748+05:45","Hostname":"ACC01.prod.corp.local","Keywords":"9223372036854775808","EventType":"INFO","SeverityValue":2,"Severity":"INFO","EventID":26,"SourceName":"Application Popup","ProviderGuid":"{47BFA2B7-BD54-4FAC-B70B-29021084CA8F}","Version":0,"TaskValue":0,"OpcodeValue":0,"RecordNumber":56208,"ExecutionProcessID":4284,"ExecutionThreadID":3292,"Channel":"System","Domain":"NT AUTHORITY","AccountName":"SYSTEM","UserID":"S-1-5-18","AccountType":"User","Message":"Session has been idle over its time limit.\nIt will be disconnected in 2 minutes.\nPress any key now to continue session.","Opcode":"Info","Caption":"Idle timer expired","EventReceivedTime":"2021-09-21T15:30:54.982343+05:45","SourceModuleName":"in_win","SourceModuleType":"im_msvistalog"}
{"EventTime":"2021-09-21T14:03:44.090392+05:45","Hostname":"DC02.prod.corp.local","Keywords":"9259400833873739776","EventType":"INFO","SeverityValue":2,"Severity":"INFO","EventID":1074,"SourceName":"User32","ProviderGuid":"{B0AA8734-56F7-41CC-B2F4-DE228E98B946}","Version":0,"TaskValue":0,"OpcodeValue":0,"RecordNumber":170180,"ExecutionProcessID":384,"ExecutionThreadID":400,"Channel":"System","Domain":"NT AUTHORITY","AccountName":"SYSTEM","UserID":"S-1-5-18","AccountType":"User","Message":"The process C:\\Windows\\system32\\wlms\\wlms.exe (DC02) has initiated the shutdown of computer DC02 on behalf of user NT AUTHORITY\\SYSTEM for the following reason: Other (Planned)\r\n Reason Code: 0x80000000\r\n Shutdown Type: shutdown\r\n Comment: The license period for this installation of Windows has expired. The operating system is shutting down.\r\n","param1":"C:\\Windows\\system32\\wlms\\wlms.exe (DC02)","param2":"DC02","param3":"Other (Planned)","param4":"0x80000000","param5":"shutdown","param6":"The license period for this installation of Windows has expired. The operating system is shutting down.\n","param7":"NT AUTHORITY\\SYSTEM","EventReceivedTime":"2021-09-21T14:03:45.528530+05:45","SourceModuleName":"in_win","SourceModuleType":"im_msvistalog"}
{"EventTime":"2021-09-21T14:03:44.107938+05:45","Hostname":"DC02.prod.corp.local","Keywords":"1152921504606846976","EventType":"INFO","SeverityValue":2,"Severity":"INFO","EventID":54,"SourceName":"Microsoft-Windows-TerminalServices-LocalSessionManager","ProviderGuid":"{5D896912-022D-40AA-A3A8-4FA5515C76D7}","Version":0,"TaskValue":0,"OpcodeValue":0,"RecordNumber":728,"ExecutionProcessID":940,"ExecutionThreadID":3116,"Channel":"Microsoft-Windows-TerminalServices-LocalSessionManager/Operational","Domain":"NT AUTHORITY","AccountName":"SYSTEM","UserID":"S-1-5-18","AccountType":"User","Message":"Local multi-user session manager received system shutdown message","Opcode":"Info","EventReceivedTime":"2021-09-21T14:03:45.566031+05:45","SourceModuleName":"in_win","SourceModuleType":"im_msvistalog"}
{"EventTime":"2021-09-21T12:15:51.920580+05:45","Hostname":"DC01.corp.local","Keywords":"288230376151711808","EventType":"INFO","SeverityValue":2,"Severity":"INFO","EventID":30812,"SourceName":"Microsoft-Windows-SMBClient","ProviderGuid":"{988C59C5-0A1C-45B6-A555-0C62276E327D}","Version":0,"TaskValue":0,"OpcodeValue":0,"RecordNumber":1288,"ExecutionProcessID":4,"ExecutionThreadID":88,"Channel":"Microsoft-Windows-SmbClient/Connectivity","Domain":"NT AUTHORITY","AccountName":"SYSTEM","UserID":"S-1-5-18","AccountType":"User","Message":"Added a TDI transport interface.\r\n\r\nName: \\Device\\NetBT_Tcpip_{48B8E372-14A4-40C0-9732-C046D6CCC5CD}\r\n\r\nGuidance:\r\nA TDI (NetBIOS) binding was added to the specified network adapter for the SMB client. The SMB client can now send and receive SMB traffic on this network adapter using TDI. You should expect this event when a computer restarts or when a previously disabled network adaptor is re-enabled. No user action is required.","Opcode":"Info","ServerNameLength":"58","ServerName":"\\Device\\NetBT_Tcpip_{48B8E372-14A4-40C0-9732-C046D6CCC5CD}","EventReceivedTime":"2021-09-21T14:21:57.965254+05:45","SourceModuleName":"in_win","SourceModuleType":"im_msvistalog"}
{"EventTime":"2021-09-21T12:15:01.998735+05:45","Hostname":"DC01.corp.local","Keywords":"9223372036854775812","EventType":"INFO","SeverityValue":2,"Severity":"INFO","EventID":508,"SourceName":"Microsoft-Windows-Kernel-Power","ProviderGuid":"{331C3B3A-2005-44C2-AC5E-77220C37D6B4}","Version":0,"TaskValue":159,"OpcodeValue":0,"RecordNumber":645163,"ExecutionProcessID":4,"ExecutionThreadID":8,"Channel":"System","Message":"The system has been constrained to a periodic tick \r\n\r\nReason: No HW support.","Opcode":"Info","Reason":"2","EventReceivedTime":"2021-09-21T12:17:04.673707+05:45","SourceModuleName":"in_win","SourceModuleType":"im_msvistalog"}
{"EventTime":"2021-09-21T12:16:19.889322+05:45","Hostname":"DC01.corp.local","Keywords":"288230376151711808","EventType":"INFO","SeverityValue":2,"Severity":"INFO","EventID":30810,"SourceName":"Microsoft-Windows-SMBClient","ProviderGuid":"{988C59C5-0A1C-45B6-A555-0C62276E327D}","Version":0,"TaskValue":0,"OpcodeValue":0,"RecordNumber":1289,"ExecutionProcessID":4,"ExecutionThreadID":252,"Channel":"Microsoft-Windows-SmbClient/Connectivity","Domain":"NT AUTHORITY","AccountName":"SYSTEM","UserID":"S-1-5-18","AccountType":"User","Message":"Added a TCP/IP transport interface.\r\n\r\nName: \\DEVICE\\TCPIP6_{93214454-281b-4dbb-bf1a-2b7b93a412ab}\r\nInterfaceIndex: 0xC\r\n\r\nGuidance:\r\nA TCP/IP binding was added to the specified network adapter for the SMB client. The SMB client can now send and receive SMB traffic on this network adapter using TCP/IP. You should expect this event when a computer restarts or when a previously disabled network adaptor is re-enabled. No user action is required.","Opcode":"Info","NameLength":"53","Name":"\\DEVICE\\TCPIP6_{93214454-281b-4dbb-bf1a-2b7b93a412ab}","IfIndex":"12","EventReceivedTime":"2021-09-21T14:21:58.137122+05:45","SourceModuleName":"in_win","SourceModuleType":"im_msvistalog"}
{"EventTime":"2021-09-21T12:21:57.495457+05:45","Hostname":"IT01.corp.local","Keywords":"4611686018427387904","EventType":"INFO","SeverityValue":2,"Severity":"INFO","EventID":135,"SourceName":"Microsoft-Windows-RemoteDesktopServices-RdpCoreTS","ProviderGuid":"{1139C61B-B549-4251-8ED3-27250A1EDEC8}","Version":0,"TaskValue":4,"OpcodeValue":15,"RecordNumber":23816,"ActivityID":"{F4206F0D-B6B3-4F45-855D-4AB4EB740000}","ExecutionProcessID":1016,"ExecutionThreadID":1332,"Channel":"Microsoft-Windows-RemoteDesktopServices-RdpCoreTS/Operational","Domain":"NT AUTHORITY","AccountName":"NETWORK SERVICE","UserID":"S-1-5-20","AccountType":"Well Known Group","Message":"The multi-transport connection finished for tunnel: 1, its transport type set to TCP: Reason Code: 1 (No Client UDP Support).","Category":"RemoteFX module","Opcode":"EstablishConnection","TunnelID":"1","TransportType":"TCP: Reason Code: 1 (No Client UDP Support)","EventReceivedTime":"2021-09-21T14:23:58.858489+05:45","SourceModuleName":"in_win","SourceModuleType":"im_msvistalog"}
