{"EventTime":"2021-09-21T13:02:52.604389+05:45","Hostname":"DC02.prod.corp.local","Keywords":"9223372036854775808","EventType":"INFO","SeverityValue":2,"Severity":"INFO","EventID":20,"SourceName":"Microsoft-Windows-Kernel-Boot","ProviderGuid":"{15CA44FF-4D7A-4BAA-BBA5-0998955E531E}","Version":1,"TaskValue":31,"OpcodeValue":0,"RecordNumber":169966,"ExecutionProcessID":4,"ExecutionThreadID":8,"Channel":"System","Domain":"NT AUTHORITY","AccountName":"SYSTEM","UserID":"S-1-5-18","AccountType":"User","Message":"The last shutdown's success status was true. The last boot's success status was true.","Opcode":"Info","LastShutdownGood":"true","LastBootGood":"true","LastBootId":"31","BootStatusPolicy":"2","EventReceivedTime":"2021-09-21T13:03:49.020278+05:45","SourceModuleName":"in_win","SourceModuleType":"im_msvistalog"}
{"EventTime":"2021-09-21T13:03:26.712421+05:45","Hostname":"DC02.prod.corp.local","Keywords":"1152921504606846976","EventType":"INFO","SeverityValue":2,"Severity":"INFO","EventID":32,"SourceName":"Microsoft-Windows-TerminalServices-LocalSessionManager","ProviderGuid":"{5D896912-022D-40AA-A3A8-4FA5515C76D7}","Version":0,"TaskValue":0,"OpcodeValue":0,"RecordNumber":727,"ExecutionProcessID":940,"ExecutionThreadID":956,"Channel":"Microsoft-Windows-TerminalServices-LocalSessionManager/Operational","Domain":"NT AUTHORITY","AccountName":"SYSTEM","UserID":"S-1-5-18","AccountType":"User","Message":"Plugin RDSAppXPlugin has been successfully initialized","Opcode":"Info","EventXML.messageName":"RDSAppXPlugin","EventReceivedTime":"2021-09-21T13:03:48.637987+05:45","SourceModuleName":"in_win","SourceModuleType":"im_msvistalog"}
{"EventTime":"2021-09-21T13:03:28.493342+05:45","Hostname":"DC02.prod.corp.local","Keywords":"1152921504606846976","EventType":"INFO","SeverityValue":2,"Severity":"INFO","EventID":20523,"SourceName":"Microsoft-Windows-TerminalServices-RemoteConnectionManager","ProviderGuid":"{C76BAA63-AE81-421C-B425-340B4B24157F}","Version":0,"TaskValue":0,"OpcodeValue":0,"RecordNumber":302,"ActivityID":"{F4624863-5010-4535-90FF-056E4EC70000}","ExecutionProcessID":344,"ExecutionThreadID":1100,"Channel":"Microsoft-Windows-TerminalServices-RemoteConnectionManager/Operational","Domain":"NT AUTHORITY","AccountName":"NETWORK SERVICE","UserID":"S-1-5-20","AccountType":"Well Known Group","Message":"Connection from listener RDP-Tcp will have terminal class of {5828227c-20cf-4408-b73f-73ab70b8849f}","Opcode":"Info","EventXML.ListenerName":"RDP-Tcp","EventXML.Class":"{5828227c-20cf-4408-b73f-73ab70b8849f}","EventReceivedTime":"2021-09-21T13:03:49.761640+05:45","SourceModuleName":"in_win","SourceModuleType":"im_msvistalog"}
{"EventTime":"2021-09-21T13:03:28.172661+05:45","Hostname":"DC02.prod.corp.local","Keywords":"36028797018963968","EventType":"INFO","SeverityValue":2,"Severity":"INFO","EventID":6005,"SourceName":"EventLog","TaskValue":0,"RecordNumber":169956,"ExecutionProcessID":0,"ExecutionThreadID":0,"Channel":"System","Message":"The Event log service was started.","EventData.Binary":"E507090002001500070012001C00AC000000000000000000","EventReceivedTime":"2021-09-21T13:03:48.808556+05:45","SourceModuleName":"in_win","SourceModuleType":"im_msvistalog"}
{"EventTime":"2021-09-21T13:02:52.604446+05:45","Hostname":"DC02.prod.corp.local","Keywords":"9223372036854775808","EventType":"INFO","SeverityValue":2,"Severity":"INFO","EventID":27,"SourceName":"Microsoft-Windows-Kernel-Boot","ProviderGuid":"{15CA44FF-4D7A-4BAA-BBA5-0998955E531E}","Version":1,"TaskValue":33,"OpcodeValue":0,"RecordNumber":169968,"ExecutionProcessID":4,"ExecutionThreadID":8,"Channel":"System","Domain":"NT AUTHORITY","AccountName":"SYSTEM","UserID":"S-1-5-18","AccountType":"User","Message":"The boot type was 0x0.","Opcode":"Info","BootType":"0","LoadOptions":" NOEXECUTE=OPTOUT","EventReceivedTime":"2021-09-21T13:03:49.051054+05:45","SourceModuleName":"in_win","SourceModuleType":"im_msvistalog"}
{"EventTime":"2021-09-21T13:02:52.604493+05:45","Hostname":"DC02.prod.corp.local","Keywords":"9223372036854775808","EventType":"INFO","SeverityValue":2,"Severity":"INFO","EventID":18,"SourceName":"Microsoft-Windows-Kernel-Boot","ProviderGuid":"{15CA44FF-4D7A-4BAA-BBA5-0998955E531E}","Version":0,"TaskValue":57,"OpcodeValue":0,"RecordNumber":169969,"ExecutionProcessID":4,"ExecutionThreadID":8,"Channel":"System","Domain":"NT AUTHORITY","AccountName":"SYSTEM","UserID":"S-1-5-18","AccountType":"User","Message":"There are 0x1 boot options on this system.","Opcode":"Info","EntryCount":"1","EventReceivedTime":"2021-09-21T13:03:49.051054+05:45","SourceModuleName":"in_win","SourceModuleType":"im_msvistalog"}
{"EventTime":"2021-09-21T13:00:23.449471+05:45","Hostname":"ACC01.prod.corp.local","Keywords":"36028797018963968","EventType":"ERROR","SeverityValue":4,"Severity":"ERROR","EventID":6008,"SourceName":"EventLog","Version":0,"TaskValue":0,"OpcodeValue":0,"RecordNumber":56098,"ExecutionProcessID":0,"ExecutionThreadID":0,"Channel":"System","Message":"The previous system shutdown at 8:17:56 PM on ???9/???16/???2021 was unexpected.","Data":"8:17:56 PM","Data_1":"???9/???16/???2021","Data_2":"6060001","EventData.Binary":"E5070900040010001400110038000902E5070900040010000E00200038000902600900003C000000010000006009000001000000B00400000000000000000000","EventReceivedTime":"2021-09-21T13:03:39.653409+05:45","SourceModuleName":"in_win","SourceModuleType":"im_msvistalog"}
{"EventTime":"2021-09-21T13:03:49.964759+05:45","Hostname":"DC02.prod.corp.local","Keywords":"36028797018963968","EventType":"INFO","SeverityValue":2,"Severity":"INFO","EventID":781,"SourceName":"Microsoft-Windows-Complus","ProviderGuid":"{0F177893-4A9C-4709-B921-F432D67F43D5}","Version":0,"TaskValue":0,"OpcodeValue":0,"RecordNumber":109824,"ExecutionProcessID":0,"ExecutionThreadID":0,"Channel":"Application","Message":"The COM+ sub system is suppressing duplicate event log entries for a duration of 86400 seconds.  The suppression timeout can be controlled by a REG_DWORD value named SuppressDuplicateDuration under the following registry key: HKLM\\Software\\Microsoft\\COM3\\Eventlog.","param1":"86400","param2":"SuppressDuplicateDuration","param3":"Software\\Microsoft\\COM3\\Eventlog","EventReceivedTime":"2021-09-21T13:03:52.917882+05:45","SourceModuleName":"in_win","SourceModuleType":"im_msvistalog"}
{"EventTime":"2021-09-21T13:03:30.975261+05:45","Hostname":"DC02.prod.corp.local","Keywords":"9223372036854775808","EventType":"INFO","SeverityValue":2,"Severity":"INFO","EventID":5615,"SourceName":"Microsoft-Windows-WMI","ProviderGuid":"{1EDEEE53-0AFE-4609-B846-D8C0B2075B1F}","Version":2,"TaskValue":0,"OpcodeValue":0,"RecordNumber":109815,"ExecutionProcessID":2032,"ExecutionThreadID":1464,"Channel":"Application","Domain":"NT AUTHORITY","AccountName":"SYSTEM","UserID":"S-1-5-18","AccountType":"User","Message":"Windows Management Instrumentation Service started sucessfully","Opcode":"Info","EventReceivedTime":"2021-09-21T13:03:50.261633+05:45","SourceModuleName":"in_win","SourceModuleType":"im_msvistalog"}
{"EventTime":"2021-09-21T13:03:53.355385+05:45","Hostname":"DC02.prod.corp.local","Keywords":"36028797018963968","EventType":"INFO","SeverityValue":2,"Severity":"INFO","EventID":4202,"SourceName":"Microsoft-Windows-MSDTC 2","ProviderGuid":"{5D9E0020-3761-4F36-90C8-38CE6511BD12}","Version":0,"TaskValue":2,"OpcodeValue":0,"RecordNumber":109827,"ExecutionProcessID":0,"ExecutionThreadID":0,"Channel":"Application","Message":"MSDTC started with the following settings:\r\r Security Configuration (OFF = 0 and ON = 1):\r Allow Remote Administrator = 0,\r Network Clients = 0,\r Transaction Manager Communication: \r Allow Inbound Transactions = 0,\r Allow Outbound Transactions = 0,\r Transaction Internet Protocol (TIP) = 0,\r  Enable XA Transactions = 0,\r  Enable SNA LU 6.2 Transactions = 1,\r  MSDTC Communications Security = Mutual Authentication Required,\r Account = NT AUTHORITY\\NetworkService,\r  Firewall Exclusion Detected = 0\r\r Transaction Bridge Installed = 0\r Filtering Duplicate Events = 1\r","Category":"TM","param1":"0","param2":"0","param3":"0","param4":"0","param5":"0","param6":"0","param7":"1","param8":"Mutual Authentication Required","param9":"NT AUTHORITY\\NetworkService","param10":"0","param11":"0","param12":"1","EventReceivedTime":"2021-09-21T13:03:54.388872+05:45","SourceModuleName":"in_win","SourceModuleType":"im_msvistalog"}
{"EventTime":"2021-09-21T13:03:40.872162+05:45","Hostname":"ACC01.prod.corp.local","Keywords":"36028797018963968","EventType":"WARNING","SeverityValue":3,"Severity":"WARNING","EventID":642,"SourceName":"ESENT","Version":0,"TaskValue":1,"OpcodeValue":0,"RecordNumber":153449,"ExecutionProcessID":0,"ExecutionThreadID":0,"Channel":"Application","Message":"Catalog Database (1348,D,12) Catalog Database: The database format feature version 9080 (0x2378) could not be used due to the current database format 1568.20.0, controlled by the parameter 0x410022D8 (8920 | JET_efvAllowHigherPersistedFormat).","Category":"General","Opcode":"Info","Data":"Catalog Database","Data_1":"1348,D,12","Data_2":"Catalog Database: ","Data_3":"0x410022D8 (8920 | JET_efvAllowHigherPersistedFormat)","Data_4":"9080 (0x2378)","Data_5":"1568.20.0","EventReceivedTime":"2021-09-21T13:03:41.028406+05:45","SourceModuleName":"in_win","SourceModuleType":"im_msvistalog"}
{"EventTime":"2021-09-21T13:03:28.172661+05:45","Hostname":"DC02.prod.corp.local","Keywords":"36028797018963968","EventType":"INFO","SeverityValue":2,"Severity":"INFO","EventID":6009,"SourceName":"EventLog","TaskValue":0,"RecordNumber":169955,"ExecutionProcessID":0,"ExecutionThreadID":0,"Channel":"System","Message":"Microsoft (R) Windows (R) 10.00. 17763  Multiprocessor Free.","Data":"10.00.","Data_1":"17763","Data_2":"Multiprocessor Free","Data_3":"0","EventReceivedTime":"2021-09-21T13:03:48.808556+05:45","SourceModuleName":"in_win","SourceModuleType":"im_msvistalog"}
{"EventTime":"2021-09-21T13:03:32.198233+05:45","Hostname":"DC02.prod.corp.local","Keywords":"1152921504606846976","EventType":"INFO","SeverityValue":2,"Severity":"INFO","EventID":1136,"SourceName":"Microsoft-Windows-TerminalServices-RemoteConnectionManager","ProviderGuid":"{C76BAA63-AE81-421C-B425-340B4B24157F}","Version":0,"TaskValue":0,"OpcodeValue":0,"RecordNumber":304,"ExecutionProcessID":2412,"ExecutionThreadID":2440,"Channel":"Microsoft-Windows-TerminalServices-RemoteConnectionManager/Operational","Domain":"NT AUTHORITY","AccountName":"SYSTEM","UserID":"S-1-5-18","AccountType":"User","Message":"RD Session Host Server role is not installed.","Opcode":"Info","EventReceivedTime":"2021-09-21T13:03:50.292887+05:45","SourceModuleName":"in_win","SourceModuleType":"im_msvistalog"}
{"EventTime":"2021-09-21T13:03:29.248944+05:45","Hostname":"DC02.prod.corp.local","Keywords":"9223372036854775808","EventType":"INFO","SeverityValue":2,"Severity":"INFO","EventID":1531,"SourceName":"Microsoft-Windows-User Profiles Service","ProviderGuid":"{89B1E9F0-5AFF-44A6-9B44-0A07A7CE5845}","Version":0,"TaskValue":0,"OpcodeValue":0,"RecordNumber":109814,"ExecutionProcessID":1548,"ExecutionThreadID":1640,"Channel":"Application","Domain":"NT AUTHORITY","AccountName":"SYSTEM","UserID":"S-1-5-18","AccountType":"User","Message":"The User Profile Service has started successfully.  \r\n\r\n","Opcode":"Info","EventReceivedTime":"2021-09-21T13:03:50.089757+05:45","SourceModuleName":"in_win","SourceModuleType":"im_msvistalog"}
{"EventTime":"2021-09-21T13:02:58.998639+05:45","Hostname":"DC02.prod.corp.local","Keywords":"9223372036854775810","EventType":"INFO","SeverityValue":2,"Severity":"INFO","EventID":98,"SourceName":"Microsoft-Windows-Ntfs","ProviderGuid":"{3FF37A1C-A68D-4D6E-8C9B-F79E8B16C482}","Version":0,"TaskValue":0,"OpcodeValue":0,"RecordNumber":169981,"ExecutionProcessID":4,"ExecutionThreadID":224,"Channel":"System","Domain":"NT AUTHORITY","AccountName":"SYSTEM","UserID":"S-1-5-18","AccountType":"User","Message":"Volume \\\\?\\Volume{7697e2b0-0000-0000-0000-100000000000} (\\Device\\HarddiskVolume1) is healthy.  No action is needed.","Opcode":"Info","DriveName":"\\\\?\\Volume{7697e2b0-0000-0000-0000-100000000000}","DeviceName":"\\Device\\HarddiskVolume1","CorruptionActionState":"0","EventReceivedTime":"2021-09-21T13:03:49.464754+05:45","SourceModuleName":"in_win","SourceModuleType":"im_msvistalog"}
{"EventTime":"2021-09-21T13:02:59.210183+05:45","Hostname":"DC02.prod.corp.local","Keywords":"9223372036854776836","EventType":"INFO","SeverityValue":2,"Severity":"INFO","EventID":172,"SourceName":"Microsoft-Windows-Kernel-Power","ProviderGuid":"{331C3B3A-2005-44C2-AC5E-77220C37D6B4}","Version":0,"TaskValue":203,"OpcodeValue":0,"RecordNumber":169982,"ExecutionProcessID":4,"ExecutionThreadID":180,"Channel":"System","Domain":"NT AUTHORITY","AccountName":"SYSTEM","UserID":"S-1-5-18","AccountType":"User","Message":"Connectivity state in standby: Disconnected, Reason: NIC compliance","Opcode":"Info","State":"2","Reason":"6","EventReceivedTime":"2021-09-21T13:03:49.496008+05:45","SourceModuleName":"in_win","SourceModuleType":"im_msvistalog"}
{"EventTime":"2021-09-21T13:03:25.043988+05:45","Hostname":"DC02.prod.corp.local","Keywords":"9223372036854775808","EventType":"INFO","SeverityValue":2,"Severity":"INFO","EventID":16977,"SourceName":"Microsoft-Windows-Directory-Services-SAM","ProviderGuid":"{0D4FDC09-8C27-494A-BDA0-505E4FD8ADAE}","Version":0,"TaskValue":0,"OpcodeValue":0,"RecordNumber":169994,"ExecutionProcessID":628,"ExecutionThreadID":632,"Channel":"System","Domain":"NT AUTHORITY","AccountName":"SYSTEM","UserID":"S-1-5-18","AccountType":"User","Message":"The domain is configured with the following minimum password length-related settings.\r\n\r\nMinimumPasswordLength: 8\r\n\r\nMinimumPasswordLengthAudit: -1\r\n\r\nFor more information see https://go.microsoft.com/fwlink/?LinkId=2097191.\r\n","Opcode":"Info","EventData.Name":"SAMMSG_MINPWDLEN_SETTINGS_IN_EFFECT","MinimumPasswordLength":"8","MinimumPasswordLengthAudit":"-1","EventReceivedTime":"2021-09-21T13:03:49.621007+05:45","SourceModuleName":"in_win","SourceModuleType":"im_msvistalog"}
{"EventTime":"2021-09-21T13:03:15.980218+05:45","Hostname":"DC02.prod.corp.local","Keywords":"4611686018427387904","EventType":"INFO","SeverityValue":2,"Severity":"INFO","EventID":14,"SourceName":"Microsoft-Windows-Wininit","ProviderGuid":"{206F6DEA-D3C5-4D10-BC72-989F03C8B84B}","Version":0,"TaskValue":0,"OpcodeValue":0,"RecordNumber":169991,"ExecutionProcessID":488,"ExecutionThreadID":492,"Channel":"System","Domain":"NT AUTHORITY","AccountName":"SYSTEM","UserID":"S-1-5-18","AccountType":"User","Message":"Credential Guard configuration: 0x0, 0","Opcode":"Info","Config":"0","IsTestConfig":"0","EventReceivedTime":"2021-09-21T13:03:49.574981+05:45","SourceModuleName":"in_win","SourceModuleType":"im_msvistalog"}
{"EventTime":"2021-09-21T13:00:26.558866+05:45","Hostname":"ACC01.prod.corp.local","Keywords":"4620693217682128896","EventType":"ERROR","SeverityValue":4,"Severity":"ERROR","EventID":1101,"SourceName":"Microsoft-Windows-Eventlog","ProviderGuid":"{FC65DDD8-D6EF-4962-83D5-6E5CFE9CE148}","Version":0,"TaskValue":101,"OpcodeValue":0,"RecordNumber":876429,"ExecutionProcessID":1220,"ExecutionThreadID":2180,"Channel":"Security","Message":"Audit events have been dropped by the transport.  0","Category":"Event processing","Opcode":"Info","AuditEventsDropped.Reason":"0","EventReceivedTime":"2021-09-21T13:03:42.309665+05:45","SourceModuleName":"in_win","SourceModuleType":"im_msvistalog"}
{"EventTime":"2021-09-21T13:03:18.011839+05:45","Hostname":"DC02.prod.corp.local","Keywords":"9232379236109516800","EventType":"AUDIT_SUCCESS","SeverityValue":2,"Severity":"INFO","EventID":4622,"SourceName":"Microsoft-Windows-Security-Auditing","ProviderGuid":"{54849625-5478-4994-A5BA-3E3B0328C30D}","Version":0,"TaskValue":12289,"OpcodeValue":0,"RecordNumber":3555523,"ActivityID":"{CA825B74-AEB8-0001-365C-82CAB8AED701}","ExecutionProcessID":628,"ExecutionThreadID":632,"Channel":"Security","Message":"A security package has been loaded by the Local Security Authority.\r\n\r\nSecurity Package Name:\tC:\\Windows\\system32\\msv1_0.DLL : NTLM","Category":"Security System Extension","Opcode":"Info","SecurityPackageName":"C:\\Windows\\system32\\msv1_0.DLL : NTLM","EventReceivedTime":"2021-09-21T13:03:48.216339+05:45","SourceModuleName":"in_win","SourceModuleType":"im_msvistalog"}
{"EventTime":"2021-09-21T13:03:28.056710+05:45","Hostname":"DC02.prod.corp.local","Keywords":"2305843009213693952","EventType":"INFO","SeverityValue":2,"Severity":"INFO","EventID":50103,"SourceName":"Microsoft-Windows-Dhcp-Client","ProviderGuid":"{15A7A4F8-0072-4EAB-ABAD-F98A4D666AED}","Version":0,"TaskValue":4,"OpcodeValue":129,"RecordNumber":170011,"ExecutionProcessID":1144,"ExecutionThreadID":1200,"Channel":"System","Domain":"NT AUTHORITY","AccountName":"LOCAL SERVICE","UserID":"S-1-5-19","AccountType":"Well Known Group","Message":"DHCPv4 client registered for shutdown notification","Category":"Service State Event","Opcode":"ServiceShutdown","EventReceivedTime":"2021-09-21T13:03:49.732832+05:45","SourceModuleName":"in_win","SourceModuleType":"im_msvistalog"}
{"EventTime":"2021-09-21T13:03:25.043440+05:45","Hostname":"DC02.prod.corp.local","Keywords":"9232379236109516800","EventType":"AUDIT_SUCCESS","SeverityValue":2,"Severity":"INFO","EventID":4614,"SourceName":"Microsoft-Windows-Security-Auditing","ProviderGuid":"{54849625-5478-4994-A5BA-3E3B0328C30D}","Version":0,"TaskValue":12289,"OpcodeValue":0,"RecordNumber":3555538,"ExecutionProcessID":628,"ExecutionThreadID":632,"Channel":"Security","Message":"A notification package has been loaded by the Security Account Manager.\r\nThis package will be notified of any account or password changes.\r\n\r\nNotification Package Name:\tscecli","Category":"Security System Extension","Opcode":"Info","NotificationPackageName":"scecli","EventReceivedTime":"2021-09-21T13:03:48.261636+05:45","SourceModuleName":"in_win","SourceModuleType":"im_msvistalog"}
{"EventTime":"2021-09-21T13:02:59.250851+05:45","Hostname":"DC02.prod.corp.local","Keywords":"9232379236109516800","EventType":"AUDIT_SUCCESS","SeverityValue":2,"Severity":"INFO","EventID":4826,"SourceName":"Microsoft-Windows-Security-Auditing","ProviderGuid":"{54849625-5478-4994-A5BA-3E3B0328C30D}","Version":0,"TaskValue":13573,"OpcodeValue":0,"RecordNumber":3555506,"ExecutionProcessID":4,"ExecutionThreadID":32,"Channel":"Security","Message":"Boot Configuration Data loaded.\r\n\r\nSubject:\r\n\tSecurity ID:\t\tS-1-5-18\r\n\tAccount Name:\t\t-\r\n\tAccount Domain:\t\t-\r\n\tLogon ID:\t\t0x3E7\r\n\r\nGeneral Settings:\r\n\tLoad Options:\t\t-\r\n\tAdvanced Options:\t\tNo\r\n\tConfiguration Access Policy:\tDefault\r\n\tSystem Event Logging:\tNo\r\n\tKernel Debugging:\tNo\r\n\tVSM Launch Type:\tOff\r\n\r\nSignature Settings:\r\n\tTest Signing:\t\tNo\r\n\tFlight Signing:\t\tNo\r\n\tDisable Integrity Checks:\tNo\r\n\r\nHyperVisor Settings:\r\n\tHyperVisor Load Options:\t-\r\n\tHyperVisor Launch Type:\tOff\r\n\tHyperVisor Debugging:\tNo","Category":"Other Policy Change Events","Opcode":"Info","SubjectUserSid":"S-1-5-18","SubjectUserName":"-","SubjectDomainName":"-","SubjectLogonId":"0x3e7","LoadOptions":"-","AdvancedOptions":"%%1843","ConfigAccessPolicy":"%%1846","RemoteEventLogging":"%%1843","KernelDebug":"%%1843","VsmLaunchType":"%%1848","TestSigning":"%%1843","FlightSigning":"%%1843","DisableIntegrityChecks":"%%1843","HypervisorLoadOptions":"-","HypervisorLaunchType":"%%1848","HypervisorDebug":"%%1843","EventReceivedTime":"2021-09-21T13:03:48.216339+05:45","SourceModuleName":"in_win","SourceModuleType":"im_msvistalog"}
{"EventTime":"2021-09-21T13:03:18.888156+05:45","Hostname":"DC02.prod.corp.local","Keywords":"9232379236109516800","EventType":"AUDIT_SUCCESS","SeverityValue":2,"Severity":"INFO","EventID":4610,"SourceName":"Microsoft-Windows-Security-Auditing","ProviderGuid":"{54849625-5478-4994-A5BA-3E3B0328C30D}","Version":0,"TaskValue":12289,"OpcodeValue":0,"RecordNumber":3555530,"ActivityID":"{CA825B74-AEB8-0001-365C-82CAB8AED701}","ExecutionProcessID":628,"ExecutionThreadID":632,"Channel":"Security","Message":"An authentication package has been loaded by the Local Security Authority.\r\nThis authentication package will be used to authenticate logon attempts.\r\n\r\nAuthentication Package Name:\tC:\\Windows\\system32\\msv1_0.DLL : MICROSOFT_AUTHENTICATION_PACKAGE_V1_0","Category":"Security System Extension","Opcode":"Info","AuthenticationPackageName":"C:\\Windows\\system32\\msv1_0.DLL : MICROSOFT_AUTHENTICATION_PACKAGE_V1_0","EventReceivedTime":"2021-09-21T13:03:48.216339+05:45","SourceModuleName":"in_win","SourceModuleType":"im_msvistalog"}
{"EventTime":"2021-09-21T13:03:30.943181+05:45","Hostname":"DC02.prod.corp.local","Keywords":"9232379236109516800","EventType":"AUDIT_SUCCESS","SeverityValue":2,"Severity":"INFO","EventID":5033,"SourceName":"Microsoft-Windows-Security-Auditing","ProviderGuid":"{54849625-5478-4994-A5BA-3E3B0328C30D}","Version":0,"TaskValue":12292,"OpcodeValue":0,"RecordNumber":3555681,"ExecutionProcessID":4,"ExecutionThreadID":312,"Channel":"Security","Message":"The Windows Firewall Driver started successfully.","Category":"Other System Events","Opcode":"Info","EventReceivedTime":"2021-09-21T13:03:50.250479+05:45","SourceModuleName":"in_win","SourceModuleType":"im_msvistalog"}
{"EventTime":"2021-09-21T13:03:35.806111+05:45","Hostname":"DC02.prod.corp.local","Keywords":"9232379236109516800","EventType":"AUDIT_SUCCESS","SeverityValue":2,"Severity":"INFO","EventID":5142,"SourceName":"Microsoft-Windows-Security-Auditing","ProviderGuid":"{54849625-5478-4994-A5BA-3E3B0328C30D}","Version":0,"TaskValue":12808,"OpcodeValue":0,"RecordNumber":3555964,"ExecutionProcessID":4,"ExecutionThreadID":184,"Channel":"Security","Message":"A network share object was added.\r\n\t\r\nSubject:\r\n\tSecurity ID:\t\tS-1-5-18\r\n\tAccount Name:\t\tDC02$\r\n\tAccount Domain:\t\tPROD\r\n\tLogon ID:\t\t0x3E7\r\n\r\nShare Information:\t\r\n\tShare Name:\t\t\\\\*\\SYSVOL\r\n\tShare Path:\t\tC:\\Windows\\SYSVOL\\sysvol","Category":"File Share","Opcode":"Info","SubjectUserSid":"S-1-5-18","SubjectUserName":"DC02$","SubjectDomainName":"PROD","SubjectLogonId":"0x3e7","ShareName":"\\\\*\\SYSVOL","ShareLocalPath":"C:\\Windows\\SYSVOL\\sysvol","EventReceivedTime":"2021-09-21T13:03:50.542886+05:45","SourceModuleName":"in_win","SourceModuleType":"im_msvistalog"}
{"EventTime":"2021-09-21T13:03:32.821602+05:45","Hostname":"DC02.prod.corp.local","Keywords":"9227875636482146304","EventType":"AUDIT_FAILURE","SeverityValue":4,"Severity":"ERROR","EventID":4953,"SourceName":"Microsoft-Windows-Security-Auditing","ProviderGuid":"{54849625-5478-4994-A5BA-3E3B0328C30D}","Version":0,"TaskValue":13571,"OpcodeValue":0,"RecordNumber":3555707,"ActivityID":"{CA825B74-AEB8-0001-365C-82CAB8AED701}","ExecutionProcessID":628,"ExecutionThreadID":8,"Channel":"Security","Message":"Windows Firewall ignored a rule because it could not be parsed.\r\n\t\r\nProfile:\tAll\r\n\r\nReason for Rejection:\tAn error occurred.\r\n\r\nRule:\r\n\tID:\tWMPNetworkSvc-2\r\n\tName:\t-","Category":"MPSSVC Rule-Level Policy Change","Opcode":"Info","Profile":"All","ReasonForRejection":"An error occurred.","RuleId":"WMPNetworkSvc-2","RuleName":"-","EventReceivedTime":"2021-09-21T13:03:50.324138+05:45","SourceModuleName":"in_win","SourceModuleType":"im_msvistalog"}
{"EventTime":"2021-09-21T13:03:51.917886+05:45","Hostname":"DC02.prod.corp.local","Keywords":"9259400833873739776","EventType":"INFO","SeverityValue":2,"Severity":"INFO","EventID":7026,"SourceName":"Service Control Manager","ProviderGuid":"{555908D1-A6D7-4695-8E1E-26931D2012F4}","Version":0,"TaskValue":0,"OpcodeValue":0,"RecordNumber":170080,"ExecutionProcessID":608,"ExecutionThreadID":612,"Channel":"System","Message":"The following boot-start or system-start driver(s) did not load: \r\ndam","param1":"\ndam","EventReceivedTime":"2021-09-21T13:03:53.285783+05:45","SourceModuleName":"in_win","SourceModuleType":"im_msvistalog"}
{"EventTime":"2021-09-21T13:03:39.592834+05:45","Hostname":"ACC01.prod.corp.local","Keywords":"9232379236109516800","EventType":"AUDIT_SUCCESS","SeverityValue":2,"Severity":"INFO","EventID":4945,"SourceName":"Microsoft-Windows-Security-Auditing","ProviderGuid":"{54849625-5478-4994-A5BA-3E3B0328C30D}","Version":0,"TaskValue":13571,"OpcodeValue":0,"RecordNumber":876637,"ActivityID":"{63A5CF36-AEB8-0000-A6CF-A563B8AED701}","ExecutionProcessID":672,"ExecutionThreadID":728,"Channel":"Security","Message":"A rule was listed when the Windows Firewall started.\r\n\t\r\nProfile used:\tPublic\r\n\r\nRule:\r\n\tRule ID:\tCoreNet-ICMP6-PP-Out\r\n\tRule Name:\tCore Networking - Parameter Problem (ICMPv6-Out)","Category":"MPSSVC Rule-Level Policy Change","Opcode":"Info","ProfileUsed":"Public","RuleId":"CoreNet-ICMP6-PP-Out","RuleName":"Core Networking - Parameter Problem (ICMPv6-Out)","EventReceivedTime":"2021-09-21T13:03:42.684658+05:45","SourceModuleName":"in_win","SourceModuleType":"im_msvistalog"}
{"EventTime":"2021-09-21T13:02:59.773523+05:45","Hostname":"DC02.prod.corp.local","Keywords":"9223372036854775808","EventType":"INFO","SeverityValue":2,"Severity":"INFO","EventID":55,"SourceName":"Microsoft-Windows-Kernel-Processor-Power","ProviderGuid":"{0F67E49F-FE51-4E9F-B490-6F2948CC6027}","Version":0,"TaskValue":47,"OpcodeValue":0,"RecordNumber":169984,"ExecutionProcessID":4,"ExecutionThreadID":256,"Channel":"System","Domain":"NT AUTHORITY","AccountName":"SYSTEM","UserID":"S-1-5-18","AccountType":"User","Message":"Processor 1 in group 0 exposes the following power management capabilities:\r\n\r\nIdle state type: ACPI Idle (C) States (1 state(s))\r\n\r\nPerformance state type: ACPI Performance (P) / Throttle (T) States\r\nNominal Frequency (MHz): 2100\r\nMaximum performance percentage: 100\r\nMinimum performance percentage: 100\r\nMinimum throttle percentage: 12","Opcode":"Info","Group":"0","Number":"1","IdleStateCount":"1","IdleImplementation":"1","NominalFrequency":"2100","MaximumPerformancePercent":"100","MinimumPerformancePercent":"100","MinimumThrottlePercent":"12","PerformanceImplementation":"1","EventReceivedTime":"2021-09-21T13:03:49.527256+05:45","SourceModuleName":"in_win","SourceModuleType":"im_msvistalog"}
{"EventTime":"2021-09-21T13:03:19.461888+05:45","Hostname":"DC02.prod.corp.local","Keywords":"9223372036854775808","EventType":"INFO","SeverityValue":2,"Severity":"INFO","EventID":16962,"SourceName":"Microsoft-Windows-Directory-Services-SAM","ProviderGuid":"{0D4FDC09-8C27-494A-BDA0-505E4FD8ADAE}","Version":0,"TaskValue":0,"OpcodeValue":0,"RecordNumber":169992,"ActivityID":"{CA825B74-AEB8-0001-365C-82CAB8AED701}","ExecutionProcessID":628,"ExecutionThreadID":632,"Channel":"System","Domain":"NT AUTHORITY","AccountName":"SYSTEM","UserID":"S-1-5-18","AccountType":"User","Message":"Remote calls to the SAM database are being restricted using the default security descriptor: .\r\nFor more information please see http://go.microsoft.com/fwlink/?LinkId=787651.","Opcode":"Info","EventData.Name":"SAMMSG_RESTRICT_REMOTE_SAM_DEFAULT_SD","EventReceivedTime":"2021-09-21T13:03:49.621007+05:45","SourceModuleName":"in_win","SourceModuleType":"im_msvistalog"}
{"EventTime":"2021-09-21T13:03:28.056374+05:45","Hostname":"DC02.prod.corp.local","Keywords":"2305843009213693952","EventType":"INFO","SeverityValue":2,"Severity":"INFO","EventID":50036,"SourceName":"Microsoft-Windows-Dhcp-Client","ProviderGuid":"{15A7A4F8-0072-4EAB-ABAD-F98A4D666AED}","Version":0,"TaskValue":4,"OpcodeValue":68,"RecordNumber":170010,"ExecutionProcessID":1144,"ExecutionThreadID":1200,"Channel":"System","Domain":"NT AUTHORITY","AccountName":"LOCAL SERVICE","UserID":"S-1-5-19","AccountType":"Well Known Group","Message":"DHCPv4 client service is started","Category":"Service State Event","Opcode":"ServiceStart","EventReceivedTime":"2021-09-21T13:03:49.732832+05:45","SourceModuleName":"in_win","SourceModuleType":"im_msvistalog"}
{"EventTime":"2021-09-21T13:02:59.250842+05:45","Hostname":"DC02.prod.corp.local","Keywords":"9232379236109516800","EventType":"AUDIT_SUCCESS","SeverityValue":2,"Severity":"INFO","EventID":4696,"SourceName":"Microsoft-Windows-Security-Auditing","ProviderGuid":"{54849625-5478-4994-A5BA-3E3B0328C30D}","Version":0,"TaskValue":13312,"OpcodeValue":0,"RecordNumber":3555505,"ExecutionProcessID":4,"ExecutionThreadID":32,"Channel":"Security","Message":"A primary token was assigned to process.\r\n\r\nSubject:\r\n\tSecurity ID:\t\tS-1-5-18\r\n\tAccount Name:\t\t-\r\n\tAccount Domain:\t\t-\r\n\tLogon ID:\t\t0x3E7\r\n\r\nProcess Information:\r\n\tProcess ID:\t0x4\r\n\tProcess Name:\t\r\n\r\nTarget Process:\r\n\tTarget Process ID:\t0x58\r\n\tTarget Process Name:\tRegistry\r\n\r\nNew Token Information:\r\n\tSecurity ID:\t\tS-1-0-0\r\n\tAccount Name:\t\t-\r\n\tAccount Domain:\t\t-\r\n\tLogon ID:\t\t0x3E7","Category":"Process Creation","Opcode":"Info","SubjectUserSid":"S-1-5-18","SubjectUserName":"-","SubjectDomainName":"-","SubjectLogonId":"0x3e7","TargetUserSid":"S-1-0-0","TargetUserName":"-","TargetDomainName":"-","TargetLogonId":"0x3e7","TargetProcessId":"0x58","TargetProcessName":"Registry","ProcessId":"0x4","EventReceivedTime":"2021-09-21T13:03:48.111868+05:45","SourceModuleName":"in_win","SourceModuleType":"im_msvistalog"}
{"EventTime":"2021-09-21T13:03:28.291962+05:45","Hostname":"DC02.prod.corp.local","Keywords":"2305843009213693952","EventType":"INFO","SeverityValue":2,"Severity":"INFO","EventID":51046,"SourceName":"Microsoft-Windows-DHCPv6-Client","ProviderGuid":"{6A1F2B00-6A90-4C38-95A5-5CAB3B056778}","Version":0,"TaskValue":4,"OpcodeValue":62,"RecordNumber":170013,"ExecutionProcessID":1144,"ExecutionThreadID":1300,"Channel":"System","Domain":"NT AUTHORITY","AccountName":"LOCAL SERVICE","UserID":"S-1-5-19","AccountType":"Well Known Group","Message":"DHCPv6 client service is started","Category":"Service State Event","Opcode":"ServiceStart","EventReceivedTime":"2021-09-21T13:03:49.732832+05:45","SourceModuleName":"in_win","SourceModuleType":"im_msvistalog"}
{"EventTime":"2021-09-21T13:03:17.139092+05:45","Hostname":"DC02.prod.corp.local","Keywords":"9232379236109516800","EventType":"AUDIT_SUCCESS","SeverityValue":2,"Severity":"INFO","EventID":4608,"SourceName":"Microsoft-Windows-Security-Auditing","ProviderGuid":"{54849625-5478-4994-A5BA-3E3B0328C30D}","Version":0,"TaskValue":12288,"OpcodeValue":0,"RecordNumber":3555517,"ExecutionProcessID":628,"ExecutionThreadID":632,"Channel":"Security","Message":"Windows is starting up.\r\n\r\nThis event is logged when LSASS.EXE starts and the auditing subsystem is initialized.","Category":"Security State Change","Opcode":"Info","EventReceivedTime":"2021-09-21T13:03:48.216339+05:45","SourceModuleName":"in_win","SourceModuleType":"im_msvistalog"}
{"EventTime":"2021-09-21T13:03:19.274697+05:45","Hostname":"DC02.prod.corp.local","Keywords":"9232379236109516800","EventType":"AUDIT_SUCCESS","SeverityValue":2,"Severity":"INFO","EventID":4902,"SourceName":"Microsoft-Windows-Security-Auditing","ProviderGuid":"{54849625-5478-4994-A5BA-3E3B0328C30D}","Version":0,"TaskValue":13568,"OpcodeValue":0,"RecordNumber":3555533,"ExecutionProcessID":628,"ExecutionThreadID":688,"Channel":"Security","Message":"The Per-user audit policy table was created.\r\n\r\nNumber of Elements:\t0\r\nPolicy ID:\t0x990A","Category":"Audit Policy Change","Opcode":"Info","PuaCount":"0","PuaPolicyId":"0x990a","EventReceivedTime":"2021-09-21T13:03:48.261636+05:45","SourceModuleName":"in_win","SourceModuleType":"im_msvistalog"}
{"EventTime":"2021-09-21T13:03:39.592040+05:45","Hostname":"ACC01.prod.corp.local","Keywords":"9232379236109516800","EventType":"AUDIT_SUCCESS","SeverityValue":2,"Severity":"INFO","EventID":4944,"SourceName":"Microsoft-Windows-Security-Auditing","ProviderGuid":"{54849625-5478-4994-A5BA-3E3B0328C30D}","Version":0,"TaskValue":13571,"OpcodeValue":0,"RecordNumber":876622,"ActivityID":"{63A5CF36-AEB8-0000-A6CF-A563B8AED701}","ExecutionProcessID":672,"ExecutionThreadID":728,"Channel":"Security","Message":"The following policy was active when the Windows Firewall started.\r\n\r\nGroup Policy Applied:\tNo\r\nProfile Used:\tPublic\r\nOperational mode:\tOn\r\nAllow Remote Administration:\tDisabled\r\nAllow Unicast Responses to Multicast/Broadcast Traffic:\tEnabled\r\nSecurity Logging:\r\n\tLog Dropped Packets:\tDisabled\r\n\tLog Successful Connections:\tDisabled","Category":"MPSSVC Rule-Level Policy Change","Opcode":"Info","GroupPolicyApplied":"No","Profile":"Public","OperationMode":"On","RemoteAdminEnabled":"Disabled","MulticastFlowsEnabled":"Enabled","LogDroppedPacketsEnabled":"Disabled","LogSuccessfulConnectionsEnabled":"Disabled","EventReceivedTime":"2021-09-21T13:03:42.669033+05:45","SourceModuleName":"in_win","SourceModuleType":"im_msvistalog"}
{"EventTime":"2021-09-21T13:03:39.654252+05:45","Hostname":"ACC01.prod.corp.local","Keywords":"9232379236109516800","EventType":"AUDIT_SUCCESS","SeverityValue":2,"Severity":"INFO","EventID":5024,"SourceName":"Microsoft-Windows-Security-Auditing","ProviderGuid":"{54849625-5478-4994-A5BA-3E3B0328C30D}","Version":0,"TaskValue":12292,"OpcodeValue":0,"RecordNumber":877084,"ActivityID":"{63A5CF36-AEB8-0000-A6CF-A563B8AED701}","ExecutionProcessID":672,"ExecutionThreadID":728,"Channel":"Security","Message":"The Windows Firewall service started successfully.","Category":"Other System Events","Opcode":"Info","EventReceivedTime":"2021-09-21T13:03:42.997164+05:45","SourceModuleName":"in_win","SourceModuleType":"im_msvistalog"}
{"EventTime":"2021-09-21T13:03:39.905672+05:45","Hostname":"ACC01.prod.corp.local","Keywords":"9232379236109516800","EventType":"AUDIT_SUCCESS","SeverityValue":2,"Severity":"INFO","EventID":4956,"SourceName":"Microsoft-Windows-Security-Auditing","ProviderGuid":"{54849625-5478-4994-A5BA-3E3B0328C30D}","Version":0,"TaskValue":13571,"OpcodeValue":0,"RecordNumber":877106,"ActivityID":"{63A5CF36-AEB8-0000-A6CF-A563B8AED701}","ExecutionProcessID":672,"ExecutionThreadID":748,"Channel":"Security","Message":"Windows Firewall changed the active profile.\r\n\r\nNew Active Profile:\tPrivate","Category":"MPSSVC Rule-Level Policy Change","Opcode":"Info","ActiveProfile":"Private","EventReceivedTime":"2021-09-21T13:03:43.012785+05:45","SourceModuleName":"in_win","SourceModuleType":"im_msvistalog"}
{"EventTime":"2021-09-21T15:15:36.981638+05:45","Hostname":"ACC01.prod.corp.local","Keywords":"9223372036854775808","EventType":"WARNING","SeverityValue":3,"Severity":"WARNING","EventID":129,"SourceName":"Microsoft-Windows-Time-Service","ProviderGuid":"{06EDCFEB-0FD0-4E53-ACCA-A6F8BBF81BCB}","Version":0,"TaskValue":0,"OpcodeValue":0,"RecordNumber":56206,"ExecutionProcessID":1212,"ExecutionThreadID":1372,"Channel":"System","Domain":"NT AUTHORITY","AccountName":"LOCAL SERVICE","UserID":"S-1-5-19","AccountType":"Well Known Group","Message":"NtpClient was unable to set a domain peer to use as a time source because of discovery error. NtpClient will try again in 30 minutes and double the reattempt interval thereafter. The error was: The entry is not found. (0x800706E1)","Opcode":"Info","EventData.Name":"TMP_EVENT_DOMAIN_PEER_DISCOVERY_ERROR","ErrorMessage":"The entry is not found. (0x800706E1)","RetryMinutes":"30","EventReceivedTime":"2021-09-21T15:15:38.088923+05:45","SourceModuleName":"in_win","SourceModuleType":"im_msvistalog"}
{"EventTime":"2021-09-21T13:03:47.422542+05:45","Hostname":"ACC01.prod.corp.local","Keywords":"9223372036854775808","EventType":"INFO","SeverityValue":2,"Severity":"INFO","EventID":5617,"SourceName":"Microsoft-Windows-WMI","ProviderGuid":"{1EDEEE53-0AFE-4609-B846-D8C0B2075B1F}","Version":2,"TaskValue":0,"OpcodeValue":0,"RecordNumber":153453,"ExecutionProcessID":540,"ExecutionThreadID":2704,"Channel":"Application","Domain":"NT AUTHORITY","AccountName":"SYSTEM","UserID":"S-1-5-18","AccountType":"User","Message":"Windows Management Instrumentation Service subsystems initialized successfully","Opcode":"Info","EventReceivedTime":"2021-09-21T13:03:49.215911+05:45","SourceModuleName":"in_win","SourceModuleType":"im_msvistalog"}
{"EventTime":"2021-09-21T13:03:47.690653+05:45","Hostname":"ACC01.prod.corp.local","Keywords":"4611686018427387904","EventType":"INFO","SeverityValue":2,"Severity":"INFO","EventID":5859,"SourceName":"Microsoft-Windows-WMI-Activity","ProviderGuid":"{1418EF04-B0B4-4623-BF7E-D74AB47BBDAA}","Version":0,"TaskValue":0,"OpcodeValue":0,"RecordNumber":9834,"ActivityID":"{63A5CF36-AEB8-0000-86D3-A563B8AED701}","ExecutionProcessID":540,"ExecutionThreadID":4220,"Channel":"Microsoft-Windows-WMI-Activity/Operational","Domain":"NT AUTHORITY","AccountName":"SYSTEM","UserID":"S-1-5-18","AccountType":"User","Message":"Namespace = //./root/CIMV2; NotificationQuery = select * from MSFT_SCMEventLogEvent; OwnerName = S-1-5-32-544; HostProcessID = 540;  Provider= SCM Event Provider, queryID = 0; PossibleCause = Permanent","Opcode":"Info","Operation_EssStarted.NamespaceName":"//./root/CIMV2","Operation_EssStarted.Query":"select * from MSFT_SCMEventLogEvent","Operation_EssStarted.User":"S-1-5-32-544","Operation_EssStarted.Processid":"540","Operation_EssStarted.Provider":"SCM Event Provider","Operation_EssStarted.queryid":"0","Operation_EssStarted.PossibleCause":"Permanent","EventReceivedTime":"2021-09-21T13:03:49.215911+05:45","SourceModuleName":"in_win","SourceModuleType":"im_msvistalog"}
{"EventTime":"2021-09-21T13:03:47.664910+05:45","Hostname":"ACC01.prod.corp.local","Keywords":"4611686018427387904","EventType":"INFO","SeverityValue":2,"Severity":"INFO","EventID":5861,"SourceName":"Microsoft-Windows-WMI-Activity","ProviderGuid":"{1418EF04-B0B4-4623-BF7E-D74AB47BBDAA}","Version":0,"TaskValue":0,"OpcodeValue":0,"RecordNumber":9832,"ExecutionProcessID":540,"ExecutionThreadID":4220,"Channel":"Microsoft-Windows-WMI-Activity/Operational","Domain":"NT AUTHORITY","AccountName":"SYSTEM","UserID":"S-1-5-18","AccountType":"User","Message":"Namespace = //./root/subscription; Eventfilter = SCM Event Log Filter (refer to its activate eventid:5859); Consumer = NTEventLogEventConsumer=\"SCM Event Log Consumer\"; PossibleCause = Binding EventFilter: \ninstance of __EventFilter\n{\n\tCreatorSID = {1, 2, 0, 0, 0, 0, 0, 5, 32, 0, 0, 0, 32, 2, 0, 0};\n\tEventNamespace = \"root\\\\cimv2\";\n\tName = \"SCM Event Log Filter\";\n\tQuery = \"select * from MSFT_SCMEventLogEvent\";\n\tQueryLanguage = \"WQL\";\n};\nPerm. Consumer: \ninstance of NTEventLogEventConsumer\n{\n\tCategory = 0;\n\tCreatorSID = {1, 2, 0, 0, 0, 0, 0, 5, 32, 0, 0, 0, 32, 2, 0, 0};\n\tEventType = 1;\n\tName = \"SCM Event Log Consumer\";\n\tNameOfUserSIDProperty = \"sid\";\n\tSourceName = \"Service Control Manager\";\n};\n","Opcode":"Info","Operation_ESStoConsumerBinding.Namespace":"//./root/subscription","Operation_ESStoConsumerBinding.ESS":"SCM Event Log Filter","Operation_ESStoConsumerBinding.CONSUMER":"NTEventLogEventConsumer=\"SCM Event Log Consumer\"","Operation_ESStoConsumerBinding.PossibleCause":"Binding EventFilter: \ninstance of __EventFilter\n{\n\tCreatorSID = {1, 2, 0, 0, 0, 0, 0, 5, 32, 0, 0, 0, 32, 2, 0, 0};\n\tEventNamespace = \"root\\\\cimv2\";\n\tName = \"SCM Event Log Filter\";\n\tQuery = \"select * from MSFT_SCMEventLogEvent\";\n\tQueryLanguage = \"WQL\";\n};\nPerm. Consumer: \ninstance of NTEventLogEventConsumer\n{\n\tCategory = 0;\n\tCreatorSID = {1, 2, 0, 0, 0, 0, 0, 5, 32, 0, 0, 0, 32, 2, 0, 0};\n\tEventType = 1;\n\tName = \"SCM Event Log Consumer\";\n\tNameOfUserSIDProperty = \"sid\";\n\tSourceName = \"Service Control Manager\";\n};\n","EventReceivedTime":"2021-09-21T13:03:49.215911+05:45","SourceModuleName":"in_win","SourceModuleType":"im_msvistalog"}
{"EventTime":"2021-09-21T13:03:41.777258+05:45","Hostname":"DC02.prod.corp.local","Keywords":"36028797018963968","EventType":"INFO","SeverityValue":2,"Severity":"INFO","EventID":14531,"SourceName":"Microsoft-Windows-DfsSvc","ProviderGuid":"{7DA4FE0E-FD42-4708-9AA5-89B77A224885}","Version":0,"TaskValue":0,"OpcodeValue":0,"RecordNumber":170057,"ExecutionProcessID":0,"ExecutionThreadID":0,"Channel":"System","Message":"DFS server has finished initializing.","EventData.Name":"DfsFinishInit","EventReceivedTime":"2021-09-21T13:03:50.767600+05:45","SourceModuleName":"in_win","SourceModuleType":"im_msvistalog"}
{"EventTime":"2021-09-21T13:03:41.574184+05:45","Hostname":"DC02.prod.corp.local","Keywords":"36028797018963968","EventType":"INFO","SeverityValue":2,"Severity":"INFO","EventID":14533,"SourceName":"Microsoft-Windows-DfsSvc","ProviderGuid":"{7DA4FE0E-FD42-4708-9AA5-89B77A224885}","Version":0,"TaskValue":0,"OpcodeValue":0,"RecordNumber":170056,"ExecutionProcessID":0,"ExecutionThreadID":0,"Channel":"System","Message":"DFS has finished building all namespaces.","EventData.Name":"DfsFinishBuildingNamespace","EventReceivedTime":"2021-09-21T13:03:50.767600+05:45","SourceModuleName":"in_win","SourceModuleType":"im_msvistalog"}
{"EventTime":"2021-09-21T13:03:43.636633+05:45","Hostname":"DC02.prod.corp.local","Keywords":"36028797018963968","EventType":"INFO","SeverityValue":2,"Severity":"INFO","EventID":10148,"SourceName":"Microsoft-Windows-WinRM","ProviderGuid":"{A7975C8F-AC13-49F1-87DA-5A984A4AB417}","Version":0,"TaskValue":0,"OpcodeValue":0,"RecordNumber":170064,"ExecutionProcessID":0,"ExecutionThreadID":0,"Channel":"System","Message":"The WinRM service is listening for WS-Management requests. \r\n\r\n User Action \r\n Use the following command to see the specific IPs on which WinRM is listening: \r\n\r\n winrm enumerate winrm/config/listener","Opcode":"Info","EventData.Name":"Started Listening","EventReceivedTime":"2021-09-21T13:03:50.873269+05:45","SourceModuleName":"in_win","SourceModuleType":"im_msvistalog"}
{"EventTime":"2021-09-21T13:03:52.430836+05:45","Hostname":"DC02.prod.corp.local","Keywords":"9232379236109516800","EventType":"AUDIT_SUCCESS","SeverityValue":2,"Severity":"INFO","EventID":4724,"SourceName":"Microsoft-Windows-Security-Auditing","ProviderGuid":"{54849625-5478-4994-A5BA-3E3B0328C30D}","Version":0,"TaskValue":13824,"OpcodeValue":0,"RecordNumber":3556112,"ExecutionProcessID":628,"ExecutionThreadID":4432,"Channel":"Security","Message":"An attempt was made to reset an account's password.\r\n\r\nSubject:\r\n\tSecurity ID:\t\tS-1-5-18\r\n\tAccount Name:\t\tDC02$\r\n\tAccount Domain:\t\tPROD\r\n\tLogon ID:\t\t0x3E7\r\n\r\nTarget Account:\r\n\tSecurity ID:\t\tS-1-5-21-1665892435-703704035-3405442920-1103\r\n\tAccount Name:\t\tCORP$\r\n\tAccount Domain:\t\tPROD","Category":"User Account Management","Opcode":"Info","TargetUserName":"CORP$","TargetDomainName":"PROD","TargetSid":"S-1-5-21-1665892435-703704035-3405442920-1103","SubjectUserSid":"S-1-5-18","SubjectUserName":"DC02$","SubjectDomainName":"PROD","SubjectLogonId":"0x3e7","EventReceivedTime":"2021-09-21T13:03:54.339755+05:45","SourceModuleName":"in_win","SourceModuleType":"im_msvistalog"}
{"EventTime":"2021-09-21T13:03:52.581519+05:45","Hostname":"DC02.prod.corp.local","Keywords":"9232379236109516800","EventType":"AUDIT_SUCCESS","SeverityValue":2,"Severity":"INFO","EventID":4716,"SourceName":"Microsoft-Windows-Security-Auditing","ProviderGuid":"{54849625-5478-4994-A5BA-3E3B0328C30D}","Version":0,"TaskValue":13569,"OpcodeValue":0,"RecordNumber":3556116,"ExecutionProcessID":628,"ExecutionThreadID":4432,"Channel":"Security","Message":"Trusted domain information was modified.\r\n\r\nSubject:\r\n\tSecurity ID:\t\tS-1-5-7\r\n\tAccount Name:\t\tANONYMOUS LOGON\r\n\tAccount Domain:\t\tNT AUTHORITY\r\n\tLogon ID:\t\t0x3E6\r\n\r\nTrusted Domain:\r\n\tDomain Name:\t\t-\r\n\tDomain ID:\t\tS-1-5-21-2569713578-3403938347-3732993993\r\n\r\nNew Trust Information:\r\n\tTrust Type:\t\t2\r\n\tTrust Direction:\t\t3\r\n\tTrust Attributes:\t\t32\r\n\tSID Filtering:\t\t-","Category":"Authentication Policy Change","Opcode":"Info","SubjectUserSid":"S-1-5-7","SubjectUserName":"ANONYMOUS LOGON","SubjectDomainName":"NT AUTHORITY","SubjectLogonId":"0x3e6","DomainName":"-","DomainSid":"S-1-5-21-2569713578-3403938347-3732993993","TdoType":"2","TdoDirection":"3","TdoAttributes":"32","SidFilteringEnabled":"-","EventReceivedTime":"2021-09-21T13:03:54.371008+05:45","SourceModuleName":"in_win","SourceModuleType":"im_msvistalog"}
{"EventTime":"2021-09-21T13:03:52.157746+05:45","Hostname":"DC02.prod.corp.local","Keywords":"36028797018963968","EventType":"WARNING","SeverityValue":3,"Severity":"WARNING","EventID":10154,"SourceName":"Microsoft-Windows-WinRM","ProviderGuid":"{A7975C8F-AC13-49F1-87DA-5A984A4AB417}","Version":0,"TaskValue":0,"OpcodeValue":0,"RecordNumber":170078,"ExecutionProcessID":0,"ExecutionThreadID":0,"Channel":"System","Message":"The WinRM service failed to create the following SPNs: WSMAN/DC02.prod.corp.local; WSMAN/DC02. \r\n\r\n Additional Data \r\n The error received was 1355: %%1355.\r\n\r\n User Action \r\n The SPNs can be created by an administrator using setspn.exe utility.","Opcode":"Info","spn1":"WSMAN/DC02.prod.corp.local","spn2":"WSMAN/DC02","error":"1355","EventReceivedTime":"2021-09-21T13:03:53.285783+05:45","SourceModuleName":"in_win","SourceModuleType":"im_msvistalog"}
{"EventTime":"2021-09-21T20:52:58.298621+05:45","Hostname":"IT03.corp.local","Keywords":"9223372036854775808","EventType":"INFO","SeverityValue":2,"Severity":"INFO","EventID":37,"SourceName":"Microsoft-Windows-Time-Service","ProviderGuid":"{06EDCFEB-0FD0-4E53-ACCA-A6F8BBF81BCB}","Version":0,"TaskValue":0,"OpcodeValue":0,"RecordNumber":108984,"ExecutionProcessID":912,"ExecutionThreadID":1288,"Channel":"System","Domain":"NT AUTHORITY","AccountName":"LOCAL SERVICE","UserID":"S-1-5-19","AccountType":"Well Known Group","Message":"The time provider NtpClient is currently receiving valid time data from DC01.corp.local (ntp.d|0.0.0.0:123->192.168.2.47:123).","Opcode":"Info","TimeSource":"DC01.corp.local (ntp.d|0.0.0.0:123-&gt;192.168.2.47:123)","EventReceivedTime":"2021-09-21T20:52:59.495977+05:45","SourceModuleName":"in_win","SourceModuleType":"im_msvistalog"}
{"EventTime":"2021-09-21T13:04:05.497497+05:45","Hostname":"DC02.prod.corp.local","Keywords":"36028797018963968","EventType":"INFO","SeverityValue":2,"Severity":"INFO","EventID":5792,"SourceName":"NETLOGON","TaskValue":0,"RecordNumber":170094,"ExecutionProcessID":0,"ExecutionThreadID":0,"Channel":"System","Message":"Site 'MAIN' does not have any LDAP servers for non-domain NC 'DomainDnsZones.prod.corp.local'. LDAP servers in site 'PROD' have been automatically selected to cover site 'MAIN' for non-domain NC 'DomainDnsZones.prod.corp.local' based on configured Directory Server replication costs.","Opcode":"Info","Data":"PROD","Data_1":"MAIN","Data_2":"DomainDnsZones.prod.corp.local","EventReceivedTime":"2021-09-21T13:04:06.528261+05:45","SourceModuleName":"in_win","SourceModuleType":"im_msvistalog"}
{"EventTime":"2021-09-21T13:04:05.451272+05:45","Hostname":"DC02.prod.corp.local","Keywords":"36028797018963968","EventType":"INFO","SeverityValue":2,"Severity":"INFO","EventID":5784,"SourceName":"NETLOGON","TaskValue":0,"RecordNumber":170093,"ExecutionProcessID":0,"ExecutionThreadID":0,"Channel":"System","Message":"Site 'MAIN' does not have any Domain Controllers for domain 'PROD'. Domain Controllers in site 'PROD' have been automatically selected to cover site 'MAIN' for domain 'PROD' based on configured Directory Server replication costs.","Opcode":"Info","Data":"PROD","Data_1":"MAIN","Data_2":"PROD","EventReceivedTime":"2021-09-21T13:04:06.528261+05:45","SourceModuleName":"in_win","SourceModuleType":"im_msvistalog"}
{"EventTime":"2021-09-21T13:04:15.184188+05:45","Hostname":"DC02.prod.corp.local","Keywords":"9223372036854775808","EventType":"INFO","SeverityValue":2,"Severity":"INFO","EventID":139,"SourceName":"Microsoft-Windows-Time-Service","ProviderGuid":"{06EDCFEB-0FD0-4E53-ACCA-A6F8BBF81BCB}","Version":0,"TaskValue":0,"OpcodeValue":0,"RecordNumber":170097,"ExecutionProcessID":1044,"ExecutionThreadID":4192,"Channel":"System","Domain":"NT AUTHORITY","AccountName":"LOCAL SERVICE","UserID":"S-1-5-19","AccountType":"Well Known Group","Message":"The time service has started advertising as a time source.","Opcode":"Info","EventData.Name":"TMP_EVENT_START_ADVERTISING","EventReceivedTime":"2021-09-21T13:04:16.247159+05:45","SourceModuleName":"in_win","SourceModuleType":"im_msvistalog"}
